Files already downloaded and verified
Files already downloaded and verified
Class distribution of id:0
train [5000, 5000, 5000, 1666, 0, 0, 0, 0, 0, 0]
test [1000, 1000, 1000, 333, 0, 0, 0, 0, 0, 0]
Class distribution of id:1
train [0, 0, 0, 1666, 2500, 2500, 2500, 2500, 2500, 2500]
test [0, 0, 0, 333, 500, 500, 500, 500, 500, 500]
Class distribution of id:2
train [0, 0, 0, 1668, 2500, 2500, 2500, 2500, 2500, 2500]
test [0, 0, 0, 334, 500, 500, 500, 500, 500, 500]
| Client id:0 | Test_Loss: 2.281 | Test_Acc: 29.613
| Global Round : 1/30 | Client id:0 | Local Epoch : 1/5 |  Train_Loss: 1.041 | Train_Acc: 57.602
| Global Round : 1/30 | Client id:0 | Local Epoch : 2/5 |  Train_Loss: 0.682 | Train_Acc: 72.675
| Global Round : 1/30 | Client id:0 | Local Epoch : 3/5 |  Train_Loss: 0.577 | Train_Acc: 77.091
| Global Round : 1/30 | Client id:0 | Local Epoch : 4/5 |  Train_Loss: 0.511 | Train_Acc: 80.169
| Global Round : 1/30 | Client id:0 | Local Epoch : 5/5 |  Train_Loss: 0.452 | Train_Acc: 82.323
| Client id:1 | Test_Loss: 2.315 | Test_Acc: 0.360
| Global Round : 1/30 | Client id:1 | Local Epoch : 1/5 |  Train_Loss: 1.668 | Train_Acc: 33.877
| Global Round : 1/30 | Client id:1 | Local Epoch : 2/5 |  Train_Loss: 1.262 | Train_Acc: 52.640
| Global Round : 1/30 | Client id:1 | Local Epoch : 3/5 |  Train_Loss: 1.082 | Train_Acc: 60.110
| Global Round : 1/30 | Client id:1 | Local Epoch : 4/5 |  Train_Loss: 0.964 | Train_Acc: 64.137
| Global Round : 1/30 | Client id:1 | Local Epoch : 5/5 |  Train_Loss: 0.874 | Train_Acc: 68.187
| Client id:2 | Test_Loss: 2.316 | Test_Acc: 0.270
| Global Round : 1/30 | Client id:2 | Local Epoch : 1/5 |  Train_Loss: 1.653 | Train_Acc: 34.287
| Global Round : 1/30 | Client id:2 | Local Epoch : 2/5 |  Train_Loss: 1.255 | Train_Acc: 52.154
| Global Round : 1/30 | Client id:2 | Local Epoch : 3/5 |  Train_Loss: 1.079 | Train_Acc: 59.539
| Global Round : 1/30 | Client id:2 | Local Epoch : 4/5 |  Train_Loss: 0.964 | Train_Acc: 63.895
| Global Round : 1/30 | Client id:2 | Local Epoch : 5/5 |  Train_Loss: 0.869 | Train_Acc: 67.483
aggregating weights...
| Client id:0 | Test_Loss: 2.922 | Test_Acc: 8.221
| Global Round : 2/30 | Client id:0 | Local Epoch : 1/5 |  Train_Loss: 0.607 | Train_Acc: 76.461
| Global Round : 2/30 | Client id:0 | Local Epoch : 2/5 |  Train_Loss: 0.464 | Train_Acc: 82.401
| Global Round : 2/30 | Client id:0 | Local Epoch : 3/5 |  Train_Loss: 0.403 | Train_Acc: 84.807
| Global Round : 2/30 | Client id:0 | Local Epoch : 4/5 |  Train_Loss: 0.350 | Train_Acc: 86.625
| Global Round : 2/30 | Client id:0 | Local Epoch : 5/5 |  Train_Loss: 0.303 | Train_Acc: 88.486
| Client id:1 | Test_Loss: 1.467 | Test_Acc: 55.536
| Global Round : 2/30 | Client id:1 | Local Epoch : 1/5 |  Train_Loss: 0.935 | Train_Acc: 65.817
| Global Round : 2/30 | Client id:1 | Local Epoch : 2/5 |  Train_Loss: 0.805 | Train_Acc: 70.431
| Global Round : 2/30 | Client id:1 | Local Epoch : 3/5 |  Train_Loss: 0.708 | Train_Acc: 74.391
| Global Round : 2/30 | Client id:1 | Local Epoch : 4/5 |  Train_Loss: 0.606 | Train_Acc: 78.051
| Global Round : 2/30 | Client id:1 | Local Epoch : 5/5 |  Train_Loss: 0.504 | Train_Acc: 81.945
| Client id:2 | Test_Loss: 1.457 | Test_Acc: 55.489
| Global Round : 2/30 | Client id:2 | Local Epoch : 1/5 |  Train_Loss: 0.942 | Train_Acc: 65.449
| Global Round : 2/30 | Client id:2 | Local Epoch : 2/5 |  Train_Loss: 0.807 | Train_Acc: 70.488
| Global Round : 2/30 | Client id:2 | Local Epoch : 3/5 |  Train_Loss: 0.701 | Train_Acc: 74.598
| Global Round : 2/30 | Client id:2 | Local Epoch : 4/5 |  Train_Loss: 0.607 | Train_Acc: 78.108
| Global Round : 2/30 | Client id:2 | Local Epoch : 5/5 |  Train_Loss: 0.524 | Train_Acc: 81.144
aggregating weights...
| Client id:0 | Test_Loss: 2.801 | Test_Acc: 9.841
| Global Round : 3/30 | Client id:0 | Local Epoch : 1/5 |  Train_Loss: 0.456 | Train_Acc: 82.599
| Global Round : 3/30 | Client id:0 | Local Epoch : 2/5 |  Train_Loss: 0.331 | Train_Acc: 87.502
| Global Round : 3/30 | Client id:0 | Local Epoch : 3/5 |  Train_Loss: 0.270 | Train_Acc: 89.878
| Global Round : 3/30 | Client id:0 | Local Epoch : 4/5 |  Train_Loss: 0.214 | Train_Acc: 91.864
| Global Round : 3/30 | Client id:0 | Local Epoch : 5/5 |  Train_Loss: 0.167 | Train_Acc: 93.844
| Client id:1 | Test_Loss: 1.108 | Test_Acc: 60.126
| Global Round : 3/30 | Client id:1 | Local Epoch : 1/5 |  Train_Loss: 0.694 | Train_Acc: 74.721
| Global Round : 3/30 | Client id:1 | Local Epoch : 2/5 |  Train_Loss: 0.539 | Train_Acc: 80.505
| Global Round : 3/30 | Client id:1 | Local Epoch : 3/5 |  Train_Loss: 0.430 | Train_Acc: 84.543
| Global Round : 3/30 | Client id:1 | Local Epoch : 4/5 |  Train_Loss: 0.333 | Train_Acc: 88.012
| Global Round : 3/30 | Client id:1 | Local Epoch : 5/5 |  Train_Loss: 0.257 | Train_Acc: 90.922
| Client id:2 | Test_Loss: 1.073 | Test_Acc: 61.248
| Global Round : 3/30 | Client id:2 | Local Epoch : 1/5 |  Train_Loss: 0.694 | Train_Acc: 74.766
| Global Round : 3/30 | Client id:2 | Local Epoch : 2/5 |  Train_Loss: 0.541 | Train_Acc: 80.334
| Global Round : 3/30 | Client id:2 | Local Epoch : 3/5 |  Train_Loss: 0.429 | Train_Acc: 84.533
| Global Round : 3/30 | Client id:2 | Local Epoch : 4/5 |  Train_Loss: 0.339 | Train_Acc: 87.719
| Global Round : 3/30 | Client id:2 | Local Epoch : 5/5 |  Train_Loss: 0.248 | Train_Acc: 91.169
aggregating weights...
| Client id:0 | Test_Loss: 2.922 | Test_Acc: 13.441
| Global Round : 4/30 | Client id:0 | Local Epoch : 1/5 |  Train_Loss: 0.366 | Train_Acc: 86.157
| Global Round : 4/30 | Client id:0 | Local Epoch : 2/5 |  Train_Loss: 0.225 | Train_Acc: 91.582
| Global Round : 4/30 | Client id:0 | Local Epoch : 3/5 |  Train_Loss: 0.156 | Train_Acc: 94.354
| Global Round : 4/30 | Client id:0 | Local Epoch : 4/5 |  Train_Loss: 0.118 | Train_Acc: 95.854
| Global Round : 4/30 | Client id:0 | Local Epoch : 5/5 |  Train_Loss: 0.078 | Train_Acc: 97.360
| Client id:1 | Test_Loss: 0.958 | Test_Acc: 68.137
| Global Round : 4/30 | Client id:1 | Local Epoch : 1/5 |  Train_Loss: 0.519 | Train_Acc: 81.225
| Global Round : 4/30 | Client id:1 | Local Epoch : 2/5 |  Train_Loss: 0.344 | Train_Acc: 87.754
| Global Round : 4/30 | Client id:1 | Local Epoch : 3/5 |  Train_Loss: 0.237 | Train_Acc: 91.528
| Global Round : 4/30 | Client id:1 | Local Epoch : 4/5 |  Train_Loss: 0.177 | Train_Acc: 93.766
| Global Round : 4/30 | Client id:1 | Local Epoch : 5/5 |  Train_Loss: 0.135 | Train_Acc: 95.392
| Client id:2 | Test_Loss: 0.924 | Test_Acc: 68.476
| Global Round : 4/30 | Client id:2 | Local Epoch : 1/5 |  Train_Loss: 0.519 | Train_Acc: 80.964
| Global Round : 4/30 | Client id:2 | Local Epoch : 2/5 |  Train_Loss: 0.334 | Train_Acc: 87.959
| Global Round : 4/30 | Client id:2 | Local Epoch : 3/5 |  Train_Loss: 0.233 | Train_Acc: 91.697
| Global Round : 4/30 | Client id:2 | Local Epoch : 4/5 |  Train_Loss: 0.177 | Train_Acc: 93.898
| Global Round : 4/30 | Client id:2 | Local Epoch : 5/5 |  Train_Loss: 0.138 | Train_Acc: 95.320
aggregating weights...
| Client id:0 | Test_Loss: 3.087 | Test_Acc: 18.212
| Global Round : 5/30 | Client id:0 | Local Epoch : 1/5 |  Train_Loss: 0.299 | Train_Acc: 88.714
| Global Round : 5/30 | Client id:0 | Local Epoch : 2/5 |  Train_Loss: 0.146 | Train_Acc: 94.588
| Global Round : 5/30 | Client id:0 | Local Epoch : 3/5 |  Train_Loss: 0.101 | Train_Acc: 96.514
| Global Round : 5/30 | Client id:0 | Local Epoch : 4/5 |  Train_Loss: 0.058 | Train_Acc: 98.170
| Global Round : 5/30 | Client id:0 | Local Epoch : 5/5 |  Train_Loss: 0.049 | Train_Acc: 98.320
| Client id:1 | Test_Loss: 1.095 | Test_Acc: 66.667
| Global Round : 5/30 | Client id:1 | Local Epoch : 1/5 |  Train_Loss: 0.403 | Train_Acc: 84.921
| Global Round : 5/30 | Client id:1 | Local Epoch : 2/5 |  Train_Loss: 0.225 | Train_Acc: 92.074
| Global Round : 5/30 | Client id:1 | Local Epoch : 3/5 |  Train_Loss: 0.146 | Train_Acc: 94.984
| Global Round : 5/30 | Client id:1 | Local Epoch : 4/5 |  Train_Loss: 0.117 | Train_Acc: 96.004
| Global Round : 5/30 | Client id:1 | Local Epoch : 5/5 |  Train_Loss: 0.101 | Train_Acc: 96.568
| Client id:2 | Test_Loss: 1.021 | Test_Acc: 69.166
| Global Round : 5/30 | Client id:2 | Local Epoch : 1/5 |  Train_Loss: 0.397 | Train_Acc: 85.655
| Global Round : 5/30 | Client id:2 | Local Epoch : 2/5 |  Train_Loss: 0.214 | Train_Acc: 92.687
| Global Round : 5/30 | Client id:2 | Local Epoch : 3/5 |  Train_Loss: 0.141 | Train_Acc: 95.164
| Global Round : 5/30 | Client id:2 | Local Epoch : 4/5 |  Train_Loss: 0.112 | Train_Acc: 96.226
| Global Round : 5/30 | Client id:2 | Local Epoch : 5/5 |  Train_Loss: 0.087 | Train_Acc: 97.318
aggregating weights...
| Client id:0 | Test_Loss: 2.697 | Test_Acc: 26.343
| Global Round : 6/30 | Client id:0 | Local Epoch : 1/5 |  Train_Loss: 0.255 | Train_Acc: 90.472
| Global Round : 6/30 | Client id:0 | Local Epoch : 2/5 |  Train_Loss: 0.106 | Train_Acc: 96.298
| Global Round : 6/30 | Client id:0 | Local Epoch : 3/5 |  Train_Loss: 0.073 | Train_Acc: 97.378
| Global Round : 6/30 | Client id:0 | Local Epoch : 4/5 |  Train_Loss: 0.048 | Train_Acc: 98.410
| Global Round : 6/30 | Client id:0 | Local Epoch : 5/5 |  Train_Loss: 0.039 | Train_Acc: 98.638
| Client id:1 | Test_Loss: 1.073 | Test_Acc: 68.227
| Global Round : 6/30 | Client id:1 | Local Epoch : 1/5 |  Train_Loss: 0.302 | Train_Acc: 89.092
| Global Round : 6/30 | Client id:1 | Local Epoch : 2/5 |  Train_Loss: 0.169 | Train_Acc: 93.946
| Global Round : 6/30 | Client id:1 | Local Epoch : 3/5 |  Train_Loss: 0.111 | Train_Acc: 96.238
| Global Round : 6/30 | Client id:1 | Local Epoch : 4/5 |  Train_Loss: 0.085 | Train_Acc: 97.378
| Global Round : 6/30 | Client id:1 | Local Epoch : 5/5 |  Train_Loss: 0.064 | Train_Acc: 97.990
| Client id:2 | Test_Loss: 1.000 | Test_Acc: 70.156
| Global Round : 6/30 | Client id:2 | Local Epoch : 1/5 |  Train_Loss: 0.309 | Train_Acc: 88.757
| Global Round : 6/30 | Client id:2 | Local Epoch : 2/5 |  Train_Loss: 0.159 | Train_Acc: 94.492
| Global Round : 6/30 | Client id:2 | Local Epoch : 3/5 |  Train_Loss: 0.104 | Train_Acc: 96.628
| Global Round : 6/30 | Client id:2 | Local Epoch : 4/5 |  Train_Loss: 0.079 | Train_Acc: 97.390
| Global Round : 6/30 | Client id:2 | Local Epoch : 5/5 |  Train_Loss: 0.054 | Train_Acc: 98.302
aggregating weights...
| Client id:0 | Test_Loss: 2.728 | Test_Acc: 28.863
| Global Round : 7/30 | Client id:0 | Local Epoch : 1/5 |  Train_Loss: 0.219 | Train_Acc: 91.852
| Global Round : 7/30 | Client id:0 | Local Epoch : 2/5 |  Train_Loss: 0.079 | Train_Acc: 97.348
| Global Round : 7/30 | Client id:0 | Local Epoch : 3/5 |  Train_Loss: 0.051 | Train_Acc: 98.278
| Global Round : 7/30 | Client id:0 | Local Epoch : 4/5 |  Train_Loss: 0.035 | Train_Acc: 98.926
| Global Round : 7/30 | Client id:0 | Local Epoch : 5/5 |  Train_Loss: 0.027 | Train_Acc: 99.166
| Client id:1 | Test_Loss: 1.202 | Test_Acc: 66.517
| Global Round : 7/30 | Client id:1 | Local Epoch : 1/5 |  Train_Loss: 0.247 | Train_Acc: 91.186
| Global Round : 7/30 | Client id:1 | Local Epoch : 2/5 |  Train_Loss: 0.131 | Train_Acc: 95.824
| Global Round : 7/30 | Client id:1 | Local Epoch : 3/5 |  Train_Loss: 0.117 | Train_Acc: 95.992
| Global Round : 7/30 | Client id:1 | Local Epoch : 4/5 |  Train_Loss: 0.083 | Train_Acc: 97.354
| Global Round : 7/30 | Client id:1 | Local Epoch : 5/5 |  Train_Loss: 0.052 | Train_Acc: 98.362
| Client id:2 | Test_Loss: 1.131 | Test_Acc: 68.986
| Global Round : 7/30 | Client id:2 | Local Epoch : 1/5 |  Train_Loss: 0.246 | Train_Acc: 91.019
| Global Round : 7/30 | Client id:2 | Local Epoch : 2/5 |  Train_Loss: 0.134 | Train_Acc: 95.452
| Global Round : 7/30 | Client id:2 | Local Epoch : 3/5 |  Train_Loss: 0.100 | Train_Acc: 96.568
| Global Round : 7/30 | Client id:2 | Local Epoch : 4/5 |  Train_Loss: 0.059 | Train_Acc: 98.140
| Global Round : 7/30 | Client id:2 | Local Epoch : 5/5 |  Train_Loss: 0.048 | Train_Acc: 98.560
aggregating weights...
| Client id:0 | Test_Loss: 2.631 | Test_Acc: 30.993
| Global Round : 8/30 | Client id:0 | Local Epoch : 1/5 |  Train_Loss: 0.175 | Train_Acc: 93.502
| Global Round : 8/30 | Client id:0 | Local Epoch : 2/5 |  Train_Loss: 0.076 | Train_Acc: 97.408
| Global Round : 8/30 | Client id:0 | Local Epoch : 3/5 |  Train_Loss: 0.042 | Train_Acc: 98.704
| Global Round : 8/30 | Client id:0 | Local Epoch : 4/5 |  Train_Loss: 0.029 | Train_Acc: 99.160
| Global Round : 8/30 | Client id:0 | Local Epoch : 5/5 |  Train_Loss: 0.017 | Train_Acc: 99.538
| Client id:1 | Test_Loss: 1.232 | Test_Acc: 66.637
| Global Round : 8/30 | Client id:1 | Local Epoch : 1/5 |  Train_Loss: 0.196 | Train_Acc: 93.244
| Global Round : 8/30 | Client id:1 | Local Epoch : 2/5 |  Train_Loss: 0.108 | Train_Acc: 96.370
| Global Round : 8/30 | Client id:1 | Local Epoch : 3/5 |  Train_Loss: 0.089 | Train_Acc: 97.090
| Global Round : 8/30 | Client id:1 | Local Epoch : 4/5 |  Train_Loss: 0.062 | Train_Acc: 97.900
| Global Round : 8/30 | Client id:1 | Local Epoch : 5/5 |  Train_Loss: 0.052 | Train_Acc: 98.368
| Client id:2 | Test_Loss: 1.143 | Test_Acc: 69.106
| Global Round : 8/30 | Client id:2 | Local Epoch : 1/5 |  Train_Loss: 0.214 | Train_Acc: 92.477
| Global Round : 8/30 | Client id:2 | Local Epoch : 2/5 |  Train_Loss: 0.122 | Train_Acc: 95.782
| Global Round : 8/30 | Client id:2 | Local Epoch : 3/5 |  Train_Loss: 0.083 | Train_Acc: 97.258
| Global Round : 8/30 | Client id:2 | Local Epoch : 4/5 |  Train_Loss: 0.048 | Train_Acc: 98.524
| Global Round : 8/30 | Client id:2 | Local Epoch : 5/5 |  Train_Loss: 0.029 | Train_Acc: 99.190
aggregating weights...
| Client id:0 | Test_Loss: 2.733 | Test_Acc: 30.243
| Global Round : 9/30 | Client id:0 | Local Epoch : 1/5 |  Train_Loss: 0.180 | Train_Acc: 93.310
| Global Round : 9/30 | Client id:0 | Local Epoch : 2/5 |  Train_Loss: 0.068 | Train_Acc: 97.666
| Global Round : 9/30 | Client id:0 | Local Epoch : 3/5 |  Train_Loss: 0.044 | Train_Acc: 98.500
| Global Round : 9/30 | Client id:0 | Local Epoch : 4/5 |  Train_Loss: 0.031 | Train_Acc: 99.046
| Global Round : 9/30 | Client id:0 | Local Epoch : 5/5 |  Train_Loss: 0.011 | Train_Acc: 99.796
| Client id:1 | Test_Loss: 1.305 | Test_Acc: 67.117
| Global Round : 9/30 | Client id:1 | Local Epoch : 1/5 |  Train_Loss: 0.141 | Train_Acc: 95.146
| Global Round : 9/30 | Client id:1 | Local Epoch : 2/5 |  Train_Loss: 0.096 | Train_Acc: 96.892
| Global Round : 9/30 | Client id:1 | Local Epoch : 3/5 |  Train_Loss: 0.070 | Train_Acc: 97.750
| Global Round : 9/30 | Client id:1 | Local Epoch : 4/5 |  Train_Loss: 0.075 | Train_Acc: 97.564
| Global Round : 9/30 | Client id:1 | Local Epoch : 5/5 |  Train_Loss: 0.049 | Train_Acc: 98.386
| Client id:2 | Test_Loss: 1.251 | Test_Acc: 68.776
| Global Round : 9/30 | Client id:2 | Local Epoch : 1/5 |  Train_Loss: 0.184 | Train_Acc: 93.455
| Global Round : 9/30 | Client id:2 | Local Epoch : 2/5 |  Train_Loss: 0.098 | Train_Acc: 96.688
| Global Round : 9/30 | Client id:2 | Local Epoch : 3/5 |  Train_Loss: 0.086 | Train_Acc: 97.216
| Global Round : 9/30 | Client id:2 | Local Epoch : 4/5 |  Train_Loss: 0.053 | Train_Acc: 98.446
| Global Round : 9/30 | Client id:2 | Local Epoch : 5/5 |  Train_Loss: 0.034 | Train_Acc: 98.998
aggregating weights...
| Client id:0 | Test_Loss: 2.488 | Test_Acc: 33.813
| Global Round : 10/30 | Client id:0 | Local Epoch : 1/5 |  Train_Loss: 0.155 | Train_Acc: 94.396
| Global Round : 10/30 | Client id:0 | Local Epoch : 2/5 |  Train_Loss: 0.054 | Train_Acc: 98.254
| Global Round : 10/30 | Client id:0 | Local Epoch : 3/5 |  Train_Loss: 0.023 | Train_Acc: 99.388
| Global Round : 10/30 | Client id:0 | Local Epoch : 4/5 |  Train_Loss: 0.016 | Train_Acc: 99.628
| Global Round : 10/30 | Client id:0 | Local Epoch : 5/5 |  Train_Loss: 0.008 | Train_Acc: 99.856
| Client id:1 | Test_Loss: 1.250 | Test_Acc: 67.027
| Global Round : 10/30 | Client id:1 | Local Epoch : 1/5 |  Train_Loss: 0.126 | Train_Acc: 95.872
| Global Round : 10/30 | Client id:1 | Local Epoch : 2/5 |  Train_Loss: 0.098 | Train_Acc: 96.574
| Global Round : 10/30 | Client id:1 | Local Epoch : 3/5 |  Train_Loss: 0.071 | Train_Acc: 97.732
| Global Round : 10/30 | Client id:1 | Local Epoch : 4/5 |  Train_Loss: 0.036 | Train_Acc: 98.944
| Global Round : 10/30 | Client id:1 | Local Epoch : 5/5 |  Train_Loss: 0.027 | Train_Acc: 99.220
| Client id:2 | Test_Loss: 1.180 | Test_Acc: 68.416
| Global Round : 10/30 | Client id:2 | Local Epoch : 1/5 |  Train_Loss: 0.138 | Train_Acc: 95.332
| Global Round : 10/30 | Client id:2 | Local Epoch : 2/5 |  Train_Loss: 0.088 | Train_Acc: 97.048
| Global Round : 10/30 | Client id:2 | Local Epoch : 3/5 |  Train_Loss: 0.066 | Train_Acc: 97.810
| Global Round : 10/30 | Client id:2 | Local Epoch : 4/5 |  Train_Loss: 0.052 | Train_Acc: 98.314
| Global Round : 10/30 | Client id:2 | Local Epoch : 5/5 |  Train_Loss: 0.033 | Train_Acc: 99.130
aggregating weights...
| Client id:0 | Test_Loss: 2.661 | Test_Acc: 34.053
| Global Round : 11/30 | Client id:0 | Local Epoch : 1/5 |  Train_Loss: 0.153 | Train_Acc: 94.474
| Global Round : 11/30 | Client id:0 | Local Epoch : 2/5 |  Train_Loss: 0.047 | Train_Acc: 98.578
| Global Round : 11/30 | Client id:0 | Local Epoch : 3/5 |  Train_Loss: 0.039 | Train_Acc: 98.716
| Global Round : 11/30 | Client id:0 | Local Epoch : 4/5 |  Train_Loss: 0.022 | Train_Acc: 99.382
| Global Round : 11/30 | Client id:0 | Local Epoch : 5/5 |  Train_Loss: 0.014 | Train_Acc: 99.658
| Client id:1 | Test_Loss: 1.291 | Test_Acc: 68.677
| Global Round : 11/30 | Client id:1 | Local Epoch : 1/5 |  Train_Loss: 0.122 | Train_Acc: 95.854
| Global Round : 11/30 | Client id:1 | Local Epoch : 2/5 |  Train_Loss: 0.088 | Train_Acc: 97.024
| Global Round : 11/30 | Client id:1 | Local Epoch : 3/5 |  Train_Loss: 0.069 | Train_Acc: 97.774
| Global Round : 11/30 | Client id:1 | Local Epoch : 4/5 |  Train_Loss: 0.059 | Train_Acc: 98.050
| Global Round : 11/30 | Client id:1 | Local Epoch : 5/5 |  Train_Loss: 0.047 | Train_Acc: 98.596
| Client id:2 | Test_Loss: 1.241 | Test_Acc: 69.376
| Global Round : 11/30 | Client id:2 | Local Epoch : 1/5 |  Train_Loss: 0.128 | Train_Acc: 95.698
| Global Round : 11/30 | Client id:2 | Local Epoch : 2/5 |  Train_Loss: 0.082 | Train_Acc: 97.264
| Global Round : 11/30 | Client id:2 | Local Epoch : 3/5 |  Train_Loss: 0.074 | Train_Acc: 97.456
| Global Round : 11/30 | Client id:2 | Local Epoch : 4/5 |  Train_Loss: 0.054 | Train_Acc: 98.392
| Global Round : 11/30 | Client id:2 | Local Epoch : 5/5 |  Train_Loss: 0.038 | Train_Acc: 98.944
aggregating weights...
| Client id:0 | Test_Loss: 2.397 | Test_Acc: 37.324
| Global Round : 12/30 | Client id:0 | Local Epoch : 1/5 |  Train_Loss: 0.143 | Train_Acc: 94.762
| Global Round : 12/30 | Client id:0 | Local Epoch : 2/5 |  Train_Loss: 0.051 | Train_Acc: 98.410
| Global Round : 12/30 | Client id:0 | Local Epoch : 3/5 |  Train_Loss: 0.028 | Train_Acc: 99.124
| Global Round : 12/30 | Client id:0 | Local Epoch : 4/5 |  Train_Loss: 0.029 | Train_Acc: 99.058
| Global Round : 12/30 | Client id:0 | Local Epoch : 5/5 |  Train_Loss: 0.014 | Train_Acc: 99.658
| Client id:1 | Test_Loss: 1.398 | Test_Acc: 65.137
| Global Round : 12/30 | Client id:1 | Local Epoch : 1/5 |  Train_Loss: 0.101 | Train_Acc: 96.712
| Global Round : 12/30 | Client id:1 | Local Epoch : 2/5 |  Train_Loss: 0.074 | Train_Acc: 97.582
| Global Round : 12/30 | Client id:1 | Local Epoch : 3/5 |  Train_Loss: 0.068 | Train_Acc: 97.828
| Global Round : 12/30 | Client id:1 | Local Epoch : 4/5 |  Train_Loss: 0.067 | Train_Acc: 97.720
| Global Round : 12/30 | Client id:1 | Local Epoch : 5/5 |  Train_Loss: 0.041 | Train_Acc: 98.674
| Client id:2 | Test_Loss: 1.299 | Test_Acc: 67.277
| Global Round : 12/30 | Client id:2 | Local Epoch : 1/5 |  Train_Loss: 0.100 | Train_Acc: 96.832
| Global Round : 12/30 | Client id:2 | Local Epoch : 2/5 |  Train_Loss: 0.064 | Train_Acc: 97.936
| Global Round : 12/30 | Client id:2 | Local Epoch : 3/5 |  Train_Loss: 0.055 | Train_Acc: 98.422
| Global Round : 12/30 | Client id:2 | Local Epoch : 4/5 |  Train_Loss: 0.047 | Train_Acc: 98.482
| Global Round : 12/30 | Client id:2 | Local Epoch : 5/5 |  Train_Loss: 0.050 | Train_Acc: 98.470
aggregating weights...
| Client id:0 | Test_Loss: 2.750 | Test_Acc: 30.663
| Global Round : 13/30 | Client id:0 | Local Epoch : 1/5 |  Train_Loss: 0.131 | Train_Acc: 95.236
| Global Round : 13/30 | Client id:0 | Local Epoch : 2/5 |  Train_Loss: 0.058 | Train_Acc: 97.954
| Global Round : 13/30 | Client id:0 | Local Epoch : 3/5 |  Train_Loss: 0.037 | Train_Acc: 98.806
| Global Round : 13/30 | Client id:0 | Local Epoch : 4/5 |  Train_Loss: 0.017 | Train_Acc: 99.562
| Global Round : 13/30 | Client id:0 | Local Epoch : 5/5 |  Train_Loss: 0.010 | Train_Acc: 99.766
| Client id:1 | Test_Loss: 1.260 | Test_Acc: 68.317
| Global Round : 13/30 | Client id:1 | Local Epoch : 1/5 |  Train_Loss: 0.095 | Train_Acc: 97.024
| Global Round : 13/30 | Client id:1 | Local Epoch : 2/5 |  Train_Loss: 0.059 | Train_Acc: 98.200
| Global Round : 13/30 | Client id:1 | Local Epoch : 3/5 |  Train_Loss: 0.049 | Train_Acc: 98.482
| Global Round : 13/30 | Client id:1 | Local Epoch : 4/5 |  Train_Loss: 0.059 | Train_Acc: 98.146
| Global Round : 13/30 | Client id:1 | Local Epoch : 5/5 |  Train_Loss: 0.045 | Train_Acc: 98.572
| Client id:2 | Test_Loss: 1.172 | Test_Acc: 70.036
| Global Round : 13/30 | Client id:2 | Local Epoch : 1/5 |  Train_Loss: 0.093 | Train_Acc: 97.024
| Global Round : 13/30 | Client id:2 | Local Epoch : 2/5 |  Train_Loss: 0.070 | Train_Acc: 97.768
| Global Round : 13/30 | Client id:2 | Local Epoch : 3/5 |  Train_Loss: 0.060 | Train_Acc: 98.110
| Global Round : 13/30 | Client id:2 | Local Epoch : 4/5 |  Train_Loss: 0.071 | Train_Acc: 97.522
| Global Round : 13/30 | Client id:2 | Local Epoch : 5/5 |  Train_Loss: 0.065 | Train_Acc: 97.936
aggregating weights...
| Client id:0 | Test_Loss: 2.281 | Test_Acc: 38.464
| Global Round : 14/30 | Client id:0 | Local Epoch : 1/5 |  Train_Loss: 0.122 | Train_Acc: 95.410
| Global Round : 14/30 | Client id:0 | Local Epoch : 2/5 |  Train_Loss: 0.047 | Train_Acc: 98.512
| Global Round : 14/30 | Client id:0 | Local Epoch : 3/5 |  Train_Loss: 0.037 | Train_Acc: 98.812
| Global Round : 14/30 | Client id:0 | Local Epoch : 4/5 |  Train_Loss: 0.018 | Train_Acc: 99.550
| Global Round : 14/30 | Client id:0 | Local Epoch : 5/5 |  Train_Loss: 0.006 | Train_Acc: 99.904
| Client id:1 | Test_Loss: 1.298 | Test_Acc: 65.917
| Global Round : 14/30 | Client id:1 | Local Epoch : 1/5 |  Train_Loss: 0.090 | Train_Acc: 97.084
| Global Round : 14/30 | Client id:1 | Local Epoch : 2/5 |  Train_Loss: 0.072 | Train_Acc: 97.606
| Global Round : 14/30 | Client id:1 | Local Epoch : 3/5 |  Train_Loss: 0.058 | Train_Acc: 98.128
| Global Round : 14/30 | Client id:1 | Local Epoch : 4/5 |  Train_Loss: 0.051 | Train_Acc: 98.344
| Global Round : 14/30 | Client id:1 | Local Epoch : 5/5 |  Train_Loss: 0.029 | Train_Acc: 99.154
| Client id:2 | Test_Loss: 1.219 | Test_Acc: 68.236
| Global Round : 14/30 | Client id:2 | Local Epoch : 1/5 |  Train_Loss: 0.088 | Train_Acc: 97.126
| Global Round : 14/30 | Client id:2 | Local Epoch : 2/5 |  Train_Loss: 0.072 | Train_Acc: 97.864
| Global Round : 14/30 | Client id:2 | Local Epoch : 3/5 |  Train_Loss: 0.054 | Train_Acc: 98.380
| Global Round : 14/30 | Client id:2 | Local Epoch : 4/5 |  Train_Loss: 0.038 | Train_Acc: 98.758
| Global Round : 14/30 | Client id:2 | Local Epoch : 5/5 |  Train_Loss: 0.030 | Train_Acc: 99.070
aggregating weights...
| Client id:0 | Test_Loss: 2.671 | Test_Acc: 32.943
| Global Round : 15/30 | Client id:0 | Local Epoch : 1/5 |  Train_Loss: 0.117 | Train_Acc: 95.806
| Global Round : 15/30 | Client id:0 | Local Epoch : 2/5 |  Train_Loss: 0.042 | Train_Acc: 98.602
| Global Round : 15/30 | Client id:0 | Local Epoch : 3/5 |  Train_Loss: 0.030 | Train_Acc: 99.088
| Global Round : 15/30 | Client id:0 | Local Epoch : 4/5 |  Train_Loss: 0.016 | Train_Acc: 99.556
| Global Round : 15/30 | Client id:0 | Local Epoch : 5/5 |  Train_Loss: 0.010 | Train_Acc: 99.790
| Client id:1 | Test_Loss: 1.342 | Test_Acc: 66.967
| Global Round : 15/30 | Client id:1 | Local Epoch : 1/5 |  Train_Loss: 0.089 | Train_Acc: 97.114
| Global Round : 15/30 | Client id:1 | Local Epoch : 2/5 |  Train_Loss: 0.067 | Train_Acc: 97.852
| Global Round : 15/30 | Client id:1 | Local Epoch : 3/5 |  Train_Loss: 0.064 | Train_Acc: 97.864
| Global Round : 15/30 | Client id:1 | Local Epoch : 4/5 |  Train_Loss: 0.053 | Train_Acc: 98.284
| Global Round : 15/30 | Client id:1 | Local Epoch : 5/5 |  Train_Loss: 0.051 | Train_Acc: 98.392
| Client id:2 | Test_Loss: 1.211 | Test_Acc: 68.776
| Global Round : 15/30 | Client id:2 | Local Epoch : 1/5 |  Train_Loss: 0.084 | Train_Acc: 97.246
| Global Round : 15/30 | Client id:2 | Local Epoch : 2/5 |  Train_Loss: 0.068 | Train_Acc: 97.846
| Global Round : 15/30 | Client id:2 | Local Epoch : 3/5 |  Train_Loss: 0.060 | Train_Acc: 97.936
| Global Round : 15/30 | Client id:2 | Local Epoch : 4/5 |  Train_Loss: 0.064 | Train_Acc: 97.846
| Global Round : 15/30 | Client id:2 | Local Epoch : 5/5 |  Train_Loss: 0.049 | Train_Acc: 98.356
aggregating weights...
| Client id:0 | Test_Loss: 2.697 | Test_Acc: 29.013
| Global Round : 16/30 | Client id:0 | Local Epoch : 1/5 |  Train_Loss: 0.112 | Train_Acc: 96.184
| Global Round : 16/30 | Client id:0 | Local Epoch : 2/5 |  Train_Loss: 0.053 | Train_Acc: 98.380
| Global Round : 16/30 | Client id:0 | Local Epoch : 3/5 |  Train_Loss: 0.029 | Train_Acc: 99.136
| Global Round : 16/30 | Client id:0 | Local Epoch : 4/5 |  Train_Loss: 0.014 | Train_Acc: 99.622
| Global Round : 16/30 | Client id:0 | Local Epoch : 5/5 |  Train_Loss: 0.011 | Train_Acc: 99.802
| Client id:1 | Test_Loss: 1.225 | Test_Acc: 67.987
| Global Round : 16/30 | Client id:1 | Local Epoch : 1/5 |  Train_Loss: 0.064 | Train_Acc: 98.152
| Global Round : 16/30 | Client id:1 | Local Epoch : 2/5 |  Train_Loss: 0.047 | Train_Acc: 98.548
| Global Round : 16/30 | Client id:1 | Local Epoch : 3/5 |  Train_Loss: 0.073 | Train_Acc: 97.678
| Global Round : 16/30 | Client id:1 | Local Epoch : 4/5 |  Train_Loss: 0.061 | Train_Acc: 98.002
| Global Round : 16/30 | Client id:1 | Local Epoch : 5/5 |  Train_Loss: 0.038 | Train_Acc: 98.806
| Client id:2 | Test_Loss: 1.156 | Test_Acc: 69.856
| Global Round : 16/30 | Client id:2 | Local Epoch : 1/5 |  Train_Loss: 0.070 | Train_Acc: 97.924
| Global Round : 16/30 | Client id:2 | Local Epoch : 2/5 |  Train_Loss: 0.038 | Train_Acc: 98.956
| Global Round : 16/30 | Client id:2 | Local Epoch : 3/5 |  Train_Loss: 0.031 | Train_Acc: 99.166
| Global Round : 16/30 | Client id:2 | Local Epoch : 4/5 |  Train_Loss: 0.027 | Train_Acc: 99.262
| Global Round : 16/30 | Client id:2 | Local Epoch : 5/5 |  Train_Loss: 0.020 | Train_Acc: 99.556
aggregating weights...
| Client id:0 | Test_Loss: 2.301 | Test_Acc: 38.194
| Global Round : 17/30 | Client id:0 | Local Epoch : 1/5 |  Train_Loss: 0.106 | Train_Acc: 96.196
| Global Round : 17/30 | Client id:0 | Local Epoch : 2/5 |  Train_Loss: 0.033 | Train_Acc: 99.058
| Global Round : 17/30 | Client id:0 | Local Epoch : 3/5 |  Train_Loss: 0.026 | Train_Acc: 99.244
| Global Round : 17/30 | Client id:0 | Local Epoch : 4/5 |  Train_Loss: 0.021 | Train_Acc: 99.478
| Global Round : 17/30 | Client id:0 | Local Epoch : 5/5 |  Train_Loss: 0.013 | Train_Acc: 99.670
| Client id:1 | Test_Loss: 1.319 | Test_Acc: 65.917
| Global Round : 17/30 | Client id:1 | Local Epoch : 1/5 |  Train_Loss: 0.055 | Train_Acc: 98.572
| Global Round : 17/30 | Client id:1 | Local Epoch : 2/5 |  Train_Loss: 0.037 | Train_Acc: 98.992
| Global Round : 17/30 | Client id:1 | Local Epoch : 3/5 |  Train_Loss: 0.028 | Train_Acc: 99.292
| Global Round : 17/30 | Client id:1 | Local Epoch : 4/5 |  Train_Loss: 0.026 | Train_Acc: 99.334
| Global Round : 17/30 | Client id:1 | Local Epoch : 5/5 |  Train_Loss: 0.020 | Train_Acc: 99.478
| Client id:2 | Test_Loss: 1.224 | Test_Acc: 68.446
| Global Round : 17/30 | Client id:2 | Local Epoch : 1/5 |  Train_Loss: 0.094 | Train_Acc: 97.096
| Global Round : 17/30 | Client id:2 | Local Epoch : 2/5 |  Train_Loss: 0.090 | Train_Acc: 97.174
| Global Round : 17/30 | Client id:2 | Local Epoch : 3/5 |  Train_Loss: 0.082 | Train_Acc: 97.294
| Global Round : 17/30 | Client id:2 | Local Epoch : 4/5 |  Train_Loss: 0.062 | Train_Acc: 98.110
| Global Round : 17/30 | Client id:2 | Local Epoch : 5/5 |  Train_Loss: 0.039 | Train_Acc: 98.818
aggregating weights...
| Client id:0 | Test_Loss: 2.427 | Test_Acc: 35.524
| Global Round : 18/30 | Client id:0 | Local Epoch : 1/5 |  Train_Loss: 0.121 | Train_Acc: 95.590
| Global Round : 18/30 | Client id:0 | Local Epoch : 2/5 |  Train_Loss: 0.041 | Train_Acc: 98.704
| Global Round : 18/30 | Client id:0 | Local Epoch : 3/5 |  Train_Loss: 0.031 | Train_Acc: 99.028
| Global Round : 18/30 | Client id:0 | Local Epoch : 4/5 |  Train_Loss: 0.029 | Train_Acc: 99.052
| Global Round : 18/30 | Client id:0 | Local Epoch : 5/5 |  Train_Loss: 0.013 | Train_Acc: 99.718
| Client id:1 | Test_Loss: 1.270 | Test_Acc: 67.807
| Global Round : 18/30 | Client id:1 | Local Epoch : 1/5 |  Train_Loss: 0.093 | Train_Acc: 97.096
| Global Round : 18/30 | Client id:1 | Local Epoch : 2/5 |  Train_Loss: 0.079 | Train_Acc: 97.408
| Global Round : 18/30 | Client id:1 | Local Epoch : 3/5 |  Train_Loss: 0.063 | Train_Acc: 98.044
| Global Round : 18/30 | Client id:1 | Local Epoch : 4/5 |  Train_Loss: 0.064 | Train_Acc: 97.900
| Global Round : 18/30 | Client id:1 | Local Epoch : 5/5 |  Train_Loss: 0.054 | Train_Acc: 98.218
| Client id:2 | Test_Loss: 1.207 | Test_Acc: 69.316
| Global Round : 18/30 | Client id:2 | Local Epoch : 1/5 |  Train_Loss: 0.052 | Train_Acc: 98.698
| Global Round : 18/30 | Client id:2 | Local Epoch : 2/5 |  Train_Loss: 0.044 | Train_Acc: 98.794
| Global Round : 18/30 | Client id:2 | Local Epoch : 3/5 |  Train_Loss: 0.041 | Train_Acc: 98.866
| Global Round : 18/30 | Client id:2 | Local Epoch : 4/5 |  Train_Loss: 0.059 | Train_Acc: 98.092
| Global Round : 18/30 | Client id:2 | Local Epoch : 5/5 |  Train_Loss: 0.051 | Train_Acc: 98.272
aggregating weights...
| Client id:0 | Test_Loss: 2.647 | Test_Acc: 30.573
| Global Round : 19/30 | Client id:0 | Local Epoch : 1/5 |  Train_Loss: 0.108 | Train_Acc: 96.232
| Global Round : 19/30 | Client id:0 | Local Epoch : 2/5 |  Train_Loss: 0.044 | Train_Acc: 98.530
| Global Round : 19/30 | Client id:0 | Local Epoch : 3/5 |  Train_Loss: 0.027 | Train_Acc: 99.220
| Global Round : 19/30 | Client id:0 | Local Epoch : 4/5 |  Train_Loss: 0.025 | Train_Acc: 99.244
| Global Round : 19/30 | Client id:0 | Local Epoch : 5/5 |  Train_Loss: 0.009 | Train_Acc: 99.856
| Client id:1 | Test_Loss: 1.233 | Test_Acc: 67.687
| Global Round : 19/30 | Client id:1 | Local Epoch : 1/5 |  Train_Loss: 0.074 | Train_Acc: 97.756
| Global Round : 19/30 | Client id:1 | Local Epoch : 2/5 |  Train_Loss: 0.049 | Train_Acc: 98.590
| Global Round : 19/30 | Client id:1 | Local Epoch : 3/5 |  Train_Loss: 0.042 | Train_Acc: 98.674
| Global Round : 19/30 | Client id:1 | Local Epoch : 4/5 |  Train_Loss: 0.053 | Train_Acc: 98.398
| Global Round : 19/30 | Client id:1 | Local Epoch : 5/5 |  Train_Loss: 0.040 | Train_Acc: 98.722
| Client id:2 | Test_Loss: 1.123 | Test_Acc: 70.126
| Global Round : 19/30 | Client id:2 | Local Epoch : 1/5 |  Train_Loss: 0.069 | Train_Acc: 98.170
| Global Round : 19/30 | Client id:2 | Local Epoch : 2/5 |  Train_Loss: 0.058 | Train_Acc: 98.314
| Global Round : 19/30 | Client id:2 | Local Epoch : 3/5 |  Train_Loss: 0.058 | Train_Acc: 98.182
| Global Round : 19/30 | Client id:2 | Local Epoch : 4/5 |  Train_Loss: 0.040 | Train_Acc: 98.824
| Global Round : 19/30 | Client id:2 | Local Epoch : 5/5 |  Train_Loss: 0.044 | Train_Acc: 98.578
aggregating weights...
| Client id:0 | Test_Loss: 2.430 | Test_Acc: 34.923
| Global Round : 20/30 | Client id:0 | Local Epoch : 1/5 |  Train_Loss: 0.103 | Train_Acc: 96.334
| Global Round : 20/30 | Client id:0 | Local Epoch : 2/5 |  Train_Loss: 0.039 | Train_Acc: 98.836
| Global Round : 20/30 | Client id:0 | Local Epoch : 3/5 |  Train_Loss: 0.024 | Train_Acc: 99.256
| Global Round : 20/30 | Client id:0 | Local Epoch : 4/5 |  Train_Loss: 0.016 | Train_Acc: 99.610
| Global Round : 20/30 | Client id:0 | Local Epoch : 5/5 |  Train_Loss: 0.007 | Train_Acc: 99.886
| Client id:1 | Test_Loss: 1.252 | Test_Acc: 67.627
| Global Round : 20/30 | Client id:1 | Local Epoch : 1/5 |  Train_Loss: 0.069 | Train_Acc: 97.918
| Global Round : 20/30 | Client id:1 | Local Epoch : 2/5 |  Train_Loss: 0.068 | Train_Acc: 97.810
| Global Round : 20/30 | Client id:1 | Local Epoch : 3/5 |  Train_Loss: 0.067 | Train_Acc: 97.876
| Global Round : 20/30 | Client id:1 | Local Epoch : 4/5 |  Train_Loss: 0.046 | Train_Acc: 98.536
| Global Round : 20/30 | Client id:1 | Local Epoch : 5/5 |  Train_Loss: 0.027 | Train_Acc: 99.292
| Client id:2 | Test_Loss: 1.152 | Test_Acc: 70.216
| Global Round : 20/30 | Client id:2 | Local Epoch : 1/5 |  Train_Loss: 0.058 | Train_Acc: 98.314
| Global Round : 20/30 | Client id:2 | Local Epoch : 2/5 |  Train_Loss: 0.055 | Train_Acc: 98.380
| Global Round : 20/30 | Client id:2 | Local Epoch : 3/5 |  Train_Loss: 0.031 | Train_Acc: 99.148
| Global Round : 20/30 | Client id:2 | Local Epoch : 4/5 |  Train_Loss: 0.037 | Train_Acc: 98.944
| Global Round : 20/30 | Client id:2 | Local Epoch : 5/5 |  Train_Loss: 0.028 | Train_Acc: 99.304
aggregating weights...
| Client id:0 | Test_Loss: 2.501 | Test_Acc: 36.904
| Global Round : 21/30 | Client id:0 | Local Epoch : 1/5 |  Train_Loss: 0.098 | Train_Acc: 96.730
| Global Round : 21/30 | Client id:0 | Local Epoch : 2/5 |  Train_Loss: 0.040 | Train_Acc: 98.704
| Global Round : 21/30 | Client id:0 | Local Epoch : 3/5 |  Train_Loss: 0.014 | Train_Acc: 99.670
| Global Round : 21/30 | Client id:0 | Local Epoch : 4/5 |  Train_Loss: 0.006 | Train_Acc: 99.916
| Global Round : 21/30 | Client id:0 | Local Epoch : 5/5 |  Train_Loss: 0.002 | Train_Acc: 99.994
| Client id:1 | Test_Loss: 1.342 | Test_Acc: 67.057
| Global Round : 21/30 | Client id:1 | Local Epoch : 1/5 |  Train_Loss: 0.049 | Train_Acc: 98.716
| Global Round : 21/30 | Client id:1 | Local Epoch : 2/5 |  Train_Loss: 0.035 | Train_Acc: 99.082
| Global Round : 21/30 | Client id:1 | Local Epoch : 3/5 |  Train_Loss: 0.060 | Train_Acc: 98.134
| Global Round : 21/30 | Client id:1 | Local Epoch : 4/5 |  Train_Loss: 0.071 | Train_Acc: 97.750
| Global Round : 21/30 | Client id:1 | Local Epoch : 5/5 |  Train_Loss: 0.065 | Train_Acc: 97.888
| Client id:2 | Test_Loss: 1.184 | Test_Acc: 69.526
| Global Round : 21/30 | Client id:2 | Local Epoch : 1/5 |  Train_Loss: 0.077 | Train_Acc: 97.546
| Global Round : 21/30 | Client id:2 | Local Epoch : 2/5 |  Train_Loss: 0.051 | Train_Acc: 98.482
| Global Round : 21/30 | Client id:2 | Local Epoch : 3/5 |  Train_Loss: 0.054 | Train_Acc: 98.344
| Global Round : 21/30 | Client id:2 | Local Epoch : 4/5 |  Train_Loss: 0.064 | Train_Acc: 97.996
| Global Round : 21/30 | Client id:2 | Local Epoch : 5/5 |  Train_Loss: 0.068 | Train_Acc: 97.690
aggregating weights...
| Client id:0 | Test_Loss: 2.621 | Test_Acc: 29.613
| Global Round : 22/30 | Client id:0 | Local Epoch : 1/5 |  Train_Loss: 0.123 | Train_Acc: 95.626
| Global Round : 22/30 | Client id:0 | Local Epoch : 2/5 |  Train_Loss: 0.041 | Train_Acc: 98.674
| Global Round : 22/30 | Client id:0 | Local Epoch : 3/5 |  Train_Loss: 0.035 | Train_Acc: 98.878
| Global Round : 22/30 | Client id:0 | Local Epoch : 4/5 |  Train_Loss: 0.019 | Train_Acc: 99.478
| Global Round : 22/30 | Client id:0 | Local Epoch : 5/5 |  Train_Loss: 0.009 | Train_Acc: 99.820
| Client id:1 | Test_Loss: 1.187 | Test_Acc: 69.007
| Global Round : 22/30 | Client id:1 | Local Epoch : 1/5 |  Train_Loss: 0.057 | Train_Acc: 98.404
| Global Round : 22/30 | Client id:1 | Local Epoch : 2/5 |  Train_Loss: 0.063 | Train_Acc: 97.918
| Global Round : 22/30 | Client id:1 | Local Epoch : 3/5 |  Train_Loss: 0.067 | Train_Acc: 97.726
| Global Round : 22/30 | Client id:1 | Local Epoch : 4/5 |  Train_Loss: 0.050 | Train_Acc: 98.530
| Global Round : 22/30 | Client id:1 | Local Epoch : 5/5 |  Train_Loss: 0.052 | Train_Acc: 98.374
| Client id:2 | Test_Loss: 1.087 | Test_Acc: 70.876
| Global Round : 22/30 | Client id:2 | Local Epoch : 1/5 |  Train_Loss: 0.058 | Train_Acc: 98.422
| Global Round : 22/30 | Client id:2 | Local Epoch : 2/5 |  Train_Loss: 0.052 | Train_Acc: 98.464
| Global Round : 22/30 | Client id:2 | Local Epoch : 3/5 |  Train_Loss: 0.066 | Train_Acc: 98.068
| Global Round : 22/30 | Client id:2 | Local Epoch : 4/5 |  Train_Loss: 0.057 | Train_Acc: 98.176
| Global Round : 22/30 | Client id:2 | Local Epoch : 5/5 |  Train_Loss: 0.059 | Train_Acc: 98.254
aggregating weights...
| Client id:0 | Test_Loss: 2.638 | Test_Acc: 29.403
| Global Round : 23/30 | Client id:0 | Local Epoch : 1/5 |  Train_Loss: 0.107 | Train_Acc: 96.250
| Global Round : 23/30 | Client id:0 | Local Epoch : 2/5 |  Train_Loss: 0.046 | Train_Acc: 98.398
| Global Round : 23/30 | Client id:0 | Local Epoch : 3/5 |  Train_Loss: 0.041 | Train_Acc: 98.740
| Global Round : 23/30 | Client id:0 | Local Epoch : 4/5 |  Train_Loss: 0.023 | Train_Acc: 99.352
| Global Round : 23/30 | Client id:0 | Local Epoch : 5/5 |  Train_Loss: 0.012 | Train_Acc: 99.700
| Client id:1 | Test_Loss: 1.158 | Test_Acc: 69.637
| Global Round : 23/30 | Client id:1 | Local Epoch : 1/5 |  Train_Loss: 0.046 | Train_Acc: 98.764
| Global Round : 23/30 | Client id:1 | Local Epoch : 2/5 |  Train_Loss: 0.024 | Train_Acc: 99.442
| Global Round : 23/30 | Client id:1 | Local Epoch : 3/5 |  Train_Loss: 0.015 | Train_Acc: 99.724
| Global Round : 23/30 | Client id:1 | Local Epoch : 4/5 |  Train_Loss: 0.006 | Train_Acc: 99.934
| Global Round : 23/30 | Client id:1 | Local Epoch : 5/5 |  Train_Loss: 0.002 | Train_Acc: 100.000
| Client id:2 | Test_Loss: 1.063 | Test_Acc: 71.686
| Global Round : 23/30 | Client id:2 | Local Epoch : 1/5 |  Train_Loss: 0.067 | Train_Acc: 98.026
| Global Round : 23/30 | Client id:2 | Local Epoch : 2/5 |  Train_Loss: 0.043 | Train_Acc: 98.752
| Global Round : 23/30 | Client id:2 | Local Epoch : 3/5 |  Train_Loss: 0.034 | Train_Acc: 98.956
| Global Round : 23/30 | Client id:2 | Local Epoch : 4/5 |  Train_Loss: 0.026 | Train_Acc: 99.298
| Global Round : 23/30 | Client id:2 | Local Epoch : 5/5 |  Train_Loss: 0.017 | Train_Acc: 99.580
aggregating weights...
| Client id:0 | Test_Loss: 2.073 | Test_Acc: 44.824
| Global Round : 24/30 | Client id:0 | Local Epoch : 1/5 |  Train_Loss: 0.079 | Train_Acc: 97.270
| Global Round : 24/30 | Client id:0 | Local Epoch : 2/5 |  Train_Loss: 0.048 | Train_Acc: 98.548
| Global Round : 24/30 | Client id:0 | Local Epoch : 3/5 |  Train_Loss: 0.021 | Train_Acc: 99.478
| Global Round : 24/30 | Client id:0 | Local Epoch : 4/5 |  Train_Loss: 0.010 | Train_Acc: 99.784
| Global Round : 24/30 | Client id:0 | Local Epoch : 5/5 |  Train_Loss: 0.003 | Train_Acc: 99.988
| Client id:1 | Test_Loss: 1.418 | Test_Acc: 64.926
| Global Round : 24/30 | Client id:1 | Local Epoch : 1/5 |  Train_Loss: 0.085 | Train_Acc: 97.390
| Global Round : 24/30 | Client id:1 | Local Epoch : 2/5 |  Train_Loss: 0.099 | Train_Acc: 96.862
| Global Round : 24/30 | Client id:1 | Local Epoch : 3/5 |  Train_Loss: 0.091 | Train_Acc: 96.958
| Global Round : 24/30 | Client id:1 | Local Epoch : 4/5 |  Train_Loss: 0.051 | Train_Acc: 98.374
| Global Round : 24/30 | Client id:1 | Local Epoch : 5/5 |  Train_Loss: 0.056 | Train_Acc: 98.158
| Client id:2 | Test_Loss: 1.319 | Test_Acc: 67.516
| Global Round : 24/30 | Client id:2 | Local Epoch : 1/5 |  Train_Loss: 0.048 | Train_Acc: 98.836
| Global Round : 24/30 | Client id:2 | Local Epoch : 2/5 |  Train_Loss: 0.027 | Train_Acc: 99.352
| Global Round : 24/30 | Client id:2 | Local Epoch : 3/5 |  Train_Loss: 0.021 | Train_Acc: 99.568
| Global Round : 24/30 | Client id:2 | Local Epoch : 4/5 |  Train_Loss: 0.008 | Train_Acc: 99.916
| Global Round : 24/30 | Client id:2 | Local Epoch : 5/5 |  Train_Loss: 0.002 | Train_Acc: 100.000
aggregating weights...
| Client id:0 | Test_Loss: 2.395 | Test_Acc: 38.104
| Global Round : 25/30 | Client id:0 | Local Epoch : 1/5 |  Train_Loss: 0.079 | Train_Acc: 97.384
| Global Round : 25/30 | Client id:0 | Local Epoch : 2/5 |  Train_Loss: 0.040 | Train_Acc: 98.692
| Global Round : 25/30 | Client id:0 | Local Epoch : 3/5 |  Train_Loss: 0.026 | Train_Acc: 99.226
| Global Round : 25/30 | Client id:0 | Local Epoch : 4/5 |  Train_Loss: 0.025 | Train_Acc: 99.286
| Global Round : 25/30 | Client id:0 | Local Epoch : 5/5 |  Train_Loss: 0.010 | Train_Acc: 99.802
| Client id:1 | Test_Loss: 1.289 | Test_Acc: 67.507
| Global Round : 25/30 | Client id:1 | Local Epoch : 1/5 |  Train_Loss: 0.038 | Train_Acc: 99.142
| Global Round : 25/30 | Client id:1 | Local Epoch : 2/5 |  Train_Loss: 0.010 | Train_Acc: 99.910
| Global Round : 25/30 | Client id:1 | Local Epoch : 3/5 |  Train_Loss: 0.003 | Train_Acc: 100.000
| Global Round : 25/30 | Client id:1 | Local Epoch : 4/5 |  Train_Loss: 0.002 | Train_Acc: 100.000
| Global Round : 25/30 | Client id:1 | Local Epoch : 5/5 |  Train_Loss: 0.002 | Train_Acc: 100.000
| Client id:2 | Test_Loss: 1.205 | Test_Acc: 69.436
| Global Round : 25/30 | Client id:2 | Local Epoch : 1/5 |  Train_Loss: 0.116 | Train_Acc: 96.442
| Global Round : 25/30 | Client id:2 | Local Epoch : 2/5 |  Train_Loss: 0.082 | Train_Acc: 97.378
| Global Round : 25/30 | Client id:2 | Local Epoch : 3/5 |  Train_Loss: 0.073 | Train_Acc: 97.702
| Global Round : 25/30 | Client id:2 | Local Epoch : 4/5 |  Train_Loss: 0.094 | Train_Acc: 96.874
| Global Round : 25/30 | Client id:2 | Local Epoch : 5/5 |  Train_Loss: 0.052 | Train_Acc: 98.344
aggregating weights...
| Client id:0 | Test_Loss: 2.127 | Test_Acc: 40.654
| Global Round : 26/30 | Client id:0 | Local Epoch : 1/5 |  Train_Loss: 0.078 | Train_Acc: 97.342
| Global Round : 26/30 | Client id:0 | Local Epoch : 2/5 |  Train_Loss: 0.046 | Train_Acc: 98.506
| Global Round : 26/30 | Client id:0 | Local Epoch : 3/5 |  Train_Loss: 0.031 | Train_Acc: 98.974
| Global Round : 26/30 | Client id:0 | Local Epoch : 4/5 |  Train_Loss: 0.026 | Train_Acc: 99.280
| Global Round : 26/30 | Client id:0 | Local Epoch : 5/5 |  Train_Loss: 0.011 | Train_Acc: 99.772
| Client id:1 | Test_Loss: 1.174 | Test_Acc: 67.717
| Global Round : 26/30 | Client id:1 | Local Epoch : 1/5 |  Train_Loss: 0.126 | Train_Acc: 95.890
| Global Round : 26/30 | Client id:1 | Local Epoch : 2/5 |  Train_Loss: 0.111 | Train_Acc: 96.190
| Global Round : 26/30 | Client id:1 | Local Epoch : 3/5 |  Train_Loss: 0.089 | Train_Acc: 97.024
| Global Round : 26/30 | Client id:1 | Local Epoch : 4/5 |  Train_Loss: 0.067 | Train_Acc: 97.828
| Global Round : 26/30 | Client id:1 | Local Epoch : 5/5 |  Train_Loss: 0.035 | Train_Acc: 98.974
| Client id:2 | Test_Loss: 1.087 | Test_Acc: 69.826
| Global Round : 26/30 | Client id:2 | Local Epoch : 1/5 |  Train_Loss: 0.029 | Train_Acc: 99.490
| Global Round : 26/30 | Client id:2 | Local Epoch : 2/5 |  Train_Loss: 0.016 | Train_Acc: 99.742
| Global Round : 26/30 | Client id:2 | Local Epoch : 3/5 |  Train_Loss: 0.008 | Train_Acc: 99.928
| Global Round : 26/30 | Client id:2 | Local Epoch : 4/5 |  Train_Loss: 0.002 | Train_Acc: 100.000
| Global Round : 26/30 | Client id:2 | Local Epoch : 5/5 |  Train_Loss: 0.002 | Train_Acc: 100.000
aggregating weights...
| Client id:0 | Test_Loss: 2.159 | Test_Acc: 41.704
| Global Round : 27/30 | Client id:0 | Local Epoch : 1/5 |  Train_Loss: 0.101 | Train_Acc: 96.448
| Global Round : 27/30 | Client id:0 | Local Epoch : 2/5 |  Train_Loss: 0.035 | Train_Acc: 98.956
| Global Round : 27/30 | Client id:0 | Local Epoch : 3/5 |  Train_Loss: 0.024 | Train_Acc: 99.304
| Global Round : 27/30 | Client id:0 | Local Epoch : 4/5 |  Train_Loss: 0.011 | Train_Acc: 99.790
| Global Round : 27/30 | Client id:0 | Local Epoch : 5/5 |  Train_Loss: 0.004 | Train_Acc: 99.952
| Client id:1 | Test_Loss: 1.337 | Test_Acc: 66.367
| Global Round : 27/30 | Client id:1 | Local Epoch : 1/5 |  Train_Loss: 0.043 | Train_Acc: 99.076
| Global Round : 27/30 | Client id:1 | Local Epoch : 2/5 |  Train_Loss: 0.047 | Train_Acc: 98.530
| Global Round : 27/30 | Client id:1 | Local Epoch : 3/5 |  Train_Loss: 0.065 | Train_Acc: 98.044
| Global Round : 27/30 | Client id:1 | Local Epoch : 4/5 |  Train_Loss: 0.042 | Train_Acc: 98.818
| Global Round : 27/30 | Client id:1 | Local Epoch : 5/5 |  Train_Loss: 0.041 | Train_Acc: 98.788
| Client id:2 | Test_Loss: 1.248 | Test_Acc: 68.896
| Global Round : 27/30 | Client id:2 | Local Epoch : 1/5 |  Train_Loss: 0.138 | Train_Acc: 95.476
| Global Round : 27/30 | Client id:2 | Local Epoch : 2/5 |  Train_Loss: 0.103 | Train_Acc: 96.544
| Global Round : 27/30 | Client id:2 | Local Epoch : 3/5 |  Train_Loss: 0.075 | Train_Acc: 97.606
| Global Round : 27/30 | Client id:2 | Local Epoch : 4/5 |  Train_Loss: 0.055 | Train_Acc: 98.248
| Global Round : 27/30 | Client id:2 | Local Epoch : 5/5 |  Train_Loss: 0.044 | Train_Acc: 98.614
aggregating weights...
| Client id:0 | Test_Loss: 2.655 | Test_Acc: 30.633
| Global Round : 28/30 | Client id:0 | Local Epoch : 1/5 |  Train_Loss: 0.092 | Train_Acc: 96.826
| Global Round : 28/30 | Client id:0 | Local Epoch : 2/5 |  Train_Loss: 0.036 | Train_Acc: 98.836
| Global Round : 28/30 | Client id:0 | Local Epoch : 3/5 |  Train_Loss: 0.016 | Train_Acc: 99.658
| Global Round : 28/30 | Client id:0 | Local Epoch : 4/5 |  Train_Loss: 0.016 | Train_Acc: 99.568
| Global Round : 28/30 | Client id:0 | Local Epoch : 5/5 |  Train_Loss: 0.005 | Train_Acc: 99.964
| Client id:1 | Test_Loss: 1.187 | Test_Acc: 67.957
| Global Round : 28/30 | Client id:1 | Local Epoch : 1/5 |  Train_Loss: 0.062 | Train_Acc: 98.338
| Global Round : 28/30 | Client id:1 | Local Epoch : 2/5 |  Train_Loss: 0.074 | Train_Acc: 97.690
| Global Round : 28/30 | Client id:1 | Local Epoch : 3/5 |  Train_Loss: 0.080 | Train_Acc: 97.480
| Global Round : 28/30 | Client id:1 | Local Epoch : 4/5 |  Train_Loss: 0.061 | Train_Acc: 98.044
| Global Round : 28/30 | Client id:1 | Local Epoch : 5/5 |  Train_Loss: 0.036 | Train_Acc: 98.920
| Client id:2 | Test_Loss: 1.120 | Test_Acc: 70.696
| Global Round : 28/30 | Client id:2 | Local Epoch : 1/5 |  Train_Loss: 0.063 | Train_Acc: 98.290
| Global Round : 28/30 | Client id:2 | Local Epoch : 2/5 |  Train_Loss: 0.058 | Train_Acc: 98.230
| Global Round : 28/30 | Client id:2 | Local Epoch : 3/5 |  Train_Loss: 0.069 | Train_Acc: 97.852
| Global Round : 28/30 | Client id:2 | Local Epoch : 4/5 |  Train_Loss: 0.060 | Train_Acc: 97.966
| Global Round : 28/30 | Client id:2 | Local Epoch : 5/5 |  Train_Loss: 0.050 | Train_Acc: 98.440
aggregating weights...
| Client id:0 | Test_Loss: 2.469 | Test_Acc: 33.813
| Global Round : 29/30 | Client id:0 | Local Epoch : 1/5 |  Train_Loss: 0.118 | Train_Acc: 95.848
| Global Round : 29/30 | Client id:0 | Local Epoch : 2/5 |  Train_Loss: 0.048 | Train_Acc: 98.452
| Global Round : 29/30 | Client id:0 | Local Epoch : 3/5 |  Train_Loss: 0.033 | Train_Acc: 99.016
| Global Round : 29/30 | Client id:0 | Local Epoch : 4/5 |  Train_Loss: 0.013 | Train_Acc: 99.670
| Global Round : 29/30 | Client id:0 | Local Epoch : 5/5 |  Train_Loss: 0.004 | Train_Acc: 99.994
| Client id:1 | Test_Loss: 1.200 | Test_Acc: 68.227
| Global Round : 29/30 | Client id:1 | Local Epoch : 1/5 |  Train_Loss: 0.048 | Train_Acc: 98.710
| Global Round : 29/30 | Client id:1 | Local Epoch : 2/5 |  Train_Loss: 0.036 | Train_Acc: 98.962
| Global Round : 29/30 | Client id:1 | Local Epoch : 3/5 |  Train_Loss: 0.041 | Train_Acc: 98.794
| Global Round : 29/30 | Client id:1 | Local Epoch : 4/5 |  Train_Loss: 0.037 | Train_Acc: 98.938
| Global Round : 29/30 | Client id:1 | Local Epoch : 5/5 |  Train_Loss: 0.034 | Train_Acc: 98.944
| Client id:2 | Test_Loss: 1.113 | Test_Acc: 70.756
| Global Round : 29/30 | Client id:2 | Local Epoch : 1/5 |  Train_Loss: 0.059 | Train_Acc: 98.284
| Global Round : 29/30 | Client id:2 | Local Epoch : 2/5 |  Train_Loss: 0.056 | Train_Acc: 98.362
| Global Round : 29/30 | Client id:2 | Local Epoch : 3/5 |  Train_Loss: 0.046 | Train_Acc: 98.620
| Global Round : 29/30 | Client id:2 | Local Epoch : 4/5 |  Train_Loss: 0.030 | Train_Acc: 99.148
| Global Round : 29/30 | Client id:2 | Local Epoch : 5/5 |  Train_Loss: 0.036 | Train_Acc: 99.040
aggregating weights...
| Client id:0 | Test_Loss: 2.372 | Test_Acc: 37.234
| Global Round : 30/30 | Client id:0 | Local Epoch : 1/5 |  Train_Loss: 0.096 | Train_Acc: 96.604
| Global Round : 30/30 | Client id:0 | Local Epoch : 2/5 |  Train_Loss: 0.046 | Train_Acc: 98.428
| Global Round : 30/30 | Client id:0 | Local Epoch : 3/5 |  Train_Loss: 0.030 | Train_Acc: 99.094
| Global Round : 30/30 | Client id:0 | Local Epoch : 4/5 |  Train_Loss: 0.016 | Train_Acc: 99.646
| Global Round : 30/30 | Client id:0 | Local Epoch : 5/5 |  Train_Loss: 0.006 | Train_Acc: 99.934
| Client id:1 | Test_Loss: 1.351 | Test_Acc: 66.757
| Global Round : 30/30 | Client id:1 | Local Epoch : 1/5 |  Train_Loss: 0.053 | Train_Acc: 98.464
| Global Round : 30/30 | Client id:1 | Local Epoch : 2/5 |  Train_Loss: 0.063 | Train_Acc: 97.936
| Global Round : 30/30 | Client id:1 | Local Epoch : 3/5 |  Train_Loss: 0.078 | Train_Acc: 97.450
| Global Round : 30/30 | Client id:1 | Local Epoch : 4/5 |  Train_Loss: 0.065 | Train_Acc: 97.912
| Global Round : 30/30 | Client id:1 | Local Epoch : 5/5 |  Train_Loss: 0.064 | Train_Acc: 97.906
| Client id:2 | Test_Loss: 1.228 | Test_Acc: 69.916
| Global Round : 30/30 | Client id:2 | Local Epoch : 1/5 |  Train_Loss: 0.051 | Train_Acc: 98.500
| Global Round : 30/30 | Client id:2 | Local Epoch : 2/5 |  Train_Loss: 0.047 | Train_Acc: 98.620
| Global Round : 30/30 | Client id:2 | Local Epoch : 3/5 |  Train_Loss: 0.059 | Train_Acc: 98.122
| Global Round : 30/30 | Client id:2 | Local Epoch : 4/5 |  Train_Loss: 0.057 | Train_Acc: 98.266
| Global Round : 30/30 | Client id:2 | Local Epoch : 5/5 |  Train_Loss: 0.052 | Train_Acc: 98.338
aggregating weights...
