Files already downloaded and verified
Files already downloaded and verified
Class distribution of id:0
train [1666, 1666, 1666, 1666, 1666, 1666, 1666, 1666, 1666, 1666]
test [333, 333, 333, 333, 333, 333, 333, 333, 333, 333]
Class distribution of id:1
train [1666, 1666, 1666, 1666, 1666, 1666, 1666, 1666, 1666, 1666]
test [333, 333, 333, 333, 333, 333, 333, 333, 333, 333]
Class distribution of id:2
train [1668, 1668, 1668, 1668, 1668, 1668, 1668, 1668, 1668, 1668]
test [334, 334, 334, 334, 334, 334, 334, 334, 334, 334]
| Client id:0 | Test_Loss: 2.304 | Test_Acc: 10.060
| Global Round : 1/30 | Client id:0 | Local Epoch : 1/5 |  Train_Loss: 2.041 | Train_Acc: 24.202
| Global Round : 1/30 | Client id:0 | Local Epoch : 2/5 |  Train_Loss: 1.623 | Train_Acc: 40.768
| Global Round : 1/30 | Client id:0 | Local Epoch : 3/5 |  Train_Loss: 1.421 | Train_Acc: 48.764
| Global Round : 1/30 | Client id:0 | Local Epoch : 4/5 |  Train_Loss: 1.282 | Train_Acc: 53.782
| Global Round : 1/30 | Client id:0 | Local Epoch : 5/5 |  Train_Loss: 1.159 | Train_Acc: 58.583
| Client id:1 | Test_Loss: 2.304 | Test_Acc: 10.060
| Global Round : 1/30 | Client id:1 | Local Epoch : 1/5 |  Train_Loss: 2.035 | Train_Acc: 24.580
| Global Round : 1/30 | Client id:1 | Local Epoch : 2/5 |  Train_Loss: 1.618 | Train_Acc: 41.531
| Global Round : 1/30 | Client id:1 | Local Epoch : 3/5 |  Train_Loss: 1.409 | Train_Acc: 49.136
| Global Round : 1/30 | Client id:1 | Local Epoch : 4/5 |  Train_Loss: 1.271 | Train_Acc: 54.154
| Global Round : 1/30 | Client id:1 | Local Epoch : 5/5 |  Train_Loss: 1.154 | Train_Acc: 58.721
| Client id:2 | Test_Loss: 2.304 | Test_Acc: 10.120
| Global Round : 1/30 | Client id:2 | Local Epoch : 1/5 |  Train_Loss: 2.036 | Train_Acc: 24.293
| Global Round : 1/30 | Client id:2 | Local Epoch : 2/5 |  Train_Loss: 1.611 | Train_Acc: 42.194
| Global Round : 1/30 | Client id:2 | Local Epoch : 3/5 |  Train_Loss: 1.407 | Train_Acc: 48.879
| Global Round : 1/30 | Client id:2 | Local Epoch : 4/5 |  Train_Loss: 1.266 | Train_Acc: 53.975
| Global Round : 1/30 | Client id:2 | Local Epoch : 5/5 |  Train_Loss: 1.146 | Train_Acc: 58.795
aggregating weights...
lambda: tensor([0.3333, 0.3333, 0.3333])
| Client id:0 | Test_Loss: 1.169 | Test_Acc: 58.138
| Global Round : 2/30 | Client id:0 | Local Epoch : 1/5 |  Train_Loss: 1.174 | Train_Acc: 57.887
| Global Round : 2/30 | Client id:0 | Local Epoch : 2/5 |  Train_Loss: 1.042 | Train_Acc: 62.731
| Global Round : 2/30 | Client id:0 | Local Epoch : 3/5 |  Train_Loss: 0.919 | Train_Acc: 67.347
| Global Round : 2/30 | Client id:0 | Local Epoch : 4/5 |  Train_Loss: 0.802 | Train_Acc: 71.741
| Global Round : 2/30 | Client id:0 | Local Epoch : 5/5 |  Train_Loss: 0.677 | Train_Acc: 76.026
| Client id:1 | Test_Loss: 1.183 | Test_Acc: 58.889
| Global Round : 2/30 | Client id:1 | Local Epoch : 1/5 |  Train_Loss: 1.158 | Train_Acc: 58.391
| Global Round : 2/30 | Client id:1 | Local Epoch : 2/5 |  Train_Loss: 1.024 | Train_Acc: 63.487
| Global Round : 2/30 | Client id:1 | Local Epoch : 3/5 |  Train_Loss: 0.892 | Train_Acc: 67.911
| Global Round : 2/30 | Client id:1 | Local Epoch : 4/5 |  Train_Loss: 0.769 | Train_Acc: 72.725
| Global Round : 2/30 | Client id:1 | Local Epoch : 5/5 |  Train_Loss: 0.645 | Train_Acc: 76.957
| Client id:2 | Test_Loss: 1.154 | Test_Acc: 59.072
| Global Round : 2/30 | Client id:2 | Local Epoch : 1/5 |  Train_Loss: 1.164 | Train_Acc: 58.141
| Global Round : 2/30 | Client id:2 | Local Epoch : 2/5 |  Train_Loss: 1.024 | Train_Acc: 63.639
| Global Round : 2/30 | Client id:2 | Local Epoch : 3/5 |  Train_Loss: 0.894 | Train_Acc: 68.531
| Global Round : 2/30 | Client id:2 | Local Epoch : 4/5 |  Train_Loss: 0.777 | Train_Acc: 72.314
| Global Round : 2/30 | Client id:2 | Local Epoch : 5/5 |  Train_Loss: 0.668 | Train_Acc: 75.761
aggregating weights...
lambda: tensor([0.3333, 0.3340, 0.3326])
| Client id:0 | Test_Loss: 1.033 | Test_Acc: 64.745
| Global Round : 3/30 | Client id:0 | Local Epoch : 1/5 |  Train_Loss: 0.886 | Train_Acc: 68.890
| Global Round : 3/30 | Client id:0 | Local Epoch : 2/5 |  Train_Loss: 0.682 | Train_Acc: 75.564
| Global Round : 3/30 | Client id:0 | Local Epoch : 3/5 |  Train_Loss: 0.532 | Train_Acc: 81.525
| Global Round : 3/30 | Client id:0 | Local Epoch : 4/5 |  Train_Loss: 0.418 | Train_Acc: 85.246
| Global Round : 3/30 | Client id:0 | Local Epoch : 5/5 |  Train_Loss: 0.314 | Train_Acc: 88.631
| Client id:1 | Test_Loss: 1.005 | Test_Acc: 64.925
| Global Round : 3/30 | Client id:1 | Local Epoch : 1/5 |  Train_Loss: 0.852 | Train_Acc: 69.748
| Global Round : 3/30 | Client id:1 | Local Epoch : 2/5 |  Train_Loss: 0.655 | Train_Acc: 76.927
| Global Round : 3/30 | Client id:1 | Local Epoch : 3/5 |  Train_Loss: 0.505 | Train_Acc: 82.335
| Global Round : 3/30 | Client id:1 | Local Epoch : 4/5 |  Train_Loss: 0.388 | Train_Acc: 86.465
| Global Round : 3/30 | Client id:1 | Local Epoch : 5/5 |  Train_Loss: 0.293 | Train_Acc: 89.874
| Client id:2 | Test_Loss: 1.001 | Test_Acc: 65.569
| Global Round : 3/30 | Client id:2 | Local Epoch : 1/5 |  Train_Loss: 0.857 | Train_Acc: 69.251
| Global Round : 3/30 | Client id:2 | Local Epoch : 2/5 |  Train_Loss: 0.670 | Train_Acc: 75.875
| Global Round : 3/30 | Client id:2 | Local Epoch : 3/5 |  Train_Loss: 0.495 | Train_Acc: 82.668
| Global Round : 3/30 | Client id:2 | Local Epoch : 4/5 |  Train_Loss: 0.393 | Train_Acc: 86.223
| Global Round : 3/30 | Client id:2 | Local Epoch : 5/5 |  Train_Loss: 0.299 | Train_Acc: 89.484
aggregating weights...
lambda: tensor([0.3344, 0.3336, 0.3320])
| Client id:0 | Test_Loss: 1.118 | Test_Acc: 65.556
| Global Round : 4/30 | Client id:0 | Local Epoch : 1/5 |  Train_Loss: 0.691 | Train_Acc: 75.114
| Global Round : 4/30 | Client id:0 | Local Epoch : 2/5 |  Train_Loss: 0.422 | Train_Acc: 85.078
| Global Round : 4/30 | Client id:0 | Local Epoch : 3/5 |  Train_Loss: 0.285 | Train_Acc: 90.018
| Global Round : 4/30 | Client id:0 | Local Epoch : 4/5 |  Train_Loss: 0.215 | Train_Acc: 92.473
| Global Round : 4/30 | Client id:0 | Local Epoch : 5/5 |  Train_Loss: 0.169 | Train_Acc: 94.298
| Client id:1 | Test_Loss: 1.110 | Test_Acc: 65.856
| Global Round : 4/30 | Client id:1 | Local Epoch : 1/5 |  Train_Loss: 0.667 | Train_Acc: 76.218
| Global Round : 4/30 | Client id:1 | Local Epoch : 2/5 |  Train_Loss: 0.393 | Train_Acc: 86.393
| Global Round : 4/30 | Client id:1 | Local Epoch : 3/5 |  Train_Loss: 0.279 | Train_Acc: 89.982
| Global Round : 4/30 | Client id:1 | Local Epoch : 4/5 |  Train_Loss: 0.197 | Train_Acc: 93.061
| Global Round : 4/30 | Client id:1 | Local Epoch : 5/5 |  Train_Loss: 0.165 | Train_Acc: 94.454
| Client id:2 | Test_Loss: 1.070 | Test_Acc: 67.156
| Global Round : 4/30 | Client id:2 | Local Epoch : 1/5 |  Train_Loss: 0.665 | Train_Acc: 75.827
| Global Round : 4/30 | Client id:2 | Local Epoch : 2/5 |  Train_Loss: 0.407 | Train_Acc: 85.402
| Global Round : 4/30 | Client id:2 | Local Epoch : 3/5 |  Train_Loss: 0.270 | Train_Acc: 90.450
| Global Round : 4/30 | Client id:2 | Local Epoch : 4/5 |  Train_Loss: 0.200 | Train_Acc: 93.022
| Global Round : 4/30 | Client id:2 | Local Epoch : 5/5 |  Train_Loss: 0.159 | Train_Acc: 94.490
aggregating weights...
lambda: tensor([0.3353, 0.3342, 0.3305])
| Client id:0 | Test_Loss: 1.276 | Test_Acc: 66.517
| Global Round : 5/30 | Client id:0 | Local Epoch : 1/5 |  Train_Loss: 0.549 | Train_Acc: 80.408
| Global Round : 5/30 | Client id:0 | Local Epoch : 2/5 |  Train_Loss: 0.265 | Train_Acc: 90.732
| Global Round : 5/30 | Client id:0 | Local Epoch : 3/5 |  Train_Loss: 0.180 | Train_Acc: 93.842
| Global Round : 5/30 | Client id:0 | Local Epoch : 4/5 |  Train_Loss: 0.147 | Train_Acc: 95.000
| Global Round : 5/30 | Client id:0 | Local Epoch : 5/5 |  Train_Loss: 0.102 | Train_Acc: 96.681
| Client id:1 | Test_Loss: 1.269 | Test_Acc: 67.477
| Global Round : 5/30 | Client id:1 | Local Epoch : 1/5 |  Train_Loss: 0.545 | Train_Acc: 80.504
| Global Round : 5/30 | Client id:1 | Local Epoch : 2/5 |  Train_Loss: 0.255 | Train_Acc: 91.176
| Global Round : 5/30 | Client id:1 | Local Epoch : 3/5 |  Train_Loss: 0.177 | Train_Acc: 94.034
| Global Round : 5/30 | Client id:1 | Local Epoch : 4/5 |  Train_Loss: 0.126 | Train_Acc: 95.672
| Global Round : 5/30 | Client id:1 | Local Epoch : 5/5 |  Train_Loss: 0.095 | Train_Acc: 96.843
| Client id:2 | Test_Loss: 1.247 | Test_Acc: 67.635
| Global Round : 5/30 | Client id:2 | Local Epoch : 1/5 |  Train_Loss: 0.525 | Train_Acc: 80.989
| Global Round : 5/30 | Client id:2 | Local Epoch : 2/5 |  Train_Loss: 0.269 | Train_Acc: 90.767
| Global Round : 5/30 | Client id:2 | Local Epoch : 3/5 |  Train_Loss: 0.156 | Train_Acc: 94.652
| Global Round : 5/30 | Client id:2 | Local Epoch : 4/5 |  Train_Loss: 0.146 | Train_Acc: 95.024
| Global Round : 5/30 | Client id:2 | Local Epoch : 5/5 |  Train_Loss: 0.110 | Train_Acc: 96.373
aggregating weights...
lambda: tensor([0.3359, 0.3344, 0.3297])
| Client id:0 | Test_Loss: 1.368 | Test_Acc: 67.688
| Global Round : 6/30 | Client id:0 | Local Epoch : 1/5 |  Train_Loss: 0.447 | Train_Acc: 83.703
| Global Round : 6/30 | Client id:0 | Local Epoch : 2/5 |  Train_Loss: 0.228 | Train_Acc: 92.209
| Global Round : 6/30 | Client id:0 | Local Epoch : 3/5 |  Train_Loss: 0.150 | Train_Acc: 94.946
| Global Round : 6/30 | Client id:0 | Local Epoch : 4/5 |  Train_Loss: 0.104 | Train_Acc: 96.621
| Global Round : 6/30 | Client id:0 | Local Epoch : 5/5 |  Train_Loss: 0.082 | Train_Acc: 97.335
| Client id:1 | Test_Loss: 1.343 | Test_Acc: 67.928
| Global Round : 6/30 | Client id:1 | Local Epoch : 1/5 |  Train_Loss: 0.441 | Train_Acc: 84.316
| Global Round : 6/30 | Client id:1 | Local Epoch : 2/5 |  Train_Loss: 0.207 | Train_Acc: 92.863
| Global Round : 6/30 | Client id:1 | Local Epoch : 3/5 |  Train_Loss: 0.127 | Train_Acc: 95.846
| Global Round : 6/30 | Client id:1 | Local Epoch : 4/5 |  Train_Loss: 0.101 | Train_Acc: 96.735
| Global Round : 6/30 | Client id:1 | Local Epoch : 5/5 |  Train_Loss: 0.076 | Train_Acc: 97.515
| Client id:2 | Test_Loss: 1.302 | Test_Acc: 68.323
| Global Round : 6/30 | Client id:2 | Local Epoch : 1/5 |  Train_Loss: 0.436 | Train_Acc: 84.592
| Global Round : 6/30 | Client id:2 | Local Epoch : 2/5 |  Train_Loss: 0.210 | Train_Acc: 92.872
| Global Round : 6/30 | Client id:2 | Local Epoch : 3/5 |  Train_Loss: 0.130 | Train_Acc: 95.570
| Global Round : 6/30 | Client id:2 | Local Epoch : 4/5 |  Train_Loss: 0.100 | Train_Acc: 96.805
| Global Round : 6/30 | Client id:2 | Local Epoch : 5/5 |  Train_Loss: 0.062 | Train_Acc: 98.034
aggregating weights...
lambda: tensor([0.3374, 0.3347, 0.3279])
| Client id:0 | Test_Loss: 1.395 | Test_Acc: 68.078
| Global Round : 7/30 | Client id:0 | Local Epoch : 1/5 |  Train_Loss: 0.354 | Train_Acc: 87.323
| Global Round : 7/30 | Client id:0 | Local Epoch : 2/5 |  Train_Loss: 0.189 | Train_Acc: 93.721
| Global Round : 7/30 | Client id:0 | Local Epoch : 3/5 |  Train_Loss: 0.114 | Train_Acc: 96.255
| Global Round : 7/30 | Client id:0 | Local Epoch : 4/5 |  Train_Loss: 0.067 | Train_Acc: 97.929
| Global Round : 7/30 | Client id:0 | Local Epoch : 5/5 |  Train_Loss: 0.075 | Train_Acc: 97.629
| Client id:1 | Test_Loss: 1.427 | Test_Acc: 67.868
| Global Round : 7/30 | Client id:1 | Local Epoch : 1/5 |  Train_Loss: 0.367 | Train_Acc: 87.035
| Global Round : 7/30 | Client id:1 | Local Epoch : 2/5 |  Train_Loss: 0.165 | Train_Acc: 94.442
| Global Round : 7/30 | Client id:1 | Local Epoch : 3/5 |  Train_Loss: 0.112 | Train_Acc: 96.369
| Global Round : 7/30 | Client id:1 | Local Epoch : 4/5 |  Train_Loss: 0.074 | Train_Acc: 97.563
| Global Round : 7/30 | Client id:1 | Local Epoch : 5/5 |  Train_Loss: 0.055 | Train_Acc: 98.289
| Client id:2 | Test_Loss: 1.382 | Test_Acc: 68.473
| Global Round : 7/30 | Client id:2 | Local Epoch : 1/5 |  Train_Loss: 0.386 | Train_Acc: 86.409
| Global Round : 7/30 | Client id:2 | Local Epoch : 2/5 |  Train_Loss: 0.158 | Train_Acc: 94.586
| Global Round : 7/30 | Client id:2 | Local Epoch : 3/5 |  Train_Loss: 0.105 | Train_Acc: 96.607
| Global Round : 7/30 | Client id:2 | Local Epoch : 4/5 |  Train_Loss: 0.098 | Train_Acc: 96.930
| Global Round : 7/30 | Client id:2 | Local Epoch : 5/5 |  Train_Loss: 0.063 | Train_Acc: 97.914
aggregating weights...
lambda: tensor([0.3371, 0.3360, 0.3269])
| Client id:0 | Test_Loss: 1.444 | Test_Acc: 68.468
| Global Round : 8/30 | Client id:0 | Local Epoch : 1/5 |  Train_Loss: 0.300 | Train_Acc: 89.250
| Global Round : 8/30 | Client id:0 | Local Epoch : 2/5 |  Train_Loss: 0.143 | Train_Acc: 95.222
| Global Round : 8/30 | Client id:0 | Local Epoch : 3/5 |  Train_Loss: 0.098 | Train_Acc: 96.723
| Global Round : 8/30 | Client id:0 | Local Epoch : 4/5 |  Train_Loss: 0.078 | Train_Acc: 97.407
| Global Round : 8/30 | Client id:0 | Local Epoch : 5/5 |  Train_Loss: 0.060 | Train_Acc: 98.211
| Client id:1 | Test_Loss: 1.406 | Test_Acc: 68.378
| Global Round : 8/30 | Client id:1 | Local Epoch : 1/5 |  Train_Loss: 0.319 | Train_Acc: 88.487
| Global Round : 8/30 | Client id:1 | Local Epoch : 2/5 |  Train_Loss: 0.142 | Train_Acc: 95.108
| Global Round : 8/30 | Client id:1 | Local Epoch : 3/5 |  Train_Loss: 0.093 | Train_Acc: 96.819
| Global Round : 8/30 | Client id:1 | Local Epoch : 4/5 |  Train_Loss: 0.069 | Train_Acc: 97.809
| Global Round : 8/30 | Client id:1 | Local Epoch : 5/5 |  Train_Loss: 0.056 | Train_Acc: 98.295
| Client id:2 | Test_Loss: 1.408 | Test_Acc: 68.054
| Global Round : 8/30 | Client id:2 | Local Epoch : 1/5 |  Train_Loss: 0.316 | Train_Acc: 88.765
| Global Round : 8/30 | Client id:2 | Local Epoch : 2/5 |  Train_Loss: 0.157 | Train_Acc: 94.664
| Global Round : 8/30 | Client id:2 | Local Epoch : 3/5 |  Train_Loss: 0.094 | Train_Acc: 96.954
| Global Round : 8/30 | Client id:2 | Local Epoch : 4/5 |  Train_Loss: 0.081 | Train_Acc: 97.284
| Global Round : 8/30 | Client id:2 | Local Epoch : 5/5 |  Train_Loss: 0.045 | Train_Acc: 98.657
aggregating weights...
lambda: tensor([0.3383, 0.3353, 0.3264])
| Client id:0 | Test_Loss: 1.512 | Test_Acc: 67.508
| Global Round : 9/30 | Client id:0 | Local Epoch : 1/5 |  Train_Loss: 0.266 | Train_Acc: 90.552
| Global Round : 9/30 | Client id:0 | Local Epoch : 2/5 |  Train_Loss: 0.139 | Train_Acc: 95.246
| Global Round : 9/30 | Client id:0 | Local Epoch : 3/5 |  Train_Loss: 0.093 | Train_Acc: 96.939
| Global Round : 9/30 | Client id:0 | Local Epoch : 4/5 |  Train_Loss: 0.053 | Train_Acc: 98.343
| Global Round : 9/30 | Client id:0 | Local Epoch : 5/5 |  Train_Loss: 0.028 | Train_Acc: 99.202
| Client id:1 | Test_Loss: 1.433 | Test_Acc: 68.378
| Global Round : 9/30 | Client id:1 | Local Epoch : 1/5 |  Train_Loss: 0.261 | Train_Acc: 90.570
| Global Round : 9/30 | Client id:1 | Local Epoch : 2/5 |  Train_Loss: 0.145 | Train_Acc: 95.228
| Global Round : 9/30 | Client id:1 | Local Epoch : 3/5 |  Train_Loss: 0.110 | Train_Acc: 96.297
| Global Round : 9/30 | Client id:1 | Local Epoch : 4/5 |  Train_Loss: 0.063 | Train_Acc: 98.073
| Global Round : 9/30 | Client id:1 | Local Epoch : 5/5 |  Train_Loss: 0.029 | Train_Acc: 99.310
| Client id:2 | Test_Loss: 1.434 | Test_Acc: 68.323
| Global Round : 9/30 | Client id:2 | Local Epoch : 1/5 |  Train_Loss: 0.263 | Train_Acc: 90.576
| Global Round : 9/30 | Client id:2 | Local Epoch : 2/5 |  Train_Loss: 0.146 | Train_Acc: 95.024
| Global Round : 9/30 | Client id:2 | Local Epoch : 3/5 |  Train_Loss: 0.097 | Train_Acc: 96.739
| Global Round : 9/30 | Client id:2 | Local Epoch : 4/5 |  Train_Loss: 0.068 | Train_Acc: 97.812
| Global Round : 9/30 | Client id:2 | Local Epoch : 5/5 |  Train_Loss: 0.045 | Train_Acc: 98.597
aggregating weights...
lambda: tensor([0.3409, 0.3340, 0.3251])
| Client id:0 | Test_Loss: 1.487 | Test_Acc: 68.438
| Global Round : 10/30 | Client id:0 | Local Epoch : 1/5 |  Train_Loss: 0.222 | Train_Acc: 92.227
| Global Round : 10/30 | Client id:0 | Local Epoch : 2/5 |  Train_Loss: 0.143 | Train_Acc: 95.252
| Global Round : 10/30 | Client id:0 | Local Epoch : 3/5 |  Train_Loss: 0.092 | Train_Acc: 96.963
| Global Round : 10/30 | Client id:0 | Local Epoch : 4/5 |  Train_Loss: 0.061 | Train_Acc: 98.157
| Global Round : 10/30 | Client id:0 | Local Epoch : 5/5 |  Train_Loss: 0.041 | Train_Acc: 98.661
| Client id:1 | Test_Loss: 1.457 | Test_Acc: 68.559
| Global Round : 10/30 | Client id:1 | Local Epoch : 1/5 |  Train_Loss: 0.230 | Train_Acc: 92.029
| Global Round : 10/30 | Client id:1 | Local Epoch : 2/5 |  Train_Loss: 0.125 | Train_Acc: 95.834
| Global Round : 10/30 | Client id:1 | Local Epoch : 3/5 |  Train_Loss: 0.090 | Train_Acc: 97.029
| Global Round : 10/30 | Client id:1 | Local Epoch : 4/5 |  Train_Loss: 0.075 | Train_Acc: 97.497
| Global Round : 10/30 | Client id:1 | Local Epoch : 5/5 |  Train_Loss: 0.047 | Train_Acc: 98.643
| Client id:2 | Test_Loss: 1.422 | Test_Acc: 69.461
| Global Round : 10/30 | Client id:2 | Local Epoch : 1/5 |  Train_Loss: 0.226 | Train_Acc: 91.948
| Global Round : 10/30 | Client id:2 | Local Epoch : 2/5 |  Train_Loss: 0.134 | Train_Acc: 95.456
| Global Round : 10/30 | Client id:2 | Local Epoch : 3/5 |  Train_Loss: 0.096 | Train_Acc: 96.835
| Global Round : 10/30 | Client id:2 | Local Epoch : 4/5 |  Train_Loss: 0.074 | Train_Acc: 97.632
| Global Round : 10/30 | Client id:2 | Local Epoch : 5/5 |  Train_Loss: 0.033 | Train_Acc: 98.915
aggregating weights...
lambda: tensor([0.3425, 0.3341, 0.3234])
| Client id:0 | Test_Loss: 1.507 | Test_Acc: 68.529
| Global Round : 11/30 | Client id:0 | Local Epoch : 1/5 |  Train_Loss: 0.203 | Train_Acc: 92.965
| Global Round : 11/30 | Client id:0 | Local Epoch : 2/5 |  Train_Loss: 0.125 | Train_Acc: 95.756
| Global Round : 11/30 | Client id:0 | Local Epoch : 3/5 |  Train_Loss: 0.087 | Train_Acc: 97.179
| Global Round : 11/30 | Client id:0 | Local Epoch : 4/5 |  Train_Loss: 0.052 | Train_Acc: 98.355
| Global Round : 11/30 | Client id:0 | Local Epoch : 5/5 |  Train_Loss: 0.038 | Train_Acc: 98.884
| Client id:1 | Test_Loss: 1.469 | Test_Acc: 69.069
| Global Round : 11/30 | Client id:1 | Local Epoch : 1/5 |  Train_Loss: 0.215 | Train_Acc: 92.443
| Global Round : 11/30 | Client id:1 | Local Epoch : 2/5 |  Train_Loss: 0.129 | Train_Acc: 95.738
| Global Round : 11/30 | Client id:1 | Local Epoch : 3/5 |  Train_Loss: 0.078 | Train_Acc: 97.545
| Global Round : 11/30 | Client id:1 | Local Epoch : 4/5 |  Train_Loss: 0.054 | Train_Acc: 98.307
| Global Round : 11/30 | Client id:1 | Local Epoch : 5/5 |  Train_Loss: 0.033 | Train_Acc: 99.136
| Client id:2 | Test_Loss: 1.466 | Test_Acc: 67.994
| Global Round : 11/30 | Client id:2 | Local Epoch : 1/5 |  Train_Loss: 0.226 | Train_Acc: 92.002
| Global Round : 11/30 | Client id:2 | Local Epoch : 2/5 |  Train_Loss: 0.144 | Train_Acc: 95.258
| Global Round : 11/30 | Client id:2 | Local Epoch : 3/5 |  Train_Loss: 0.076 | Train_Acc: 97.470
| Global Round : 11/30 | Client id:2 | Local Epoch : 4/5 |  Train_Loss: 0.058 | Train_Acc: 98.201
| Global Round : 11/30 | Client id:2 | Local Epoch : 5/5 |  Train_Loss: 0.031 | Train_Acc: 99.161
aggregating weights...
lambda: tensor([0.3438, 0.3335, 0.3227])
| Client id:0 | Test_Loss: 1.483 | Test_Acc: 68.829
| Global Round : 12/30 | Client id:0 | Local Epoch : 1/5 |  Train_Loss: 0.180 | Train_Acc: 93.631
| Global Round : 12/30 | Client id:0 | Local Epoch : 2/5 |  Train_Loss: 0.138 | Train_Acc: 95.312
| Global Round : 12/30 | Client id:0 | Local Epoch : 3/5 |  Train_Loss: 0.074 | Train_Acc: 97.539
| Global Round : 12/30 | Client id:0 | Local Epoch : 4/5 |  Train_Loss: 0.057 | Train_Acc: 98.151
| Global Round : 12/30 | Client id:0 | Local Epoch : 5/5 |  Train_Loss: 0.038 | Train_Acc: 98.830
| Client id:1 | Test_Loss: 1.462 | Test_Acc: 68.018
| Global Round : 12/30 | Client id:1 | Local Epoch : 1/5 |  Train_Loss: 0.179 | Train_Acc: 93.800
| Global Round : 12/30 | Client id:1 | Local Epoch : 2/5 |  Train_Loss: 0.120 | Train_Acc: 95.954
| Global Round : 12/30 | Client id:1 | Local Epoch : 3/5 |  Train_Loss: 0.074 | Train_Acc: 97.623
| Global Round : 12/30 | Client id:1 | Local Epoch : 4/5 |  Train_Loss: 0.057 | Train_Acc: 98.265
| Global Round : 12/30 | Client id:1 | Local Epoch : 5/5 |  Train_Loss: 0.024 | Train_Acc: 99.430
| Client id:2 | Test_Loss: 1.462 | Test_Acc: 67.904
| Global Round : 12/30 | Client id:2 | Local Epoch : 1/5 |  Train_Loss: 0.205 | Train_Acc: 92.926
| Global Round : 12/30 | Client id:2 | Local Epoch : 2/5 |  Train_Loss: 0.121 | Train_Acc: 95.731
| Global Round : 12/30 | Client id:2 | Local Epoch : 3/5 |  Train_Loss: 0.080 | Train_Acc: 97.284
| Global Round : 12/30 | Client id:2 | Local Epoch : 4/5 |  Train_Loss: 0.082 | Train_Acc: 97.152
| Global Round : 12/30 | Client id:2 | Local Epoch : 5/5 |  Train_Loss: 0.050 | Train_Acc: 98.441
aggregating weights...
lambda: tensor([0.3446, 0.3331, 0.3223])
| Client id:0 | Test_Loss: 1.501 | Test_Acc: 69.069
| Global Round : 13/30 | Client id:0 | Local Epoch : 1/5 |  Train_Loss: 0.150 | Train_Acc: 94.916
| Global Round : 13/30 | Client id:0 | Local Epoch : 2/5 |  Train_Loss: 0.113 | Train_Acc: 96.200
| Global Round : 13/30 | Client id:0 | Local Epoch : 3/5 |  Train_Loss: 0.108 | Train_Acc: 96.303
| Global Round : 13/30 | Client id:0 | Local Epoch : 4/5 |  Train_Loss: 0.063 | Train_Acc: 98.043
| Global Round : 13/30 | Client id:0 | Local Epoch : 5/5 |  Train_Loss: 0.038 | Train_Acc: 99.034
| Client id:1 | Test_Loss: 1.492 | Test_Acc: 69.129
| Global Round : 13/30 | Client id:1 | Local Epoch : 1/5 |  Train_Loss: 0.179 | Train_Acc: 93.679
| Global Round : 13/30 | Client id:1 | Local Epoch : 2/5 |  Train_Loss: 0.117 | Train_Acc: 96.158
| Global Round : 13/30 | Client id:1 | Local Epoch : 3/5 |  Train_Loss: 0.086 | Train_Acc: 97.167
| Global Round : 13/30 | Client id:1 | Local Epoch : 4/5 |  Train_Loss: 0.062 | Train_Acc: 98.025
| Global Round : 13/30 | Client id:1 | Local Epoch : 5/5 |  Train_Loss: 0.040 | Train_Acc: 98.770
| Client id:2 | Test_Loss: 1.470 | Test_Acc: 69.012
| Global Round : 13/30 | Client id:2 | Local Epoch : 1/5 |  Train_Loss: 0.167 | Train_Acc: 94.233
| Global Round : 13/30 | Client id:2 | Local Epoch : 2/5 |  Train_Loss: 0.110 | Train_Acc: 96.475
| Global Round : 13/30 | Client id:2 | Local Epoch : 3/5 |  Train_Loss: 0.096 | Train_Acc: 96.936
| Global Round : 13/30 | Client id:2 | Local Epoch : 4/5 |  Train_Loss: 0.063 | Train_Acc: 98.046
| Global Round : 13/30 | Client id:2 | Local Epoch : 5/5 |  Train_Loss: 0.028 | Train_Acc: 99.287
aggregating weights...
lambda: tensor([0.3452, 0.3333, 0.3214])
| Client id:0 | Test_Loss: 1.483 | Test_Acc: 68.498
| Global Round : 14/30 | Client id:0 | Local Epoch : 1/5 |  Train_Loss: 0.128 | Train_Acc: 95.678
| Global Round : 14/30 | Client id:0 | Local Epoch : 2/5 |  Train_Loss: 0.106 | Train_Acc: 96.345
| Global Round : 14/30 | Client id:0 | Local Epoch : 3/5 |  Train_Loss: 0.090 | Train_Acc: 97.035
| Global Round : 14/30 | Client id:0 | Local Epoch : 4/5 |  Train_Loss: 0.068 | Train_Acc: 97.785
| Global Round : 14/30 | Client id:0 | Local Epoch : 5/5 |  Train_Loss: 0.048 | Train_Acc: 98.541
| Client id:1 | Test_Loss: 1.424 | Test_Acc: 68.529
| Global Round : 14/30 | Client id:1 | Local Epoch : 1/5 |  Train_Loss: 0.169 | Train_Acc: 94.136
| Global Round : 14/30 | Client id:1 | Local Epoch : 2/5 |  Train_Loss: 0.109 | Train_Acc: 96.285
| Global Round : 14/30 | Client id:1 | Local Epoch : 3/5 |  Train_Loss: 0.080 | Train_Acc: 97.347
| Global Round : 14/30 | Client id:1 | Local Epoch : 4/5 |  Train_Loss: 0.059 | Train_Acc: 98.211
| Global Round : 14/30 | Client id:1 | Local Epoch : 5/5 |  Train_Loss: 0.021 | Train_Acc: 99.490
| Client id:2 | Test_Loss: 1.448 | Test_Acc: 68.982
| Global Round : 14/30 | Client id:2 | Local Epoch : 1/5 |  Train_Loss: 0.163 | Train_Acc: 94.359
| Global Round : 14/30 | Client id:2 | Local Epoch : 2/5 |  Train_Loss: 0.110 | Train_Acc: 96.253
| Global Round : 14/30 | Client id:2 | Local Epoch : 3/5 |  Train_Loss: 0.081 | Train_Acc: 97.374
| Global Round : 14/30 | Client id:2 | Local Epoch : 4/5 |  Train_Loss: 0.048 | Train_Acc: 98.543
| Global Round : 14/30 | Client id:2 | Local Epoch : 5/5 |  Train_Loss: 0.021 | Train_Acc: 99.472
aggregating weights...
lambda: tensor([0.3468, 0.3319, 0.3213])
| Client id:0 | Test_Loss: 1.470 | Test_Acc: 68.348
| Global Round : 15/30 | Client id:0 | Local Epoch : 1/5 |  Train_Loss: 0.126 | Train_Acc: 95.876
| Global Round : 15/30 | Client id:0 | Local Epoch : 2/5 |  Train_Loss: 0.109 | Train_Acc: 96.447
| Global Round : 15/30 | Client id:0 | Local Epoch : 3/5 |  Train_Loss: 0.082 | Train_Acc: 97.491
| Global Round : 15/30 | Client id:0 | Local Epoch : 4/5 |  Train_Loss: 0.054 | Train_Acc: 98.343
| Global Round : 15/30 | Client id:0 | Local Epoch : 5/5 |  Train_Loss: 0.025 | Train_Acc: 99.322
| Client id:1 | Test_Loss: 1.482 | Test_Acc: 68.829
| Global Round : 15/30 | Client id:1 | Local Epoch : 1/5 |  Train_Loss: 0.150 | Train_Acc: 95.036
| Global Round : 15/30 | Client id:1 | Local Epoch : 2/5 |  Train_Loss: 0.110 | Train_Acc: 96.261
| Global Round : 15/30 | Client id:1 | Local Epoch : 3/5 |  Train_Loss: 0.086 | Train_Acc: 97.185
| Global Round : 15/30 | Client id:1 | Local Epoch : 4/5 |  Train_Loss: 0.057 | Train_Acc: 98.289
| Global Round : 15/30 | Client id:1 | Local Epoch : 5/5 |  Train_Loss: 0.039 | Train_Acc: 98.739
| Client id:2 | Test_Loss: 1.435 | Test_Acc: 69.102
| Global Round : 15/30 | Client id:2 | Local Epoch : 1/5 |  Train_Loss: 0.164 | Train_Acc: 94.089
| Global Round : 15/30 | Client id:2 | Local Epoch : 2/5 |  Train_Loss: 0.118 | Train_Acc: 96.013
| Global Round : 15/30 | Client id:2 | Local Epoch : 3/5 |  Train_Loss: 0.076 | Train_Acc: 97.476
| Global Round : 15/30 | Client id:2 | Local Epoch : 4/5 |  Train_Loss: 0.058 | Train_Acc: 98.201
| Global Round : 15/30 | Client id:2 | Local Epoch : 5/5 |  Train_Loss: 0.027 | Train_Acc: 99.275
aggregating weights...
lambda: tensor([0.3472, 0.3329, 0.3199])
| Client id:0 | Test_Loss: 1.466 | Test_Acc: 69.009
| Global Round : 16/30 | Client id:0 | Local Epoch : 1/5 |  Train_Loss: 0.113 | Train_Acc: 96.291
| Global Round : 16/30 | Client id:0 | Local Epoch : 2/5 |  Train_Loss: 0.078 | Train_Acc: 97.689
| Global Round : 16/30 | Client id:0 | Local Epoch : 3/5 |  Train_Loss: 0.085 | Train_Acc: 97.065
| Global Round : 16/30 | Client id:0 | Local Epoch : 4/5 |  Train_Loss: 0.081 | Train_Acc: 97.431
| Global Round : 16/30 | Client id:0 | Local Epoch : 5/5 |  Train_Loss: 0.079 | Train_Acc: 97.377
| Client id:1 | Test_Loss: 1.438 | Test_Acc: 69.279
| Global Round : 16/30 | Client id:1 | Local Epoch : 1/5 |  Train_Loss: 0.115 | Train_Acc: 96.375
| Global Round : 16/30 | Client id:1 | Local Epoch : 2/5 |  Train_Loss: 0.090 | Train_Acc: 97.149
| Global Round : 16/30 | Client id:1 | Local Epoch : 3/5 |  Train_Loss: 0.056 | Train_Acc: 98.181
| Global Round : 16/30 | Client id:1 | Local Epoch : 4/5 |  Train_Loss: 0.038 | Train_Acc: 98.878
| Global Round : 16/30 | Client id:1 | Local Epoch : 5/5 |  Train_Loss: 0.035 | Train_Acc: 99.058
| Client id:2 | Test_Loss: 1.438 | Test_Acc: 68.713
| Global Round : 16/30 | Client id:2 | Local Epoch : 1/5 |  Train_Loss: 0.164 | Train_Acc: 94.388
| Global Round : 16/30 | Client id:2 | Local Epoch : 2/5 |  Train_Loss: 0.102 | Train_Acc: 96.625
| Global Round : 16/30 | Client id:2 | Local Epoch : 3/5 |  Train_Loss: 0.080 | Train_Acc: 97.470
| Global Round : 16/30 | Client id:2 | Local Epoch : 4/5 |  Train_Loss: 0.074 | Train_Acc: 97.704
| Global Round : 16/30 | Client id:2 | Local Epoch : 5/5 |  Train_Loss: 0.046 | Train_Acc: 98.681
aggregating weights...
lambda: tensor([0.3481, 0.3325, 0.3194])
| Client id:0 | Test_Loss: 1.524 | Test_Acc: 69.099
| Global Round : 17/30 | Client id:0 | Local Epoch : 1/5 |  Train_Loss: 0.093 | Train_Acc: 96.981
| Global Round : 17/30 | Client id:0 | Local Epoch : 2/5 |  Train_Loss: 0.081 | Train_Acc: 97.479
| Global Round : 17/30 | Client id:0 | Local Epoch : 3/5 |  Train_Loss: 0.066 | Train_Acc: 97.881
| Global Round : 17/30 | Client id:0 | Local Epoch : 4/5 |  Train_Loss: 0.061 | Train_Acc: 98.055
| Global Round : 17/30 | Client id:0 | Local Epoch : 5/5 |  Train_Loss: 0.043 | Train_Acc: 98.679
| Client id:1 | Test_Loss: 1.445 | Test_Acc: 69.009
| Global Round : 17/30 | Client id:1 | Local Epoch : 1/5 |  Train_Loss: 0.136 | Train_Acc: 95.414
| Global Round : 17/30 | Client id:1 | Local Epoch : 2/5 |  Train_Loss: 0.117 | Train_Acc: 95.990
| Global Round : 17/30 | Client id:1 | Local Epoch : 3/5 |  Train_Loss: 0.094 | Train_Acc: 96.801
| Global Round : 17/30 | Client id:1 | Local Epoch : 4/5 |  Train_Loss: 0.056 | Train_Acc: 98.145
| Global Round : 17/30 | Client id:1 | Local Epoch : 5/5 |  Train_Loss: 0.038 | Train_Acc: 98.890
| Client id:2 | Test_Loss: 1.436 | Test_Acc: 68.802
| Global Round : 17/30 | Client id:2 | Local Epoch : 1/5 |  Train_Loss: 0.124 | Train_Acc: 95.887
| Global Round : 17/30 | Client id:2 | Local Epoch : 2/5 |  Train_Loss: 0.095 | Train_Acc: 96.918
| Global Round : 17/30 | Client id:2 | Local Epoch : 3/5 |  Train_Loss: 0.070 | Train_Acc: 97.722
| Global Round : 17/30 | Client id:2 | Local Epoch : 4/5 |  Train_Loss: 0.063 | Train_Acc: 98.016
| Global Round : 17/30 | Client id:2 | Local Epoch : 5/5 |  Train_Loss: 0.036 | Train_Acc: 99.047
aggregating weights...
lambda: tensor([0.3509, 0.3313, 0.3178])
| Client id:0 | Test_Loss: 1.451 | Test_Acc: 68.438
| Global Round : 18/30 | Client id:0 | Local Epoch : 1/5 |  Train_Loss: 0.119 | Train_Acc: 96.098
| Global Round : 18/30 | Client id:0 | Local Epoch : 2/5 |  Train_Loss: 0.096 | Train_Acc: 96.813
| Global Round : 18/30 | Client id:0 | Local Epoch : 3/5 |  Train_Loss: 0.078 | Train_Acc: 97.467
| Global Round : 18/30 | Client id:0 | Local Epoch : 4/5 |  Train_Loss: 0.068 | Train_Acc: 97.821
| Global Round : 18/30 | Client id:0 | Local Epoch : 5/5 |  Train_Loss: 0.041 | Train_Acc: 98.703
| Client id:1 | Test_Loss: 1.464 | Test_Acc: 68.979
| Global Round : 18/30 | Client id:1 | Local Epoch : 1/5 |  Train_Loss: 0.122 | Train_Acc: 95.870
| Global Round : 18/30 | Client id:1 | Local Epoch : 2/5 |  Train_Loss: 0.113 | Train_Acc: 96.273
| Global Round : 18/30 | Client id:1 | Local Epoch : 3/5 |  Train_Loss: 0.082 | Train_Acc: 97.209
| Global Round : 18/30 | Client id:1 | Local Epoch : 4/5 |  Train_Loss: 0.055 | Train_Acc: 98.301
| Global Round : 18/30 | Client id:1 | Local Epoch : 5/5 |  Train_Loss: 0.053 | Train_Acc: 98.397
| Client id:2 | Test_Loss: 1.417 | Test_Acc: 68.832
| Global Round : 18/30 | Client id:2 | Local Epoch : 1/5 |  Train_Loss: 0.141 | Train_Acc: 95.324
| Global Round : 18/30 | Client id:2 | Local Epoch : 2/5 |  Train_Loss: 0.112 | Train_Acc: 96.223
| Global Round : 18/30 | Client id:2 | Local Epoch : 3/5 |  Train_Loss: 0.089 | Train_Acc: 97.104
| Global Round : 18/30 | Client id:2 | Local Epoch : 4/5 |  Train_Loss: 0.063 | Train_Acc: 98.004
| Global Round : 18/30 | Client id:2 | Local Epoch : 5/5 |  Train_Loss: 0.022 | Train_Acc: 99.335
aggregating weights...
lambda: tensor([0.3513, 0.3323, 0.3165])
| Client id:0 | Test_Loss: 1.503 | Test_Acc: 67.808
| Global Round : 19/30 | Client id:0 | Local Epoch : 1/5 |  Train_Loss: 0.083 | Train_Acc: 97.323
| Global Round : 19/30 | Client id:0 | Local Epoch : 2/5 |  Train_Loss: 0.065 | Train_Acc: 98.007
| Global Round : 19/30 | Client id:0 | Local Epoch : 3/5 |  Train_Loss: 0.089 | Train_Acc: 97.089
| Global Round : 19/30 | Client id:0 | Local Epoch : 4/5 |  Train_Loss: 0.079 | Train_Acc: 97.581
| Global Round : 19/30 | Client id:0 | Local Epoch : 5/5 |  Train_Loss: 0.054 | Train_Acc: 98.283
| Client id:1 | Test_Loss: 1.477 | Test_Acc: 69.159
| Global Round : 19/30 | Client id:1 | Local Epoch : 1/5 |  Train_Loss: 0.113 | Train_Acc: 96.224
| Global Round : 19/30 | Client id:1 | Local Epoch : 2/5 |  Train_Loss: 0.073 | Train_Acc: 97.623
| Global Round : 19/30 | Client id:1 | Local Epoch : 3/5 |  Train_Loss: 0.071 | Train_Acc: 97.719
| Global Round : 19/30 | Client id:1 | Local Epoch : 4/5 |  Train_Loss: 0.042 | Train_Acc: 98.794
| Global Round : 19/30 | Client id:1 | Local Epoch : 5/5 |  Train_Loss: 0.034 | Train_Acc: 98.998
| Client id:2 | Test_Loss: 1.413 | Test_Acc: 69.251
| Global Round : 19/30 | Client id:2 | Local Epoch : 1/5 |  Train_Loss: 0.154 | Train_Acc: 94.784
| Global Round : 19/30 | Client id:2 | Local Epoch : 2/5 |  Train_Loss: 0.122 | Train_Acc: 95.881
| Global Round : 19/30 | Client id:2 | Local Epoch : 3/5 |  Train_Loss: 0.084 | Train_Acc: 97.290
| Global Round : 19/30 | Client id:2 | Local Epoch : 4/5 |  Train_Loss: 0.093 | Train_Acc: 96.990
| Global Round : 19/30 | Client id:2 | Local Epoch : 5/5 |  Train_Loss: 0.039 | Train_Acc: 98.831
aggregating weights...
lambda: tensor([0.3532, 0.3329, 0.3139])
| Client id:0 | Test_Loss: 1.450 | Test_Acc: 68.649
| Global Round : 20/30 | Client id:0 | Local Epoch : 1/5 |  Train_Loss: 0.087 | Train_Acc: 97.143
| Global Round : 20/30 | Client id:0 | Local Epoch : 2/5 |  Train_Loss: 0.075 | Train_Acc: 97.689
| Global Round : 20/30 | Client id:0 | Local Epoch : 3/5 |  Train_Loss: 0.079 | Train_Acc: 97.455
| Global Round : 20/30 | Client id:0 | Local Epoch : 4/5 |  Train_Loss: 0.052 | Train_Acc: 98.295
| Global Round : 20/30 | Client id:0 | Local Epoch : 5/5 |  Train_Loss: 0.051 | Train_Acc: 98.409
| Client id:1 | Test_Loss: 1.434 | Test_Acc: 68.949
| Global Round : 20/30 | Client id:1 | Local Epoch : 1/5 |  Train_Loss: 0.143 | Train_Acc: 95.138
| Global Round : 20/30 | Client id:1 | Local Epoch : 2/5 |  Train_Loss: 0.096 | Train_Acc: 96.933
| Global Round : 20/30 | Client id:1 | Local Epoch : 3/5 |  Train_Loss: 0.060 | Train_Acc: 98.139
| Global Round : 20/30 | Client id:1 | Local Epoch : 4/5 |  Train_Loss: 0.052 | Train_Acc: 98.403
| Global Round : 20/30 | Client id:1 | Local Epoch : 5/5 |  Train_Loss: 0.032 | Train_Acc: 99.088
| Client id:2 | Test_Loss: 1.426 | Test_Acc: 69.281
| Global Round : 20/30 | Client id:2 | Local Epoch : 1/5 |  Train_Loss: 0.123 | Train_Acc: 95.821
| Global Round : 20/30 | Client id:2 | Local Epoch : 2/5 |  Train_Loss: 0.105 | Train_Acc: 96.469
| Global Round : 20/30 | Client id:2 | Local Epoch : 3/5 |  Train_Loss: 0.079 | Train_Acc: 97.380
| Global Round : 20/30 | Client id:2 | Local Epoch : 4/5 |  Train_Loss: 0.042 | Train_Acc: 98.777
| Global Round : 20/30 | Client id:2 | Local Epoch : 5/5 |  Train_Loss: 0.018 | Train_Acc: 99.688
aggregating weights...
lambda: tensor([0.3539, 0.3328, 0.3134])
| Client id:0 | Test_Loss: 1.478 | Test_Acc: 69.039
| Global Round : 21/30 | Client id:0 | Local Epoch : 1/5 |  Train_Loss: 0.085 | Train_Acc: 97.227
| Global Round : 21/30 | Client id:0 | Local Epoch : 2/5 |  Train_Loss: 0.082 | Train_Acc: 97.287
| Global Round : 21/30 | Client id:0 | Local Epoch : 3/5 |  Train_Loss: 0.077 | Train_Acc: 97.461
| Global Round : 21/30 | Client id:0 | Local Epoch : 4/5 |  Train_Loss: 0.078 | Train_Acc: 97.323
| Global Round : 21/30 | Client id:0 | Local Epoch : 5/5 |  Train_Loss: 0.052 | Train_Acc: 98.409
| Client id:1 | Test_Loss: 1.478 | Test_Acc: 69.249
| Global Round : 21/30 | Client id:1 | Local Epoch : 1/5 |  Train_Loss: 0.097 | Train_Acc: 96.897
| Global Round : 21/30 | Client id:1 | Local Epoch : 2/5 |  Train_Loss: 0.114 | Train_Acc: 96.194
| Global Round : 21/30 | Client id:1 | Local Epoch : 3/5 |  Train_Loss: 0.080 | Train_Acc: 97.479
| Global Round : 21/30 | Client id:1 | Local Epoch : 4/5 |  Train_Loss: 0.049 | Train_Acc: 98.481
| Global Round : 21/30 | Client id:1 | Local Epoch : 5/5 |  Train_Loss: 0.026 | Train_Acc: 99.286
| Client id:2 | Test_Loss: 1.389 | Test_Acc: 68.892
| Global Round : 21/30 | Client id:2 | Local Epoch : 1/5 |  Train_Loss: 0.128 | Train_Acc: 95.701
| Global Round : 21/30 | Client id:2 | Local Epoch : 2/5 |  Train_Loss: 0.102 | Train_Acc: 96.733
| Global Round : 21/30 | Client id:2 | Local Epoch : 3/5 |  Train_Loss: 0.071 | Train_Acc: 97.716
| Global Round : 21/30 | Client id:2 | Local Epoch : 4/5 |  Train_Loss: 0.047 | Train_Acc: 98.573
| Global Round : 21/30 | Client id:2 | Local Epoch : 5/5 |  Train_Loss: 0.029 | Train_Acc: 99.185
aggregating weights...
lambda: tensor([0.3553, 0.3343, 0.3104])
| Client id:0 | Test_Loss: 1.463 | Test_Acc: 67.898
| Global Round : 22/30 | Client id:0 | Local Epoch : 1/5 |  Train_Loss: 0.072 | Train_Acc: 97.839
| Global Round : 22/30 | Client id:0 | Local Epoch : 2/5 |  Train_Loss: 0.061 | Train_Acc: 98.121
| Global Round : 22/30 | Client id:0 | Local Epoch : 3/5 |  Train_Loss: 0.075 | Train_Acc: 97.659
| Global Round : 22/30 | Client id:0 | Local Epoch : 4/5 |  Train_Loss: 0.061 | Train_Acc: 98.115
| Global Round : 22/30 | Client id:0 | Local Epoch : 5/5 |  Train_Loss: 0.044 | Train_Acc: 98.691
| Client id:1 | Test_Loss: 1.457 | Test_Acc: 69.009
| Global Round : 22/30 | Client id:1 | Local Epoch : 1/5 |  Train_Loss: 0.116 | Train_Acc: 96.062
| Global Round : 22/30 | Client id:1 | Local Epoch : 2/5 |  Train_Loss: 0.101 | Train_Acc: 96.765
| Global Round : 22/30 | Client id:1 | Local Epoch : 3/5 |  Train_Loss: 0.081 | Train_Acc: 97.179
| Global Round : 22/30 | Client id:1 | Local Epoch : 4/5 |  Train_Loss: 0.078 | Train_Acc: 97.287
| Global Round : 22/30 | Client id:1 | Local Epoch : 5/5 |  Train_Loss: 0.055 | Train_Acc: 98.295
| Client id:2 | Test_Loss: 1.441 | Test_Acc: 68.623
| Global Round : 22/30 | Client id:2 | Local Epoch : 1/5 |  Train_Loss: 0.125 | Train_Acc: 95.647
| Global Round : 22/30 | Client id:2 | Local Epoch : 2/5 |  Train_Loss: 0.103 | Train_Acc: 96.445
| Global Round : 22/30 | Client id:2 | Local Epoch : 3/5 |  Train_Loss: 0.099 | Train_Acc: 96.625
| Global Round : 22/30 | Client id:2 | Local Epoch : 4/5 |  Train_Loss: 0.069 | Train_Acc: 97.800
| Global Round : 22/30 | Client id:2 | Local Epoch : 5/5 |  Train_Loss: 0.030 | Train_Acc: 99.149
aggregating weights...
lambda: tensor([0.3558, 0.3344, 0.3098])
| Client id:0 | Test_Loss: 1.504 | Test_Acc: 67.988
| Global Round : 23/30 | Client id:0 | Local Epoch : 1/5 |  Train_Loss: 0.094 | Train_Acc: 96.957
| Global Round : 23/30 | Client id:0 | Local Epoch : 2/5 |  Train_Loss: 0.084 | Train_Acc: 97.161
| Global Round : 23/30 | Client id:0 | Local Epoch : 3/5 |  Train_Loss: 0.066 | Train_Acc: 97.935
| Global Round : 23/30 | Client id:0 | Local Epoch : 4/5 |  Train_Loss: 0.067 | Train_Acc: 97.857
| Global Round : 23/30 | Client id:0 | Local Epoch : 5/5 |  Train_Loss: 0.042 | Train_Acc: 98.872
| Client id:1 | Test_Loss: 1.483 | Test_Acc: 69.399
| Global Round : 23/30 | Client id:1 | Local Epoch : 1/5 |  Train_Loss: 0.101 | Train_Acc: 96.657
| Global Round : 23/30 | Client id:1 | Local Epoch : 2/5 |  Train_Loss: 0.057 | Train_Acc: 98.307
| Global Round : 23/30 | Client id:1 | Local Epoch : 3/5 |  Train_Loss: 0.058 | Train_Acc: 98.025
| Global Round : 23/30 | Client id:1 | Local Epoch : 4/5 |  Train_Loss: 0.066 | Train_Acc: 97.893
| Global Round : 23/30 | Client id:1 | Local Epoch : 5/5 |  Train_Loss: 0.049 | Train_Acc: 98.415
| Client id:2 | Test_Loss: 1.376 | Test_Acc: 69.461
| Global Round : 23/30 | Client id:2 | Local Epoch : 1/5 |  Train_Loss: 0.123 | Train_Acc: 95.857
| Global Round : 23/30 | Client id:2 | Local Epoch : 2/5 |  Train_Loss: 0.101 | Train_Acc: 96.709
| Global Round : 23/30 | Client id:2 | Local Epoch : 3/5 |  Train_Loss: 0.090 | Train_Acc: 97.080
| Global Round : 23/30 | Client id:2 | Local Epoch : 4/5 |  Train_Loss: 0.046 | Train_Acc: 98.537
| Global Round : 23/30 | Client id:2 | Local Epoch : 5/5 |  Train_Loss: 0.028 | Train_Acc: 99.209
aggregating weights...
lambda: tensor([0.3583, 0.3359, 0.3059])
| Client id:0 | Test_Loss: 1.491 | Test_Acc: 69.189
| Global Round : 24/30 | Client id:0 | Local Epoch : 1/5 |  Train_Loss: 0.066 | Train_Acc: 97.965
| Global Round : 24/30 | Client id:0 | Local Epoch : 2/5 |  Train_Loss: 0.065 | Train_Acc: 98.013
| Global Round : 24/30 | Client id:0 | Local Epoch : 3/5 |  Train_Loss: 0.082 | Train_Acc: 97.593
| Global Round : 24/30 | Client id:0 | Local Epoch : 4/5 |  Train_Loss: 0.064 | Train_Acc: 98.061
| Global Round : 24/30 | Client id:0 | Local Epoch : 5/5 |  Train_Loss: 0.040 | Train_Acc: 98.866
| Client id:1 | Test_Loss: 1.423 | Test_Acc: 69.369
| Global Round : 24/30 | Client id:1 | Local Epoch : 1/5 |  Train_Loss: 0.090 | Train_Acc: 97.317
| Global Round : 24/30 | Client id:1 | Local Epoch : 2/5 |  Train_Loss: 0.073 | Train_Acc: 97.581
| Global Round : 24/30 | Client id:1 | Local Epoch : 3/5 |  Train_Loss: 0.066 | Train_Acc: 97.887
| Global Round : 24/30 | Client id:1 | Local Epoch : 4/5 |  Train_Loss: 0.037 | Train_Acc: 99.010
| Global Round : 24/30 | Client id:1 | Local Epoch : 5/5 |  Train_Loss: 0.028 | Train_Acc: 99.250
| Client id:2 | Test_Loss: 1.395 | Test_Acc: 69.341
| Global Round : 24/30 | Client id:2 | Local Epoch : 1/5 |  Train_Loss: 0.131 | Train_Acc: 95.713
| Global Round : 24/30 | Client id:2 | Local Epoch : 2/5 |  Train_Loss: 0.119 | Train_Acc: 96.085
| Global Round : 24/30 | Client id:2 | Local Epoch : 3/5 |  Train_Loss: 0.066 | Train_Acc: 97.956
| Global Round : 24/30 | Client id:2 | Local Epoch : 4/5 |  Train_Loss: 0.043 | Train_Acc: 98.711
| Global Round : 24/30 | Client id:2 | Local Epoch : 5/5 |  Train_Loss: 0.022 | Train_Acc: 99.424
aggregating weights...
lambda: tensor([0.3610, 0.3352, 0.3038])
| Client id:0 | Test_Loss: 1.445 | Test_Acc: 68.829
| Global Round : 25/30 | Client id:0 | Local Epoch : 1/5 |  Train_Loss: 0.054 | Train_Acc: 98.469
| Global Round : 25/30 | Client id:0 | Local Epoch : 2/5 |  Train_Loss: 0.024 | Train_Acc: 99.484
| Global Round : 25/30 | Client id:0 | Local Epoch : 3/5 |  Train_Loss: 0.006 | Train_Acc: 99.946
| Global Round : 25/30 | Client id:0 | Local Epoch : 4/5 |  Train_Loss: 0.003 | Train_Acc: 100.000
| Global Round : 25/30 | Client id:0 | Local Epoch : 5/5 |  Train_Loss: 0.002 | Train_Acc: 100.000
| Client id:1 | Test_Loss: 1.425 | Test_Acc: 69.039
| Global Round : 25/30 | Client id:1 | Local Epoch : 1/5 |  Train_Loss: 0.094 | Train_Acc: 96.957
| Global Round : 25/30 | Client id:1 | Local Epoch : 2/5 |  Train_Loss: 0.083 | Train_Acc: 97.299
| Global Round : 25/30 | Client id:1 | Local Epoch : 3/5 |  Train_Loss: 0.072 | Train_Acc: 97.701
| Global Round : 25/30 | Client id:1 | Local Epoch : 4/5 |  Train_Loss: 0.075 | Train_Acc: 97.533
| Global Round : 25/30 | Client id:1 | Local Epoch : 5/5 |  Train_Loss: 0.048 | Train_Acc: 98.595
| Client id:2 | Test_Loss: 1.405 | Test_Acc: 69.341
| Global Round : 25/30 | Client id:2 | Local Epoch : 1/5 |  Train_Loss: 0.102 | Train_Acc: 96.715
| Global Round : 25/30 | Client id:2 | Local Epoch : 2/5 |  Train_Loss: 0.078 | Train_Acc: 97.614
| Global Round : 25/30 | Client id:2 | Local Epoch : 3/5 |  Train_Loss: 0.077 | Train_Acc: 97.560
| Global Round : 25/30 | Client id:2 | Local Epoch : 4/5 |  Train_Loss: 0.065 | Train_Acc: 97.956
| Global Round : 25/30 | Client id:2 | Local Epoch : 5/5 |  Train_Loss: 0.051 | Train_Acc: 98.417
aggregating weights...
lambda: tensor([0.3620, 0.3352, 0.3028])
| Client id:0 | Test_Loss: 1.458 | Test_Acc: 68.769
| Global Round : 26/30 | Client id:0 | Local Epoch : 1/5 |  Train_Loss: 0.143 | Train_Acc: 95.204
| Global Round : 26/30 | Client id:0 | Local Epoch : 2/5 |  Train_Loss: 0.131 | Train_Acc: 95.594
| Global Round : 26/30 | Client id:0 | Local Epoch : 3/5 |  Train_Loss: 0.113 | Train_Acc: 96.104
| Global Round : 26/30 | Client id:0 | Local Epoch : 4/5 |  Train_Loss: 0.078 | Train_Acc: 97.395
| Global Round : 26/30 | Client id:0 | Local Epoch : 5/5 |  Train_Loss: 0.035 | Train_Acc: 99.004
| Client id:1 | Test_Loss: 1.424 | Test_Acc: 69.580
| Global Round : 26/30 | Client id:1 | Local Epoch : 1/5 |  Train_Loss: 0.050 | Train_Acc: 98.643
| Global Round : 26/30 | Client id:1 | Local Epoch : 2/5 |  Train_Loss: 0.037 | Train_Acc: 99.004
| Global Round : 26/30 | Client id:1 | Local Epoch : 3/5 |  Train_Loss: 0.027 | Train_Acc: 99.358
| Global Round : 26/30 | Client id:1 | Local Epoch : 4/5 |  Train_Loss: 0.009 | Train_Acc: 99.904
| Global Round : 26/30 | Client id:1 | Local Epoch : 5/5 |  Train_Loss: 0.003 | Train_Acc: 100.000
| Client id:2 | Test_Loss: 1.403 | Test_Acc: 69.251
| Global Round : 26/30 | Client id:2 | Local Epoch : 1/5 |  Train_Loss: 0.070 | Train_Acc: 97.920
| Global Round : 26/30 | Client id:2 | Local Epoch : 2/5 |  Train_Loss: 0.068 | Train_Acc: 98.034
| Global Round : 26/30 | Client id:2 | Local Epoch : 3/5 |  Train_Loss: 0.081 | Train_Acc: 97.440
| Global Round : 26/30 | Client id:2 | Local Epoch : 4/5 |  Train_Loss: 0.052 | Train_Acc: 98.387
| Global Round : 26/30 | Client id:2 | Local Epoch : 5/5 |  Train_Loss: 0.036 | Train_Acc: 98.963
aggregating weights...
lambda: tensor([0.3635, 0.3350, 0.3015])
| Client id:0 | Test_Loss: 1.485 | Test_Acc: 68.859
| Global Round : 27/30 | Client id:0 | Local Epoch : 1/5 |  Train_Loss: 0.060 | Train_Acc: 98.109
| Global Round : 27/30 | Client id:0 | Local Epoch : 2/5 |  Train_Loss: 0.038 | Train_Acc: 99.028
| Global Round : 27/30 | Client id:0 | Local Epoch : 3/5 |  Train_Loss: 0.045 | Train_Acc: 98.727
| Global Round : 27/30 | Client id:0 | Local Epoch : 4/5 |  Train_Loss: 0.052 | Train_Acc: 98.553
| Global Round : 27/30 | Client id:0 | Local Epoch : 5/5 |  Train_Loss: 0.053 | Train_Acc: 98.397
| Client id:1 | Test_Loss: 1.430 | Test_Acc: 69.129
| Global Round : 27/30 | Client id:1 | Local Epoch : 1/5 |  Train_Loss: 0.165 | Train_Acc: 94.214
| Global Round : 27/30 | Client id:1 | Local Epoch : 2/5 |  Train_Loss: 0.133 | Train_Acc: 95.660
| Global Round : 27/30 | Client id:1 | Local Epoch : 3/5 |  Train_Loss: 0.102 | Train_Acc: 96.507
| Global Round : 27/30 | Client id:1 | Local Epoch : 4/5 |  Train_Loss: 0.073 | Train_Acc: 97.473
| Global Round : 27/30 | Client id:1 | Local Epoch : 5/5 |  Train_Loss: 0.052 | Train_Acc: 98.367
| Client id:2 | Test_Loss: 1.428 | Test_Acc: 69.401
| Global Round : 27/30 | Client id:2 | Local Epoch : 1/5 |  Train_Loss: 0.108 | Train_Acc: 96.559
| Global Round : 27/30 | Client id:2 | Local Epoch : 2/5 |  Train_Loss: 0.094 | Train_Acc: 96.936
| Global Round : 27/30 | Client id:2 | Local Epoch : 3/5 |  Train_Loss: 0.071 | Train_Acc: 97.608
| Global Round : 27/30 | Client id:2 | Local Epoch : 4/5 |  Train_Loss: 0.058 | Train_Acc: 98.153
| Global Round : 27/30 | Client id:2 | Local Epoch : 5/5 |  Train_Loss: 0.039 | Train_Acc: 98.849
aggregating weights...
lambda: tensor([0.3653, 0.3341, 0.3005])
| Client id:0 | Test_Loss: 1.422 | Test_Acc: 68.919
| Global Round : 28/30 | Client id:0 | Local Epoch : 1/5 |  Train_Loss: 0.099 | Train_Acc: 96.873
| Global Round : 28/30 | Client id:0 | Local Epoch : 2/5 |  Train_Loss: 0.135 | Train_Acc: 95.318
| Global Round : 28/30 | Client id:0 | Local Epoch : 3/5 |  Train_Loss: 0.099 | Train_Acc: 96.633
| Global Round : 28/30 | Client id:0 | Local Epoch : 4/5 |  Train_Loss: 0.047 | Train_Acc: 98.673
| Global Round : 28/30 | Client id:0 | Local Epoch : 5/5 |  Train_Loss: 0.039 | Train_Acc: 98.812
| Client id:1 | Test_Loss: 1.411 | Test_Acc: 69.309
| Global Round : 28/30 | Client id:1 | Local Epoch : 1/5 |  Train_Loss: 0.087 | Train_Acc: 97.257
| Global Round : 28/30 | Client id:1 | Local Epoch : 2/5 |  Train_Loss: 0.084 | Train_Acc: 97.509
| Global Round : 28/30 | Client id:1 | Local Epoch : 3/5 |  Train_Loss: 0.083 | Train_Acc: 97.329
| Global Round : 28/30 | Client id:1 | Local Epoch : 4/5 |  Train_Loss: 0.071 | Train_Acc: 97.719
| Global Round : 28/30 | Client id:1 | Local Epoch : 5/5 |  Train_Loss: 0.044 | Train_Acc: 98.745
| Client id:2 | Test_Loss: 1.332 | Test_Acc: 68.772
| Global Round : 28/30 | Client id:2 | Local Epoch : 1/5 |  Train_Loss: 0.119 | Train_Acc: 96.037
| Global Round : 28/30 | Client id:2 | Local Epoch : 2/5 |  Train_Loss: 0.110 | Train_Acc: 96.445
| Global Round : 28/30 | Client id:2 | Local Epoch : 3/5 |  Train_Loss: 0.097 | Train_Acc: 96.823
| Global Round : 28/30 | Client id:2 | Local Epoch : 4/5 |  Train_Loss: 0.066 | Train_Acc: 97.848
| Global Round : 28/30 | Client id:2 | Local Epoch : 5/5 |  Train_Loss: 0.042 | Train_Acc: 98.687
aggregating weights...
lambda: tensor([0.3670, 0.3353, 0.2977])
| Client id:0 | Test_Loss: 1.466 | Test_Acc: 68.529
| Global Round : 29/30 | Client id:0 | Local Epoch : 1/5 |  Train_Loss: 0.083 | Train_Acc: 97.431
| Global Round : 29/30 | Client id:0 | Local Epoch : 2/5 |  Train_Loss: 0.067 | Train_Acc: 97.833
| Global Round : 29/30 | Client id:0 | Local Epoch : 3/5 |  Train_Loss: 0.085 | Train_Acc: 97.143
| Global Round : 29/30 | Client id:0 | Local Epoch : 4/5 |  Train_Loss: 0.066 | Train_Acc: 97.755
| Global Round : 29/30 | Client id:0 | Local Epoch : 5/5 |  Train_Loss: 0.042 | Train_Acc: 98.776
| Client id:1 | Test_Loss: 1.428 | Test_Acc: 69.790
| Global Round : 29/30 | Client id:1 | Local Epoch : 1/5 |  Train_Loss: 0.107 | Train_Acc: 96.537
| Global Round : 29/30 | Client id:1 | Local Epoch : 2/5 |  Train_Loss: 0.080 | Train_Acc: 97.515
| Global Round : 29/30 | Client id:1 | Local Epoch : 3/5 |  Train_Loss: 0.056 | Train_Acc: 98.325
| Global Round : 29/30 | Client id:1 | Local Epoch : 4/5 |  Train_Loss: 0.033 | Train_Acc: 99.010
| Global Round : 29/30 | Client id:1 | Local Epoch : 5/5 |  Train_Loss: 0.011 | Train_Acc: 99.868
| Client id:2 | Test_Loss: 1.411 | Test_Acc: 69.401
| Global Round : 29/30 | Client id:2 | Local Epoch : 1/5 |  Train_Loss: 0.135 | Train_Acc: 95.330
| Global Round : 29/30 | Client id:2 | Local Epoch : 2/5 |  Train_Loss: 0.104 | Train_Acc: 96.523
| Global Round : 29/30 | Client id:2 | Local Epoch : 3/5 |  Train_Loss: 0.073 | Train_Acc: 97.722
| Global Round : 29/30 | Client id:2 | Local Epoch : 4/5 |  Train_Loss: 0.070 | Train_Acc: 97.836
| Global Round : 29/30 | Client id:2 | Local Epoch : 5/5 |  Train_Loss: 0.055 | Train_Acc: 98.297
aggregating weights...
lambda: tensor([0.3686, 0.3349, 0.2965])
| Client id:0 | Test_Loss: 1.445 | Test_Acc: 69.339
| Global Round : 30/30 | Client id:0 | Local Epoch : 1/5 |  Train_Loss: 0.054 | Train_Acc: 98.463
| Global Round : 30/30 | Client id:0 | Local Epoch : 2/5 |  Train_Loss: 0.025 | Train_Acc: 99.454
| Global Round : 30/30 | Client id:0 | Local Epoch : 3/5 |  Train_Loss: 0.007 | Train_Acc: 99.964
| Global Round : 30/30 | Client id:0 | Local Epoch : 4/5 |  Train_Loss: 0.002 | Train_Acc: 100.000
| Global Round : 30/30 | Client id:0 | Local Epoch : 5/5 |  Train_Loss: 0.002 | Train_Acc: 100.000
| Client id:1 | Test_Loss: 1.433 | Test_Acc: 70.330
| Global Round : 30/30 | Client id:1 | Local Epoch : 1/5 |  Train_Loss: 0.112 | Train_Acc: 96.321
| Global Round : 30/30 | Client id:1 | Local Epoch : 2/5 |  Train_Loss: 0.107 | Train_Acc: 96.261
| Global Round : 30/30 | Client id:1 | Local Epoch : 3/5 |  Train_Loss: 0.094 | Train_Acc: 96.891
| Global Round : 30/30 | Client id:1 | Local Epoch : 4/5 |  Train_Loss: 0.082 | Train_Acc: 97.305
| Global Round : 30/30 | Client id:1 | Local Epoch : 5/5 |  Train_Loss: 0.048 | Train_Acc: 98.343
| Client id:2 | Test_Loss: 1.388 | Test_Acc: 69.162
| Global Round : 30/30 | Client id:2 | Local Epoch : 1/5 |  Train_Loss: 0.099 | Train_Acc: 96.817
| Global Round : 30/30 | Client id:2 | Local Epoch : 2/5 |  Train_Loss: 0.077 | Train_Acc: 97.596
| Global Round : 30/30 | Client id:2 | Local Epoch : 3/5 |  Train_Loss: 0.071 | Train_Acc: 97.734
| Global Round : 30/30 | Client id:2 | Local Epoch : 4/5 |  Train_Loss: 0.059 | Train_Acc: 98.094
| Global Round : 30/30 | Client id:2 | Local Epoch : 5/5 |  Train_Loss: 0.038 | Train_Acc: 98.915
aggregating weights...
lambda: tensor([0.3697, 0.3355, 0.2948])
