GPU will be used for training

batch_size: 32
data_dist: from_csv
dataset: fmnist
drfa_gamma: 0.01
federated_type: fedavg
from_csv: niid1
global_epochs: 30
local_epochs: 5
lr: 0.01
model: cnn
n_clients: 3
on_cuda: 1
optimizer: sgd
seed: 1
seed_num: 0
Class distribution of id:0
train [6000, 6000, 6000, 2000, 0, 0, 0, 0, 0, 0]
test [1000, 1000, 1000, 333, 0, 0, 0, 0, 0, 0]
Class distribution of id:1
train [0, 0, 0, 2000, 3000, 3000, 3000, 3000, 3000, 3000]
test [0, 0, 0, 333, 500, 500, 500, 500, 500, 500]
Class distribution of id:2
train [0, 0, 0, 2000, 3000, 3000, 3000, 3000, 3000, 3000]
test [0, 0, 0, 334, 500, 500, 500, 500, 500, 500]
| Client id:0 | Test_Loss: 2.287 | Test_Acc: 25.863
| Global Round : 1/30 | Client id:0 | Local Epoch : 1/5 |  Train_Loss: 0.301 | Train_Acc: 90.355
| Global Round : 1/30 | Client id:0 | Local Epoch : 2/5 |  Train_Loss: 0.150 | Train_Acc: 94.950
| Global Round : 1/30 | Client id:0 | Local Epoch : 3/5 |  Train_Loss: 0.129 | Train_Acc: 95.630
| Global Round : 1/30 | Client id:0 | Local Epoch : 4/5 |  Train_Loss: 0.114 | Train_Acc: 96.120
| Global Round : 1/30 | Client id:0 | Local Epoch : 5/5 |  Train_Loss: 0.103 | Train_Acc: 96.580
| Client id:1 | Test_Loss: 2.310 | Test_Acc: 1.020
| Global Round : 1/30 | Client id:1 | Local Epoch : 1/5 |  Train_Loss: 0.531 | Train_Acc: 80.550
| Global Round : 1/30 | Client id:1 | Local Epoch : 2/5 |  Train_Loss: 0.258 | Train_Acc: 90.230
| Global Round : 1/30 | Client id:1 | Local Epoch : 3/5 |  Train_Loss: 0.216 | Train_Acc: 91.790
| Global Round : 1/30 | Client id:1 | Local Epoch : 4/5 |  Train_Loss: 0.193 | Train_Acc: 92.715
| Global Round : 1/30 | Client id:1 | Local Epoch : 5/5 |  Train_Loss: 0.172 | Train_Acc: 93.605
| Client id:2 | Test_Loss: 2.310 | Test_Acc: 0.690
| Global Round : 1/30 | Client id:2 | Local Epoch : 1/5 |  Train_Loss: 0.511 | Train_Acc: 80.825
| Global Round : 1/30 | Client id:2 | Local Epoch : 2/5 |  Train_Loss: 0.265 | Train_Acc: 90.070
| Global Round : 1/30 | Client id:2 | Local Epoch : 3/5 |  Train_Loss: 0.220 | Train_Acc: 91.670
| Global Round : 1/30 | Client id:2 | Local Epoch : 4/5 |  Train_Loss: 0.194 | Train_Acc: 92.775
| Global Round : 1/30 | Client id:2 | Local Epoch : 5/5 |  Train_Loss: 0.175 | Train_Acc: 93.320
aggregating weights...
| Client id:0 | Test_Loss: 3.299 | Test_Acc: 9.781
| Global Round : 2/30 | Client id:0 | Local Epoch : 1/5 |  Train_Loss: 0.165 | Train_Acc: 94.670
| Global Round : 2/30 | Client id:0 | Local Epoch : 2/5 |  Train_Loss: 0.108 | Train_Acc: 96.385
| Global Round : 2/30 | Client id:0 | Local Epoch : 3/5 |  Train_Loss: 0.096 | Train_Acc: 96.800
| Global Round : 2/30 | Client id:0 | Local Epoch : 4/5 |  Train_Loss: 0.084 | Train_Acc: 97.115
| Global Round : 2/30 | Client id:0 | Local Epoch : 5/5 |  Train_Loss: 0.079 | Train_Acc: 97.315
| Client id:1 | Test_Loss: 0.475 | Test_Acc: 86.679
| Global Round : 2/30 | Client id:1 | Local Epoch : 1/5 |  Train_Loss: 0.214 | Train_Acc: 92.050
| Global Round : 2/30 | Client id:1 | Local Epoch : 2/5 |  Train_Loss: 0.173 | Train_Acc: 93.560
| Global Round : 2/30 | Client id:1 | Local Epoch : 3/5 |  Train_Loss: 0.152 | Train_Acc: 94.230
| Global Round : 2/30 | Client id:1 | Local Epoch : 4/5 |  Train_Loss: 0.138 | Train_Acc: 94.820
| Global Round : 2/30 | Client id:1 | Local Epoch : 5/5 |  Train_Loss: 0.125 | Train_Acc: 95.225
| Client id:2 | Test_Loss: 0.463 | Test_Acc: 87.433
| Global Round : 2/30 | Client id:2 | Local Epoch : 1/5 |  Train_Loss: 0.217 | Train_Acc: 92.045
| Global Round : 2/30 | Client id:2 | Local Epoch : 2/5 |  Train_Loss: 0.176 | Train_Acc: 93.500
| Global Round : 2/30 | Client id:2 | Local Epoch : 3/5 |  Train_Loss: 0.157 | Train_Acc: 94.015
| Global Round : 2/30 | Client id:2 | Local Epoch : 4/5 |  Train_Loss: 0.140 | Train_Acc: 94.655
| Global Round : 2/30 | Client id:2 | Local Epoch : 5/5 |  Train_Loss: 0.128 | Train_Acc: 95.050
aggregating weights...
| Client id:0 | Test_Loss: 1.148 | Test_Acc: 44.434
| Global Round : 3/30 | Client id:0 | Local Epoch : 1/5 |  Train_Loss: 0.114 | Train_Acc: 96.175
| Global Round : 3/30 | Client id:0 | Local Epoch : 2/5 |  Train_Loss: 0.087 | Train_Acc: 96.980
| Global Round : 3/30 | Client id:0 | Local Epoch : 3/5 |  Train_Loss: 0.075 | Train_Acc: 97.445
| Global Round : 3/30 | Client id:0 | Local Epoch : 4/5 |  Train_Loss: 0.065 | Train_Acc: 97.625
| Global Round : 3/30 | Client id:0 | Local Epoch : 5/5 |  Train_Loss: 0.058 | Train_Acc: 97.905
| Client id:1 | Test_Loss: 0.326 | Test_Acc: 90.999
| Global Round : 3/30 | Client id:1 | Local Epoch : 1/5 |  Train_Loss: 0.157 | Train_Acc: 94.120
| Global Round : 3/30 | Client id:1 | Local Epoch : 2/5 |  Train_Loss: 0.133 | Train_Acc: 94.895
| Global Round : 3/30 | Client id:1 | Local Epoch : 3/5 |  Train_Loss: 0.114 | Train_Acc: 95.595
| Global Round : 3/30 | Client id:1 | Local Epoch : 4/5 |  Train_Loss: 0.106 | Train_Acc: 96.090
| Global Round : 3/30 | Client id:1 | Local Epoch : 5/5 |  Train_Loss: 0.097 | Train_Acc: 96.390
| Client id:2 | Test_Loss: 0.314 | Test_Acc: 91.572
| Global Round : 3/30 | Client id:2 | Local Epoch : 1/5 |  Train_Loss: 0.156 | Train_Acc: 94.210
| Global Round : 3/30 | Client id:2 | Local Epoch : 2/5 |  Train_Loss: 0.134 | Train_Acc: 94.795
| Global Round : 3/30 | Client id:2 | Local Epoch : 3/5 |  Train_Loss: 0.119 | Train_Acc: 95.575
| Global Round : 3/30 | Client id:2 | Local Epoch : 4/5 |  Train_Loss: 0.106 | Train_Acc: 96.020
| Global Round : 3/30 | Client id:2 | Local Epoch : 5/5 |  Train_Loss: 0.096 | Train_Acc: 96.425
aggregating weights...
| Client id:0 | Test_Loss: 1.519 | Test_Acc: 40.024
| Global Round : 4/30 | Client id:0 | Local Epoch : 1/5 |  Train_Loss: 0.097 | Train_Acc: 96.660
| Global Round : 4/30 | Client id:0 | Local Epoch : 2/5 |  Train_Loss: 0.068 | Train_Acc: 97.430
| Global Round : 4/30 | Client id:0 | Local Epoch : 3/5 |  Train_Loss: 0.058 | Train_Acc: 97.965
| Global Round : 4/30 | Client id:0 | Local Epoch : 4/5 |  Train_Loss: 0.049 | Train_Acc: 98.265
| Global Round : 4/30 | Client id:0 | Local Epoch : 5/5 |  Train_Loss: 0.043 | Train_Acc: 98.455
| Client id:1 | Test_Loss: 0.233 | Test_Acc: 92.499
| Global Round : 4/30 | Client id:1 | Local Epoch : 1/5 |  Train_Loss: 0.127 | Train_Acc: 95.305
| Global Round : 4/30 | Client id:1 | Local Epoch : 2/5 |  Train_Loss: 0.107 | Train_Acc: 96.030
| Global Round : 4/30 | Client id:1 | Local Epoch : 3/5 |  Train_Loss: 0.093 | Train_Acc: 96.515
| Global Round : 4/30 | Client id:1 | Local Epoch : 4/5 |  Train_Loss: 0.085 | Train_Acc: 96.870
| Global Round : 4/30 | Client id:1 | Local Epoch : 5/5 |  Train_Loss: 0.074 | Train_Acc: 97.255
| Client id:2 | Test_Loss: 0.218 | Test_Acc: 92.921
| Global Round : 4/30 | Client id:2 | Local Epoch : 1/5 |  Train_Loss: 0.129 | Train_Acc: 95.140
| Global Round : 4/30 | Client id:2 | Local Epoch : 2/5 |  Train_Loss: 0.108 | Train_Acc: 96.020
| Global Round : 4/30 | Client id:2 | Local Epoch : 3/5 |  Train_Loss: 0.096 | Train_Acc: 96.365
| Global Round : 4/30 | Client id:2 | Local Epoch : 4/5 |  Train_Loss: 0.082 | Train_Acc: 96.960
| Global Round : 4/30 | Client id:2 | Local Epoch : 5/5 |  Train_Loss: 0.072 | Train_Acc: 97.385
aggregating weights...
| Client id:0 | Test_Loss: 1.045 | Test_Acc: 59.076
| Global Round : 5/30 | Client id:0 | Local Epoch : 1/5 |  Train_Loss: 0.080 | Train_Acc: 97.110
| Global Round : 5/30 | Client id:0 | Local Epoch : 2/5 |  Train_Loss: 0.054 | Train_Acc: 98.105
| Global Round : 5/30 | Client id:0 | Local Epoch : 3/5 |  Train_Loss: 0.045 | Train_Acc: 98.430
| Global Round : 5/30 | Client id:0 | Local Epoch : 4/5 |  Train_Loss: 0.036 | Train_Acc: 98.715
| Global Round : 5/30 | Client id:0 | Local Epoch : 5/5 |  Train_Loss: 0.031 | Train_Acc: 98.995
| Client id:1 | Test_Loss: 0.231 | Test_Acc: 92.649
| Global Round : 5/30 | Client id:1 | Local Epoch : 1/5 |  Train_Loss: 0.112 | Train_Acc: 95.735
| Global Round : 5/30 | Client id:1 | Local Epoch : 2/5 |  Train_Loss: 0.085 | Train_Acc: 96.820
| Global Round : 5/30 | Client id:1 | Local Epoch : 3/5 |  Train_Loss: 0.078 | Train_Acc: 97.070
| Global Round : 5/30 | Client id:1 | Local Epoch : 4/5 |  Train_Loss: 0.062 | Train_Acc: 97.845
| Global Round : 5/30 | Client id:1 | Local Epoch : 5/5 |  Train_Loss: 0.062 | Train_Acc: 97.755
| Client id:2 | Test_Loss: 0.218 | Test_Acc: 92.681
| Global Round : 5/30 | Client id:2 | Local Epoch : 1/5 |  Train_Loss: 0.108 | Train_Acc: 95.955
| Global Round : 5/30 | Client id:2 | Local Epoch : 2/5 |  Train_Loss: 0.091 | Train_Acc: 96.665
| Global Round : 5/30 | Client id:2 | Local Epoch : 3/5 |  Train_Loss: 0.077 | Train_Acc: 97.220
| Global Round : 5/30 | Client id:2 | Local Epoch : 4/5 |  Train_Loss: 0.065 | Train_Acc: 97.635
| Global Round : 5/30 | Client id:2 | Local Epoch : 5/5 |  Train_Loss: 0.061 | Train_Acc: 97.745
aggregating weights...
| Client id:0 | Test_Loss: 1.306 | Test_Acc: 51.665
| Global Round : 6/30 | Client id:0 | Local Epoch : 1/5 |  Train_Loss: 0.069 | Train_Acc: 97.445
| Global Round : 6/30 | Client id:0 | Local Epoch : 2/5 |  Train_Loss: 0.045 | Train_Acc: 98.445
| Global Round : 6/30 | Client id:0 | Local Epoch : 3/5 |  Train_Loss: 0.035 | Train_Acc: 98.845
| Global Round : 6/30 | Client id:0 | Local Epoch : 4/5 |  Train_Loss: 0.029 | Train_Acc: 99.025
| Global Round : 6/30 | Client id:0 | Local Epoch : 5/5 |  Train_Loss: 0.022 | Train_Acc: 99.285
| Client id:1 | Test_Loss: 0.233 | Test_Acc: 92.889
| Global Round : 6/30 | Client id:1 | Local Epoch : 1/5 |  Train_Loss: 0.096 | Train_Acc: 96.535
| Global Round : 6/30 | Client id:1 | Local Epoch : 2/5 |  Train_Loss: 0.073 | Train_Acc: 97.375
| Global Round : 6/30 | Client id:1 | Local Epoch : 3/5 |  Train_Loss: 0.063 | Train_Acc: 97.645
| Global Round : 6/30 | Client id:1 | Local Epoch : 4/5 |  Train_Loss: 0.055 | Train_Acc: 97.915
| Global Round : 6/30 | Client id:1 | Local Epoch : 5/5 |  Train_Loss: 0.045 | Train_Acc: 98.415
| Client id:2 | Test_Loss: 0.225 | Test_Acc: 92.801
| Global Round : 6/30 | Client id:2 | Local Epoch : 1/5 |  Train_Loss: 0.095 | Train_Acc: 96.465
| Global Round : 6/30 | Client id:2 | Local Epoch : 2/5 |  Train_Loss: 0.074 | Train_Acc: 97.270
| Global Round : 6/30 | Client id:2 | Local Epoch : 3/5 |  Train_Loss: 0.065 | Train_Acc: 97.645
| Global Round : 6/30 | Client id:2 | Local Epoch : 4/5 |  Train_Loss: 0.052 | Train_Acc: 98.065
| Global Round : 6/30 | Client id:2 | Local Epoch : 5/5 |  Train_Loss: 0.050 | Train_Acc: 98.225
aggregating weights...
| Client id:0 | Test_Loss: 0.892 | Test_Acc: 68.707
| Global Round : 7/30 | Client id:0 | Local Epoch : 1/5 |  Train_Loss: 0.063 | Train_Acc: 97.710
| Global Round : 7/30 | Client id:0 | Local Epoch : 2/5 |  Train_Loss: 0.037 | Train_Acc: 98.735
| Global Round : 7/30 | Client id:0 | Local Epoch : 3/5 |  Train_Loss: 0.026 | Train_Acc: 99.050
| Global Round : 7/30 | Client id:0 | Local Epoch : 4/5 |  Train_Loss: 0.023 | Train_Acc: 99.235
| Global Round : 7/30 | Client id:0 | Local Epoch : 5/5 |  Train_Loss: 0.021 | Train_Acc: 99.215
| Client id:1 | Test_Loss: 0.248 | Test_Acc: 92.259
| Global Round : 7/30 | Client id:1 | Local Epoch : 1/5 |  Train_Loss: 0.082 | Train_Acc: 96.855
| Global Round : 7/30 | Client id:1 | Local Epoch : 2/5 |  Train_Loss: 0.065 | Train_Acc: 97.565
| Global Round : 7/30 | Client id:1 | Local Epoch : 3/5 |  Train_Loss: 0.050 | Train_Acc: 98.180
| Global Round : 7/30 | Client id:1 | Local Epoch : 4/5 |  Train_Loss: 0.047 | Train_Acc: 98.235
| Global Round : 7/30 | Client id:1 | Local Epoch : 5/5 |  Train_Loss: 0.040 | Train_Acc: 98.535
| Client id:2 | Test_Loss: 0.240 | Test_Acc: 91.662
| Global Round : 7/30 | Client id:2 | Local Epoch : 1/5 |  Train_Loss: 0.084 | Train_Acc: 96.870
| Global Round : 7/30 | Client id:2 | Local Epoch : 2/5 |  Train_Loss: 0.066 | Train_Acc: 97.515
| Global Round : 7/30 | Client id:2 | Local Epoch : 3/5 |  Train_Loss: 0.054 | Train_Acc: 97.960
| Global Round : 7/30 | Client id:2 | Local Epoch : 4/5 |  Train_Loss: 0.044 | Train_Acc: 98.340
| Global Round : 7/30 | Client id:2 | Local Epoch : 5/5 |  Train_Loss: 0.040 | Train_Acc: 98.580
aggregating weights...
| Client id:0 | Test_Loss: 1.131 | Test_Acc: 58.176
| Global Round : 8/30 | Client id:0 | Local Epoch : 1/5 |  Train_Loss: 0.053 | Train_Acc: 98.050
| Global Round : 8/30 | Client id:0 | Local Epoch : 2/5 |  Train_Loss: 0.031 | Train_Acc: 98.925
| Global Round : 8/30 | Client id:0 | Local Epoch : 3/5 |  Train_Loss: 0.022 | Train_Acc: 99.265
| Global Round : 8/30 | Client id:0 | Local Epoch : 4/5 |  Train_Loss: 0.019 | Train_Acc: 99.405
| Global Round : 8/30 | Client id:0 | Local Epoch : 5/5 |  Train_Loss: 0.015 | Train_Acc: 99.500
| Client id:1 | Test_Loss: 0.209 | Test_Acc: 93.369
| Global Round : 8/30 | Client id:1 | Local Epoch : 1/5 |  Train_Loss: 0.071 | Train_Acc: 97.415
| Global Round : 8/30 | Client id:1 | Local Epoch : 2/5 |  Train_Loss: 0.055 | Train_Acc: 97.970
| Global Round : 8/30 | Client id:1 | Local Epoch : 3/5 |  Train_Loss: 0.046 | Train_Acc: 98.325
| Global Round : 8/30 | Client id:1 | Local Epoch : 4/5 |  Train_Loss: 0.040 | Train_Acc: 98.490
| Global Round : 8/30 | Client id:1 | Local Epoch : 5/5 |  Train_Loss: 0.032 | Train_Acc: 98.885
| Client id:2 | Test_Loss: 0.210 | Test_Acc: 93.551
| Global Round : 8/30 | Client id:2 | Local Epoch : 1/5 |  Train_Loss: 0.076 | Train_Acc: 97.065
| Global Round : 8/30 | Client id:2 | Local Epoch : 2/5 |  Train_Loss: 0.056 | Train_Acc: 97.925
| Global Round : 8/30 | Client id:2 | Local Epoch : 3/5 |  Train_Loss: 0.046 | Train_Acc: 98.375
| Global Round : 8/30 | Client id:2 | Local Epoch : 4/5 |  Train_Loss: 0.037 | Train_Acc: 98.725
| Global Round : 8/30 | Client id:2 | Local Epoch : 5/5 |  Train_Loss: 0.032 | Train_Acc: 98.895
aggregating weights...
| Client id:0 | Test_Loss: 0.942 | Test_Acc: 67.357
| Global Round : 9/30 | Client id:0 | Local Epoch : 1/5 |  Train_Loss: 0.048 | Train_Acc: 98.205
| Global Round : 9/30 | Client id:0 | Local Epoch : 2/5 |  Train_Loss: 0.025 | Train_Acc: 99.165
| Global Round : 9/30 | Client id:0 | Local Epoch : 3/5 |  Train_Loss: 0.020 | Train_Acc: 99.380
| Global Round : 9/30 | Client id:0 | Local Epoch : 4/5 |  Train_Loss: 0.016 | Train_Acc: 99.480
| Global Round : 9/30 | Client id:0 | Local Epoch : 5/5 |  Train_Loss: 0.013 | Train_Acc: 99.585
| Client id:1 | Test_Loss: 0.250 | Test_Acc: 92.199
| Global Round : 9/30 | Client id:1 | Local Epoch : 1/5 |  Train_Loss: 0.066 | Train_Acc: 97.385
| Global Round : 9/30 | Client id:1 | Local Epoch : 2/5 |  Train_Loss: 0.052 | Train_Acc: 98.085
| Global Round : 9/30 | Client id:1 | Local Epoch : 3/5 |  Train_Loss: 0.040 | Train_Acc: 98.580
| Global Round : 9/30 | Client id:1 | Local Epoch : 4/5 |  Train_Loss: 0.031 | Train_Acc: 98.915
| Global Round : 9/30 | Client id:1 | Local Epoch : 5/5 |  Train_Loss: 0.030 | Train_Acc: 98.905
| Client id:2 | Test_Loss: 0.247 | Test_Acc: 91.692
| Global Round : 9/30 | Client id:2 | Local Epoch : 1/5 |  Train_Loss: 0.065 | Train_Acc: 97.600
| Global Round : 9/30 | Client id:2 | Local Epoch : 2/5 |  Train_Loss: 0.050 | Train_Acc: 98.085
| Global Round : 9/30 | Client id:2 | Local Epoch : 3/5 |  Train_Loss: 0.044 | Train_Acc: 98.405
| Global Round : 9/30 | Client id:2 | Local Epoch : 4/5 |  Train_Loss: 0.038 | Train_Acc: 98.810
| Global Round : 9/30 | Client id:2 | Local Epoch : 5/5 |  Train_Loss: 0.029 | Train_Acc: 99.025
aggregating weights...
| Client id:0 | Test_Loss: 1.221 | Test_Acc: 59.496
| Global Round : 10/30 | Client id:0 | Local Epoch : 1/5 |  Train_Loss: 0.048 | Train_Acc: 98.305
| Global Round : 10/30 | Client id:0 | Local Epoch : 2/5 |  Train_Loss: 0.023 | Train_Acc: 99.210
| Global Round : 10/30 | Client id:0 | Local Epoch : 3/5 |  Train_Loss: 0.017 | Train_Acc: 99.445
| Global Round : 10/30 | Client id:0 | Local Epoch : 4/5 |  Train_Loss: 0.012 | Train_Acc: 99.645
| Global Round : 10/30 | Client id:0 | Local Epoch : 5/5 |  Train_Loss: 0.011 | Train_Acc: 99.715
| Client id:1 | Test_Loss: 0.216 | Test_Acc: 93.789
| Global Round : 10/30 | Client id:1 | Local Epoch : 1/5 |  Train_Loss: 0.060 | Train_Acc: 97.705
| Global Round : 10/30 | Client id:1 | Local Epoch : 2/5 |  Train_Loss: 0.042 | Train_Acc: 98.445
| Global Round : 10/30 | Client id:1 | Local Epoch : 3/5 |  Train_Loss: 0.038 | Train_Acc: 98.660
| Global Round : 10/30 | Client id:1 | Local Epoch : 4/5 |  Train_Loss: 0.026 | Train_Acc: 99.095
| Global Round : 10/30 | Client id:1 | Local Epoch : 5/5 |  Train_Loss: 0.023 | Train_Acc: 99.165
| Client id:2 | Test_Loss: 0.209 | Test_Acc: 94.121
| Global Round : 10/30 | Client id:2 | Local Epoch : 1/5 |  Train_Loss: 0.060 | Train_Acc: 97.740
| Global Round : 10/30 | Client id:2 | Local Epoch : 2/5 |  Train_Loss: 0.049 | Train_Acc: 98.235
| Global Round : 10/30 | Client id:2 | Local Epoch : 3/5 |  Train_Loss: 0.032 | Train_Acc: 98.895
| Global Round : 10/30 | Client id:2 | Local Epoch : 4/5 |  Train_Loss: 0.030 | Train_Acc: 98.945
| Global Round : 10/30 | Client id:2 | Local Epoch : 5/5 |  Train_Loss: 0.022 | Train_Acc: 99.300
aggregating weights...
| Client id:0 | Test_Loss: 0.989 | Test_Acc: 65.587
| Global Round : 11/30 | Client id:0 | Local Epoch : 1/5 |  Train_Loss: 0.044 | Train_Acc: 98.535
| Global Round : 11/30 | Client id:0 | Local Epoch : 2/5 |  Train_Loss: 0.024 | Train_Acc: 99.135
| Global Round : 11/30 | Client id:0 | Local Epoch : 3/5 |  Train_Loss: 0.016 | Train_Acc: 99.415
| Global Round : 11/30 | Client id:0 | Local Epoch : 4/5 |  Train_Loss: 0.012 | Train_Acc: 99.625
| Global Round : 11/30 | Client id:0 | Local Epoch : 5/5 |  Train_Loss: 0.010 | Train_Acc: 99.725
| Client id:1 | Test_Loss: 0.258 | Test_Acc: 92.379
| Global Round : 11/30 | Client id:1 | Local Epoch : 1/5 |  Train_Loss: 0.061 | Train_Acc: 97.720
| Global Round : 11/30 | Client id:1 | Local Epoch : 2/5 |  Train_Loss: 0.039 | Train_Acc: 98.550
| Global Round : 11/30 | Client id:1 | Local Epoch : 3/5 |  Train_Loss: 0.034 | Train_Acc: 98.840
| Global Round : 11/30 | Client id:1 | Local Epoch : 4/5 |  Train_Loss: 0.027 | Train_Acc: 99.100
| Global Round : 11/30 | Client id:1 | Local Epoch : 5/5 |  Train_Loss: 0.020 | Train_Acc: 99.345
| Client id:2 | Test_Loss: 0.250 | Test_Acc: 92.232
| Global Round : 11/30 | Client id:2 | Local Epoch : 1/5 |  Train_Loss: 0.060 | Train_Acc: 97.745
| Global Round : 11/30 | Client id:2 | Local Epoch : 2/5 |  Train_Loss: 0.041 | Train_Acc: 98.645
| Global Round : 11/30 | Client id:2 | Local Epoch : 3/5 |  Train_Loss: 0.034 | Train_Acc: 98.735
| Global Round : 11/30 | Client id:2 | Local Epoch : 4/5 |  Train_Loss: 0.025 | Train_Acc: 99.145
| Global Round : 11/30 | Client id:2 | Local Epoch : 5/5 |  Train_Loss: 0.020 | Train_Acc: 99.325
aggregating weights...
| Client id:0 | Test_Loss: 1.058 | Test_Acc: 64.116
| Global Round : 12/30 | Client id:0 | Local Epoch : 1/5 |  Train_Loss: 0.040 | Train_Acc: 98.600
| Global Round : 12/30 | Client id:0 | Local Epoch : 2/5 |  Train_Loss: 0.019 | Train_Acc: 99.415
| Global Round : 12/30 | Client id:0 | Local Epoch : 3/5 |  Train_Loss: 0.012 | Train_Acc: 99.670
| Global Round : 12/30 | Client id:0 | Local Epoch : 4/5 |  Train_Loss: 0.012 | Train_Acc: 99.665
| Global Round : 12/30 | Client id:0 | Local Epoch : 5/5 |  Train_Loss: 0.009 | Train_Acc: 99.715
| Client id:1 | Test_Loss: 0.259 | Test_Acc: 93.159
| Global Round : 12/30 | Client id:1 | Local Epoch : 1/5 |  Train_Loss: 0.057 | Train_Acc: 97.890
| Global Round : 12/30 | Client id:1 | Local Epoch : 2/5 |  Train_Loss: 0.040 | Train_Acc: 98.585
| Global Round : 12/30 | Client id:1 | Local Epoch : 3/5 |  Train_Loss: 0.036 | Train_Acc: 98.740
| Global Round : 12/30 | Client id:1 | Local Epoch : 4/5 |  Train_Loss: 0.025 | Train_Acc: 99.095
| Global Round : 12/30 | Client id:1 | Local Epoch : 5/5 |  Train_Loss: 0.020 | Train_Acc: 99.325
| Client id:2 | Test_Loss: 0.242 | Test_Acc: 92.831
| Global Round : 12/30 | Client id:2 | Local Epoch : 1/5 |  Train_Loss: 0.054 | Train_Acc: 97.990
| Global Round : 12/30 | Client id:2 | Local Epoch : 2/5 |  Train_Loss: 0.035 | Train_Acc: 98.745
| Global Round : 12/30 | Client id:2 | Local Epoch : 3/5 |  Train_Loss: 0.035 | Train_Acc: 98.765
| Global Round : 12/30 | Client id:2 | Local Epoch : 4/5 |  Train_Loss: 0.024 | Train_Acc: 99.175
| Global Round : 12/30 | Client id:2 | Local Epoch : 5/5 |  Train_Loss: 0.023 | Train_Acc: 99.255
aggregating weights...
| Client id:0 | Test_Loss: 1.028 | Test_Acc: 63.216
| Global Round : 13/30 | Client id:0 | Local Epoch : 1/5 |  Train_Loss: 0.041 | Train_Acc: 98.560
| Global Round : 13/30 | Client id:0 | Local Epoch : 2/5 |  Train_Loss: 0.024 | Train_Acc: 99.200
| Global Round : 13/30 | Client id:0 | Local Epoch : 3/5 |  Train_Loss: 0.012 | Train_Acc: 99.605
| Global Round : 13/30 | Client id:0 | Local Epoch : 4/5 |  Train_Loss: 0.008 | Train_Acc: 99.790
| Global Round : 13/30 | Client id:0 | Local Epoch : 5/5 |  Train_Loss: 0.005 | Train_Acc: 99.920
| Client id:1 | Test_Loss: 0.257 | Test_Acc: 93.009
| Global Round : 13/30 | Client id:1 | Local Epoch : 1/5 |  Train_Loss: 0.053 | Train_Acc: 98.065
| Global Round : 13/30 | Client id:1 | Local Epoch : 2/5 |  Train_Loss: 0.038 | Train_Acc: 98.665
| Global Round : 13/30 | Client id:1 | Local Epoch : 3/5 |  Train_Loss: 0.029 | Train_Acc: 99.005
| Global Round : 13/30 | Client id:1 | Local Epoch : 4/5 |  Train_Loss: 0.021 | Train_Acc: 99.275
| Global Round : 13/30 | Client id:1 | Local Epoch : 5/5 |  Train_Loss: 0.018 | Train_Acc: 99.430
| Client id:2 | Test_Loss: 0.242 | Test_Acc: 92.591
| Global Round : 13/30 | Client id:2 | Local Epoch : 1/5 |  Train_Loss: 0.046 | Train_Acc: 98.400
| Global Round : 13/30 | Client id:2 | Local Epoch : 2/5 |  Train_Loss: 0.036 | Train_Acc: 98.675
| Global Round : 13/30 | Client id:2 | Local Epoch : 3/5 |  Train_Loss: 0.031 | Train_Acc: 98.915
| Global Round : 13/30 | Client id:2 | Local Epoch : 4/5 |  Train_Loss: 0.022 | Train_Acc: 99.330
| Global Round : 13/30 | Client id:2 | Local Epoch : 5/5 |  Train_Loss: 0.019 | Train_Acc: 99.415
aggregating weights...
| Client id:0 | Test_Loss: 0.712 | Test_Acc: 76.058
| Global Round : 14/30 | Client id:0 | Local Epoch : 1/5 |  Train_Loss: 0.038 | Train_Acc: 98.695
| Global Round : 14/30 | Client id:0 | Local Epoch : 2/5 |  Train_Loss: 0.020 | Train_Acc: 99.335
| Global Round : 14/30 | Client id:0 | Local Epoch : 3/5 |  Train_Loss: 0.011 | Train_Acc: 99.625
| Global Round : 14/30 | Client id:0 | Local Epoch : 4/5 |  Train_Loss: 0.011 | Train_Acc: 99.660
| Global Round : 14/30 | Client id:0 | Local Epoch : 5/5 |  Train_Loss: 0.007 | Train_Acc: 99.820
| Client id:1 | Test_Loss: 0.313 | Test_Acc: 91.059
| Global Round : 14/30 | Client id:1 | Local Epoch : 1/5 |  Train_Loss: 0.049 | Train_Acc: 98.285
| Global Round : 14/30 | Client id:1 | Local Epoch : 2/5 |  Train_Loss: 0.037 | Train_Acc: 98.640
| Global Round : 14/30 | Client id:1 | Local Epoch : 3/5 |  Train_Loss: 0.026 | Train_Acc: 99.180
| Global Round : 14/30 | Client id:1 | Local Epoch : 4/5 |  Train_Loss: 0.024 | Train_Acc: 99.195
| Global Round : 14/30 | Client id:1 | Local Epoch : 5/5 |  Train_Loss: 0.019 | Train_Acc: 99.350
| Client id:2 | Test_Loss: 0.306 | Test_Acc: 90.492
| Global Round : 14/30 | Client id:2 | Local Epoch : 1/5 |  Train_Loss: 0.053 | Train_Acc: 98.095
| Global Round : 14/30 | Client id:2 | Local Epoch : 2/5 |  Train_Loss: 0.035 | Train_Acc: 98.800
| Global Round : 14/30 | Client id:2 | Local Epoch : 3/5 |  Train_Loss: 0.025 | Train_Acc: 99.140
| Global Round : 14/30 | Client id:2 | Local Epoch : 4/5 |  Train_Loss: 0.017 | Train_Acc: 99.530
| Global Round : 14/30 | Client id:2 | Local Epoch : 5/5 |  Train_Loss: 0.018 | Train_Acc: 99.435
aggregating weights...
| Client id:0 | Test_Loss: 1.200 | Test_Acc: 57.456
| Global Round : 15/30 | Client id:0 | Local Epoch : 1/5 |  Train_Loss: 0.040 | Train_Acc: 98.615
| Global Round : 15/30 | Client id:0 | Local Epoch : 2/5 |  Train_Loss: 0.019 | Train_Acc: 99.385
| Global Round : 15/30 | Client id:0 | Local Epoch : 3/5 |  Train_Loss: 0.012 | Train_Acc: 99.650
| Global Round : 15/30 | Client id:0 | Local Epoch : 4/5 |  Train_Loss: 0.010 | Train_Acc: 99.710
| Global Round : 15/30 | Client id:0 | Local Epoch : 5/5 |  Train_Loss: 0.004 | Train_Acc: 99.925
| Client id:1 | Test_Loss: 0.232 | Test_Acc: 93.699
| Global Round : 15/30 | Client id:1 | Local Epoch : 1/5 |  Train_Loss: 0.049 | Train_Acc: 98.175
| Global Round : 15/30 | Client id:1 | Local Epoch : 2/5 |  Train_Loss: 0.033 | Train_Acc: 98.810
| Global Round : 15/30 | Client id:1 | Local Epoch : 3/5 |  Train_Loss: 0.027 | Train_Acc: 99.125
| Global Round : 15/30 | Client id:1 | Local Epoch : 4/5 |  Train_Loss: 0.021 | Train_Acc: 99.340
| Global Round : 15/30 | Client id:1 | Local Epoch : 5/5 |  Train_Loss: 0.014 | Train_Acc: 99.550
| Client id:2 | Test_Loss: 0.230 | Test_Acc: 93.671
| Global Round : 15/30 | Client id:2 | Local Epoch : 1/5 |  Train_Loss: 0.042 | Train_Acc: 98.485
| Global Round : 15/30 | Client id:2 | Local Epoch : 2/5 |  Train_Loss: 0.038 | Train_Acc: 98.615
| Global Round : 15/30 | Client id:2 | Local Epoch : 3/5 |  Train_Loss: 0.026 | Train_Acc: 99.160
| Global Round : 15/30 | Client id:2 | Local Epoch : 4/5 |  Train_Loss: 0.022 | Train_Acc: 99.255
| Global Round : 15/30 | Client id:2 | Local Epoch : 5/5 |  Train_Loss: 0.018 | Train_Acc: 99.410
aggregating weights...
| Client id:0 | Test_Loss: 0.740 | Test_Acc: 73.327
| Global Round : 16/30 | Client id:0 | Local Epoch : 1/5 |  Train_Loss: 0.038 | Train_Acc: 98.655
| Global Round : 16/30 | Client id:0 | Local Epoch : 2/5 |  Train_Loss: 0.018 | Train_Acc: 99.360
| Global Round : 16/30 | Client id:0 | Local Epoch : 3/5 |  Train_Loss: 0.010 | Train_Acc: 99.710
| Global Round : 16/30 | Client id:0 | Local Epoch : 4/5 |  Train_Loss: 0.007 | Train_Acc: 99.800
| Global Round : 16/30 | Client id:0 | Local Epoch : 5/5 |  Train_Loss: 0.007 | Train_Acc: 99.840
| Client id:1 | Test_Loss: 0.288 | Test_Acc: 91.719
| Global Round : 16/30 | Client id:1 | Local Epoch : 1/5 |  Train_Loss: 0.042 | Train_Acc: 98.480
| Global Round : 16/30 | Client id:1 | Local Epoch : 2/5 |  Train_Loss: 0.031 | Train_Acc: 98.970
| Global Round : 16/30 | Client id:1 | Local Epoch : 3/5 |  Train_Loss: 0.024 | Train_Acc: 99.155
| Global Round : 16/30 | Client id:1 | Local Epoch : 4/5 |  Train_Loss: 0.020 | Train_Acc: 99.320
| Global Round : 16/30 | Client id:1 | Local Epoch : 5/5 |  Train_Loss: 0.014 | Train_Acc: 99.580
| Client id:2 | Test_Loss: 0.276 | Test_Acc: 91.392
| Global Round : 16/30 | Client id:2 | Local Epoch : 1/5 |  Train_Loss: 0.043 | Train_Acc: 98.545
| Global Round : 16/30 | Client id:2 | Local Epoch : 2/5 |  Train_Loss: 0.029 | Train_Acc: 99.035
| Global Round : 16/30 | Client id:2 | Local Epoch : 3/5 |  Train_Loss: 0.029 | Train_Acc: 98.970
| Global Round : 16/30 | Client id:2 | Local Epoch : 4/5 |  Train_Loss: 0.018 | Train_Acc: 99.450
| Global Round : 16/30 | Client id:2 | Local Epoch : 5/5 |  Train_Loss: 0.015 | Train_Acc: 99.515
aggregating weights...
| Client id:0 | Test_Loss: 1.098 | Test_Acc: 61.626
| Global Round : 17/30 | Client id:0 | Local Epoch : 1/5 |  Train_Loss: 0.035 | Train_Acc: 98.835
| Global Round : 17/30 | Client id:0 | Local Epoch : 2/5 |  Train_Loss: 0.019 | Train_Acc: 99.270
| Global Round : 17/30 | Client id:0 | Local Epoch : 3/5 |  Train_Loss: 0.012 | Train_Acc: 99.615
| Global Round : 17/30 | Client id:0 | Local Epoch : 4/5 |  Train_Loss: 0.007 | Train_Acc: 99.850
| Global Round : 17/30 | Client id:0 | Local Epoch : 5/5 |  Train_Loss: 0.004 | Train_Acc: 99.950
| Client id:1 | Test_Loss: 0.248 | Test_Acc: 92.859
| Global Round : 17/30 | Client id:1 | Local Epoch : 1/5 |  Train_Loss: 0.046 | Train_Acc: 98.375
| Global Round : 17/30 | Client id:1 | Local Epoch : 2/5 |  Train_Loss: 0.031 | Train_Acc: 99.050
| Global Round : 17/30 | Client id:1 | Local Epoch : 3/5 |  Train_Loss: 0.020 | Train_Acc: 99.345
| Global Round : 17/30 | Client id:1 | Local Epoch : 4/5 |  Train_Loss: 0.016 | Train_Acc: 99.460
| Global Round : 17/30 | Client id:1 | Local Epoch : 5/5 |  Train_Loss: 0.015 | Train_Acc: 99.585
| Client id:2 | Test_Loss: 0.234 | Test_Acc: 93.311
| Global Round : 17/30 | Client id:2 | Local Epoch : 1/5 |  Train_Loss: 0.040 | Train_Acc: 98.645
| Global Round : 17/30 | Client id:2 | Local Epoch : 2/5 |  Train_Loss: 0.036 | Train_Acc: 98.770
| Global Round : 17/30 | Client id:2 | Local Epoch : 3/5 |  Train_Loss: 0.022 | Train_Acc: 99.320
| Global Round : 17/30 | Client id:2 | Local Epoch : 4/5 |  Train_Loss: 0.019 | Train_Acc: 99.405
| Global Round : 17/30 | Client id:2 | Local Epoch : 5/5 |  Train_Loss: 0.014 | Train_Acc: 99.600
aggregating weights...
| Client id:0 | Test_Loss: 0.933 | Test_Acc: 66.547
| Global Round : 18/30 | Client id:0 | Local Epoch : 1/5 |  Train_Loss: 0.033 | Train_Acc: 98.800
| Global Round : 18/30 | Client id:0 | Local Epoch : 2/5 |  Train_Loss: 0.017 | Train_Acc: 99.490
| Global Round : 18/30 | Client id:0 | Local Epoch : 3/5 |  Train_Loss: 0.011 | Train_Acc: 99.680
| Global Round : 18/30 | Client id:0 | Local Epoch : 4/5 |  Train_Loss: 0.007 | Train_Acc: 99.840
| Global Round : 18/30 | Client id:0 | Local Epoch : 5/5 |  Train_Loss: 0.004 | Train_Acc: 99.905
| Client id:1 | Test_Loss: 0.268 | Test_Acc: 92.409
| Global Round : 18/30 | Client id:1 | Local Epoch : 1/5 |  Train_Loss: 0.053 | Train_Acc: 98.070
| Global Round : 18/30 | Client id:1 | Local Epoch : 2/5 |  Train_Loss: 0.032 | Train_Acc: 98.850
| Global Round : 18/30 | Client id:1 | Local Epoch : 3/5 |  Train_Loss: 0.020 | Train_Acc: 99.425
| Global Round : 18/30 | Client id:1 | Local Epoch : 4/5 |  Train_Loss: 0.018 | Train_Acc: 99.480
| Global Round : 18/30 | Client id:1 | Local Epoch : 5/5 |  Train_Loss: 0.012 | Train_Acc: 99.705
| Client id:2 | Test_Loss: 0.266 | Test_Acc: 92.352
| Global Round : 18/30 | Client id:2 | Local Epoch : 1/5 |  Train_Loss: 0.038 | Train_Acc: 98.685
| Global Round : 18/30 | Client id:2 | Local Epoch : 2/5 |  Train_Loss: 0.027 | Train_Acc: 99.140
| Global Round : 18/30 | Client id:2 | Local Epoch : 3/5 |  Train_Loss: 0.027 | Train_Acc: 99.110
| Global Round : 18/30 | Client id:2 | Local Epoch : 4/5 |  Train_Loss: 0.021 | Train_Acc: 99.315
| Global Round : 18/30 | Client id:2 | Local Epoch : 5/5 |  Train_Loss: 0.015 | Train_Acc: 99.590
aggregating weights...
| Client id:0 | Test_Loss: 1.026 | Test_Acc: 63.936
| Global Round : 19/30 | Client id:0 | Local Epoch : 1/5 |  Train_Loss: 0.035 | Train_Acc: 98.790
| Global Round : 19/30 | Client id:0 | Local Epoch : 2/5 |  Train_Loss: 0.015 | Train_Acc: 99.570
| Global Round : 19/30 | Client id:0 | Local Epoch : 3/5 |  Train_Loss: 0.009 | Train_Acc: 99.740
| Global Round : 19/30 | Client id:0 | Local Epoch : 4/5 |  Train_Loss: 0.005 | Train_Acc: 99.865
| Global Round : 19/30 | Client id:0 | Local Epoch : 5/5 |  Train_Loss: 0.006 | Train_Acc: 99.870
| Client id:1 | Test_Loss: 0.258 | Test_Acc: 92.379
| Global Round : 19/30 | Client id:1 | Local Epoch : 1/5 |  Train_Loss: 0.041 | Train_Acc: 98.535
| Global Round : 19/30 | Client id:1 | Local Epoch : 2/5 |  Train_Loss: 0.027 | Train_Acc: 99.110
| Global Round : 19/30 | Client id:1 | Local Epoch : 3/5 |  Train_Loss: 0.020 | Train_Acc: 99.320
| Global Round : 19/30 | Client id:1 | Local Epoch : 4/5 |  Train_Loss: 0.017 | Train_Acc: 99.445
| Global Round : 19/30 | Client id:1 | Local Epoch : 5/5 |  Train_Loss: 0.010 | Train_Acc: 99.720
| Client id:2 | Test_Loss: 0.243 | Test_Acc: 92.981
| Global Round : 19/30 | Client id:2 | Local Epoch : 1/5 |  Train_Loss: 0.039 | Train_Acc: 98.620
| Global Round : 19/30 | Client id:2 | Local Epoch : 2/5 |  Train_Loss: 0.027 | Train_Acc: 99.120
| Global Round : 19/30 | Client id:2 | Local Epoch : 3/5 |  Train_Loss: 0.018 | Train_Acc: 99.435
| Global Round : 19/30 | Client id:2 | Local Epoch : 4/5 |  Train_Loss: 0.016 | Train_Acc: 99.495
| Global Round : 19/30 | Client id:2 | Local Epoch : 5/5 |  Train_Loss: 0.012 | Train_Acc: 99.685
aggregating weights...
| Client id:0 | Test_Loss: 0.867 | Test_Acc: 69.757
| Global Round : 20/30 | Client id:0 | Local Epoch : 1/5 |  Train_Loss: 0.034 | Train_Acc: 98.830
| Global Round : 20/30 | Client id:0 | Local Epoch : 2/5 |  Train_Loss: 0.015 | Train_Acc: 99.520
| Global Round : 20/30 | Client id:0 | Local Epoch : 3/5 |  Train_Loss: 0.014 | Train_Acc: 99.490
| Global Round : 20/30 | Client id:0 | Local Epoch : 4/5 |  Train_Loss: 0.009 | Train_Acc: 99.745
| Global Round : 20/30 | Client id:0 | Local Epoch : 5/5 |  Train_Loss: 0.006 | Train_Acc: 99.845
| Client id:1 | Test_Loss: 0.290 | Test_Acc: 91.779
| Global Round : 20/30 | Client id:1 | Local Epoch : 1/5 |  Train_Loss: 0.045 | Train_Acc: 98.400
| Global Round : 20/30 | Client id:1 | Local Epoch : 2/5 |  Train_Loss: 0.030 | Train_Acc: 99.010
| Global Round : 20/30 | Client id:1 | Local Epoch : 3/5 |  Train_Loss: 0.022 | Train_Acc: 99.295
| Global Round : 20/30 | Client id:1 | Local Epoch : 4/5 |  Train_Loss: 0.020 | Train_Acc: 99.410
| Global Round : 20/30 | Client id:1 | Local Epoch : 5/5 |  Train_Loss: 0.012 | Train_Acc: 99.705
| Client id:2 | Test_Loss: 0.296 | Test_Acc: 91.482
| Global Round : 20/30 | Client id:2 | Local Epoch : 1/5 |  Train_Loss: 0.040 | Train_Acc: 98.665
| Global Round : 20/30 | Client id:2 | Local Epoch : 2/5 |  Train_Loss: 0.031 | Train_Acc: 98.980
| Global Round : 20/30 | Client id:2 | Local Epoch : 3/5 |  Train_Loss: 0.026 | Train_Acc: 99.040
| Global Round : 20/30 | Client id:2 | Local Epoch : 4/5 |  Train_Loss: 0.019 | Train_Acc: 99.385
| Global Round : 20/30 | Client id:2 | Local Epoch : 5/5 |  Train_Loss: 0.014 | Train_Acc: 99.590
aggregating weights...
| Client id:0 | Test_Loss: 0.985 | Test_Acc: 65.167
| Global Round : 21/30 | Client id:0 | Local Epoch : 1/5 |  Train_Loss: 0.032 | Train_Acc: 98.935
| Global Round : 21/30 | Client id:0 | Local Epoch : 2/5 |  Train_Loss: 0.012 | Train_Acc: 99.645
| Global Round : 21/30 | Client id:0 | Local Epoch : 3/5 |  Train_Loss: 0.007 | Train_Acc: 99.810
| Global Round : 21/30 | Client id:0 | Local Epoch : 4/5 |  Train_Loss: 0.007 | Train_Acc: 99.865
| Global Round : 21/30 | Client id:0 | Local Epoch : 5/5 |  Train_Loss: 0.002 | Train_Acc: 99.980
| Client id:1 | Test_Loss: 0.247 | Test_Acc: 92.649
| Global Round : 21/30 | Client id:1 | Local Epoch : 1/5 |  Train_Loss: 0.043 | Train_Acc: 98.515
| Global Round : 21/30 | Client id:1 | Local Epoch : 2/5 |  Train_Loss: 0.031 | Train_Acc: 98.925
| Global Round : 21/30 | Client id:1 | Local Epoch : 3/5 |  Train_Loss: 0.023 | Train_Acc: 99.215
| Global Round : 21/30 | Client id:1 | Local Epoch : 4/5 |  Train_Loss: 0.020 | Train_Acc: 99.360
| Global Round : 21/30 | Client id:1 | Local Epoch : 5/5 |  Train_Loss: 0.014 | Train_Acc: 99.540
| Client id:2 | Test_Loss: 0.244 | Test_Acc: 92.801
| Global Round : 21/30 | Client id:2 | Local Epoch : 1/5 |  Train_Loss: 0.037 | Train_Acc: 98.710
| Global Round : 21/30 | Client id:2 | Local Epoch : 2/5 |  Train_Loss: 0.030 | Train_Acc: 98.970
| Global Round : 21/30 | Client id:2 | Local Epoch : 3/5 |  Train_Loss: 0.019 | Train_Acc: 99.440
| Global Round : 21/30 | Client id:2 | Local Epoch : 4/5 |  Train_Loss: 0.017 | Train_Acc: 99.435
| Global Round : 21/30 | Client id:2 | Local Epoch : 5/5 |  Train_Loss: 0.011 | Train_Acc: 99.660
aggregating weights...
| Client id:0 | Test_Loss: 0.899 | Test_Acc: 67.147
| Global Round : 22/30 | Client id:0 | Local Epoch : 1/5 |  Train_Loss: 0.035 | Train_Acc: 98.820
| Global Round : 22/30 | Client id:0 | Local Epoch : 2/5 |  Train_Loss: 0.016 | Train_Acc: 99.475
| Global Round : 22/30 | Client id:0 | Local Epoch : 3/5 |  Train_Loss: 0.008 | Train_Acc: 99.800
| Global Round : 22/30 | Client id:0 | Local Epoch : 4/5 |  Train_Loss: 0.008 | Train_Acc: 99.815
| Global Round : 22/30 | Client id:0 | Local Epoch : 5/5 |  Train_Loss: 0.005 | Train_Acc: 99.910
| Client id:1 | Test_Loss: 0.270 | Test_Acc: 92.049
| Global Round : 22/30 | Client id:1 | Local Epoch : 1/5 |  Train_Loss: 0.038 | Train_Acc: 98.655
| Global Round : 22/30 | Client id:1 | Local Epoch : 2/5 |  Train_Loss: 0.033 | Train_Acc: 98.840
| Global Round : 22/30 | Client id:1 | Local Epoch : 3/5 |  Train_Loss: 0.018 | Train_Acc: 99.440
| Global Round : 22/30 | Client id:1 | Local Epoch : 4/5 |  Train_Loss: 0.018 | Train_Acc: 99.400
| Global Round : 22/30 | Client id:1 | Local Epoch : 5/5 |  Train_Loss: 0.015 | Train_Acc: 99.510
| Client id:2 | Test_Loss: 0.266 | Test_Acc: 92.292
| Global Round : 22/30 | Client id:2 | Local Epoch : 1/5 |  Train_Loss: 0.040 | Train_Acc: 98.600
| Global Round : 22/30 | Client id:2 | Local Epoch : 2/5 |  Train_Loss: 0.025 | Train_Acc: 99.200
| Global Round : 22/30 | Client id:2 | Local Epoch : 3/5 |  Train_Loss: 0.020 | Train_Acc: 99.310
| Global Round : 22/30 | Client id:2 | Local Epoch : 4/5 |  Train_Loss: 0.012 | Train_Acc: 99.630
| Global Round : 22/30 | Client id:2 | Local Epoch : 5/5 |  Train_Loss: 0.010 | Train_Acc: 99.745
aggregating weights...
| Client id:0 | Test_Loss: 1.086 | Test_Acc: 61.266
| Global Round : 23/30 | Client id:0 | Local Epoch : 1/5 |  Train_Loss: 0.030 | Train_Acc: 98.960
| Global Round : 23/30 | Client id:0 | Local Epoch : 2/5 |  Train_Loss: 0.018 | Train_Acc: 99.390
| Global Round : 23/30 | Client id:0 | Local Epoch : 3/5 |  Train_Loss: 0.013 | Train_Acc: 99.575
| Global Round : 23/30 | Client id:0 | Local Epoch : 4/5 |  Train_Loss: 0.007 | Train_Acc: 99.855
| Global Round : 23/30 | Client id:0 | Local Epoch : 5/5 |  Train_Loss: 0.005 | Train_Acc: 99.855
| Client id:1 | Test_Loss: 0.257 | Test_Acc: 92.709
| Global Round : 23/30 | Client id:1 | Local Epoch : 1/5 |  Train_Loss: 0.041 | Train_Acc: 98.560
| Global Round : 23/30 | Client id:1 | Local Epoch : 2/5 |  Train_Loss: 0.028 | Train_Acc: 99.055
| Global Round : 23/30 | Client id:1 | Local Epoch : 3/5 |  Train_Loss: 0.018 | Train_Acc: 99.480
| Global Round : 23/30 | Client id:1 | Local Epoch : 4/5 |  Train_Loss: 0.015 | Train_Acc: 99.530
| Global Round : 23/30 | Client id:1 | Local Epoch : 5/5 |  Train_Loss: 0.014 | Train_Acc: 99.585
| Client id:2 | Test_Loss: 0.259 | Test_Acc: 92.501
| Global Round : 23/30 | Client id:2 | Local Epoch : 1/5 |  Train_Loss: 0.036 | Train_Acc: 98.755
| Global Round : 23/30 | Client id:2 | Local Epoch : 2/5 |  Train_Loss: 0.026 | Train_Acc: 99.185
| Global Round : 23/30 | Client id:2 | Local Epoch : 3/5 |  Train_Loss: 0.021 | Train_Acc: 99.285
| Global Round : 23/30 | Client id:2 | Local Epoch : 4/5 |  Train_Loss: 0.018 | Train_Acc: 99.450
| Global Round : 23/30 | Client id:2 | Local Epoch : 5/5 |  Train_Loss: 0.010 | Train_Acc: 99.730
aggregating weights...
| Client id:0 | Test_Loss: 1.074 | Test_Acc: 62.226
| Global Round : 24/30 | Client id:0 | Local Epoch : 1/5 |  Train_Loss: 0.033 | Train_Acc: 98.865
| Global Round : 24/30 | Client id:0 | Local Epoch : 2/5 |  Train_Loss: 0.010 | Train_Acc: 99.755
| Global Round : 24/30 | Client id:0 | Local Epoch : 3/5 |  Train_Loss: 0.009 | Train_Acc: 99.745
| Global Round : 24/30 | Client id:0 | Local Epoch : 4/5 |  Train_Loss: 0.005 | Train_Acc: 99.900
| Global Round : 24/30 | Client id:0 | Local Epoch : 5/5 |  Train_Loss: 0.006 | Train_Acc: 99.870
| Client id:1 | Test_Loss: 0.246 | Test_Acc: 93.069
| Global Round : 24/30 | Client id:1 | Local Epoch : 1/5 |  Train_Loss: 0.038 | Train_Acc: 98.700
| Global Round : 24/30 | Client id:1 | Local Epoch : 2/5 |  Train_Loss: 0.025 | Train_Acc: 99.180
| Global Round : 24/30 | Client id:1 | Local Epoch : 3/5 |  Train_Loss: 0.020 | Train_Acc: 99.330
| Global Round : 24/30 | Client id:1 | Local Epoch : 4/5 |  Train_Loss: 0.018 | Train_Acc: 99.395
| Global Round : 24/30 | Client id:1 | Local Epoch : 5/5 |  Train_Loss: 0.011 | Train_Acc: 99.680
| Client id:2 | Test_Loss: 0.244 | Test_Acc: 92.921
| Global Round : 24/30 | Client id:2 | Local Epoch : 1/5 |  Train_Loss: 0.040 | Train_Acc: 98.720
| Global Round : 24/30 | Client id:2 | Local Epoch : 2/5 |  Train_Loss: 0.025 | Train_Acc: 99.205
| Global Round : 24/30 | Client id:2 | Local Epoch : 3/5 |  Train_Loss: 0.013 | Train_Acc: 99.620
| Global Round : 24/30 | Client id:2 | Local Epoch : 4/5 |  Train_Loss: 0.013 | Train_Acc: 99.635
| Global Round : 24/30 | Client id:2 | Local Epoch : 5/5 |  Train_Loss: 0.017 | Train_Acc: 99.485
aggregating weights...
| Client id:0 | Test_Loss: 0.594 | Test_Acc: 79.958
| Global Round : 25/30 | Client id:0 | Local Epoch : 1/5 |  Train_Loss: 0.031 | Train_Acc: 98.870
| Global Round : 25/30 | Client id:0 | Local Epoch : 2/5 |  Train_Loss: 0.017 | Train_Acc: 99.450
| Global Round : 25/30 | Client id:0 | Local Epoch : 3/5 |  Train_Loss: 0.010 | Train_Acc: 99.675
| Global Round : 25/30 | Client id:0 | Local Epoch : 4/5 |  Train_Loss: 0.008 | Train_Acc: 99.795
| Global Round : 25/30 | Client id:0 | Local Epoch : 5/5 |  Train_Loss: 0.004 | Train_Acc: 99.925
| Client id:1 | Test_Loss: 0.340 | Test_Acc: 89.709
| Global Round : 25/30 | Client id:1 | Local Epoch : 1/5 |  Train_Loss: 0.034 | Train_Acc: 98.875
| Global Round : 25/30 | Client id:1 | Local Epoch : 2/5 |  Train_Loss: 0.028 | Train_Acc: 99.120
| Global Round : 25/30 | Client id:1 | Local Epoch : 3/5 |  Train_Loss: 0.021 | Train_Acc: 99.325
| Global Round : 25/30 | Client id:1 | Local Epoch : 4/5 |  Train_Loss: 0.015 | Train_Acc: 99.535
| Global Round : 25/30 | Client id:1 | Local Epoch : 5/5 |  Train_Loss: 0.008 | Train_Acc: 99.830
| Client id:2 | Test_Loss: 0.345 | Test_Acc: 88.902
| Global Round : 25/30 | Client id:2 | Local Epoch : 1/5 |  Train_Loss: 0.039 | Train_Acc: 98.615
| Global Round : 25/30 | Client id:2 | Local Epoch : 2/5 |  Train_Loss: 0.023 | Train_Acc: 99.230
| Global Round : 25/30 | Client id:2 | Local Epoch : 3/5 |  Train_Loss: 0.017 | Train_Acc: 99.515
| Global Round : 25/30 | Client id:2 | Local Epoch : 4/5 |  Train_Loss: 0.012 | Train_Acc: 99.650
| Global Round : 25/30 | Client id:2 | Local Epoch : 5/5 |  Train_Loss: 0.007 | Train_Acc: 99.805
aggregating weights...
| Client id:0 | Test_Loss: 1.082 | Test_Acc: 62.136
| Global Round : 26/30 | Client id:0 | Local Epoch : 1/5 |  Train_Loss: 0.032 | Train_Acc: 98.895
| Global Round : 26/30 | Client id:0 | Local Epoch : 2/5 |  Train_Loss: 0.013 | Train_Acc: 99.620
| Global Round : 26/30 | Client id:0 | Local Epoch : 3/5 |  Train_Loss: 0.009 | Train_Acc: 99.715
| Global Round : 26/30 | Client id:0 | Local Epoch : 4/5 |  Train_Loss: 0.006 | Train_Acc: 99.845
| Global Round : 26/30 | Client id:0 | Local Epoch : 5/5 |  Train_Loss: 0.007 | Train_Acc: 99.785
| Client id:1 | Test_Loss: 0.245 | Test_Acc: 93.279
| Global Round : 26/30 | Client id:1 | Local Epoch : 1/5 |  Train_Loss: 0.032 | Train_Acc: 98.865
| Global Round : 26/30 | Client id:1 | Local Epoch : 2/5 |  Train_Loss: 0.030 | Train_Acc: 98.940
| Global Round : 26/30 | Client id:1 | Local Epoch : 3/5 |  Train_Loss: 0.028 | Train_Acc: 99.120
| Global Round : 26/30 | Client id:1 | Local Epoch : 4/5 |  Train_Loss: 0.018 | Train_Acc: 99.470
| Global Round : 26/30 | Client id:1 | Local Epoch : 5/5 |  Train_Loss: 0.010 | Train_Acc: 99.710
| Client id:2 | Test_Loss: 0.237 | Test_Acc: 93.131
| Global Round : 26/30 | Client id:2 | Local Epoch : 1/5 |  Train_Loss: 0.033 | Train_Acc: 98.875
| Global Round : 26/30 | Client id:2 | Local Epoch : 2/5 |  Train_Loss: 0.028 | Train_Acc: 99.125
| Global Round : 26/30 | Client id:2 | Local Epoch : 3/5 |  Train_Loss: 0.024 | Train_Acc: 99.220
| Global Round : 26/30 | Client id:2 | Local Epoch : 4/5 |  Train_Loss: 0.012 | Train_Acc: 99.710
| Global Round : 26/30 | Client id:2 | Local Epoch : 5/5 |  Train_Loss: 0.013 | Train_Acc: 99.620
aggregating weights...
| Client id:0 | Test_Loss: 0.661 | Test_Acc: 77.048
| Global Round : 27/30 | Client id:0 | Local Epoch : 1/5 |  Train_Loss: 0.030 | Train_Acc: 98.985
| Global Round : 27/30 | Client id:0 | Local Epoch : 2/5 |  Train_Loss: 0.013 | Train_Acc: 99.595
| Global Round : 27/30 | Client id:0 | Local Epoch : 3/5 |  Train_Loss: 0.010 | Train_Acc: 99.725
| Global Round : 27/30 | Client id:0 | Local Epoch : 4/5 |  Train_Loss: 0.005 | Train_Acc: 99.905
| Global Round : 27/30 | Client id:0 | Local Epoch : 5/5 |  Train_Loss: 0.002 | Train_Acc: 99.980
| Client id:1 | Test_Loss: 0.310 | Test_Acc: 90.639
| Global Round : 27/30 | Client id:1 | Local Epoch : 1/5 |  Train_Loss: 0.035 | Train_Acc: 98.840
| Global Round : 27/30 | Client id:1 | Local Epoch : 2/5 |  Train_Loss: 0.026 | Train_Acc: 99.155
| Global Round : 27/30 | Client id:1 | Local Epoch : 3/5 |  Train_Loss: 0.012 | Train_Acc: 99.690
| Global Round : 27/30 | Client id:1 | Local Epoch : 4/5 |  Train_Loss: 0.014 | Train_Acc: 99.600
| Global Round : 27/30 | Client id:1 | Local Epoch : 5/5 |  Train_Loss: 0.015 | Train_Acc: 99.560
| Client id:2 | Test_Loss: 0.302 | Test_Acc: 90.792
| Global Round : 27/30 | Client id:2 | Local Epoch : 1/5 |  Train_Loss: 0.039 | Train_Acc: 98.500
| Global Round : 27/30 | Client id:2 | Local Epoch : 2/5 |  Train_Loss: 0.030 | Train_Acc: 99.000
| Global Round : 27/30 | Client id:2 | Local Epoch : 3/5 |  Train_Loss: 0.021 | Train_Acc: 99.380
| Global Round : 27/30 | Client id:2 | Local Epoch : 4/5 |  Train_Loss: 0.016 | Train_Acc: 99.490
| Global Round : 27/30 | Client id:2 | Local Epoch : 5/5 |  Train_Loss: 0.011 | Train_Acc: 99.685
aggregating weights...
| Client id:0 | Test_Loss: 1.298 | Test_Acc: 54.965
| Global Round : 28/30 | Client id:0 | Local Epoch : 1/5 |  Train_Loss: 0.033 | Train_Acc: 98.805
| Global Round : 28/30 | Client id:0 | Local Epoch : 2/5 |  Train_Loss: 0.014 | Train_Acc: 99.575
| Global Round : 28/30 | Client id:0 | Local Epoch : 3/5 |  Train_Loss: 0.008 | Train_Acc: 99.830
| Global Round : 28/30 | Client id:0 | Local Epoch : 4/5 |  Train_Loss: 0.006 | Train_Acc: 99.865
| Global Round : 28/30 | Client id:0 | Local Epoch : 5/5 |  Train_Loss: 0.005 | Train_Acc: 99.880
| Client id:1 | Test_Loss: 0.242 | Test_Acc: 93.369
| Global Round : 28/30 | Client id:1 | Local Epoch : 1/5 |  Train_Loss: 0.037 | Train_Acc: 98.730
| Global Round : 28/30 | Client id:1 | Local Epoch : 2/5 |  Train_Loss: 0.030 | Train_Acc: 98.980
| Global Round : 28/30 | Client id:1 | Local Epoch : 3/5 |  Train_Loss: 0.021 | Train_Acc: 99.290
| Global Round : 28/30 | Client id:1 | Local Epoch : 4/5 |  Train_Loss: 0.015 | Train_Acc: 99.550
| Global Round : 28/30 | Client id:1 | Local Epoch : 5/5 |  Train_Loss: 0.005 | Train_Acc: 99.905
| Client id:2 | Test_Loss: 0.229 | Test_Acc: 93.671
| Global Round : 28/30 | Client id:2 | Local Epoch : 1/5 |  Train_Loss: 0.034 | Train_Acc: 98.885
| Global Round : 28/30 | Client id:2 | Local Epoch : 2/5 |  Train_Loss: 0.026 | Train_Acc: 99.155
| Global Round : 28/30 | Client id:2 | Local Epoch : 3/5 |  Train_Loss: 0.021 | Train_Acc: 99.345
| Global Round : 28/30 | Client id:2 | Local Epoch : 4/5 |  Train_Loss: 0.014 | Train_Acc: 99.630
| Global Round : 28/30 | Client id:2 | Local Epoch : 5/5 |  Train_Loss: 0.017 | Train_Acc: 99.375
aggregating weights...
| Client id:0 | Test_Loss: 0.614 | Test_Acc: 78.638
| Global Round : 29/30 | Client id:0 | Local Epoch : 1/5 |  Train_Loss: 0.033 | Train_Acc: 98.920
| Global Round : 29/30 | Client id:0 | Local Epoch : 2/5 |  Train_Loss: 0.016 | Train_Acc: 99.460
| Global Round : 29/30 | Client id:0 | Local Epoch : 3/5 |  Train_Loss: 0.007 | Train_Acc: 99.865
| Global Round : 29/30 | Client id:0 | Local Epoch : 4/5 |  Train_Loss: 0.004 | Train_Acc: 99.915
| Global Round : 29/30 | Client id:0 | Local Epoch : 5/5 |  Train_Loss: 0.002 | Train_Acc: 100.000
| Client id:1 | Test_Loss: 0.339 | Test_Acc: 90.519
| Global Round : 29/30 | Client id:1 | Local Epoch : 1/5 |  Train_Loss: 0.036 | Train_Acc: 98.810
| Global Round : 29/30 | Client id:1 | Local Epoch : 2/5 |  Train_Loss: 0.026 | Train_Acc: 99.125
| Global Round : 29/30 | Client id:1 | Local Epoch : 3/5 |  Train_Loss: 0.019 | Train_Acc: 99.370
| Global Round : 29/30 | Client id:1 | Local Epoch : 4/5 |  Train_Loss: 0.015 | Train_Acc: 99.540
| Global Round : 29/30 | Client id:1 | Local Epoch : 5/5 |  Train_Loss: 0.013 | Train_Acc: 99.570
| Client id:2 | Test_Loss: 0.323 | Test_Acc: 90.132
| Global Round : 29/30 | Client id:2 | Local Epoch : 1/5 |  Train_Loss: 0.033 | Train_Acc: 98.895
| Global Round : 29/30 | Client id:2 | Local Epoch : 2/5 |  Train_Loss: 0.024 | Train_Acc: 99.220
| Global Round : 29/30 | Client id:2 | Local Epoch : 3/5 |  Train_Loss: 0.018 | Train_Acc: 99.385
| Global Round : 29/30 | Client id:2 | Local Epoch : 4/5 |  Train_Loss: 0.011 | Train_Acc: 99.735
| Global Round : 29/30 | Client id:2 | Local Epoch : 5/5 |  Train_Loss: 0.011 | Train_Acc: 99.720
aggregating weights...
| Client id:0 | Test_Loss: 1.128 | Test_Acc: 60.156
| Global Round : 30/30 | Client id:0 | Local Epoch : 1/5 |  Train_Loss: 0.033 | Train_Acc: 98.825
| Global Round : 30/30 | Client id:0 | Local Epoch : 2/5 |  Train_Loss: 0.016 | Train_Acc: 99.485
| Global Round : 30/30 | Client id:0 | Local Epoch : 3/5 |  Train_Loss: 0.012 | Train_Acc: 99.705
| Global Round : 30/30 | Client id:0 | Local Epoch : 4/5 |  Train_Loss: 0.007 | Train_Acc: 99.840
| Global Round : 30/30 | Client id:0 | Local Epoch : 5/5 |  Train_Loss: 0.004 | Train_Acc: 99.940
| Client id:1 | Test_Loss: 0.258 | Test_Acc: 93.099
| Global Round : 30/30 | Client id:1 | Local Epoch : 1/5 |  Train_Loss: 0.036 | Train_Acc: 98.755
| Global Round : 30/30 | Client id:1 | Local Epoch : 2/5 |  Train_Loss: 0.028 | Train_Acc: 99.030
| Global Round : 30/30 | Client id:1 | Local Epoch : 3/5 |  Train_Loss: 0.022 | Train_Acc: 99.220
| Global Round : 30/30 | Client id:1 | Local Epoch : 4/5 |  Train_Loss: 0.014 | Train_Acc: 99.590
| Global Round : 30/30 | Client id:1 | Local Epoch : 5/5 |  Train_Loss: 0.010 | Train_Acc: 99.680
| Client id:2 | Test_Loss: 0.239 | Test_Acc: 92.951
| Global Round : 30/30 | Client id:2 | Local Epoch : 1/5 |  Train_Loss: 0.033 | Train_Acc: 98.905
| Global Round : 30/30 | Client id:2 | Local Epoch : 2/5 |  Train_Loss: 0.017 | Train_Acc: 99.485
| Global Round : 30/30 | Client id:2 | Local Epoch : 3/5 |  Train_Loss: 0.019 | Train_Acc: 99.400
| Global Round : 30/30 | Client id:2 | Local Epoch : 4/5 |  Train_Loss: 0.022 | Train_Acc: 99.265
| Global Round : 30/30 | Client id:2 | Local Epoch : 5/5 |  Train_Loss: 0.020 | Train_Acc: 99.375
aggregating weights...

Final Results
| Client id:0 | Test_Loss: 0.698 | Test_Acc: 74.767
| Client id:1 | Test_Loss: 0.287 | Test_Acc: 91.599
| Client id:2 | Test_Loss: 0.288 | Test_Acc: 91.302
