GPU will be used for training

batch_size: 32
data_dist: from_csv
dataset: fmnist
drfa_gamma: 0.01
federated_type: afl
from_csv: niid1
global_epochs: 30
local_epochs: 5
lr: 0.01
model: cnn
n_clients: 3
on_cuda: 1
optimizer: sgd
seed: 1
seed_num: 0
Class distribution of id:0
train [6000, 6000, 6000, 2000, 0, 0, 0, 0, 0, 0]
test [1000, 1000, 1000, 333, 0, 0, 0, 0, 0, 0]
Class distribution of id:1
train [0, 0, 0, 2000, 3000, 3000, 3000, 3000, 3000, 3000]
test [0, 0, 0, 333, 500, 500, 500, 500, 500, 500]
Class distribution of id:2
train [0, 0, 0, 2000, 3000, 3000, 3000, 3000, 3000, 3000]
test [0, 0, 0, 334, 500, 500, 500, 500, 500, 500]
| Client id:0 | Test_Loss: 2.287 | Test_Acc: 25.863
| Global Round : 1/30 | Client id:0 | Local Epoch : 1/5 |  Train_Loss: 0.301 | Train_Acc: 90.355
| Global Round : 1/30 | Client id:0 | Local Epoch : 2/5 |  Train_Loss: 0.150 | Train_Acc: 94.950
| Global Round : 1/30 | Client id:0 | Local Epoch : 3/5 |  Train_Loss: 0.129 | Train_Acc: 95.630
| Global Round : 1/30 | Client id:0 | Local Epoch : 4/5 |  Train_Loss: 0.114 | Train_Acc: 96.120
| Global Round : 1/30 | Client id:0 | Local Epoch : 5/5 |  Train_Loss: 0.103 | Train_Acc: 96.580
| Client id:1 | Test_Loss: 2.310 | Test_Acc: 1.020
| Global Round : 1/30 | Client id:1 | Local Epoch : 1/5 |  Train_Loss: 0.531 | Train_Acc: 80.550
| Global Round : 1/30 | Client id:1 | Local Epoch : 2/5 |  Train_Loss: 0.258 | Train_Acc: 90.230
| Global Round : 1/30 | Client id:1 | Local Epoch : 3/5 |  Train_Loss: 0.216 | Train_Acc: 91.790
| Global Round : 1/30 | Client id:1 | Local Epoch : 4/5 |  Train_Loss: 0.193 | Train_Acc: 92.715
| Global Round : 1/30 | Client id:1 | Local Epoch : 5/5 |  Train_Loss: 0.172 | Train_Acc: 93.605
| Client id:2 | Test_Loss: 2.310 | Test_Acc: 0.690
| Global Round : 1/30 | Client id:2 | Local Epoch : 1/5 |  Train_Loss: 0.511 | Train_Acc: 80.825
| Global Round : 1/30 | Client id:2 | Local Epoch : 2/5 |  Train_Loss: 0.265 | Train_Acc: 90.070
| Global Round : 1/30 | Client id:2 | Local Epoch : 3/5 |  Train_Loss: 0.220 | Train_Acc: 91.670
| Global Round : 1/30 | Client id:2 | Local Epoch : 4/5 |  Train_Loss: 0.194 | Train_Acc: 92.775
| Global Round : 1/30 | Client id:2 | Local Epoch : 5/5 |  Train_Loss: 0.175 | Train_Acc: 93.320
aggregating weights...
lambda: tensor([0.3332, 0.3334, 0.3334])
| Client id:0 | Test_Loss: 3.302 | Test_Acc: 9.781
| Global Round : 2/30 | Client id:0 | Local Epoch : 1/5 |  Train_Loss: 0.166 | Train_Acc: 94.690
| Global Round : 2/30 | Client id:0 | Local Epoch : 2/5 |  Train_Loss: 0.109 | Train_Acc: 96.370
| Global Round : 2/30 | Client id:0 | Local Epoch : 3/5 |  Train_Loss: 0.096 | Train_Acc: 96.765
| Global Round : 2/30 | Client id:0 | Local Epoch : 4/5 |  Train_Loss: 0.084 | Train_Acc: 97.180
| Global Round : 2/30 | Client id:0 | Local Epoch : 5/5 |  Train_Loss: 0.079 | Train_Acc: 97.265
| Client id:1 | Test_Loss: 0.475 | Test_Acc: 86.679
| Global Round : 2/30 | Client id:1 | Local Epoch : 1/5 |  Train_Loss: 0.214 | Train_Acc: 92.080
| Global Round : 2/30 | Client id:1 | Local Epoch : 2/5 |  Train_Loss: 0.172 | Train_Acc: 93.685
| Global Round : 2/30 | Client id:1 | Local Epoch : 3/5 |  Train_Loss: 0.152 | Train_Acc: 94.370
| Global Round : 2/30 | Client id:1 | Local Epoch : 4/5 |  Train_Loss: 0.138 | Train_Acc: 94.730
| Global Round : 2/30 | Client id:1 | Local Epoch : 5/5 |  Train_Loss: 0.125 | Train_Acc: 95.315
| Client id:2 | Test_Loss: 0.463 | Test_Acc: 87.463
| Global Round : 2/30 | Client id:2 | Local Epoch : 1/5 |  Train_Loss: 0.217 | Train_Acc: 91.990
| Global Round : 2/30 | Client id:2 | Local Epoch : 2/5 |  Train_Loss: 0.176 | Train_Acc: 93.385
| Global Round : 2/30 | Client id:2 | Local Epoch : 3/5 |  Train_Loss: 0.156 | Train_Acc: 94.205
| Global Round : 2/30 | Client id:2 | Local Epoch : 4/5 |  Train_Loss: 0.140 | Train_Acc: 94.680
| Global Round : 2/30 | Client id:2 | Local Epoch : 5/5 |  Train_Loss: 0.129 | Train_Acc: 95.140
aggregating weights...
lambda: tensor([0.3521, 0.3240, 0.3239])
| Client id:0 | Test_Loss: 0.959 | Test_Acc: 57.426
| Global Round : 3/30 | Client id:0 | Local Epoch : 1/5 |  Train_Loss: 0.112 | Train_Acc: 96.190
| Global Round : 3/30 | Client id:0 | Local Epoch : 2/5 |  Train_Loss: 0.086 | Train_Acc: 97.045
| Global Round : 3/30 | Client id:0 | Local Epoch : 3/5 |  Train_Loss: 0.074 | Train_Acc: 97.430
| Global Round : 3/30 | Client id:0 | Local Epoch : 4/5 |  Train_Loss: 0.064 | Train_Acc: 97.635
| Global Round : 3/30 | Client id:0 | Local Epoch : 5/5 |  Train_Loss: 0.057 | Train_Acc: 97.940
| Client id:1 | Test_Loss: 0.370 | Test_Acc: 90.189
| Global Round : 3/30 | Client id:1 | Local Epoch : 1/5 |  Train_Loss: 0.159 | Train_Acc: 94.090
| Global Round : 3/30 | Client id:1 | Local Epoch : 2/5 |  Train_Loss: 0.134 | Train_Acc: 94.890
| Global Round : 3/30 | Client id:1 | Local Epoch : 3/5 |  Train_Loss: 0.116 | Train_Acc: 95.595
| Global Round : 3/30 | Client id:1 | Local Epoch : 4/5 |  Train_Loss: 0.107 | Train_Acc: 96.120
| Global Round : 3/30 | Client id:1 | Local Epoch : 5/5 |  Train_Loss: 0.098 | Train_Acc: 96.385
| Client id:2 | Test_Loss: 0.363 | Test_Acc: 90.402
| Global Round : 3/30 | Client id:2 | Local Epoch : 1/5 |  Train_Loss: 0.157 | Train_Acc: 94.120
| Global Round : 3/30 | Client id:2 | Local Epoch : 2/5 |  Train_Loss: 0.136 | Train_Acc: 94.695
| Global Round : 3/30 | Client id:2 | Local Epoch : 3/5 |  Train_Loss: 0.120 | Train_Acc: 95.445
| Global Round : 3/30 | Client id:2 | Local Epoch : 4/5 |  Train_Loss: 0.107 | Train_Acc: 96.035
| Global Round : 3/30 | Client id:2 | Local Epoch : 5/5 |  Train_Loss: 0.098 | Train_Acc: 96.380
aggregating weights...
lambda: tensor([0.3560, 0.3221, 0.3219])
| Client id:0 | Test_Loss: 1.344 | Test_Acc: 44.524
| Global Round : 4/30 | Client id:0 | Local Epoch : 1/5 |  Train_Loss: 0.093 | Train_Acc: 96.855
| Global Round : 4/30 | Client id:0 | Local Epoch : 2/5 |  Train_Loss: 0.067 | Train_Acc: 97.615
| Global Round : 4/30 | Client id:0 | Local Epoch : 3/5 |  Train_Loss: 0.056 | Train_Acc: 98.080
| Global Round : 4/30 | Client id:0 | Local Epoch : 4/5 |  Train_Loss: 0.048 | Train_Acc: 98.355
| Global Round : 4/30 | Client id:0 | Local Epoch : 5/5 |  Train_Loss: 0.041 | Train_Acc: 98.575
| Client id:1 | Test_Loss: 0.239 | Test_Acc: 92.289
| Global Round : 4/30 | Client id:1 | Local Epoch : 1/5 |  Train_Loss: 0.130 | Train_Acc: 95.210
| Global Round : 4/30 | Client id:1 | Local Epoch : 2/5 |  Train_Loss: 0.110 | Train_Acc: 95.930
| Global Round : 4/30 | Client id:1 | Local Epoch : 3/5 |  Train_Loss: 0.094 | Train_Acc: 96.545
| Global Round : 4/30 | Client id:1 | Local Epoch : 4/5 |  Train_Loss: 0.086 | Train_Acc: 96.765
| Global Round : 4/30 | Client id:1 | Local Epoch : 5/5 |  Train_Loss: 0.075 | Train_Acc: 97.205
| Client id:2 | Test_Loss: 0.225 | Test_Acc: 92.981
| Global Round : 4/30 | Client id:2 | Local Epoch : 1/5 |  Train_Loss: 0.132 | Train_Acc: 95.075
| Global Round : 4/30 | Client id:2 | Local Epoch : 2/5 |  Train_Loss: 0.109 | Train_Acc: 96.005
| Global Round : 4/30 | Client id:2 | Local Epoch : 3/5 |  Train_Loss: 0.096 | Train_Acc: 96.425
| Global Round : 4/30 | Client id:2 | Local Epoch : 4/5 |  Train_Loss: 0.085 | Train_Acc: 96.805
| Global Round : 4/30 | Client id:2 | Local Epoch : 5/5 |  Train_Loss: 0.073 | Train_Acc: 97.300
aggregating weights...
lambda: tensor([0.3634, 0.3184, 0.3181])
| Client id:0 | Test_Loss: 0.810 | Test_Acc: 69.607
| Global Round : 5/30 | Client id:0 | Local Epoch : 1/5 |  Train_Loss: 0.076 | Train_Acc: 97.270
| Global Round : 5/30 | Client id:0 | Local Epoch : 2/5 |  Train_Loss: 0.051 | Train_Acc: 98.250
| Global Round : 5/30 | Client id:0 | Local Epoch : 3/5 |  Train_Loss: 0.043 | Train_Acc: 98.505
| Global Round : 5/30 | Client id:0 | Local Epoch : 4/5 |  Train_Loss: 0.035 | Train_Acc: 98.735
| Global Round : 5/30 | Client id:0 | Local Epoch : 5/5 |  Train_Loss: 0.031 | Train_Acc: 98.970
| Client id:1 | Test_Loss: 0.260 | Test_Acc: 91.089
| Global Round : 5/30 | Client id:1 | Local Epoch : 1/5 |  Train_Loss: 0.115 | Train_Acc: 95.785
| Global Round : 5/30 | Client id:1 | Local Epoch : 2/5 |  Train_Loss: 0.090 | Train_Acc: 96.620
| Global Round : 5/30 | Client id:1 | Local Epoch : 3/5 |  Train_Loss: 0.080 | Train_Acc: 96.970
| Global Round : 5/30 | Client id:1 | Local Epoch : 4/5 |  Train_Loss: 0.065 | Train_Acc: 97.730
| Global Round : 5/30 | Client id:1 | Local Epoch : 5/5 |  Train_Loss: 0.063 | Train_Acc: 97.690
| Client id:2 | Test_Loss: 0.250 | Test_Acc: 91.572
| Global Round : 5/30 | Client id:2 | Local Epoch : 1/5 |  Train_Loss: 0.112 | Train_Acc: 95.875
| Global Round : 5/30 | Client id:2 | Local Epoch : 2/5 |  Train_Loss: 0.092 | Train_Acc: 96.550
| Global Round : 5/30 | Client id:2 | Local Epoch : 3/5 |  Train_Loss: 0.080 | Train_Acc: 97.020
| Global Round : 5/30 | Client id:2 | Local Epoch : 4/5 |  Train_Loss: 0.068 | Train_Acc: 97.440
| Global Round : 5/30 | Client id:2 | Local Epoch : 5/5 |  Train_Loss: 0.059 | Train_Acc: 97.800
aggregating weights...
lambda: tensor([0.3671, 0.3166, 0.3162])
| Client id:0 | Test_Loss: 1.050 | Test_Acc: 60.156
| Global Round : 6/30 | Client id:0 | Local Epoch : 1/5 |  Train_Loss: 0.063 | Train_Acc: 97.660
| Global Round : 6/30 | Client id:0 | Local Epoch : 2/5 |  Train_Loss: 0.041 | Train_Acc: 98.585
| Global Round : 6/30 | Client id:0 | Local Epoch : 3/5 |  Train_Loss: 0.032 | Train_Acc: 98.995
| Global Round : 6/30 | Client id:0 | Local Epoch : 4/5 |  Train_Loss: 0.027 | Train_Acc: 99.120
| Global Round : 6/30 | Client id:0 | Local Epoch : 5/5 |  Train_Loss: 0.020 | Train_Acc: 99.380
| Client id:1 | Test_Loss: 0.254 | Test_Acc: 92.409
| Global Round : 6/30 | Client id:1 | Local Epoch : 1/5 |  Train_Loss: 0.098 | Train_Acc: 96.285
| Global Round : 6/30 | Client id:1 | Local Epoch : 2/5 |  Train_Loss: 0.077 | Train_Acc: 97.195
| Global Round : 6/30 | Client id:1 | Local Epoch : 3/5 |  Train_Loss: 0.062 | Train_Acc: 97.665
| Global Round : 6/30 | Client id:1 | Local Epoch : 4/5 |  Train_Loss: 0.057 | Train_Acc: 97.825
| Global Round : 6/30 | Client id:1 | Local Epoch : 5/5 |  Train_Loss: 0.048 | Train_Acc: 98.210
| Client id:2 | Test_Loss: 0.250 | Test_Acc: 91.662
| Global Round : 6/30 | Client id:2 | Local Epoch : 1/5 |  Train_Loss: 0.099 | Train_Acc: 96.345
| Global Round : 6/30 | Client id:2 | Local Epoch : 2/5 |  Train_Loss: 0.076 | Train_Acc: 97.070
| Global Round : 6/30 | Client id:2 | Local Epoch : 3/5 |  Train_Loss: 0.067 | Train_Acc: 97.475
| Global Round : 6/30 | Client id:2 | Local Epoch : 4/5 |  Train_Loss: 0.054 | Train_Acc: 98.085
| Global Round : 6/30 | Client id:2 | Local Epoch : 5/5 |  Train_Loss: 0.050 | Train_Acc: 98.195
aggregating weights...
lambda: tensor([0.3725, 0.3140, 0.3135])
| Client id:0 | Test_Loss: 0.690 | Test_Acc: 76.388
| Global Round : 7/30 | Client id:0 | Local Epoch : 1/5 |  Train_Loss: 0.056 | Train_Acc: 97.880
| Global Round : 7/30 | Client id:0 | Local Epoch : 2/5 |  Train_Loss: 0.032 | Train_Acc: 98.925
| Global Round : 7/30 | Client id:0 | Local Epoch : 3/5 |  Train_Loss: 0.025 | Train_Acc: 99.140
| Global Round : 7/30 | Client id:0 | Local Epoch : 4/5 |  Train_Loss: 0.021 | Train_Acc: 99.285
| Global Round : 7/30 | Client id:0 | Local Epoch : 5/5 |  Train_Loss: 0.017 | Train_Acc: 99.460
| Client id:1 | Test_Loss: 0.286 | Test_Acc: 90.399
| Global Round : 7/30 | Client id:1 | Local Epoch : 1/5 |  Train_Loss: 0.088 | Train_Acc: 96.685
| Global Round : 7/30 | Client id:1 | Local Epoch : 2/5 |  Train_Loss: 0.065 | Train_Acc: 97.565
| Global Round : 7/30 | Client id:1 | Local Epoch : 3/5 |  Train_Loss: 0.051 | Train_Acc: 98.105
| Global Round : 7/30 | Client id:1 | Local Epoch : 4/5 |  Train_Loss: 0.045 | Train_Acc: 98.350
| Global Round : 7/30 | Client id:1 | Local Epoch : 5/5 |  Train_Loss: 0.042 | Train_Acc: 98.440
| Client id:2 | Test_Loss: 0.284 | Test_Acc: 89.802
| Global Round : 7/30 | Client id:2 | Local Epoch : 1/5 |  Train_Loss: 0.088 | Train_Acc: 96.615
| Global Round : 7/30 | Client id:2 | Local Epoch : 2/5 |  Train_Loss: 0.070 | Train_Acc: 97.260
| Global Round : 7/30 | Client id:2 | Local Epoch : 3/5 |  Train_Loss: 0.056 | Train_Acc: 97.850
| Global Round : 7/30 | Client id:2 | Local Epoch : 4/5 |  Train_Loss: 0.044 | Train_Acc: 98.335
| Global Round : 7/30 | Client id:2 | Local Epoch : 5/5 |  Train_Loss: 0.043 | Train_Acc: 98.440
aggregating weights...
lambda: tensor([0.3752, 0.3127, 0.3122])
| Client id:0 | Test_Loss: 0.903 | Test_Acc: 65.887
| Global Round : 8/30 | Client id:0 | Local Epoch : 1/5 |  Train_Loss: 0.046 | Train_Acc: 98.325
| Global Round : 8/30 | Client id:0 | Local Epoch : 2/5 |  Train_Loss: 0.027 | Train_Acc: 99.090
| Global Round : 8/30 | Client id:0 | Local Epoch : 3/5 |  Train_Loss: 0.019 | Train_Acc: 99.425
| Global Round : 8/30 | Client id:0 | Local Epoch : 4/5 |  Train_Loss: 0.016 | Train_Acc: 99.505
| Global Round : 8/30 | Client id:0 | Local Epoch : 5/5 |  Train_Loss: 0.014 | Train_Acc: 99.485
| Client id:1 | Test_Loss: 0.239 | Test_Acc: 92.589
| Global Round : 8/30 | Client id:1 | Local Epoch : 1/5 |  Train_Loss: 0.079 | Train_Acc: 97.045
| Global Round : 8/30 | Client id:1 | Local Epoch : 2/5 |  Train_Loss: 0.062 | Train_Acc: 97.660
| Global Round : 8/30 | Client id:1 | Local Epoch : 3/5 |  Train_Loss: 0.046 | Train_Acc: 98.310
| Global Round : 8/30 | Client id:1 | Local Epoch : 4/5 |  Train_Loss: 0.040 | Train_Acc: 98.620
| Global Round : 8/30 | Client id:1 | Local Epoch : 5/5 |  Train_Loss: 0.036 | Train_Acc: 98.755
| Client id:2 | Test_Loss: 0.241 | Test_Acc: 92.112
| Global Round : 8/30 | Client id:2 | Local Epoch : 1/5 |  Train_Loss: 0.078 | Train_Acc: 97.145
| Global Round : 8/30 | Client id:2 | Local Epoch : 2/5 |  Train_Loss: 0.056 | Train_Acc: 97.930
| Global Round : 8/30 | Client id:2 | Local Epoch : 3/5 |  Train_Loss: 0.050 | Train_Acc: 98.205
| Global Round : 8/30 | Client id:2 | Local Epoch : 4/5 |  Train_Loss: 0.037 | Train_Acc: 98.635
| Global Round : 8/30 | Client id:2 | Local Epoch : 5/5 |  Train_Loss: 0.034 | Train_Acc: 98.775
aggregating weights...
lambda: tensor([0.3796, 0.3104, 0.3100])
| Client id:0 | Test_Loss: 0.740 | Test_Acc: 74.587
| Global Round : 9/30 | Client id:0 | Local Epoch : 1/5 |  Train_Loss: 0.042 | Train_Acc: 98.415
| Global Round : 9/30 | Client id:0 | Local Epoch : 2/5 |  Train_Loss: 0.023 | Train_Acc: 99.190
| Global Round : 9/30 | Client id:0 | Local Epoch : 3/5 |  Train_Loss: 0.018 | Train_Acc: 99.405
| Global Round : 9/30 | Client id:0 | Local Epoch : 4/5 |  Train_Loss: 0.013 | Train_Acc: 99.585
| Global Round : 9/30 | Client id:0 | Local Epoch : 5/5 |  Train_Loss: 0.011 | Train_Acc: 99.700
| Client id:1 | Test_Loss: 0.286 | Test_Acc: 90.909
| Global Round : 9/30 | Client id:1 | Local Epoch : 1/5 |  Train_Loss: 0.072 | Train_Acc: 97.240
| Global Round : 9/30 | Client id:1 | Local Epoch : 2/5 |  Train_Loss: 0.057 | Train_Acc: 97.830
| Global Round : 9/30 | Client id:1 | Local Epoch : 3/5 |  Train_Loss: 0.043 | Train_Acc: 98.445
| Global Round : 9/30 | Client id:1 | Local Epoch : 4/5 |  Train_Loss: 0.035 | Train_Acc: 98.815
| Global Round : 9/30 | Client id:1 | Local Epoch : 5/5 |  Train_Loss: 0.031 | Train_Acc: 98.875
| Client id:2 | Test_Loss: 0.282 | Test_Acc: 90.282
| Global Round : 9/30 | Client id:2 | Local Epoch : 1/5 |  Train_Loss: 0.073 | Train_Acc: 97.320
| Global Round : 9/30 | Client id:2 | Local Epoch : 2/5 |  Train_Loss: 0.053 | Train_Acc: 98.090
| Global Round : 9/30 | Client id:2 | Local Epoch : 3/5 |  Train_Loss: 0.044 | Train_Acc: 98.360
| Global Round : 9/30 | Client id:2 | Local Epoch : 4/5 |  Train_Loss: 0.037 | Train_Acc: 98.670
| Global Round : 9/30 | Client id:2 | Local Epoch : 5/5 |  Train_Loss: 0.029 | Train_Acc: 99.045
aggregating weights...
lambda: tensor([0.3826, 0.3089, 0.3084])
| Client id:0 | Test_Loss: 0.852 | Test_Acc: 68.737
| Global Round : 10/30 | Client id:0 | Local Epoch : 1/5 |  Train_Loss: 0.040 | Train_Acc: 98.505
| Global Round : 10/30 | Client id:0 | Local Epoch : 2/5 |  Train_Loss: 0.021 | Train_Acc: 99.380
| Global Round : 10/30 | Client id:0 | Local Epoch : 3/5 |  Train_Loss: 0.017 | Train_Acc: 99.465
| Global Round : 10/30 | Client id:0 | Local Epoch : 4/5 |  Train_Loss: 0.011 | Train_Acc: 99.670
| Global Round : 10/30 | Client id:0 | Local Epoch : 5/5 |  Train_Loss: 0.007 | Train_Acc: 99.830
| Client id:1 | Test_Loss: 0.246 | Test_Acc: 92.409
| Global Round : 10/30 | Client id:1 | Local Epoch : 1/5 |  Train_Loss: 0.067 | Train_Acc: 97.490
| Global Round : 10/30 | Client id:1 | Local Epoch : 2/5 |  Train_Loss: 0.048 | Train_Acc: 98.280
| Global Round : 10/30 | Client id:1 | Local Epoch : 3/5 |  Train_Loss: 0.040 | Train_Acc: 98.605
| Global Round : 10/30 | Client id:1 | Local Epoch : 4/5 |  Train_Loss: 0.031 | Train_Acc: 98.910
| Global Round : 10/30 | Client id:1 | Local Epoch : 5/5 |  Train_Loss: 0.025 | Train_Acc: 99.130
| Client id:2 | Test_Loss: 0.246 | Test_Acc: 92.442
| Global Round : 10/30 | Client id:2 | Local Epoch : 1/5 |  Train_Loss: 0.067 | Train_Acc: 97.530
| Global Round : 10/30 | Client id:2 | Local Epoch : 2/5 |  Train_Loss: 0.049 | Train_Acc: 98.230
| Global Round : 10/30 | Client id:2 | Local Epoch : 3/5 |  Train_Loss: 0.034 | Train_Acc: 98.790
| Global Round : 10/30 | Client id:2 | Local Epoch : 4/5 |  Train_Loss: 0.032 | Train_Acc: 98.860
| Global Round : 10/30 | Client id:2 | Local Epoch : 5/5 |  Train_Loss: 0.028 | Train_Acc: 98.990
aggregating weights...
lambda: tensor([0.3867, 0.3069, 0.3064])
| Client id:0 | Test_Loss: 0.785 | Test_Acc: 73.627
| Global Round : 11/30 | Client id:0 | Local Epoch : 1/5 |  Train_Loss: 0.036 | Train_Acc: 98.750
| Global Round : 11/30 | Client id:0 | Local Epoch : 2/5 |  Train_Loss: 0.018 | Train_Acc: 99.420
| Global Round : 11/30 | Client id:0 | Local Epoch : 3/5 |  Train_Loss: 0.014 | Train_Acc: 99.565
| Global Round : 11/30 | Client id:0 | Local Epoch : 4/5 |  Train_Loss: 0.011 | Train_Acc: 99.665
| Global Round : 11/30 | Client id:0 | Local Epoch : 5/5 |  Train_Loss: 0.009 | Train_Acc: 99.745
| Client id:1 | Test_Loss: 0.273 | Test_Acc: 91.359
| Global Round : 11/30 | Client id:1 | Local Epoch : 1/5 |  Train_Loss: 0.063 | Train_Acc: 97.560
| Global Round : 11/30 | Client id:1 | Local Epoch : 2/5 |  Train_Loss: 0.045 | Train_Acc: 98.330
| Global Round : 11/30 | Client id:1 | Local Epoch : 3/5 |  Train_Loss: 0.037 | Train_Acc: 98.690
| Global Round : 11/30 | Client id:1 | Local Epoch : 4/5 |  Train_Loss: 0.028 | Train_Acc: 99.080
| Global Round : 11/30 | Client id:1 | Local Epoch : 5/5 |  Train_Loss: 0.022 | Train_Acc: 99.330
| Client id:2 | Test_Loss: 0.272 | Test_Acc: 91.392
| Global Round : 11/30 | Client id:2 | Local Epoch : 1/5 |  Train_Loss: 0.064 | Train_Acc: 97.710
| Global Round : 11/30 | Client id:2 | Local Epoch : 2/5 |  Train_Loss: 0.048 | Train_Acc: 98.285
| Global Round : 11/30 | Client id:2 | Local Epoch : 3/5 |  Train_Loss: 0.036 | Train_Acc: 98.755
| Global Round : 11/30 | Client id:2 | Local Epoch : 4/5 |  Train_Loss: 0.032 | Train_Acc: 98.905
| Global Round : 11/30 | Client id:2 | Local Epoch : 5/5 |  Train_Loss: 0.023 | Train_Acc: 99.275
aggregating weights...
lambda: tensor([0.3901, 0.3052, 0.3047])
| Client id:0 | Test_Loss: 0.761 | Test_Acc: 72.847
| Global Round : 12/30 | Client id:0 | Local Epoch : 1/5 |  Train_Loss: 0.032 | Train_Acc: 98.940
| Global Round : 12/30 | Client id:0 | Local Epoch : 2/5 |  Train_Loss: 0.016 | Train_Acc: 99.495
| Global Round : 12/30 | Client id:0 | Local Epoch : 3/5 |  Train_Loss: 0.011 | Train_Acc: 99.685
| Global Round : 12/30 | Client id:0 | Local Epoch : 4/5 |  Train_Loss: 0.014 | Train_Acc: 99.580
| Global Round : 12/30 | Client id:0 | Local Epoch : 5/5 |  Train_Loss: 0.006 | Train_Acc: 99.855
| Client id:1 | Test_Loss: 0.306 | Test_Acc: 91.029
| Global Round : 12/30 | Client id:1 | Local Epoch : 1/5 |  Train_Loss: 0.063 | Train_Acc: 97.620
| Global Round : 12/30 | Client id:1 | Local Epoch : 2/5 |  Train_Loss: 0.044 | Train_Acc: 98.395
| Global Round : 12/30 | Client id:1 | Local Epoch : 3/5 |  Train_Loss: 0.036 | Train_Acc: 98.725
| Global Round : 12/30 | Client id:1 | Local Epoch : 4/5 |  Train_Loss: 0.026 | Train_Acc: 99.110
| Global Round : 12/30 | Client id:1 | Local Epoch : 5/5 |  Train_Loss: 0.022 | Train_Acc: 99.240
| Client id:2 | Test_Loss: 0.301 | Test_Acc: 90.492
| Global Round : 12/30 | Client id:2 | Local Epoch : 1/5 |  Train_Loss: 0.057 | Train_Acc: 97.875
| Global Round : 12/30 | Client id:2 | Local Epoch : 2/5 |  Train_Loss: 0.042 | Train_Acc: 98.515
| Global Round : 12/30 | Client id:2 | Local Epoch : 3/5 |  Train_Loss: 0.034 | Train_Acc: 98.795
| Global Round : 12/30 | Client id:2 | Local Epoch : 4/5 |  Train_Loss: 0.024 | Train_Acc: 99.215
| Global Round : 12/30 | Client id:2 | Local Epoch : 5/5 |  Train_Loss: 0.024 | Train_Acc: 99.140
aggregating weights...
lambda: tensor([0.3931, 0.3037, 0.3032])
| Client id:0 | Test_Loss: 0.701 | Test_Acc: 74.707
| Global Round : 13/30 | Client id:0 | Local Epoch : 1/5 |  Train_Loss: 0.033 | Train_Acc: 98.840
| Global Round : 13/30 | Client id:0 | Local Epoch : 2/5 |  Train_Loss: 0.021 | Train_Acc: 99.270
| Global Round : 13/30 | Client id:0 | Local Epoch : 3/5 |  Train_Loss: 0.013 | Train_Acc: 99.610
| Global Round : 13/30 | Client id:0 | Local Epoch : 4/5 |  Train_Loss: 0.008 | Train_Acc: 99.785
| Global Round : 13/30 | Client id:0 | Local Epoch : 5/5 |  Train_Loss: 0.004 | Train_Acc: 99.925
| Client id:1 | Test_Loss: 0.295 | Test_Acc: 91.269
| Global Round : 13/30 | Client id:1 | Local Epoch : 1/5 |  Train_Loss: 0.058 | Train_Acc: 97.920
| Global Round : 13/30 | Client id:1 | Local Epoch : 2/5 |  Train_Loss: 0.039 | Train_Acc: 98.555
| Global Round : 13/30 | Client id:1 | Local Epoch : 3/5 |  Train_Loss: 0.031 | Train_Acc: 98.875
| Global Round : 13/30 | Client id:1 | Local Epoch : 4/5 |  Train_Loss: 0.023 | Train_Acc: 99.245
| Global Round : 13/30 | Client id:1 | Local Epoch : 5/5 |  Train_Loss: 0.020 | Train_Acc: 99.305
| Client id:2 | Test_Loss: 0.286 | Test_Acc: 90.762
| Global Round : 13/30 | Client id:2 | Local Epoch : 1/5 |  Train_Loss: 0.056 | Train_Acc: 98.000
| Global Round : 13/30 | Client id:2 | Local Epoch : 2/5 |  Train_Loss: 0.040 | Train_Acc: 98.560
| Global Round : 13/30 | Client id:2 | Local Epoch : 3/5 |  Train_Loss: 0.032 | Train_Acc: 98.960
| Global Round : 13/30 | Client id:2 | Local Epoch : 4/5 |  Train_Loss: 0.025 | Train_Acc: 99.120
| Global Round : 13/30 | Client id:2 | Local Epoch : 5/5 |  Train_Loss: 0.017 | Train_Acc: 99.450
aggregating weights...
lambda: tensor([0.3959, 0.3024, 0.3018])
| Client id:0 | Test_Loss: 0.571 | Test_Acc: 80.648
| Global Round : 14/30 | Client id:0 | Local Epoch : 1/5 |  Train_Loss: 0.029 | Train_Acc: 99.040
| Global Round : 14/30 | Client id:0 | Local Epoch : 2/5 |  Train_Loss: 0.014 | Train_Acc: 99.575
| Global Round : 14/30 | Client id:0 | Local Epoch : 3/5 |  Train_Loss: 0.009 | Train_Acc: 99.715
| Global Round : 14/30 | Client id:0 | Local Epoch : 4/5 |  Train_Loss: 0.011 | Train_Acc: 99.630
| Global Round : 14/30 | Client id:0 | Local Epoch : 5/5 |  Train_Loss: 0.005 | Train_Acc: 99.870
| Client id:1 | Test_Loss: 0.336 | Test_Acc: 89.799
| Global Round : 14/30 | Client id:1 | Local Epoch : 1/5 |  Train_Loss: 0.056 | Train_Acc: 97.950
| Global Round : 14/30 | Client id:1 | Local Epoch : 2/5 |  Train_Loss: 0.037 | Train_Acc: 98.725
| Global Round : 14/30 | Client id:1 | Local Epoch : 3/5 |  Train_Loss: 0.024 | Train_Acc: 99.175
| Global Round : 14/30 | Client id:1 | Local Epoch : 4/5 |  Train_Loss: 0.023 | Train_Acc: 99.205
| Global Round : 14/30 | Client id:1 | Local Epoch : 5/5 |  Train_Loss: 0.023 | Train_Acc: 99.295
| Client id:2 | Test_Loss: 0.345 | Test_Acc: 89.202
| Global Round : 14/30 | Client id:2 | Local Epoch : 1/5 |  Train_Loss: 0.056 | Train_Acc: 97.975
| Global Round : 14/30 | Client id:2 | Local Epoch : 2/5 |  Train_Loss: 0.039 | Train_Acc: 98.590
| Global Round : 14/30 | Client id:2 | Local Epoch : 3/5 |  Train_Loss: 0.026 | Train_Acc: 99.140
| Global Round : 14/30 | Client id:2 | Local Epoch : 4/5 |  Train_Loss: 0.018 | Train_Acc: 99.495
| Global Round : 14/30 | Client id:2 | Local Epoch : 5/5 |  Train_Loss: 0.018 | Train_Acc: 99.370
aggregating weights...
lambda: tensor([0.3974, 0.3016, 0.3010])
| Client id:0 | Test_Loss: 0.854 | Test_Acc: 69.247
| Global Round : 15/30 | Client id:0 | Local Epoch : 1/5 |  Train_Loss: 0.031 | Train_Acc: 98.940
| Global Round : 15/30 | Client id:0 | Local Epoch : 2/5 |  Train_Loss: 0.016 | Train_Acc: 99.485
| Global Round : 15/30 | Client id:0 | Local Epoch : 3/5 |  Train_Loss: 0.011 | Train_Acc: 99.670
| Global Round : 15/30 | Client id:0 | Local Epoch : 4/5 |  Train_Loss: 0.005 | Train_Acc: 99.890
| Global Round : 15/30 | Client id:0 | Local Epoch : 5/5 |  Train_Loss: 0.003 | Train_Acc: 99.955
| Client id:1 | Test_Loss: 0.270 | Test_Acc: 92.169
| Global Round : 15/30 | Client id:1 | Local Epoch : 1/5 |  Train_Loss: 0.056 | Train_Acc: 97.915
| Global Round : 15/30 | Client id:1 | Local Epoch : 2/5 |  Train_Loss: 0.038 | Train_Acc: 98.565
| Global Round : 15/30 | Client id:1 | Local Epoch : 3/5 |  Train_Loss: 0.032 | Train_Acc: 98.865
| Global Round : 15/30 | Client id:1 | Local Epoch : 4/5 |  Train_Loss: 0.023 | Train_Acc: 99.215
| Global Round : 15/30 | Client id:1 | Local Epoch : 5/5 |  Train_Loss: 0.018 | Train_Acc: 99.385
| Client id:2 | Test_Loss: 0.272 | Test_Acc: 91.932
| Global Round : 15/30 | Client id:2 | Local Epoch : 1/5 |  Train_Loss: 0.054 | Train_Acc: 97.985
| Global Round : 15/30 | Client id:2 | Local Epoch : 2/5 |  Train_Loss: 0.035 | Train_Acc: 98.785
| Global Round : 15/30 | Client id:2 | Local Epoch : 3/5 |  Train_Loss: 0.030 | Train_Acc: 99.010
| Global Round : 15/30 | Client id:2 | Local Epoch : 4/5 |  Train_Loss: 0.024 | Train_Acc: 99.150
| Global Round : 15/30 | Client id:2 | Local Epoch : 5/5 |  Train_Loss: 0.018 | Train_Acc: 99.460
aggregating weights...
lambda: tensor([0.4013, 0.2996, 0.2991])
| Client id:0 | Test_Loss: 0.627 | Test_Acc: 78.278
| Global Round : 16/30 | Client id:0 | Local Epoch : 1/5 |  Train_Loss: 0.032 | Train_Acc: 98.900
| Global Round : 16/30 | Client id:0 | Local Epoch : 2/5 |  Train_Loss: 0.016 | Train_Acc: 99.480
| Global Round : 16/30 | Client id:0 | Local Epoch : 3/5 |  Train_Loss: 0.010 | Train_Acc: 99.685
| Global Round : 16/30 | Client id:0 | Local Epoch : 4/5 |  Train_Loss: 0.006 | Train_Acc: 99.845
| Global Round : 16/30 | Client id:0 | Local Epoch : 5/5 |  Train_Loss: 0.004 | Train_Acc: 99.930
| Client id:1 | Test_Loss: 0.304 | Test_Acc: 90.819
| Global Round : 16/30 | Client id:1 | Local Epoch : 1/5 |  Train_Loss: 0.047 | Train_Acc: 98.325
| Global Round : 16/30 | Client id:1 | Local Epoch : 2/5 |  Train_Loss: 0.036 | Train_Acc: 98.725
| Global Round : 16/30 | Client id:1 | Local Epoch : 3/5 |  Train_Loss: 0.027 | Train_Acc: 98.965
| Global Round : 16/30 | Client id:1 | Local Epoch : 4/5 |  Train_Loss: 0.020 | Train_Acc: 99.325
| Global Round : 16/30 | Client id:1 | Local Epoch : 5/5 |  Train_Loss: 0.017 | Train_Acc: 99.475
| Client id:2 | Test_Loss: 0.302 | Test_Acc: 90.312
| Global Round : 16/30 | Client id:2 | Local Epoch : 1/5 |  Train_Loss: 0.051 | Train_Acc: 98.110
| Global Round : 16/30 | Client id:2 | Local Epoch : 2/5 |  Train_Loss: 0.035 | Train_Acc: 98.870
| Global Round : 16/30 | Client id:2 | Local Epoch : 3/5 |  Train_Loss: 0.030 | Train_Acc: 98.975
| Global Round : 16/30 | Client id:2 | Local Epoch : 4/5 |  Train_Loss: 0.020 | Train_Acc: 99.300
| Global Round : 16/30 | Client id:2 | Local Epoch : 5/5 |  Train_Loss: 0.015 | Train_Acc: 99.555
aggregating weights...
lambda: tensor([0.4034, 0.2986, 0.2980])
| Client id:0 | Test_Loss: 0.650 | Test_Acc: 77.888
| Global Round : 17/30 | Client id:0 | Local Epoch : 1/5 |  Train_Loss: 0.027 | Train_Acc: 99.065
| Global Round : 17/30 | Client id:0 | Local Epoch : 2/5 |  Train_Loss: 0.014 | Train_Acc: 99.550
| Global Round : 17/30 | Client id:0 | Local Epoch : 3/5 |  Train_Loss: 0.007 | Train_Acc: 99.805
| Global Round : 17/30 | Client id:0 | Local Epoch : 4/5 |  Train_Loss: 0.004 | Train_Acc: 99.940
| Global Round : 17/30 | Client id:0 | Local Epoch : 5/5 |  Train_Loss: 0.003 | Train_Acc: 99.975
| Client id:1 | Test_Loss: 0.311 | Test_Acc: 90.189
| Global Round : 17/30 | Client id:1 | Local Epoch : 1/5 |  Train_Loss: 0.054 | Train_Acc: 97.975
| Global Round : 17/30 | Client id:1 | Local Epoch : 2/5 |  Train_Loss: 0.036 | Train_Acc: 98.740
| Global Round : 17/30 | Client id:1 | Local Epoch : 3/5 |  Train_Loss: 0.024 | Train_Acc: 99.185
| Global Round : 17/30 | Client id:1 | Local Epoch : 4/5 |  Train_Loss: 0.025 | Train_Acc: 99.240
| Global Round : 17/30 | Client id:1 | Local Epoch : 5/5 |  Train_Loss: 0.016 | Train_Acc: 99.440
| Client id:2 | Test_Loss: 0.307 | Test_Acc: 89.952
| Global Round : 17/30 | Client id:2 | Local Epoch : 1/5 |  Train_Loss: 0.051 | Train_Acc: 98.190
| Global Round : 17/30 | Client id:2 | Local Epoch : 2/5 |  Train_Loss: 0.040 | Train_Acc: 98.640
| Global Round : 17/30 | Client id:2 | Local Epoch : 3/5 |  Train_Loss: 0.024 | Train_Acc: 99.240
| Global Round : 17/30 | Client id:2 | Local Epoch : 4/5 |  Train_Loss: 0.020 | Train_Acc: 99.310
| Global Round : 17/30 | Client id:2 | Local Epoch : 5/5 |  Train_Loss: 0.013 | Train_Acc: 99.645
aggregating weights...
lambda: tensor([0.4057, 0.2974, 0.2969])
| Client id:0 | Test_Loss: 0.772 | Test_Acc: 71.707
| Global Round : 18/30 | Client id:0 | Local Epoch : 1/5 |  Train_Loss: 0.030 | Train_Acc: 98.990
| Global Round : 18/30 | Client id:0 | Local Epoch : 2/5 |  Train_Loss: 0.012 | Train_Acc: 99.655
| Global Round : 18/30 | Client id:0 | Local Epoch : 3/5 |  Train_Loss: 0.008 | Train_Acc: 99.790
| Global Round : 18/30 | Client id:0 | Local Epoch : 4/5 |  Train_Loss: 0.007 | Train_Acc: 99.815
| Global Round : 18/30 | Client id:0 | Local Epoch : 5/5 |  Train_Loss: 0.005 | Train_Acc: 99.905
| Client id:1 | Test_Loss: 0.281 | Test_Acc: 91.689
| Global Round : 18/30 | Client id:1 | Local Epoch : 1/5 |  Train_Loss: 0.054 | Train_Acc: 98.245
| Global Round : 18/30 | Client id:1 | Local Epoch : 2/5 |  Train_Loss: 0.030 | Train_Acc: 98.915
| Global Round : 18/30 | Client id:1 | Local Epoch : 3/5 |  Train_Loss: 0.022 | Train_Acc: 99.325
| Global Round : 18/30 | Client id:1 | Local Epoch : 4/5 |  Train_Loss: 0.022 | Train_Acc: 99.210
| Global Round : 18/30 | Client id:1 | Local Epoch : 5/5 |  Train_Loss: 0.020 | Train_Acc: 99.300
| Client id:2 | Test_Loss: 0.285 | Test_Acc: 91.512
| Global Round : 18/30 | Client id:2 | Local Epoch : 1/5 |  Train_Loss: 0.047 | Train_Acc: 98.335
| Global Round : 18/30 | Client id:2 | Local Epoch : 2/5 |  Train_Loss: 0.031 | Train_Acc: 99.010
| Global Round : 18/30 | Client id:2 | Local Epoch : 3/5 |  Train_Loss: 0.026 | Train_Acc: 99.125
| Global Round : 18/30 | Client id:2 | Local Epoch : 4/5 |  Train_Loss: 0.026 | Train_Acc: 99.160
| Global Round : 18/30 | Client id:2 | Local Epoch : 5/5 |  Train_Loss: 0.018 | Train_Acc: 99.460
aggregating weights...
lambda: tensor([0.4090, 0.2958, 0.2952])
| Client id:0 | Test_Loss: 0.681 | Test_Acc: 75.728
| Global Round : 19/30 | Client id:0 | Local Epoch : 1/5 |  Train_Loss: 0.026 | Train_Acc: 99.060
| Global Round : 19/30 | Client id:0 | Local Epoch : 2/5 |  Train_Loss: 0.013 | Train_Acc: 99.625
| Global Round : 19/30 | Client id:0 | Local Epoch : 3/5 |  Train_Loss: 0.010 | Train_Acc: 99.740
| Global Round : 19/30 | Client id:0 | Local Epoch : 4/5 |  Train_Loss: 0.006 | Train_Acc: 99.865
| Global Round : 19/30 | Client id:0 | Local Epoch : 5/5 |  Train_Loss: 0.004 | Train_Acc: 99.935
| Client id:1 | Test_Loss: 0.306 | Test_Acc: 90.669
| Global Round : 19/30 | Client id:1 | Local Epoch : 1/5 |  Train_Loss: 0.049 | Train_Acc: 98.295
| Global Round : 19/30 | Client id:1 | Local Epoch : 2/5 |  Train_Loss: 0.030 | Train_Acc: 99.000
| Global Round : 19/30 | Client id:1 | Local Epoch : 3/5 |  Train_Loss: 0.027 | Train_Acc: 99.075
| Global Round : 19/30 | Client id:1 | Local Epoch : 4/5 |  Train_Loss: 0.023 | Train_Acc: 99.185
| Global Round : 19/30 | Client id:1 | Local Epoch : 5/5 |  Train_Loss: 0.014 | Train_Acc: 99.595
| Client id:2 | Test_Loss: 0.305 | Test_Acc: 89.832
| Global Round : 19/30 | Client id:2 | Local Epoch : 1/5 |  Train_Loss: 0.046 | Train_Acc: 98.275
| Global Round : 19/30 | Client id:2 | Local Epoch : 2/5 |  Train_Loss: 0.033 | Train_Acc: 98.970
| Global Round : 19/30 | Client id:2 | Local Epoch : 3/5 |  Train_Loss: 0.033 | Train_Acc: 98.885
| Global Round : 19/30 | Client id:2 | Local Epoch : 4/5 |  Train_Loss: 0.022 | Train_Acc: 99.270
| Global Round : 19/30 | Client id:2 | Local Epoch : 5/5 |  Train_Loss: 0.013 | Train_Acc: 99.610
aggregating weights...
lambda: tensor([0.4115, 0.2945, 0.2940])
| Client id:0 | Test_Loss: 0.618 | Test_Acc: 77.378
| Global Round : 20/30 | Client id:0 | Local Epoch : 1/5 |  Train_Loss: 0.025 | Train_Acc: 99.210
| Global Round : 20/30 | Client id:0 | Local Epoch : 2/5 |  Train_Loss: 0.015 | Train_Acc: 99.610
| Global Round : 20/30 | Client id:0 | Local Epoch : 3/5 |  Train_Loss: 0.010 | Train_Acc: 99.720
| Global Round : 20/30 | Client id:0 | Local Epoch : 4/5 |  Train_Loss: 0.007 | Train_Acc: 99.855
| Global Round : 20/30 | Client id:0 | Local Epoch : 5/5 |  Train_Loss: 0.004 | Train_Acc: 99.945
| Client id:1 | Test_Loss: 0.293 | Test_Acc: 90.639
| Global Round : 20/30 | Client id:1 | Local Epoch : 1/5 |  Train_Loss: 0.047 | Train_Acc: 98.330
| Global Round : 20/30 | Client id:1 | Local Epoch : 2/5 |  Train_Loss: 0.033 | Train_Acc: 98.760
| Global Round : 20/30 | Client id:1 | Local Epoch : 3/5 |  Train_Loss: 0.021 | Train_Acc: 99.250
| Global Round : 20/30 | Client id:1 | Local Epoch : 4/5 |  Train_Loss: 0.020 | Train_Acc: 99.380
| Global Round : 20/30 | Client id:1 | Local Epoch : 5/5 |  Train_Loss: 0.012 | Train_Acc: 99.625
| Client id:2 | Test_Loss: 0.301 | Test_Acc: 90.282
| Global Round : 20/30 | Client id:2 | Local Epoch : 1/5 |  Train_Loss: 0.047 | Train_Acc: 98.350
| Global Round : 20/30 | Client id:2 | Local Epoch : 2/5 |  Train_Loss: 0.031 | Train_Acc: 98.970
| Global Round : 20/30 | Client id:2 | Local Epoch : 3/5 |  Train_Loss: 0.025 | Train_Acc: 99.175
| Global Round : 20/30 | Client id:2 | Local Epoch : 4/5 |  Train_Loss: 0.019 | Train_Acc: 99.410
| Global Round : 20/30 | Client id:2 | Local Epoch : 5/5 |  Train_Loss: 0.012 | Train_Acc: 99.670
aggregating weights...
lambda: tensor([0.4136, 0.2934, 0.2930])
| Client id:0 | Test_Loss: 0.630 | Test_Acc: 78.128
| Global Round : 21/30 | Client id:0 | Local Epoch : 1/5 |  Train_Loss: 0.025 | Train_Acc: 99.110
| Global Round : 21/30 | Client id:0 | Local Epoch : 2/5 |  Train_Loss: 0.010 | Train_Acc: 99.735
| Global Round : 21/30 | Client id:0 | Local Epoch : 3/5 |  Train_Loss: 0.006 | Train_Acc: 99.865
| Global Round : 21/30 | Client id:0 | Local Epoch : 4/5 |  Train_Loss: 0.005 | Train_Acc: 99.895
| Global Round : 21/30 | Client id:0 | Local Epoch : 5/5 |  Train_Loss: 0.004 | Train_Acc: 99.900
| Client id:1 | Test_Loss: 0.305 | Test_Acc: 90.849
| Global Round : 21/30 | Client id:1 | Local Epoch : 1/5 |  Train_Loss: 0.048 | Train_Acc: 98.395
| Global Round : 21/30 | Client id:1 | Local Epoch : 2/5 |  Train_Loss: 0.039 | Train_Acc: 98.555
| Global Round : 21/30 | Client id:1 | Local Epoch : 3/5 |  Train_Loss: 0.023 | Train_Acc: 99.270
| Global Round : 21/30 | Client id:1 | Local Epoch : 4/5 |  Train_Loss: 0.018 | Train_Acc: 99.445
| Global Round : 21/30 | Client id:1 | Local Epoch : 5/5 |  Train_Loss: 0.013 | Train_Acc: 99.595
| Client id:2 | Test_Loss: 0.307 | Test_Acc: 90.282
| Global Round : 21/30 | Client id:2 | Local Epoch : 1/5 |  Train_Loss: 0.047 | Train_Acc: 98.240
| Global Round : 21/30 | Client id:2 | Local Epoch : 2/5 |  Train_Loss: 0.033 | Train_Acc: 98.780
| Global Round : 21/30 | Client id:2 | Local Epoch : 3/5 |  Train_Loss: 0.022 | Train_Acc: 99.260
| Global Round : 21/30 | Client id:2 | Local Epoch : 4/5 |  Train_Loss: 0.018 | Train_Acc: 99.470
| Global Round : 21/30 | Client id:2 | Local Epoch : 5/5 |  Train_Loss: 0.015 | Train_Acc: 99.530
aggregating weights...
lambda: tensor([0.4158, 0.2923, 0.2919])
| Client id:0 | Test_Loss: 0.547 | Test_Acc: 81.248
| Global Round : 22/30 | Client id:0 | Local Epoch : 1/5 |  Train_Loss: 0.026 | Train_Acc: 99.205
| Global Round : 22/30 | Client id:0 | Local Epoch : 2/5 |  Train_Loss: 0.014 | Train_Acc: 99.555
| Global Round : 22/30 | Client id:0 | Local Epoch : 3/5 |  Train_Loss: 0.007 | Train_Acc: 99.855
| Global Round : 22/30 | Client id:0 | Local Epoch : 4/5 |  Train_Loss: 0.003 | Train_Acc: 99.945
| Global Round : 22/30 | Client id:0 | Local Epoch : 5/5 |  Train_Loss: 0.002 | Train_Acc: 100.000
| Client id:1 | Test_Loss: 0.336 | Test_Acc: 89.619
| Global Round : 22/30 | Client id:1 | Local Epoch : 1/5 |  Train_Loss: 0.047 | Train_Acc: 98.295
| Global Round : 22/30 | Client id:1 | Local Epoch : 2/5 |  Train_Loss: 0.034 | Train_Acc: 98.705
| Global Round : 22/30 | Client id:1 | Local Epoch : 3/5 |  Train_Loss: 0.023 | Train_Acc: 99.295
| Global Round : 22/30 | Client id:1 | Local Epoch : 4/5 |  Train_Loss: 0.018 | Train_Acc: 99.465
| Global Round : 22/30 | Client id:1 | Local Epoch : 5/5 |  Train_Loss: 0.015 | Train_Acc: 99.585
| Client id:2 | Test_Loss: 0.343 | Test_Acc: 89.082
| Global Round : 22/30 | Client id:2 | Local Epoch : 1/5 |  Train_Loss: 0.044 | Train_Acc: 98.515
| Global Round : 22/30 | Client id:2 | Local Epoch : 2/5 |  Train_Loss: 0.027 | Train_Acc: 99.200
| Global Round : 22/30 | Client id:2 | Local Epoch : 3/5 |  Train_Loss: 0.029 | Train_Acc: 99.050
| Global Round : 22/30 | Client id:2 | Local Epoch : 4/5 |  Train_Loss: 0.022 | Train_Acc: 99.270
| Global Round : 22/30 | Client id:2 | Local Epoch : 5/5 |  Train_Loss: 0.015 | Train_Acc: 99.595
aggregating weights...
lambda: tensor([0.4172, 0.2916, 0.2912])
| Client id:0 | Test_Loss: 0.855 | Test_Acc: 68.767
| Global Round : 23/30 | Client id:0 | Local Epoch : 1/5 |  Train_Loss: 0.024 | Train_Acc: 99.210
| Global Round : 23/30 | Client id:0 | Local Epoch : 2/5 |  Train_Loss: 0.016 | Train_Acc: 99.505
| Global Round : 23/30 | Client id:0 | Local Epoch : 3/5 |  Train_Loss: 0.011 | Train_Acc: 99.680
| Global Round : 23/30 | Client id:0 | Local Epoch : 4/5 |  Train_Loss: 0.006 | Train_Acc: 99.850
| Global Round : 23/30 | Client id:0 | Local Epoch : 5/5 |  Train_Loss: 0.004 | Train_Acc: 99.935
| Client id:1 | Test_Loss: 0.266 | Test_Acc: 91.839
| Global Round : 23/30 | Client id:1 | Local Epoch : 1/5 |  Train_Loss: 0.047 | Train_Acc: 98.305
| Global Round : 23/30 | Client id:1 | Local Epoch : 2/5 |  Train_Loss: 0.028 | Train_Acc: 99.105
| Global Round : 23/30 | Client id:1 | Local Epoch : 3/5 |  Train_Loss: 0.021 | Train_Acc: 99.305
| Global Round : 23/30 | Client id:1 | Local Epoch : 4/5 |  Train_Loss: 0.019 | Train_Acc: 99.370
| Global Round : 23/30 | Client id:1 | Local Epoch : 5/5 |  Train_Loss: 0.014 | Train_Acc: 99.645
| Client id:2 | Test_Loss: 0.270 | Test_Acc: 91.962
| Global Round : 23/30 | Client id:2 | Local Epoch : 1/5 |  Train_Loss: 0.043 | Train_Acc: 98.445
| Global Round : 23/30 | Client id:2 | Local Epoch : 2/5 |  Train_Loss: 0.031 | Train_Acc: 98.965
| Global Round : 23/30 | Client id:2 | Local Epoch : 3/5 |  Train_Loss: 0.019 | Train_Acc: 99.440
| Global Round : 23/30 | Client id:2 | Local Epoch : 4/5 |  Train_Loss: 0.014 | Train_Acc: 99.620
| Global Round : 23/30 | Client id:2 | Local Epoch : 5/5 |  Train_Loss: 0.016 | Train_Acc: 99.495
aggregating weights...
lambda: tensor([0.4211, 0.2896, 0.2893])
| Client id:0 | Test_Loss: 0.528 | Test_Acc: 82.238
| Global Round : 24/30 | Client id:0 | Local Epoch : 1/5 |  Train_Loss: 0.022 | Train_Acc: 99.285
| Global Round : 24/30 | Client id:0 | Local Epoch : 2/5 |  Train_Loss: 0.012 | Train_Acc: 99.715
| Global Round : 24/30 | Client id:0 | Local Epoch : 3/5 |  Train_Loss: 0.005 | Train_Acc: 99.890
| Global Round : 24/30 | Client id:0 | Local Epoch : 4/5 |  Train_Loss: 0.009 | Train_Acc: 99.790
| Global Round : 24/30 | Client id:0 | Local Epoch : 5/5 |  Train_Loss: 0.003 | Train_Acc: 99.965
| Client id:1 | Test_Loss: 0.339 | Test_Acc: 89.739
| Global Round : 24/30 | Client id:1 | Local Epoch : 1/5 |  Train_Loss: 0.044 | Train_Acc: 98.460
| Global Round : 24/30 | Client id:1 | Local Epoch : 2/5 |  Train_Loss: 0.036 | Train_Acc: 98.740
| Global Round : 24/30 | Client id:1 | Local Epoch : 3/5 |  Train_Loss: 0.028 | Train_Acc: 98.980
| Global Round : 24/30 | Client id:1 | Local Epoch : 4/5 |  Train_Loss: 0.020 | Train_Acc: 99.395
| Global Round : 24/30 | Client id:1 | Local Epoch : 5/5 |  Train_Loss: 0.013 | Train_Acc: 99.615
| Client id:2 | Test_Loss: 0.340 | Test_Acc: 89.232
| Global Round : 24/30 | Client id:2 | Local Epoch : 1/5 |  Train_Loss: 0.045 | Train_Acc: 98.465
| Global Round : 24/30 | Client id:2 | Local Epoch : 2/5 |  Train_Loss: 0.031 | Train_Acc: 98.975
| Global Round : 24/30 | Client id:2 | Local Epoch : 3/5 |  Train_Loss: 0.020 | Train_Acc: 99.385
| Global Round : 24/30 | Client id:2 | Local Epoch : 4/5 |  Train_Loss: 0.017 | Train_Acc: 99.425
| Global Round : 24/30 | Client id:2 | Local Epoch : 5/5 |  Train_Loss: 0.017 | Train_Acc: 99.505
aggregating weights...
lambda: tensor([0.4223, 0.2890, 0.2887])
| Client id:0 | Test_Loss: 0.510 | Test_Acc: 83.528
| Global Round : 25/30 | Client id:0 | Local Epoch : 1/5 |  Train_Loss: 0.019 | Train_Acc: 99.360
| Global Round : 25/30 | Client id:0 | Local Epoch : 2/5 |  Train_Loss: 0.012 | Train_Acc: 99.650
| Global Round : 25/30 | Client id:0 | Local Epoch : 3/5 |  Train_Loss: 0.012 | Train_Acc: 99.620
| Global Round : 25/30 | Client id:0 | Local Epoch : 4/5 |  Train_Loss: 0.007 | Train_Acc: 99.845
| Global Round : 25/30 | Client id:0 | Local Epoch : 5/5 |  Train_Loss: 0.003 | Train_Acc: 99.965
| Client id:1 | Test_Loss: 0.351 | Test_Acc: 88.959
| Global Round : 25/30 | Client id:1 | Local Epoch : 1/5 |  Train_Loss: 0.047 | Train_Acc: 98.270
| Global Round : 25/30 | Client id:1 | Local Epoch : 2/5 |  Train_Loss: 0.034 | Train_Acc: 98.895
| Global Round : 25/30 | Client id:1 | Local Epoch : 3/5 |  Train_Loss: 0.020 | Train_Acc: 99.345
| Global Round : 25/30 | Client id:1 | Local Epoch : 4/5 |  Train_Loss: 0.017 | Train_Acc: 99.530
| Global Round : 25/30 | Client id:1 | Local Epoch : 5/5 |  Train_Loss: 0.010 | Train_Acc: 99.720
| Client id:2 | Test_Loss: 0.356 | Test_Acc: 88.422
| Global Round : 25/30 | Client id:2 | Local Epoch : 1/5 |  Train_Loss: 0.045 | Train_Acc: 98.400
| Global Round : 25/30 | Client id:2 | Local Epoch : 2/5 |  Train_Loss: 0.027 | Train_Acc: 99.090
| Global Round : 25/30 | Client id:2 | Local Epoch : 3/5 |  Train_Loss: 0.022 | Train_Acc: 99.330
| Global Round : 25/30 | Client id:2 | Local Epoch : 4/5 |  Train_Loss: 0.015 | Train_Acc: 99.500
| Global Round : 25/30 | Client id:2 | Local Epoch : 5/5 |  Train_Loss: 0.011 | Train_Acc: 99.705
aggregating weights...
lambda: tensor([0.4234, 0.2885, 0.2882])
| Client id:0 | Test_Loss: 0.582 | Test_Acc: 79.778
| Global Round : 26/30 | Client id:0 | Local Epoch : 1/5 |  Train_Loss: 0.020 | Train_Acc: 99.360
| Global Round : 26/30 | Client id:0 | Local Epoch : 2/5 |  Train_Loss: 0.016 | Train_Acc: 99.545
| Global Round : 26/30 | Client id:0 | Local Epoch : 3/5 |  Train_Loss: 0.009 | Train_Acc: 99.765
| Global Round : 26/30 | Client id:0 | Local Epoch : 4/5 |  Train_Loss: 0.006 | Train_Acc: 99.870
| Global Round : 26/30 | Client id:0 | Local Epoch : 5/5 |  Train_Loss: 0.004 | Train_Acc: 99.945
| Client id:1 | Test_Loss: 0.310 | Test_Acc: 90.729
| Global Round : 26/30 | Client id:1 | Local Epoch : 1/5 |  Train_Loss: 0.046 | Train_Acc: 98.475
| Global Round : 26/30 | Client id:1 | Local Epoch : 2/5 |  Train_Loss: 0.030 | Train_Acc: 99.020
| Global Round : 26/30 | Client id:1 | Local Epoch : 3/5 |  Train_Loss: 0.025 | Train_Acc: 99.135
| Global Round : 26/30 | Client id:1 | Local Epoch : 4/5 |  Train_Loss: 0.012 | Train_Acc: 99.675
| Global Round : 26/30 | Client id:1 | Local Epoch : 5/5 |  Train_Loss: 0.012 | Train_Acc: 99.605
| Client id:2 | Test_Loss: 0.307 | Test_Acc: 90.372
| Global Round : 26/30 | Client id:2 | Local Epoch : 1/5 |  Train_Loss: 0.044 | Train_Acc: 98.425
| Global Round : 26/30 | Client id:2 | Local Epoch : 2/5 |  Train_Loss: 0.025 | Train_Acc: 99.195
| Global Round : 26/30 | Client id:2 | Local Epoch : 3/5 |  Train_Loss: 0.021 | Train_Acc: 99.260
| Global Round : 26/30 | Client id:2 | Local Epoch : 4/5 |  Train_Loss: 0.019 | Train_Acc: 99.450
| Global Round : 26/30 | Client id:2 | Local Epoch : 5/5 |  Train_Loss: 0.008 | Train_Acc: 99.865
aggregating weights...
lambda: tensor([0.4252, 0.2876, 0.2872])
| Client id:0 | Test_Loss: 0.502 | Test_Acc: 83.318
| Global Round : 27/30 | Client id:0 | Local Epoch : 1/5 |  Train_Loss: 0.023 | Train_Acc: 99.255
| Global Round : 27/30 | Client id:0 | Local Epoch : 2/5 |  Train_Loss: 0.011 | Train_Acc: 99.690
| Global Round : 27/30 | Client id:0 | Local Epoch : 3/5 |  Train_Loss: 0.005 | Train_Acc: 99.905
| Global Round : 27/30 | Client id:0 | Local Epoch : 4/5 |  Train_Loss: 0.002 | Train_Acc: 99.990
| Global Round : 27/30 | Client id:0 | Local Epoch : 5/5 |  Train_Loss: 0.001 | Train_Acc: 99.995
| Client id:1 | Test_Loss: 0.341 | Test_Acc: 89.229
| Global Round : 27/30 | Client id:1 | Local Epoch : 1/5 |  Train_Loss: 0.046 | Train_Acc: 98.350
| Global Round : 27/30 | Client id:1 | Local Epoch : 2/5 |  Train_Loss: 0.031 | Train_Acc: 98.985
| Global Round : 27/30 | Client id:1 | Local Epoch : 3/5 |  Train_Loss: 0.024 | Train_Acc: 99.120
| Global Round : 27/30 | Client id:1 | Local Epoch : 4/5 |  Train_Loss: 0.017 | Train_Acc: 99.500
| Global Round : 27/30 | Client id:1 | Local Epoch : 5/5 |  Train_Loss: 0.011 | Train_Acc: 99.695
| Client id:2 | Test_Loss: 0.348 | Test_Acc: 88.692
| Global Round : 27/30 | Client id:2 | Local Epoch : 1/5 |  Train_Loss: 0.046 | Train_Acc: 98.370
| Global Round : 27/30 | Client id:2 | Local Epoch : 2/5 |  Train_Loss: 0.031 | Train_Acc: 98.980
| Global Round : 27/30 | Client id:2 | Local Epoch : 3/5 |  Train_Loss: 0.021 | Train_Acc: 99.350
| Global Round : 27/30 | Client id:2 | Local Epoch : 4/5 |  Train_Loss: 0.018 | Train_Acc: 99.370
| Global Round : 27/30 | Client id:2 | Local Epoch : 5/5 |  Train_Loss: 0.010 | Train_Acc: 99.790
aggregating weights...
lambda: tensor([0.4262, 0.2870, 0.2868])
| Client id:0 | Test_Loss: 0.658 | Test_Acc: 76.358
| Global Round : 28/30 | Client id:0 | Local Epoch : 1/5 |  Train_Loss: 0.024 | Train_Acc: 99.150
| Global Round : 28/30 | Client id:0 | Local Epoch : 2/5 |  Train_Loss: 0.015 | Train_Acc: 99.470
| Global Round : 28/30 | Client id:0 | Local Epoch : 3/5 |  Train_Loss: 0.008 | Train_Acc: 99.790
| Global Round : 28/30 | Client id:0 | Local Epoch : 4/5 |  Train_Loss: 0.005 | Train_Acc: 99.905
| Global Round : 28/30 | Client id:0 | Local Epoch : 5/5 |  Train_Loss: 0.003 | Train_Acc: 99.940
| Client id:1 | Test_Loss: 0.291 | Test_Acc: 91.449
| Global Round : 28/30 | Client id:1 | Local Epoch : 1/5 |  Train_Loss: 0.047 | Train_Acc: 98.370
| Global Round : 28/30 | Client id:1 | Local Epoch : 2/5 |  Train_Loss: 0.029 | Train_Acc: 99.055
| Global Round : 28/30 | Client id:1 | Local Epoch : 3/5 |  Train_Loss: 0.019 | Train_Acc: 99.360
| Global Round : 28/30 | Client id:1 | Local Epoch : 4/5 |  Train_Loss: 0.023 | Train_Acc: 99.285
| Global Round : 28/30 | Client id:1 | Local Epoch : 5/5 |  Train_Loss: 0.013 | Train_Acc: 99.600
| Client id:2 | Test_Loss: 0.289 | Test_Acc: 91.302
| Global Round : 28/30 | Client id:2 | Local Epoch : 1/5 |  Train_Loss: 0.048 | Train_Acc: 98.380
| Global Round : 28/30 | Client id:2 | Local Epoch : 2/5 |  Train_Loss: 0.030 | Train_Acc: 98.975
| Global Round : 28/30 | Client id:2 | Local Epoch : 3/5 |  Train_Loss: 0.021 | Train_Acc: 99.355
| Global Round : 28/30 | Client id:2 | Local Epoch : 4/5 |  Train_Loss: 0.016 | Train_Acc: 99.585
| Global Round : 28/30 | Client id:2 | Local Epoch : 5/5 |  Train_Loss: 0.015 | Train_Acc: 99.540
aggregating weights...
lambda: tensor([0.4287, 0.2858, 0.2855])
| Client id:0 | Test_Loss: 0.405 | Test_Acc: 86.259
| Global Round : 29/30 | Client id:0 | Local Epoch : 1/5 |  Train_Loss: 0.021 | Train_Acc: 99.360
| Global Round : 29/30 | Client id:0 | Local Epoch : 2/5 |  Train_Loss: 0.013 | Train_Acc: 99.620
| Global Round : 29/30 | Client id:0 | Local Epoch : 3/5 |  Train_Loss: 0.004 | Train_Acc: 99.930
| Global Round : 29/30 | Client id:0 | Local Epoch : 4/5 |  Train_Loss: 0.002 | Train_Acc: 99.975
| Global Round : 29/30 | Client id:0 | Local Epoch : 5/5 |  Train_Loss: 0.001 | Train_Acc: 99.995
| Client id:1 | Test_Loss: 0.404 | Test_Acc: 87.129
| Global Round : 29/30 | Client id:1 | Local Epoch : 1/5 |  Train_Loss: 0.041 | Train_Acc: 98.595
| Global Round : 29/30 | Client id:1 | Local Epoch : 2/5 |  Train_Loss: 0.029 | Train_Acc: 99.000
| Global Round : 29/30 | Client id:1 | Local Epoch : 3/5 |  Train_Loss: 0.022 | Train_Acc: 99.240
| Global Round : 29/30 | Client id:1 | Local Epoch : 4/5 |  Train_Loss: 0.023 | Train_Acc: 99.205
| Global Round : 29/30 | Client id:1 | Local Epoch : 5/5 |  Train_Loss: 0.016 | Train_Acc: 99.500
| Client id:2 | Test_Loss: 0.400 | Test_Acc: 86.653
| Global Round : 29/30 | Client id:2 | Local Epoch : 1/5 |  Train_Loss: 0.046 | Train_Acc: 98.250
| Global Round : 29/30 | Client id:2 | Local Epoch : 2/5 |  Train_Loss: 0.031 | Train_Acc: 98.975
| Global Round : 29/30 | Client id:2 | Local Epoch : 3/5 |  Train_Loss: 0.024 | Train_Acc: 99.140
| Global Round : 29/30 | Client id:2 | Local Epoch : 4/5 |  Train_Loss: 0.015 | Train_Acc: 99.545
| Global Round : 29/30 | Client id:2 | Local Epoch : 5/5 |  Train_Loss: 0.009 | Train_Acc: 99.765
aggregating weights...
lambda: tensor([0.4287, 0.2858, 0.2855])
| Client id:0 | Test_Loss: 0.687 | Test_Acc: 75.098
| Global Round : 30/30 | Client id:0 | Local Epoch : 1/5 |  Train_Loss: 0.023 | Train_Acc: 99.270
| Global Round : 30/30 | Client id:0 | Local Epoch : 2/5 |  Train_Loss: 0.015 | Train_Acc: 99.530
| Global Round : 30/30 | Client id:0 | Local Epoch : 3/5 |  Train_Loss: 0.011 | Train_Acc: 99.660
| Global Round : 30/30 | Client id:0 | Local Epoch : 4/5 |  Train_Loss: 0.006 | Train_Acc: 99.860
| Global Round : 30/30 | Client id:0 | Local Epoch : 5/5 |  Train_Loss: 0.005 | Train_Acc: 99.895
| Client id:1 | Test_Loss: 0.306 | Test_Acc: 90.939
| Global Round : 30/30 | Client id:1 | Local Epoch : 1/5 |  Train_Loss: 0.043 | Train_Acc: 98.560
| Global Round : 30/30 | Client id:1 | Local Epoch : 2/5 |  Train_Loss: 0.030 | Train_Acc: 98.930
| Global Round : 30/30 | Client id:1 | Local Epoch : 3/5 |  Train_Loss: 0.022 | Train_Acc: 99.265
| Global Round : 30/30 | Client id:1 | Local Epoch : 4/5 |  Train_Loss: 0.019 | Train_Acc: 99.375
| Global Round : 30/30 | Client id:1 | Local Epoch : 5/5 |  Train_Loss: 0.018 | Train_Acc: 99.415
| Client id:2 | Test_Loss: 0.295 | Test_Acc: 90.972
| Global Round : 30/30 | Client id:2 | Local Epoch : 1/5 |  Train_Loss: 0.044 | Train_Acc: 98.495
| Global Round : 30/30 | Client id:2 | Local Epoch : 2/5 |  Train_Loss: 0.032 | Train_Acc: 98.900
| Global Round : 30/30 | Client id:2 | Local Epoch : 3/5 |  Train_Loss: 0.023 | Train_Acc: 99.210
| Global Round : 30/30 | Client id:2 | Local Epoch : 4/5 |  Train_Loss: 0.019 | Train_Acc: 99.360
| Global Round : 30/30 | Client id:2 | Local Epoch : 5/5 |  Train_Loss: 0.012 | Train_Acc: 99.640
aggregating weights...
lambda: tensor([0.4313, 0.2846, 0.2841])

Final Results
| Client id:0 | Test_Loss: 0.434 | Test_Acc: 85.329
| Client id:1 | Test_Loss: 0.349 | Test_Acc: 89.079
| Client id:2 | Test_Loss: 0.345 | Test_Acc: 88.302
