GPU will be used for training

batch_size: 32
data_dist: from_csv
dataset: mnist
drfa_gamma: 0.01
federated_type: fedavg
from_csv: niid1
global_epochs: 30
local_epochs: 5
lr: 0.01
model: cnn
n_clients: 3
on_cuda: 1
optimizer: sgd
seed: 1
seed_num: 0
Class distribution of id:0
train [5923, 6742, 5958, 2043, 0, 0, 0, 0, 0, 0]
test [980, 1135, 1032, 336, 0, 0, 0, 0, 0, 0]
Class distribution of id:1
train [0, 0, 0, 2043, 2921, 2710, 2959, 3132, 2925, 2974]
test [0, 0, 0, 336, 491, 446, 479, 514, 487, 504]
Class distribution of id:2
train [0, 0, 0, 2045, 2921, 2711, 2959, 3133, 2926, 2975]
test [0, 0, 0, 338, 491, 446, 479, 514, 487, 505]
| Client id:0 | Test_Loss: 2.285 | Test_Acc: 27.763
| Global Round : 1/30 | Client id:0 | Local Epoch : 1/5 |  Train_Loss: 0.169 | Train_Acc: 95.243
| Global Round : 1/30 | Client id:0 | Local Epoch : 2/5 |  Train_Loss: 0.035 | Train_Acc: 98.873
| Global Round : 1/30 | Client id:0 | Local Epoch : 3/5 |  Train_Loss: 0.021 | Train_Acc: 99.313
| Global Round : 1/30 | Client id:0 | Local Epoch : 4/5 |  Train_Loss: 0.014 | Train_Acc: 99.550
| Global Round : 1/30 | Client id:0 | Local Epoch : 5/5 |  Train_Loss: 0.010 | Train_Acc: 99.647
| Client id:1 | Test_Loss: 2.315 | Test_Acc: 1.873
| Global Round : 1/30 | Client id:1 | Local Epoch : 1/5 |  Train_Loss: 0.387 | Train_Acc: 86.763
| Global Round : 1/30 | Client id:1 | Local Epoch : 2/5 |  Train_Loss: 0.091 | Train_Acc: 97.040
| Global Round : 1/30 | Client id:1 | Local Epoch : 3/5 |  Train_Loss: 0.056 | Train_Acc: 98.210
| Global Round : 1/30 | Client id:1 | Local Epoch : 4/5 |  Train_Loss: 0.042 | Train_Acc: 98.632
| Global Round : 1/30 | Client id:1 | Local Epoch : 5/5 |  Train_Loss: 0.034 | Train_Acc: 98.856
| Client id:2 | Test_Loss: 2.314 | Test_Acc: 2.086
| Global Round : 1/30 | Client id:2 | Local Epoch : 1/5 |  Train_Loss: 0.385 | Train_Acc: 86.645
| Global Round : 1/30 | Client id:2 | Local Epoch : 2/5 |  Train_Loss: 0.092 | Train_Acc: 97.123
| Global Round : 1/30 | Client id:2 | Local Epoch : 3/5 |  Train_Loss: 0.061 | Train_Acc: 98.022
| Global Round : 1/30 | Client id:2 | Local Epoch : 4/5 |  Train_Loss: 0.046 | Train_Acc: 98.612
| Global Round : 1/30 | Client id:2 | Local Epoch : 5/5 |  Train_Loss: 0.033 | Train_Acc: 98.993
aggregating weights...
| Client id:0 | Test_Loss: 2.859 | Test_Acc: 10.336
| Global Round : 2/30 | Client id:0 | Local Epoch : 1/5 |  Train_Loss: 0.048 | Train_Acc: 98.553
| Global Round : 2/30 | Client id:0 | Local Epoch : 2/5 |  Train_Loss: 0.014 | Train_Acc: 99.555
| Global Round : 2/30 | Client id:0 | Local Epoch : 3/5 |  Train_Loss: 0.008 | Train_Acc: 99.724
| Global Round : 2/30 | Client id:0 | Local Epoch : 4/5 |  Train_Loss: 0.006 | Train_Acc: 99.802
| Global Round : 2/30 | Client id:0 | Local Epoch : 5/5 |  Train_Loss: 0.003 | Train_Acc: 99.923
| Client id:1 | Test_Loss: 0.197 | Test_Acc: 96.316
| Global Round : 2/30 | Client id:1 | Local Epoch : 1/5 |  Train_Loss: 0.066 | Train_Acc: 97.940
| Global Round : 2/30 | Client id:1 | Local Epoch : 2/5 |  Train_Loss: 0.042 | Train_Acc: 98.627
| Global Round : 2/30 | Client id:1 | Local Epoch : 3/5 |  Train_Loss: 0.032 | Train_Acc: 98.963
| Global Round : 2/30 | Client id:1 | Local Epoch : 4/5 |  Train_Loss: 0.022 | Train_Acc: 99.207
| Global Round : 2/30 | Client id:1 | Local Epoch : 5/5 |  Train_Loss: 0.019 | Train_Acc: 99.405
| Client id:2 | Test_Loss: 0.210 | Test_Acc: 95.828
| Global Round : 2/30 | Client id:2 | Local Epoch : 1/5 |  Train_Loss: 0.068 | Train_Acc: 98.017
| Global Round : 2/30 | Client id:2 | Local Epoch : 2/5 |  Train_Loss: 0.043 | Train_Acc: 98.592
| Global Round : 2/30 | Client id:2 | Local Epoch : 3/5 |  Train_Loss: 0.031 | Train_Acc: 99.034
| Global Round : 2/30 | Client id:2 | Local Epoch : 4/5 |  Train_Loss: 0.024 | Train_Acc: 99.237
| Global Round : 2/30 | Client id:2 | Local Epoch : 5/5 |  Train_Loss: 0.019 | Train_Acc: 99.395
aggregating weights...
| Client id:0 | Test_Loss: 0.981 | Test_Acc: 69.538
| Global Round : 3/30 | Client id:0 | Local Epoch : 1/5 |  Train_Loss: 0.023 | Train_Acc: 99.279
| Global Round : 3/30 | Client id:0 | Local Epoch : 2/5 |  Train_Loss: 0.009 | Train_Acc: 99.705
| Global Round : 3/30 | Client id:0 | Local Epoch : 3/5 |  Train_Loss: 0.004 | Train_Acc: 99.879
| Global Round : 3/30 | Client id:0 | Local Epoch : 4/5 |  Train_Loss: 0.002 | Train_Acc: 99.961
| Global Round : 3/30 | Client id:0 | Local Epoch : 5/5 |  Train_Loss: 0.001 | Train_Acc: 99.981
| Client id:1 | Test_Loss: 0.058 | Test_Acc: 98.342
| Global Round : 3/30 | Client id:1 | Local Epoch : 1/5 |  Train_Loss: 0.037 | Train_Acc: 98.785
| Global Round : 3/30 | Client id:1 | Local Epoch : 2/5 |  Train_Loss: 0.026 | Train_Acc: 99.024
| Global Round : 3/30 | Client id:1 | Local Epoch : 3/5 |  Train_Loss: 0.018 | Train_Acc: 99.430
| Global Round : 3/30 | Client id:1 | Local Epoch : 4/5 |  Train_Loss: 0.011 | Train_Acc: 99.629
| Global Round : 3/30 | Client id:1 | Local Epoch : 5/5 |  Train_Loss: 0.010 | Train_Acc: 99.705
| Client id:2 | Test_Loss: 0.063 | Test_Acc: 98.006
| Global Round : 3/30 | Client id:2 | Local Epoch : 1/5 |  Train_Loss: 0.040 | Train_Acc: 98.627
| Global Round : 3/30 | Client id:2 | Local Epoch : 2/5 |  Train_Loss: 0.025 | Train_Acc: 99.181
| Global Round : 3/30 | Client id:2 | Local Epoch : 3/5 |  Train_Loss: 0.016 | Train_Acc: 99.512
| Global Round : 3/30 | Client id:2 | Local Epoch : 4/5 |  Train_Loss: 0.015 | Train_Acc: 99.537
| Global Round : 3/30 | Client id:2 | Local Epoch : 5/5 |  Train_Loss: 0.014 | Train_Acc: 99.527
aggregating weights...
| Client id:0 | Test_Loss: 0.784 | Test_Acc: 78.524
| Global Round : 4/30 | Client id:0 | Local Epoch : 1/5 |  Train_Loss: 0.018 | Train_Acc: 99.473
| Global Round : 4/30 | Client id:0 | Local Epoch : 2/5 |  Train_Loss: 0.005 | Train_Acc: 99.850
| Global Round : 4/30 | Client id:0 | Local Epoch : 3/5 |  Train_Loss: 0.002 | Train_Acc: 99.952
| Global Round : 4/30 | Client id:0 | Local Epoch : 4/5 |  Train_Loss: 0.001 | Train_Acc: 99.995
| Global Round : 4/30 | Client id:0 | Local Epoch : 5/5 |  Train_Loss: 0.001 | Train_Acc: 99.995
| Client id:1 | Test_Loss: 0.064 | Test_Acc: 97.789
| Global Round : 4/30 | Client id:1 | Local Epoch : 1/5 |  Train_Loss: 0.029 | Train_Acc: 98.998
| Global Round : 4/30 | Client id:1 | Local Epoch : 2/5 |  Train_Loss: 0.017 | Train_Acc: 99.497
| Global Round : 4/30 | Client id:1 | Local Epoch : 3/5 |  Train_Loss: 0.013 | Train_Acc: 99.588
| Global Round : 4/30 | Client id:1 | Local Epoch : 4/5 |  Train_Loss: 0.009 | Train_Acc: 99.715
| Global Round : 4/30 | Client id:1 | Local Epoch : 5/5 |  Train_Loss: 0.007 | Train_Acc: 99.781
| Client id:2 | Test_Loss: 0.066 | Test_Acc: 97.730
| Global Round : 4/30 | Client id:2 | Local Epoch : 1/5 |  Train_Loss: 0.029 | Train_Acc: 99.039
| Global Round : 4/30 | Client id:2 | Local Epoch : 2/5 |  Train_Loss: 0.018 | Train_Acc: 99.431
| Global Round : 4/30 | Client id:2 | Local Epoch : 3/5 |  Train_Loss: 0.017 | Train_Acc: 99.456
| Global Round : 4/30 | Client id:2 | Local Epoch : 4/5 |  Train_Loss: 0.011 | Train_Acc: 99.614
| Global Round : 4/30 | Client id:2 | Local Epoch : 5/5 |  Train_Loss: 0.007 | Train_Acc: 99.756
aggregating weights...
| Client id:0 | Test_Loss: 0.577 | Test_Acc: 82.544
| Global Round : 5/30 | Client id:0 | Local Epoch : 1/5 |  Train_Loss: 0.017 | Train_Acc: 99.444
| Global Round : 5/30 | Client id:0 | Local Epoch : 2/5 |  Train_Loss: 0.004 | Train_Acc: 99.884
| Global Round : 5/30 | Client id:0 | Local Epoch : 3/5 |  Train_Loss: 0.002 | Train_Acc: 99.918
| Global Round : 5/30 | Client id:0 | Local Epoch : 4/5 |  Train_Loss: 0.001 | Train_Acc: 99.966
| Global Round : 5/30 | Client id:0 | Local Epoch : 5/5 |  Train_Loss: 0.001 | Train_Acc: 99.990
| Client id:1 | Test_Loss: 0.041 | Test_Acc: 98.803
| Global Round : 5/30 | Client id:1 | Local Epoch : 1/5 |  Train_Loss: 0.023 | Train_Acc: 99.222
| Global Round : 5/30 | Client id:1 | Local Epoch : 2/5 |  Train_Loss: 0.019 | Train_Acc: 99.390
| Global Round : 5/30 | Client id:1 | Local Epoch : 3/5 |  Train_Loss: 0.014 | Train_Acc: 99.507
| Global Round : 5/30 | Client id:1 | Local Epoch : 4/5 |  Train_Loss: 0.007 | Train_Acc: 99.807
| Global Round : 5/30 | Client id:1 | Local Epoch : 5/5 |  Train_Loss: 0.003 | Train_Acc: 99.924
| Client id:2 | Test_Loss: 0.042 | Test_Acc: 98.620
| Global Round : 5/30 | Client id:2 | Local Epoch : 1/5 |  Train_Loss: 0.026 | Train_Acc: 99.181
| Global Round : 5/30 | Client id:2 | Local Epoch : 2/5 |  Train_Loss: 0.014 | Train_Acc: 99.548
| Global Round : 5/30 | Client id:2 | Local Epoch : 3/5 |  Train_Loss: 0.014 | Train_Acc: 99.512
| Global Round : 5/30 | Client id:2 | Local Epoch : 4/5 |  Train_Loss: 0.009 | Train_Acc: 99.741
| Global Round : 5/30 | Client id:2 | Local Epoch : 5/5 |  Train_Loss: 0.009 | Train_Acc: 99.751
aggregating weights...
| Client id:0 | Test_Loss: 0.572 | Test_Acc: 83.089
| Global Round : 6/30 | Client id:0 | Local Epoch : 1/5 |  Train_Loss: 0.014 | Train_Acc: 99.497
| Global Round : 6/30 | Client id:0 | Local Epoch : 2/5 |  Train_Loss: 0.003 | Train_Acc: 99.884
| Global Round : 6/30 | Client id:0 | Local Epoch : 3/5 |  Train_Loss: 0.002 | Train_Acc: 99.942
| Global Round : 6/30 | Client id:0 | Local Epoch : 4/5 |  Train_Loss: 0.001 | Train_Acc: 99.981
| Global Round : 6/30 | Client id:0 | Local Epoch : 5/5 |  Train_Loss: 0.001 | Train_Acc: 100.000
| Client id:1 | Test_Loss: 0.041 | Test_Acc: 98.710
| Global Round : 6/30 | Client id:1 | Local Epoch : 1/5 |  Train_Loss: 0.020 | Train_Acc: 99.288
| Global Round : 6/30 | Client id:1 | Local Epoch : 2/5 |  Train_Loss: 0.016 | Train_Acc: 99.532
| Global Round : 6/30 | Client id:1 | Local Epoch : 3/5 |  Train_Loss: 0.012 | Train_Acc: 99.634
| Global Round : 6/30 | Client id:1 | Local Epoch : 4/5 |  Train_Loss: 0.009 | Train_Acc: 99.756
| Global Round : 6/30 | Client id:1 | Local Epoch : 5/5 |  Train_Loss: 0.003 | Train_Acc: 99.934
| Client id:2 | Test_Loss: 0.041 | Test_Acc: 98.742
| Global Round : 6/30 | Client id:2 | Local Epoch : 1/5 |  Train_Loss: 0.021 | Train_Acc: 99.273
| Global Round : 6/30 | Client id:2 | Local Epoch : 2/5 |  Train_Loss: 0.013 | Train_Acc: 99.624
| Global Round : 6/30 | Client id:2 | Local Epoch : 3/5 |  Train_Loss: 0.008 | Train_Acc: 99.771
| Global Round : 6/30 | Client id:2 | Local Epoch : 4/5 |  Train_Loss: 0.013 | Train_Acc: 99.568
| Global Round : 6/30 | Client id:2 | Local Epoch : 5/5 |  Train_Loss: 0.005 | Train_Acc: 99.858
aggregating weights...
| Client id:0 | Test_Loss: 0.470 | Test_Acc: 84.984
| Global Round : 7/30 | Client id:0 | Local Epoch : 1/5 |  Train_Loss: 0.012 | Train_Acc: 99.613
| Global Round : 7/30 | Client id:0 | Local Epoch : 2/5 |  Train_Loss: 0.004 | Train_Acc: 99.860
| Global Round : 7/30 | Client id:0 | Local Epoch : 3/5 |  Train_Loss: 0.002 | Train_Acc: 99.932
| Global Round : 7/30 | Client id:0 | Local Epoch : 4/5 |  Train_Loss: 0.001 | Train_Acc: 99.995
| Global Round : 7/30 | Client id:0 | Local Epoch : 5/5 |  Train_Loss: 0.000 | Train_Acc: 100.000
| Client id:1 | Test_Loss: 0.042 | Test_Acc: 98.741
| Global Round : 7/30 | Client id:1 | Local Epoch : 1/5 |  Train_Loss: 0.019 | Train_Acc: 99.380
| Global Round : 7/30 | Client id:1 | Local Epoch : 2/5 |  Train_Loss: 0.014 | Train_Acc: 99.563
| Global Round : 7/30 | Client id:1 | Local Epoch : 3/5 |  Train_Loss: 0.008 | Train_Acc: 99.776
| Global Round : 7/30 | Client id:1 | Local Epoch : 4/5 |  Train_Loss: 0.008 | Train_Acc: 99.791
| Global Round : 7/30 | Client id:1 | Local Epoch : 5/5 |  Train_Loss: 0.008 | Train_Acc: 99.766
| Client id:2 | Test_Loss: 0.045 | Test_Acc: 98.528
| Global Round : 7/30 | Client id:2 | Local Epoch : 1/5 |  Train_Loss: 0.015 | Train_Acc: 99.558
| Global Round : 7/30 | Client id:2 | Local Epoch : 2/5 |  Train_Loss: 0.011 | Train_Acc: 99.654
| Global Round : 7/30 | Client id:2 | Local Epoch : 3/5 |  Train_Loss: 0.010 | Train_Acc: 99.736
| Global Round : 7/30 | Client id:2 | Local Epoch : 4/5 |  Train_Loss: 0.015 | Train_Acc: 99.532
| Global Round : 7/30 | Client id:2 | Local Epoch : 5/5 |  Train_Loss: 0.009 | Train_Acc: 99.680
aggregating weights...
| Client id:0 | Test_Loss: 0.445 | Test_Acc: 85.846
| Global Round : 8/30 | Client id:0 | Local Epoch : 1/5 |  Train_Loss: 0.010 | Train_Acc: 99.661
| Global Round : 8/30 | Client id:0 | Local Epoch : 2/5 |  Train_Loss: 0.002 | Train_Acc: 99.966
| Global Round : 8/30 | Client id:0 | Local Epoch : 3/5 |  Train_Loss: 0.001 | Train_Acc: 99.981
| Global Round : 8/30 | Client id:0 | Local Epoch : 4/5 |  Train_Loss: 0.001 | Train_Acc: 99.995
| Global Round : 8/30 | Client id:0 | Local Epoch : 5/5 |  Train_Loss: 0.001 | Train_Acc: 100.000
| Client id:1 | Test_Loss: 0.037 | Test_Acc: 98.925
| Global Round : 8/30 | Client id:1 | Local Epoch : 1/5 |  Train_Loss: 0.016 | Train_Acc: 99.466
| Global Round : 8/30 | Client id:1 | Local Epoch : 2/5 |  Train_Loss: 0.011 | Train_Acc: 99.669
| Global Round : 8/30 | Client id:1 | Local Epoch : 3/5 |  Train_Loss: 0.010 | Train_Acc: 99.680
| Global Round : 8/30 | Client id:1 | Local Epoch : 4/5 |  Train_Loss: 0.009 | Train_Acc: 99.736
| Global Round : 8/30 | Client id:1 | Local Epoch : 5/5 |  Train_Loss: 0.003 | Train_Acc: 99.919
| Client id:2 | Test_Loss: 0.037 | Test_Acc: 98.865
| Global Round : 8/30 | Client id:2 | Local Epoch : 1/5 |  Train_Loss: 0.013 | Train_Acc: 99.583
| Global Round : 8/30 | Client id:2 | Local Epoch : 2/5 |  Train_Loss: 0.012 | Train_Acc: 99.639
| Global Round : 8/30 | Client id:2 | Local Epoch : 3/5 |  Train_Loss: 0.007 | Train_Acc: 99.812
| Global Round : 8/30 | Client id:2 | Local Epoch : 4/5 |  Train_Loss: 0.008 | Train_Acc: 99.766
| Global Round : 8/30 | Client id:2 | Local Epoch : 5/5 |  Train_Loss: 0.002 | Train_Acc: 99.954
aggregating weights...
| Client id:0 | Test_Loss: 0.391 | Test_Acc: 87.051
| Global Round : 9/30 | Client id:0 | Local Epoch : 1/5 |  Train_Loss: 0.011 | Train_Acc: 99.671
| Global Round : 9/30 | Client id:0 | Local Epoch : 2/5 |  Train_Loss: 0.003 | Train_Acc: 99.889
| Global Round : 9/30 | Client id:0 | Local Epoch : 3/5 |  Train_Loss: 0.002 | Train_Acc: 99.956
| Global Round : 9/30 | Client id:0 | Local Epoch : 4/5 |  Train_Loss: 0.001 | Train_Acc: 99.995
| Global Round : 9/30 | Client id:0 | Local Epoch : 5/5 |  Train_Loss: 0.000 | Train_Acc: 100.000
| Client id:1 | Test_Loss: 0.037 | Test_Acc: 98.833
| Global Round : 9/30 | Client id:1 | Local Epoch : 1/5 |  Train_Loss: 0.018 | Train_Acc: 99.385
| Global Round : 9/30 | Client id:1 | Local Epoch : 2/5 |  Train_Loss: 0.014 | Train_Acc: 99.507
| Global Round : 9/30 | Client id:1 | Local Epoch : 3/5 |  Train_Loss: 0.009 | Train_Acc: 99.685
| Global Round : 9/30 | Client id:1 | Local Epoch : 4/5 |  Train_Loss: 0.005 | Train_Acc: 99.847
| Global Round : 9/30 | Client id:1 | Local Epoch : 5/5 |  Train_Loss: 0.005 | Train_Acc: 99.853
| Client id:2 | Test_Loss: 0.038 | Test_Acc: 98.865
| Global Round : 9/30 | Client id:2 | Local Epoch : 1/5 |  Train_Loss: 0.013 | Train_Acc: 99.614
| Global Round : 9/30 | Client id:2 | Local Epoch : 2/5 |  Train_Loss: 0.013 | Train_Acc: 99.578
| Global Round : 9/30 | Client id:2 | Local Epoch : 3/5 |  Train_Loss: 0.008 | Train_Acc: 99.741
| Global Round : 9/30 | Client id:2 | Local Epoch : 4/5 |  Train_Loss: 0.010 | Train_Acc: 99.731
| Global Round : 9/30 | Client id:2 | Local Epoch : 5/5 |  Train_Loss: 0.003 | Train_Acc: 99.924
aggregating weights...
| Client id:0 | Test_Loss: 0.425 | Test_Acc: 87.023
| Global Round : 10/30 | Client id:0 | Local Epoch : 1/5 |  Train_Loss: 0.010 | Train_Acc: 99.695
| Global Round : 10/30 | Client id:0 | Local Epoch : 2/5 |  Train_Loss: 0.003 | Train_Acc: 99.908
| Global Round : 10/30 | Client id:0 | Local Epoch : 3/5 |  Train_Loss: 0.001 | Train_Acc: 99.985
| Global Round : 10/30 | Client id:0 | Local Epoch : 4/5 |  Train_Loss: 0.000 | Train_Acc: 100.000
| Global Round : 10/30 | Client id:0 | Local Epoch : 5/5 |  Train_Loss: 0.000 | Train_Acc: 100.000
| Client id:1 | Test_Loss: 0.035 | Test_Acc: 98.864
| Global Round : 10/30 | Client id:1 | Local Epoch : 1/5 |  Train_Loss: 0.015 | Train_Acc: 99.547
| Global Round : 10/30 | Client id:1 | Local Epoch : 2/5 |  Train_Loss: 0.010 | Train_Acc: 99.659
| Global Round : 10/30 | Client id:1 | Local Epoch : 3/5 |  Train_Loss: 0.006 | Train_Acc: 99.837
| Global Round : 10/30 | Client id:1 | Local Epoch : 4/5 |  Train_Loss: 0.007 | Train_Acc: 99.858
| Global Round : 10/30 | Client id:1 | Local Epoch : 5/5 |  Train_Loss: 0.006 | Train_Acc: 99.847
| Client id:2 | Test_Loss: 0.034 | Test_Acc: 98.988
| Global Round : 10/30 | Client id:2 | Local Epoch : 1/5 |  Train_Loss: 0.015 | Train_Acc: 99.568
| Global Round : 10/30 | Client id:2 | Local Epoch : 2/5 |  Train_Loss: 0.010 | Train_Acc: 99.675
| Global Round : 10/30 | Client id:2 | Local Epoch : 3/5 |  Train_Loss: 0.012 | Train_Acc: 99.583
| Global Round : 10/30 | Client id:2 | Local Epoch : 4/5 |  Train_Loss: 0.006 | Train_Acc: 99.858
| Global Round : 10/30 | Client id:2 | Local Epoch : 5/5 |  Train_Loss: 0.001 | Train_Acc: 99.990
aggregating weights...
| Client id:0 | Test_Loss: 0.378 | Test_Acc: 88.114
| Global Round : 11/30 | Client id:0 | Local Epoch : 1/5 |  Train_Loss: 0.009 | Train_Acc: 99.748
| Global Round : 11/30 | Client id:0 | Local Epoch : 2/5 |  Train_Loss: 0.003 | Train_Acc: 99.918
| Global Round : 11/30 | Client id:0 | Local Epoch : 3/5 |  Train_Loss: 0.001 | Train_Acc: 100.000
| Global Round : 11/30 | Client id:0 | Local Epoch : 4/5 |  Train_Loss: 0.000 | Train_Acc: 100.000
| Global Round : 11/30 | Client id:0 | Local Epoch : 5/5 |  Train_Loss: 0.000 | Train_Acc: 100.000
| Client id:1 | Test_Loss: 0.036 | Test_Acc: 98.833
| Global Round : 11/30 | Client id:1 | Local Epoch : 1/5 |  Train_Loss: 0.012 | Train_Acc: 99.634
| Global Round : 11/30 | Client id:1 | Local Epoch : 2/5 |  Train_Loss: 0.012 | Train_Acc: 99.593
| Global Round : 11/30 | Client id:1 | Local Epoch : 3/5 |  Train_Loss: 0.009 | Train_Acc: 99.695
| Global Round : 11/30 | Client id:1 | Local Epoch : 4/5 |  Train_Loss: 0.011 | Train_Acc: 99.659
| Global Round : 11/30 | Client id:1 | Local Epoch : 5/5 |  Train_Loss: 0.007 | Train_Acc: 99.797
| Client id:2 | Test_Loss: 0.037 | Test_Acc: 98.957
| Global Round : 11/30 | Client id:2 | Local Epoch : 1/5 |  Train_Loss: 0.013 | Train_Acc: 99.603
| Global Round : 11/30 | Client id:2 | Local Epoch : 2/5 |  Train_Loss: 0.011 | Train_Acc: 99.675
| Global Round : 11/30 | Client id:2 | Local Epoch : 3/5 |  Train_Loss: 0.006 | Train_Acc: 99.853
| Global Round : 11/30 | Client id:2 | Local Epoch : 4/5 |  Train_Loss: 0.005 | Train_Acc: 99.853
| Global Round : 11/30 | Client id:2 | Local Epoch : 5/5 |  Train_Loss: 0.002 | Train_Acc: 99.975
aggregating weights...
| Client id:0 | Test_Loss: 0.422 | Test_Acc: 86.219
| Global Round : 12/30 | Client id:0 | Local Epoch : 1/5 |  Train_Loss: 0.010 | Train_Acc: 99.637
| Global Round : 12/30 | Client id:0 | Local Epoch : 2/5 |  Train_Loss: 0.002 | Train_Acc: 99.952
| Global Round : 12/30 | Client id:0 | Local Epoch : 3/5 |  Train_Loss: 0.001 | Train_Acc: 99.976
| Global Round : 12/30 | Client id:0 | Local Epoch : 4/5 |  Train_Loss: 0.000 | Train_Acc: 100.000
| Global Round : 12/30 | Client id:0 | Local Epoch : 5/5 |  Train_Loss: 0.000 | Train_Acc: 100.000
| Client id:1 | Test_Loss: 0.034 | Test_Acc: 98.987
| Global Round : 12/30 | Client id:1 | Local Epoch : 1/5 |  Train_Loss: 0.011 | Train_Acc: 99.705
| Global Round : 12/30 | Client id:1 | Local Epoch : 2/5 |  Train_Loss: 0.011 | Train_Acc: 99.664
| Global Round : 12/30 | Client id:1 | Local Epoch : 3/5 |  Train_Loss: 0.013 | Train_Acc: 99.532
| Global Round : 12/30 | Client id:1 | Local Epoch : 4/5 |  Train_Loss: 0.008 | Train_Acc: 99.736
| Global Round : 12/30 | Client id:1 | Local Epoch : 5/5 |  Train_Loss: 0.003 | Train_Acc: 99.919
| Client id:2 | Test_Loss: 0.033 | Test_Acc: 99.049
| Global Round : 12/30 | Client id:2 | Local Epoch : 1/5 |  Train_Loss: 0.019 | Train_Acc: 99.375
| Global Round : 12/30 | Client id:2 | Local Epoch : 2/5 |  Train_Loss: 0.013 | Train_Acc: 99.619
| Global Round : 12/30 | Client id:2 | Local Epoch : 3/5 |  Train_Loss: 0.009 | Train_Acc: 99.705
| Global Round : 12/30 | Client id:2 | Local Epoch : 4/5 |  Train_Loss: 0.008 | Train_Acc: 99.736
| Global Round : 12/30 | Client id:2 | Local Epoch : 5/5 |  Train_Loss: 0.005 | Train_Acc: 99.858
aggregating weights...
| Client id:0 | Test_Loss: 0.423 | Test_Acc: 87.109
| Global Round : 13/30 | Client id:0 | Local Epoch : 1/5 |  Train_Loss: 0.011 | Train_Acc: 99.666
| Global Round : 13/30 | Client id:0 | Local Epoch : 2/5 |  Train_Loss: 0.002 | Train_Acc: 99.937
| Global Round : 13/30 | Client id:0 | Local Epoch : 3/5 |  Train_Loss: 0.001 | Train_Acc: 99.990
| Global Round : 13/30 | Client id:0 | Local Epoch : 4/5 |  Train_Loss: 0.000 | Train_Acc: 100.000
| Global Round : 13/30 | Client id:0 | Local Epoch : 5/5 |  Train_Loss: 0.000 | Train_Acc: 100.000
| Client id:1 | Test_Loss: 0.036 | Test_Acc: 98.925
| Global Round : 13/30 | Client id:1 | Local Epoch : 1/5 |  Train_Loss: 0.011 | Train_Acc: 99.675
| Global Round : 13/30 | Client id:1 | Local Epoch : 2/5 |  Train_Loss: 0.008 | Train_Acc: 99.786
| Global Round : 13/30 | Client id:1 | Local Epoch : 3/5 |  Train_Loss: 0.006 | Train_Acc: 99.786
| Global Round : 13/30 | Client id:1 | Local Epoch : 4/5 |  Train_Loss: 0.008 | Train_Acc: 99.761
| Global Round : 13/30 | Client id:1 | Local Epoch : 5/5 |  Train_Loss: 0.006 | Train_Acc: 99.827
| Client id:2 | Test_Loss: 0.035 | Test_Acc: 98.926
| Global Round : 13/30 | Client id:2 | Local Epoch : 1/5 |  Train_Loss: 0.015 | Train_Acc: 99.507
| Global Round : 13/30 | Client id:2 | Local Epoch : 2/5 |  Train_Loss: 0.010 | Train_Acc: 99.725
| Global Round : 13/30 | Client id:2 | Local Epoch : 3/5 |  Train_Loss: 0.012 | Train_Acc: 99.598
| Global Round : 13/30 | Client id:2 | Local Epoch : 4/5 |  Train_Loss: 0.003 | Train_Acc: 99.919
| Global Round : 13/30 | Client id:2 | Local Epoch : 5/5 |  Train_Loss: 0.001 | Train_Acc: 99.990
aggregating weights...
| Client id:0 | Test_Loss: 0.335 | Test_Acc: 89.406
| Global Round : 14/30 | Client id:0 | Local Epoch : 1/5 |  Train_Loss: 0.008 | Train_Acc: 99.739
| Global Round : 14/30 | Client id:0 | Local Epoch : 2/5 |  Train_Loss: 0.004 | Train_Acc: 99.869
| Global Round : 14/30 | Client id:0 | Local Epoch : 3/5 |  Train_Loss: 0.002 | Train_Acc: 99.956
| Global Round : 14/30 | Client id:0 | Local Epoch : 4/5 |  Train_Loss: 0.001 | Train_Acc: 99.995
| Global Round : 14/30 | Client id:0 | Local Epoch : 5/5 |  Train_Loss: 0.000 | Train_Acc: 100.000
| Client id:1 | Test_Loss: 0.035 | Test_Acc: 99.140
| Global Round : 14/30 | Client id:1 | Local Epoch : 1/5 |  Train_Loss: 0.015 | Train_Acc: 99.507
| Global Round : 14/30 | Client id:1 | Local Epoch : 2/5 |  Train_Loss: 0.009 | Train_Acc: 99.680
| Global Round : 14/30 | Client id:1 | Local Epoch : 3/5 |  Train_Loss: 0.007 | Train_Acc: 99.761
| Global Round : 14/30 | Client id:1 | Local Epoch : 4/5 |  Train_Loss: 0.006 | Train_Acc: 99.883
| Global Round : 14/30 | Client id:1 | Local Epoch : 5/5 |  Train_Loss: 0.001 | Train_Acc: 99.990
| Client id:2 | Test_Loss: 0.034 | Test_Acc: 99.049
| Global Round : 14/30 | Client id:2 | Local Epoch : 1/5 |  Train_Loss: 0.011 | Train_Acc: 99.670
| Global Round : 14/30 | Client id:2 | Local Epoch : 2/5 |  Train_Loss: 0.008 | Train_Acc: 99.771
| Global Round : 14/30 | Client id:2 | Local Epoch : 3/5 |  Train_Loss: 0.009 | Train_Acc: 99.756
| Global Round : 14/30 | Client id:2 | Local Epoch : 4/5 |  Train_Loss: 0.010 | Train_Acc: 99.725
| Global Round : 14/30 | Client id:2 | Local Epoch : 5/5 |  Train_Loss: 0.007 | Train_Acc: 99.827
aggregating weights...
| Client id:0 | Test_Loss: 0.304 | Test_Acc: 90.525
| Global Round : 15/30 | Client id:0 | Local Epoch : 1/5 |  Train_Loss: 0.008 | Train_Acc: 99.690
| Global Round : 15/30 | Client id:0 | Local Epoch : 2/5 |  Train_Loss: 0.002 | Train_Acc: 99.932
| Global Round : 15/30 | Client id:0 | Local Epoch : 3/5 |  Train_Loss: 0.002 | Train_Acc: 99.947
| Global Round : 15/30 | Client id:0 | Local Epoch : 4/5 |  Train_Loss: 0.000 | Train_Acc: 100.000
| Global Round : 15/30 | Client id:0 | Local Epoch : 5/5 |  Train_Loss: 0.000 | Train_Acc: 100.000
| Client id:1 | Test_Loss: 0.038 | Test_Acc: 98.956
| Global Round : 15/30 | Client id:1 | Local Epoch : 1/5 |  Train_Loss: 0.013 | Train_Acc: 99.614
| Global Round : 15/30 | Client id:1 | Local Epoch : 2/5 |  Train_Loss: 0.010 | Train_Acc: 99.664
| Global Round : 15/30 | Client id:1 | Local Epoch : 3/5 |  Train_Loss: 0.011 | Train_Acc: 99.644
| Global Round : 15/30 | Client id:1 | Local Epoch : 4/5 |  Train_Loss: 0.008 | Train_Acc: 99.736
| Global Round : 15/30 | Client id:1 | Local Epoch : 5/5 |  Train_Loss: 0.003 | Train_Acc: 99.903
| Client id:2 | Test_Loss: 0.036 | Test_Acc: 98.988
| Global Round : 15/30 | Client id:2 | Local Epoch : 1/5 |  Train_Loss: 0.013 | Train_Acc: 99.614
| Global Round : 15/30 | Client id:2 | Local Epoch : 2/5 |  Train_Loss: 0.005 | Train_Acc: 99.868
| Global Round : 15/30 | Client id:2 | Local Epoch : 3/5 |  Train_Loss: 0.013 | Train_Acc: 99.593
| Global Round : 15/30 | Client id:2 | Local Epoch : 4/5 |  Train_Loss: 0.004 | Train_Acc: 99.903
| Global Round : 15/30 | Client id:2 | Local Epoch : 5/5 |  Train_Loss: 0.004 | Train_Acc: 99.873
aggregating weights...
| Client id:0 | Test_Loss: 0.441 | Test_Acc: 85.817
| Global Round : 16/30 | Client id:0 | Local Epoch : 1/5 |  Train_Loss: 0.011 | Train_Acc: 99.594
| Global Round : 16/30 | Client id:0 | Local Epoch : 2/5 |  Train_Loss: 0.002 | Train_Acc: 99.942
| Global Round : 16/30 | Client id:0 | Local Epoch : 3/5 |  Train_Loss: 0.001 | Train_Acc: 99.995
| Global Round : 16/30 | Client id:0 | Local Epoch : 4/5 |  Train_Loss: 0.000 | Train_Acc: 100.000
| Global Round : 16/30 | Client id:0 | Local Epoch : 5/5 |  Train_Loss: 0.000 | Train_Acc: 100.000
| Client id:1 | Test_Loss: 0.041 | Test_Acc: 98.895
| Global Round : 16/30 | Client id:1 | Local Epoch : 1/5 |  Train_Loss: 0.010 | Train_Acc: 99.715
| Global Round : 16/30 | Client id:1 | Local Epoch : 2/5 |  Train_Loss: 0.013 | Train_Acc: 99.537
| Global Round : 16/30 | Client id:1 | Local Epoch : 3/5 |  Train_Loss: 0.007 | Train_Acc: 99.791
| Global Round : 16/30 | Client id:1 | Local Epoch : 4/5 |  Train_Loss: 0.012 | Train_Acc: 99.558
| Global Round : 16/30 | Client id:1 | Local Epoch : 5/5 |  Train_Loss: 0.008 | Train_Acc: 99.771
| Client id:2 | Test_Loss: 0.038 | Test_Acc: 98.773
| Global Round : 16/30 | Client id:2 | Local Epoch : 1/5 |  Train_Loss: 0.012 | Train_Acc: 99.614
| Global Round : 16/30 | Client id:2 | Local Epoch : 2/5 |  Train_Loss: 0.012 | Train_Acc: 99.603
| Global Round : 16/30 | Client id:2 | Local Epoch : 3/5 |  Train_Loss: 0.007 | Train_Acc: 99.817
| Global Round : 16/30 | Client id:2 | Local Epoch : 4/5 |  Train_Loss: 0.005 | Train_Acc: 99.847
| Global Round : 16/30 | Client id:2 | Local Epoch : 5/5 |  Train_Loss: 0.002 | Train_Acc: 99.954
aggregating weights...
| Client id:0 | Test_Loss: 0.282 | Test_Acc: 91.559
| Global Round : 17/30 | Client id:0 | Local Epoch : 1/5 |  Train_Loss: 0.012 | Train_Acc: 99.637
| Global Round : 17/30 | Client id:0 | Local Epoch : 2/5 |  Train_Loss: 0.002 | Train_Acc: 99.952
| Global Round : 17/30 | Client id:0 | Local Epoch : 3/5 |  Train_Loss: 0.001 | Train_Acc: 100.000
| Global Round : 17/30 | Client id:0 | Local Epoch : 4/5 |  Train_Loss: 0.000 | Train_Acc: 100.000
| Global Round : 17/30 | Client id:0 | Local Epoch : 5/5 |  Train_Loss: 0.000 | Train_Acc: 100.000
| Client id:1 | Test_Loss: 0.037 | Test_Acc: 98.772
| Global Round : 17/30 | Client id:1 | Local Epoch : 1/5 |  Train_Loss: 0.010 | Train_Acc: 99.736
| Global Round : 17/30 | Client id:1 | Local Epoch : 2/5 |  Train_Loss: 0.014 | Train_Acc: 99.558
| Global Round : 17/30 | Client id:1 | Local Epoch : 3/5 |  Train_Loss: 0.007 | Train_Acc: 99.725
| Global Round : 17/30 | Client id:1 | Local Epoch : 4/5 |  Train_Loss: 0.006 | Train_Acc: 99.822
| Global Round : 17/30 | Client id:1 | Local Epoch : 5/5 |  Train_Loss: 0.005 | Train_Acc: 99.853
| Client id:2 | Test_Loss: 0.039 | Test_Acc: 98.804
| Global Round : 17/30 | Client id:2 | Local Epoch : 1/5 |  Train_Loss: 0.015 | Train_Acc: 99.593
| Global Round : 17/30 | Client id:2 | Local Epoch : 2/5 |  Train_Loss: 0.011 | Train_Acc: 99.634
| Global Round : 17/30 | Client id:2 | Local Epoch : 3/5 |  Train_Loss: 0.006 | Train_Acc: 99.827
| Global Round : 17/30 | Client id:2 | Local Epoch : 4/5 |  Train_Loss: 0.004 | Train_Acc: 99.934
| Global Round : 17/30 | Client id:2 | Local Epoch : 5/5 |  Train_Loss: 0.002 | Train_Acc: 99.975
aggregating weights...
| Client id:0 | Test_Loss: 0.351 | Test_Acc: 88.803
| Global Round : 18/30 | Client id:0 | Local Epoch : 1/5 |  Train_Loss: 0.007 | Train_Acc: 99.763
| Global Round : 18/30 | Client id:0 | Local Epoch : 2/5 |  Train_Loss: 0.004 | Train_Acc: 99.879
| Global Round : 18/30 | Client id:0 | Local Epoch : 3/5 |  Train_Loss: 0.002 | Train_Acc: 99.952
| Global Round : 18/30 | Client id:0 | Local Epoch : 4/5 |  Train_Loss: 0.001 | Train_Acc: 100.000
| Global Round : 18/30 | Client id:0 | Local Epoch : 5/5 |  Train_Loss: 0.000 | Train_Acc: 100.000
| Client id:1 | Test_Loss: 0.035 | Test_Acc: 99.171
| Global Round : 18/30 | Client id:1 | Local Epoch : 1/5 |  Train_Loss: 0.010 | Train_Acc: 99.669
| Global Round : 18/30 | Client id:1 | Local Epoch : 2/5 |  Train_Loss: 0.012 | Train_Acc: 99.669
| Global Round : 18/30 | Client id:1 | Local Epoch : 3/5 |  Train_Loss: 0.009 | Train_Acc: 99.715
| Global Round : 18/30 | Client id:1 | Local Epoch : 4/5 |  Train_Loss: 0.003 | Train_Acc: 99.939
| Global Round : 18/30 | Client id:1 | Local Epoch : 5/5 |  Train_Loss: 0.004 | Train_Acc: 99.898
| Client id:2 | Test_Loss: 0.039 | Test_Acc: 98.773
| Global Round : 18/30 | Client id:2 | Local Epoch : 1/5 |  Train_Loss: 0.011 | Train_Acc: 99.700
| Global Round : 18/30 | Client id:2 | Local Epoch : 2/5 |  Train_Loss: 0.012 | Train_Acc: 99.563
| Global Round : 18/30 | Client id:2 | Local Epoch : 3/5 |  Train_Loss: 0.012 | Train_Acc: 99.664
| Global Round : 18/30 | Client id:2 | Local Epoch : 4/5 |  Train_Loss: 0.006 | Train_Acc: 99.827
| Global Round : 18/30 | Client id:2 | Local Epoch : 5/5 |  Train_Loss: 0.007 | Train_Acc: 99.771
aggregating weights...
| Client id:0 | Test_Loss: 0.288 | Test_Acc: 91.301
| Global Round : 19/30 | Client id:0 | Local Epoch : 1/5 |  Train_Loss: 0.007 | Train_Acc: 99.753
| Global Round : 19/30 | Client id:0 | Local Epoch : 2/5 |  Train_Loss: 0.003 | Train_Acc: 99.927
| Global Round : 19/30 | Client id:0 | Local Epoch : 3/5 |  Train_Loss: 0.001 | Train_Acc: 99.961
| Global Round : 19/30 | Client id:0 | Local Epoch : 4/5 |  Train_Loss: 0.000 | Train_Acc: 100.000
| Global Round : 19/30 | Client id:0 | Local Epoch : 5/5 |  Train_Loss: 0.000 | Train_Acc: 100.000
| Client id:1 | Test_Loss: 0.033 | Test_Acc: 99.079
| Global Round : 19/30 | Client id:1 | Local Epoch : 1/5 |  Train_Loss: 0.010 | Train_Acc: 99.725
| Global Round : 19/30 | Client id:1 | Local Epoch : 2/5 |  Train_Loss: 0.008 | Train_Acc: 99.751
| Global Round : 19/30 | Client id:1 | Local Epoch : 3/5 |  Train_Loss: 0.005 | Train_Acc: 99.893
| Global Round : 19/30 | Client id:1 | Local Epoch : 4/5 |  Train_Loss: 0.003 | Train_Acc: 99.939
| Global Round : 19/30 | Client id:1 | Local Epoch : 5/5 |  Train_Loss: 0.003 | Train_Acc: 99.924
| Client id:2 | Test_Loss: 0.035 | Test_Acc: 98.957
| Global Round : 19/30 | Client id:2 | Local Epoch : 1/5 |  Train_Loss: 0.008 | Train_Acc: 99.771
| Global Round : 19/30 | Client id:2 | Local Epoch : 2/5 |  Train_Loss: 0.011 | Train_Acc: 99.695
| Global Round : 19/30 | Client id:2 | Local Epoch : 3/5 |  Train_Loss: 0.005 | Train_Acc: 99.878
| Global Round : 19/30 | Client id:2 | Local Epoch : 4/5 |  Train_Loss: 0.002 | Train_Acc: 99.980
| Global Round : 19/30 | Client id:2 | Local Epoch : 5/5 |  Train_Loss: 0.001 | Train_Acc: 99.990
aggregating weights...
| Client id:0 | Test_Loss: 0.243 | Test_Acc: 92.133
| Global Round : 20/30 | Client id:0 | Local Epoch : 1/5 |  Train_Loss: 0.010 | Train_Acc: 99.661
| Global Round : 20/30 | Client id:0 | Local Epoch : 2/5 |  Train_Loss: 0.002 | Train_Acc: 99.961
| Global Round : 20/30 | Client id:0 | Local Epoch : 3/5 |  Train_Loss: 0.001 | Train_Acc: 100.000
| Global Round : 20/30 | Client id:0 | Local Epoch : 4/5 |  Train_Loss: 0.000 | Train_Acc: 100.000
| Global Round : 20/30 | Client id:0 | Local Epoch : 5/5 |  Train_Loss: 0.000 | Train_Acc: 100.000
| Client id:1 | Test_Loss: 0.035 | Test_Acc: 98.895
| Global Round : 20/30 | Client id:1 | Local Epoch : 1/5 |  Train_Loss: 0.011 | Train_Acc: 99.669
| Global Round : 20/30 | Client id:1 | Local Epoch : 2/5 |  Train_Loss: 0.012 | Train_Acc: 99.593
| Global Round : 20/30 | Client id:1 | Local Epoch : 3/5 |  Train_Loss: 0.009 | Train_Acc: 99.725
| Global Round : 20/30 | Client id:1 | Local Epoch : 4/5 |  Train_Loss: 0.006 | Train_Acc: 99.812
| Global Round : 20/30 | Client id:1 | Local Epoch : 5/5 |  Train_Loss: 0.008 | Train_Acc: 99.761
| Client id:2 | Test_Loss: 0.035 | Test_Acc: 99.018
| Global Round : 20/30 | Client id:2 | Local Epoch : 1/5 |  Train_Loss: 0.013 | Train_Acc: 99.609
| Global Round : 20/30 | Client id:2 | Local Epoch : 2/5 |  Train_Loss: 0.012 | Train_Acc: 99.614
| Global Round : 20/30 | Client id:2 | Local Epoch : 3/5 |  Train_Loss: 0.012 | Train_Acc: 99.588
| Global Round : 20/30 | Client id:2 | Local Epoch : 4/5 |  Train_Loss: 0.010 | Train_Acc: 99.725
| Global Round : 20/30 | Client id:2 | Local Epoch : 5/5 |  Train_Loss: 0.006 | Train_Acc: 99.873
aggregating weights...
| Client id:0 | Test_Loss: 0.493 | Test_Acc: 84.755
| Global Round : 21/30 | Client id:0 | Local Epoch : 1/5 |  Train_Loss: 0.013 | Train_Acc: 99.661
| Global Round : 21/30 | Client id:0 | Local Epoch : 2/5 |  Train_Loss: 0.001 | Train_Acc: 99.971
| Global Round : 21/30 | Client id:0 | Local Epoch : 3/5 |  Train_Loss: 0.001 | Train_Acc: 100.000
| Global Round : 21/30 | Client id:0 | Local Epoch : 4/5 |  Train_Loss: 0.000 | Train_Acc: 100.000
| Global Round : 21/30 | Client id:0 | Local Epoch : 5/5 |  Train_Loss: 0.000 | Train_Acc: 100.000
| Client id:1 | Test_Loss: 0.033 | Test_Acc: 99.110
| Global Round : 21/30 | Client id:1 | Local Epoch : 1/5 |  Train_Loss: 0.008 | Train_Acc: 99.812
| Global Round : 21/30 | Client id:1 | Local Epoch : 2/5 |  Train_Loss: 0.005 | Train_Acc: 99.878
| Global Round : 21/30 | Client id:1 | Local Epoch : 3/5 |  Train_Loss: 0.004 | Train_Acc: 99.903
| Global Round : 21/30 | Client id:1 | Local Epoch : 4/5 |  Train_Loss: 0.009 | Train_Acc: 99.771
| Global Round : 21/30 | Client id:1 | Local Epoch : 5/5 |  Train_Loss: 0.006 | Train_Acc: 99.817
| Client id:2 | Test_Loss: 0.035 | Test_Acc: 99.049
| Global Round : 21/30 | Client id:2 | Local Epoch : 1/5 |  Train_Loss: 0.012 | Train_Acc: 99.644
| Global Round : 21/30 | Client id:2 | Local Epoch : 2/5 |  Train_Loss: 0.008 | Train_Acc: 99.715
| Global Round : 21/30 | Client id:2 | Local Epoch : 3/5 |  Train_Loss: 0.009 | Train_Acc: 99.680
| Global Round : 21/30 | Client id:2 | Local Epoch : 4/5 |  Train_Loss: 0.005 | Train_Acc: 99.847
| Global Round : 21/30 | Client id:2 | Local Epoch : 5/5 |  Train_Loss: 0.001 | Train_Acc: 100.000
aggregating weights...
| Client id:0 | Test_Loss: 0.260 | Test_Acc: 91.530
| Global Round : 22/30 | Client id:0 | Local Epoch : 1/5 |  Train_Loss: 0.008 | Train_Acc: 99.744
| Global Round : 22/30 | Client id:0 | Local Epoch : 2/5 |  Train_Loss: 0.002 | Train_Acc: 99.956
| Global Round : 22/30 | Client id:0 | Local Epoch : 3/5 |  Train_Loss: 0.002 | Train_Acc: 99.937
| Global Round : 22/30 | Client id:0 | Local Epoch : 4/5 |  Train_Loss: 0.000 | Train_Acc: 100.000
| Global Round : 22/30 | Client id:0 | Local Epoch : 5/5 |  Train_Loss: 0.000 | Train_Acc: 100.000
| Client id:1 | Test_Loss: 0.034 | Test_Acc: 99.048
| Global Round : 22/30 | Client id:1 | Local Epoch : 1/5 |  Train_Loss: 0.010 | Train_Acc: 99.705
| Global Round : 22/30 | Client id:1 | Local Epoch : 2/5 |  Train_Loss: 0.011 | Train_Acc: 99.578
| Global Round : 22/30 | Client id:1 | Local Epoch : 3/5 |  Train_Loss: 0.009 | Train_Acc: 99.741
| Global Round : 22/30 | Client id:1 | Local Epoch : 4/5 |  Train_Loss: 0.004 | Train_Acc: 99.903
| Global Round : 22/30 | Client id:1 | Local Epoch : 5/5 |  Train_Loss: 0.007 | Train_Acc: 99.766
| Client id:2 | Test_Loss: 0.036 | Test_Acc: 98.834
| Global Round : 22/30 | Client id:2 | Local Epoch : 1/5 |  Train_Loss: 0.009 | Train_Acc: 99.736
| Global Round : 22/30 | Client id:2 | Local Epoch : 2/5 |  Train_Loss: 0.009 | Train_Acc: 99.751
| Global Round : 22/30 | Client id:2 | Local Epoch : 3/5 |  Train_Loss: 0.008 | Train_Acc: 99.812
| Global Round : 22/30 | Client id:2 | Local Epoch : 4/5 |  Train_Loss: 0.008 | Train_Acc: 99.761
| Global Round : 22/30 | Client id:2 | Local Epoch : 5/5 |  Train_Loss: 0.007 | Train_Acc: 99.786
aggregating weights...
| Client id:0 | Test_Loss: 0.444 | Test_Acc: 86.420
| Global Round : 23/30 | Client id:0 | Local Epoch : 1/5 |  Train_Loss: 0.010 | Train_Acc: 99.710
| Global Round : 23/30 | Client id:0 | Local Epoch : 2/5 |  Train_Loss: 0.002 | Train_Acc: 99.947
| Global Round : 23/30 | Client id:0 | Local Epoch : 3/5 |  Train_Loss: 0.001 | Train_Acc: 99.990
| Global Round : 23/30 | Client id:0 | Local Epoch : 4/5 |  Train_Loss: 0.001 | Train_Acc: 100.000
| Global Round : 23/30 | Client id:0 | Local Epoch : 5/5 |  Train_Loss: 0.000 | Train_Acc: 100.000
| Client id:1 | Test_Loss: 0.035 | Test_Acc: 98.956
| Global Round : 23/30 | Client id:1 | Local Epoch : 1/5 |  Train_Loss: 0.011 | Train_Acc: 99.639
| Global Round : 23/30 | Client id:1 | Local Epoch : 2/5 |  Train_Loss: 0.008 | Train_Acc: 99.776
| Global Round : 23/30 | Client id:1 | Local Epoch : 3/5 |  Train_Loss: 0.008 | Train_Acc: 99.791
| Global Round : 23/30 | Client id:1 | Local Epoch : 4/5 |  Train_Loss: 0.012 | Train_Acc: 99.634
| Global Round : 23/30 | Client id:1 | Local Epoch : 5/5 |  Train_Loss: 0.009 | Train_Acc: 99.669
| Client id:2 | Test_Loss: 0.037 | Test_Acc: 98.957
| Global Round : 23/30 | Client id:2 | Local Epoch : 1/5 |  Train_Loss: 0.007 | Train_Acc: 99.817
| Global Round : 23/30 | Client id:2 | Local Epoch : 2/5 |  Train_Loss: 0.008 | Train_Acc: 99.746
| Global Round : 23/30 | Client id:2 | Local Epoch : 3/5 |  Train_Loss: 0.007 | Train_Acc: 99.817
| Global Round : 23/30 | Client id:2 | Local Epoch : 4/5 |  Train_Loss: 0.005 | Train_Acc: 99.847
| Global Round : 23/30 | Client id:2 | Local Epoch : 5/5 |  Train_Loss: 0.007 | Train_Acc: 99.792
aggregating weights...
| Client id:0 | Test_Loss: 0.257 | Test_Acc: 92.305
| Global Round : 24/30 | Client id:0 | Local Epoch : 1/5 |  Train_Loss: 0.008 | Train_Acc: 99.724
| Global Round : 24/30 | Client id:0 | Local Epoch : 2/5 |  Train_Loss: 0.003 | Train_Acc: 99.942
| Global Round : 24/30 | Client id:0 | Local Epoch : 3/5 |  Train_Loss: 0.001 | Train_Acc: 99.985
| Global Round : 24/30 | Client id:0 | Local Epoch : 4/5 |  Train_Loss: 0.000 | Train_Acc: 100.000
| Global Round : 24/30 | Client id:0 | Local Epoch : 5/5 |  Train_Loss: 0.000 | Train_Acc: 100.000
| Client id:1 | Test_Loss: 0.035 | Test_Acc: 99.048
| Global Round : 24/30 | Client id:1 | Local Epoch : 1/5 |  Train_Loss: 0.007 | Train_Acc: 99.781
| Global Round : 24/30 | Client id:1 | Local Epoch : 2/5 |  Train_Loss: 0.009 | Train_Acc: 99.761
| Global Round : 24/30 | Client id:1 | Local Epoch : 3/5 |  Train_Loss: 0.009 | Train_Acc: 99.695
| Global Round : 24/30 | Client id:1 | Local Epoch : 4/5 |  Train_Loss: 0.004 | Train_Acc: 99.888
| Global Round : 24/30 | Client id:1 | Local Epoch : 5/5 |  Train_Loss: 0.003 | Train_Acc: 99.934
| Client id:2 | Test_Loss: 0.034 | Test_Acc: 98.957
| Global Round : 24/30 | Client id:2 | Local Epoch : 1/5 |  Train_Loss: 0.011 | Train_Acc: 99.644
| Global Round : 24/30 | Client id:2 | Local Epoch : 2/5 |  Train_Loss: 0.013 | Train_Acc: 99.598
| Global Round : 24/30 | Client id:2 | Local Epoch : 3/5 |  Train_Loss: 0.006 | Train_Acc: 99.827
| Global Round : 24/30 | Client id:2 | Local Epoch : 4/5 |  Train_Loss: 0.004 | Train_Acc: 99.908
| Global Round : 24/30 | Client id:2 | Local Epoch : 5/5 |  Train_Loss: 0.001 | Train_Acc: 99.990
aggregating weights...
| Client id:0 | Test_Loss: 0.377 | Test_Acc: 88.286
| Global Round : 25/30 | Client id:0 | Local Epoch : 1/5 |  Train_Loss: 0.008 | Train_Acc: 99.729
| Global Round : 25/30 | Client id:0 | Local Epoch : 2/5 |  Train_Loss: 0.002 | Train_Acc: 99.927
| Global Round : 25/30 | Client id:0 | Local Epoch : 3/5 |  Train_Loss: 0.002 | Train_Acc: 99.942
| Global Round : 25/30 | Client id:0 | Local Epoch : 4/5 |  Train_Loss: 0.001 | Train_Acc: 99.985
| Global Round : 25/30 | Client id:0 | Local Epoch : 5/5 |  Train_Loss: 0.000 | Train_Acc: 99.995
| Client id:1 | Test_Loss: 0.034 | Test_Acc: 98.987
| Global Round : 25/30 | Client id:1 | Local Epoch : 1/5 |  Train_Loss: 0.013 | Train_Acc: 99.634
| Global Round : 25/30 | Client id:1 | Local Epoch : 2/5 |  Train_Loss: 0.013 | Train_Acc: 99.542
| Global Round : 25/30 | Client id:1 | Local Epoch : 3/5 |  Train_Loss: 0.009 | Train_Acc: 99.725
| Global Round : 25/30 | Client id:1 | Local Epoch : 4/5 |  Train_Loss: 0.005 | Train_Acc: 99.837
| Global Round : 25/30 | Client id:1 | Local Epoch : 5/5 |  Train_Loss: 0.002 | Train_Acc: 99.980
| Client id:2 | Test_Loss: 0.034 | Test_Acc: 98.926
| Global Round : 25/30 | Client id:2 | Local Epoch : 1/5 |  Train_Loss: 0.008 | Train_Acc: 99.761
| Global Round : 25/30 | Client id:2 | Local Epoch : 2/5 |  Train_Loss: 0.007 | Train_Acc: 99.817
| Global Round : 25/30 | Client id:2 | Local Epoch : 3/5 |  Train_Loss: 0.008 | Train_Acc: 99.766
| Global Round : 25/30 | Client id:2 | Local Epoch : 4/5 |  Train_Loss: 0.010 | Train_Acc: 99.695
| Global Round : 25/30 | Client id:2 | Local Epoch : 5/5 |  Train_Loss: 0.008 | Train_Acc: 99.766
aggregating weights...
| Client id:0 | Test_Loss: 0.358 | Test_Acc: 88.774
| Global Round : 26/30 | Client id:0 | Local Epoch : 1/5 |  Train_Loss: 0.006 | Train_Acc: 99.816
| Global Round : 26/30 | Client id:0 | Local Epoch : 2/5 |  Train_Loss: 0.003 | Train_Acc: 99.927
| Global Round : 26/30 | Client id:0 | Local Epoch : 3/5 |  Train_Loss: 0.001 | Train_Acc: 99.990
| Global Round : 26/30 | Client id:0 | Local Epoch : 4/5 |  Train_Loss: 0.001 | Train_Acc: 99.990
| Global Round : 26/30 | Client id:0 | Local Epoch : 5/5 |  Train_Loss: 0.000 | Train_Acc: 100.000
| Client id:1 | Test_Loss: 0.033 | Test_Acc: 99.079
| Global Round : 26/30 | Client id:1 | Local Epoch : 1/5 |  Train_Loss: 0.010 | Train_Acc: 99.710
| Global Round : 26/30 | Client id:1 | Local Epoch : 2/5 |  Train_Loss: 0.013 | Train_Acc: 99.563
| Global Round : 26/30 | Client id:1 | Local Epoch : 3/5 |  Train_Loss: 0.009 | Train_Acc: 99.715
| Global Round : 26/30 | Client id:1 | Local Epoch : 4/5 |  Train_Loss: 0.007 | Train_Acc: 99.786
| Global Round : 26/30 | Client id:1 | Local Epoch : 5/5 |  Train_Loss: 0.005 | Train_Acc: 99.837
| Client id:2 | Test_Loss: 0.035 | Test_Acc: 98.865
| Global Round : 26/30 | Client id:2 | Local Epoch : 1/5 |  Train_Loss: 0.010 | Train_Acc: 99.670
| Global Round : 26/30 | Client id:2 | Local Epoch : 2/5 |  Train_Loss: 0.010 | Train_Acc: 99.685
| Global Round : 26/30 | Client id:2 | Local Epoch : 3/5 |  Train_Loss: 0.009 | Train_Acc: 99.715
| Global Round : 26/30 | Client id:2 | Local Epoch : 4/5 |  Train_Loss: 0.007 | Train_Acc: 99.771
| Global Round : 26/30 | Client id:2 | Local Epoch : 5/5 |  Train_Loss: 0.004 | Train_Acc: 99.893
aggregating weights...
| Client id:0 | Test_Loss: 0.270 | Test_Acc: 91.616
| Global Round : 27/30 | Client id:0 | Local Epoch : 1/5 |  Train_Loss: 0.010 | Train_Acc: 99.700
| Global Round : 27/30 | Client id:0 | Local Epoch : 2/5 |  Train_Loss: 0.003 | Train_Acc: 99.908
| Global Round : 27/30 | Client id:0 | Local Epoch : 3/5 |  Train_Loss: 0.001 | Train_Acc: 99.981
| Global Round : 27/30 | Client id:0 | Local Epoch : 4/5 |  Train_Loss: 0.001 | Train_Acc: 100.000
| Global Round : 27/30 | Client id:0 | Local Epoch : 5/5 |  Train_Loss: 0.000 | Train_Acc: 100.000
| Client id:1 | Test_Loss: 0.039 | Test_Acc: 98.741
| Global Round : 27/30 | Client id:1 | Local Epoch : 1/5 |  Train_Loss: 0.008 | Train_Acc: 99.766
| Global Round : 27/30 | Client id:1 | Local Epoch : 2/5 |  Train_Loss: 0.009 | Train_Acc: 99.720
| Global Round : 27/30 | Client id:1 | Local Epoch : 3/5 |  Train_Loss: 0.011 | Train_Acc: 99.675
| Global Round : 27/30 | Client id:1 | Local Epoch : 4/5 |  Train_Loss: 0.006 | Train_Acc: 99.802
| Global Round : 27/30 | Client id:1 | Local Epoch : 5/5 |  Train_Loss: 0.001 | Train_Acc: 99.995
| Client id:2 | Test_Loss: 0.039 | Test_Acc: 98.834
| Global Round : 27/30 | Client id:2 | Local Epoch : 1/5 |  Train_Loss: 0.015 | Train_Acc: 99.522
| Global Round : 27/30 | Client id:2 | Local Epoch : 2/5 |  Train_Loss: 0.007 | Train_Acc: 99.812
| Global Round : 27/30 | Client id:2 | Local Epoch : 3/5 |  Train_Loss: 0.010 | Train_Acc: 99.675
| Global Round : 27/30 | Client id:2 | Local Epoch : 4/5 |  Train_Loss: 0.006 | Train_Acc: 99.853
| Global Round : 27/30 | Client id:2 | Local Epoch : 5/5 |  Train_Loss: 0.002 | Train_Acc: 99.969
aggregating weights...
| Client id:0 | Test_Loss: 0.319 | Test_Acc: 89.836
| Global Round : 28/30 | Client id:0 | Local Epoch : 1/5 |  Train_Loss: 0.006 | Train_Acc: 99.806
| Global Round : 28/30 | Client id:0 | Local Epoch : 2/5 |  Train_Loss: 0.002 | Train_Acc: 99.976
| Global Round : 28/30 | Client id:0 | Local Epoch : 3/5 |  Train_Loss: 0.001 | Train_Acc: 100.000
| Global Round : 28/30 | Client id:0 | Local Epoch : 4/5 |  Train_Loss: 0.000 | Train_Acc: 100.000
| Global Round : 28/30 | Client id:0 | Local Epoch : 5/5 |  Train_Loss: 0.000 | Train_Acc: 100.000
| Client id:1 | Test_Loss: 0.031 | Test_Acc: 99.048
| Global Round : 28/30 | Client id:1 | Local Epoch : 1/5 |  Train_Loss: 0.006 | Train_Acc: 99.847
| Global Round : 28/30 | Client id:1 | Local Epoch : 2/5 |  Train_Loss: 0.010 | Train_Acc: 99.725
| Global Round : 28/30 | Client id:1 | Local Epoch : 3/5 |  Train_Loss: 0.008 | Train_Acc: 99.812
| Global Round : 28/30 | Client id:1 | Local Epoch : 4/5 |  Train_Loss: 0.003 | Train_Acc: 99.934
| Global Round : 28/30 | Client id:1 | Local Epoch : 5/5 |  Train_Loss: 0.003 | Train_Acc: 99.939
| Client id:2 | Test_Loss: 0.032 | Test_Acc: 99.080
| Global Round : 28/30 | Client id:2 | Local Epoch : 1/5 |  Train_Loss: 0.008 | Train_Acc: 99.792
| Global Round : 28/30 | Client id:2 | Local Epoch : 2/5 |  Train_Loss: 0.009 | Train_Acc: 99.736
| Global Round : 28/30 | Client id:2 | Local Epoch : 3/5 |  Train_Loss: 0.007 | Train_Acc: 99.812
| Global Round : 28/30 | Client id:2 | Local Epoch : 4/5 |  Train_Loss: 0.007 | Train_Acc: 99.802
| Global Round : 28/30 | Client id:2 | Local Epoch : 5/5 |  Train_Loss: 0.005 | Train_Acc: 99.837
aggregating weights...
| Client id:0 | Test_Loss: 0.310 | Test_Acc: 90.152
| Global Round : 29/30 | Client id:0 | Local Epoch : 1/5 |  Train_Loss: 0.007 | Train_Acc: 99.811
| Global Round : 29/30 | Client id:0 | Local Epoch : 2/5 |  Train_Loss: 0.002 | Train_Acc: 99.947
| Global Round : 29/30 | Client id:0 | Local Epoch : 3/5 |  Train_Loss: 0.001 | Train_Acc: 99.981
| Global Round : 29/30 | Client id:0 | Local Epoch : 4/5 |  Train_Loss: 0.000 | Train_Acc: 100.000
| Global Round : 29/30 | Client id:0 | Local Epoch : 5/5 |  Train_Loss: 0.000 | Train_Acc: 100.000
| Client id:1 | Test_Loss: 0.034 | Test_Acc: 98.987
| Global Round : 29/30 | Client id:1 | Local Epoch : 1/5 |  Train_Loss: 0.009 | Train_Acc: 99.730
| Global Round : 29/30 | Client id:1 | Local Epoch : 2/5 |  Train_Loss: 0.009 | Train_Acc: 99.761
| Global Round : 29/30 | Client id:1 | Local Epoch : 3/5 |  Train_Loss: 0.012 | Train_Acc: 99.588
| Global Round : 29/30 | Client id:1 | Local Epoch : 4/5 |  Train_Loss: 0.008 | Train_Acc: 99.756
| Global Round : 29/30 | Client id:1 | Local Epoch : 5/5 |  Train_Loss: 0.004 | Train_Acc: 99.873
| Client id:2 | Test_Loss: 0.033 | Test_Acc: 98.896
| Global Round : 29/30 | Client id:2 | Local Epoch : 1/5 |  Train_Loss: 0.012 | Train_Acc: 99.593
| Global Round : 29/30 | Client id:2 | Local Epoch : 2/5 |  Train_Loss: 0.011 | Train_Acc: 99.619
| Global Round : 29/30 | Client id:2 | Local Epoch : 3/5 |  Train_Loss: 0.008 | Train_Acc: 99.705
| Global Round : 29/30 | Client id:2 | Local Epoch : 4/5 |  Train_Loss: 0.003 | Train_Acc: 99.924
| Global Round : 29/30 | Client id:2 | Local Epoch : 5/5 |  Train_Loss: 0.003 | Train_Acc: 99.924
aggregating weights...
| Client id:0 | Test_Loss: 0.384 | Test_Acc: 87.740
| Global Round : 30/30 | Client id:0 | Local Epoch : 1/5 |  Train_Loss: 0.009 | Train_Acc: 99.695
| Global Round : 30/30 | Client id:0 | Local Epoch : 2/5 |  Train_Loss: 0.004 | Train_Acc: 99.884
| Global Round : 30/30 | Client id:0 | Local Epoch : 3/5 |  Train_Loss: 0.001 | Train_Acc: 99.985
| Global Round : 30/30 | Client id:0 | Local Epoch : 4/5 |  Train_Loss: 0.000 | Train_Acc: 100.000
| Global Round : 30/30 | Client id:0 | Local Epoch : 5/5 |  Train_Loss: 0.000 | Train_Acc: 100.000
| Client id:1 | Test_Loss: 0.032 | Test_Acc: 99.110
| Global Round : 30/30 | Client id:1 | Local Epoch : 1/5 |  Train_Loss: 0.010 | Train_Acc: 99.730
| Global Round : 30/30 | Client id:1 | Local Epoch : 2/5 |  Train_Loss: 0.007 | Train_Acc: 99.786
| Global Round : 30/30 | Client id:1 | Local Epoch : 3/5 |  Train_Loss: 0.001 | Train_Acc: 99.985
| Global Round : 30/30 | Client id:1 | Local Epoch : 4/5 |  Train_Loss: 0.007 | Train_Acc: 99.807
| Global Round : 30/30 | Client id:1 | Local Epoch : 5/5 |  Train_Loss: 0.002 | Train_Acc: 99.964
| Client id:2 | Test_Loss: 0.032 | Test_Acc: 98.896
| Global Round : 30/30 | Client id:2 | Local Epoch : 1/5 |  Train_Loss: 0.012 | Train_Acc: 99.629
| Global Round : 30/30 | Client id:2 | Local Epoch : 2/5 |  Train_Loss: 0.007 | Train_Acc: 99.756
| Global Round : 30/30 | Client id:2 | Local Epoch : 3/5 |  Train_Loss: 0.011 | Train_Acc: 99.710
| Global Round : 30/30 | Client id:2 | Local Epoch : 4/5 |  Train_Loss: 0.004 | Train_Acc: 99.893
| Global Round : 30/30 | Client id:2 | Local Epoch : 5/5 |  Train_Loss: 0.002 | Train_Acc: 99.934
aggregating weights...

Final Results
| Client id:0 | Test_Loss: 0.311 | Test_Acc: 90.152
| Client id:1 | Test_Loss: 0.034 | Test_Acc: 99.110
| Client id:2 | Test_Loss: 0.033 | Test_Acc: 98.896
