GPU will be used for training

batch_size: 32
data_dist: from_csv
dataset: mnist
drfa_gamma: 0.01
federated_type: afl
from_csv: niid1
global_epochs: 30
local_epochs: 5
lr: 0.01
model: cnn
n_clients: 3
on_cuda: 1
optimizer: sgd
seed: 1
seed_num: 0
Class distribution of id:0
train [5923, 6742, 5958, 2043, 0, 0, 0, 0, 0, 0]
test [980, 1135, 1032, 336, 0, 0, 0, 0, 0, 0]
Class distribution of id:1
train [0, 0, 0, 2043, 2921, 2710, 2959, 3132, 2925, 2974]
test [0, 0, 0, 336, 491, 446, 479, 514, 487, 504]
Class distribution of id:2
train [0, 0, 0, 2045, 2921, 2711, 2959, 3133, 2926, 2975]
test [0, 0, 0, 338, 491, 446, 479, 514, 487, 505]
| Client id:0 | Test_Loss: 2.285 | Test_Acc: 27.763
| Global Round : 1/30 | Client id:0 | Local Epoch : 1/5 |  Train_Loss: 0.169 | Train_Acc: 95.243
| Global Round : 1/30 | Client id:0 | Local Epoch : 2/5 |  Train_Loss: 0.035 | Train_Acc: 98.873
| Global Round : 1/30 | Client id:0 | Local Epoch : 3/5 |  Train_Loss: 0.021 | Train_Acc: 99.313
| Global Round : 1/30 | Client id:0 | Local Epoch : 4/5 |  Train_Loss: 0.014 | Train_Acc: 99.550
| Global Round : 1/30 | Client id:0 | Local Epoch : 5/5 |  Train_Loss: 0.010 | Train_Acc: 99.647
| Client id:1 | Test_Loss: 2.315 | Test_Acc: 1.873
| Global Round : 1/30 | Client id:1 | Local Epoch : 1/5 |  Train_Loss: 0.387 | Train_Acc: 86.763
| Global Round : 1/30 | Client id:1 | Local Epoch : 2/5 |  Train_Loss: 0.091 | Train_Acc: 97.040
| Global Round : 1/30 | Client id:1 | Local Epoch : 3/5 |  Train_Loss: 0.056 | Train_Acc: 98.210
| Global Round : 1/30 | Client id:1 | Local Epoch : 4/5 |  Train_Loss: 0.042 | Train_Acc: 98.632
| Global Round : 1/30 | Client id:1 | Local Epoch : 5/5 |  Train_Loss: 0.034 | Train_Acc: 98.856
| Client id:2 | Test_Loss: 2.314 | Test_Acc: 2.086
| Global Round : 1/30 | Client id:2 | Local Epoch : 1/5 |  Train_Loss: 0.385 | Train_Acc: 86.645
| Global Round : 1/30 | Client id:2 | Local Epoch : 2/5 |  Train_Loss: 0.092 | Train_Acc: 97.123
| Global Round : 1/30 | Client id:2 | Local Epoch : 3/5 |  Train_Loss: 0.061 | Train_Acc: 98.022
| Global Round : 1/30 | Client id:2 | Local Epoch : 4/5 |  Train_Loss: 0.046 | Train_Acc: 98.612
| Global Round : 1/30 | Client id:2 | Local Epoch : 5/5 |  Train_Loss: 0.033 | Train_Acc: 98.993
aggregating weights...
lambda: tensor([0.3331, 0.3334, 0.3334])
| Client id:0 | Test_Loss: 2.861 | Test_Acc: 10.336
| Global Round : 2/30 | Client id:0 | Local Epoch : 1/5 |  Train_Loss: 0.048 | Train_Acc: 98.553
| Global Round : 2/30 | Client id:0 | Local Epoch : 2/5 |  Train_Loss: 0.014 | Train_Acc: 99.565
| Global Round : 2/30 | Client id:0 | Local Epoch : 3/5 |  Train_Loss: 0.009 | Train_Acc: 99.744
| Global Round : 2/30 | Client id:0 | Local Epoch : 4/5 |  Train_Loss: 0.005 | Train_Acc: 99.845
| Global Round : 2/30 | Client id:0 | Local Epoch : 5/5 |  Train_Loss: 0.003 | Train_Acc: 99.927
| Client id:1 | Test_Loss: 0.197 | Test_Acc: 96.316
| Global Round : 2/30 | Client id:1 | Local Epoch : 1/5 |  Train_Loss: 0.066 | Train_Acc: 97.803
| Global Round : 2/30 | Client id:1 | Local Epoch : 2/5 |  Train_Loss: 0.043 | Train_Acc: 98.561
| Global Round : 2/30 | Client id:1 | Local Epoch : 3/5 |  Train_Loss: 0.032 | Train_Acc: 98.927
| Global Round : 2/30 | Client id:1 | Local Epoch : 4/5 |  Train_Loss: 0.021 | Train_Acc: 99.268
| Global Round : 2/30 | Client id:1 | Local Epoch : 5/5 |  Train_Loss: 0.016 | Train_Acc: 99.476
| Client id:2 | Test_Loss: 0.209 | Test_Acc: 95.828
| Global Round : 2/30 | Client id:2 | Local Epoch : 1/5 |  Train_Loss: 0.068 | Train_Acc: 98.002
| Global Round : 2/30 | Client id:2 | Local Epoch : 2/5 |  Train_Loss: 0.042 | Train_Acc: 98.643
| Global Round : 2/30 | Client id:2 | Local Epoch : 3/5 |  Train_Loss: 0.030 | Train_Acc: 99.044
| Global Round : 2/30 | Client id:2 | Local Epoch : 4/5 |  Train_Loss: 0.022 | Train_Acc: 99.329
| Global Round : 2/30 | Client id:2 | Local Epoch : 5/5 |  Train_Loss: 0.020 | Train_Acc: 99.293
aggregating weights...
lambda: tensor([0.3509, 0.3245, 0.3246])
| Client id:0 | Test_Loss: 0.769 | Test_Acc: 78.323
| Global Round : 3/30 | Client id:0 | Local Epoch : 1/5 |  Train_Loss: 0.022 | Train_Acc: 99.327
| Global Round : 3/30 | Client id:0 | Local Epoch : 2/5 |  Train_Loss: 0.009 | Train_Acc: 99.719
| Global Round : 3/30 | Client id:0 | Local Epoch : 3/5 |  Train_Loss: 0.005 | Train_Acc: 99.860
| Global Round : 3/30 | Client id:0 | Local Epoch : 4/5 |  Train_Loss: 0.003 | Train_Acc: 99.932
| Global Round : 3/30 | Client id:0 | Local Epoch : 5/5 |  Train_Loss: 0.002 | Train_Acc: 99.966
| Client id:1 | Test_Loss: 0.068 | Test_Acc: 98.004
| Global Round : 3/30 | Client id:1 | Local Epoch : 1/5 |  Train_Loss: 0.038 | Train_Acc: 98.708
| Global Round : 3/30 | Client id:1 | Local Epoch : 2/5 |  Train_Loss: 0.025 | Train_Acc: 99.064
| Global Round : 3/30 | Client id:1 | Local Epoch : 3/5 |  Train_Loss: 0.020 | Train_Acc: 99.308
| Global Round : 3/30 | Client id:1 | Local Epoch : 4/5 |  Train_Loss: 0.010 | Train_Acc: 99.700
| Global Round : 3/30 | Client id:1 | Local Epoch : 5/5 |  Train_Loss: 0.011 | Train_Acc: 99.614
| Client id:2 | Test_Loss: 0.074 | Test_Acc: 97.546
| Global Round : 3/30 | Client id:2 | Local Epoch : 1/5 |  Train_Loss: 0.041 | Train_Acc: 98.683
| Global Round : 3/30 | Client id:2 | Local Epoch : 2/5 |  Train_Loss: 0.027 | Train_Acc: 99.110
| Global Round : 3/30 | Client id:2 | Local Epoch : 3/5 |  Train_Loss: 0.018 | Train_Acc: 99.502
| Global Round : 3/30 | Client id:2 | Local Epoch : 4/5 |  Train_Loss: 0.015 | Train_Acc: 99.558
| Global Round : 3/30 | Client id:2 | Local Epoch : 5/5 |  Train_Loss: 0.013 | Train_Acc: 99.558
aggregating weights...
lambda: tensor([0.3555, 0.3222, 0.3223])
| Client id:0 | Test_Loss: 0.563 | Test_Acc: 83.262
| Global Round : 4/30 | Client id:0 | Local Epoch : 1/5 |  Train_Loss: 0.016 | Train_Acc: 99.468
| Global Round : 4/30 | Client id:0 | Local Epoch : 2/5 |  Train_Loss: 0.005 | Train_Acc: 99.845
| Global Round : 4/30 | Client id:0 | Local Epoch : 3/5 |  Train_Loss: 0.002 | Train_Acc: 99.971
| Global Round : 4/30 | Client id:0 | Local Epoch : 4/5 |  Train_Loss: 0.001 | Train_Acc: 99.971
| Global Round : 4/30 | Client id:0 | Local Epoch : 5/5 |  Train_Loss: 0.001 | Train_Acc: 100.000
| Client id:1 | Test_Loss: 0.058 | Test_Acc: 98.096
| Global Round : 4/30 | Client id:1 | Local Epoch : 1/5 |  Train_Loss: 0.030 | Train_Acc: 99.008
| Global Round : 4/30 | Client id:1 | Local Epoch : 2/5 |  Train_Loss: 0.020 | Train_Acc: 99.359
| Global Round : 4/30 | Client id:1 | Local Epoch : 3/5 |  Train_Loss: 0.012 | Train_Acc: 99.624
| Global Round : 4/30 | Client id:1 | Local Epoch : 4/5 |  Train_Loss: 0.010 | Train_Acc: 99.680
| Global Round : 4/30 | Client id:1 | Local Epoch : 5/5 |  Train_Loss: 0.006 | Train_Acc: 99.797
| Client id:2 | Test_Loss: 0.060 | Test_Acc: 98.006
| Global Round : 4/30 | Client id:2 | Local Epoch : 1/5 |  Train_Loss: 0.033 | Train_Acc: 98.887
| Global Round : 4/30 | Client id:2 | Local Epoch : 2/5 |  Train_Loss: 0.017 | Train_Acc: 99.471
| Global Round : 4/30 | Client id:2 | Local Epoch : 3/5 |  Train_Loss: 0.015 | Train_Acc: 99.563
| Global Round : 4/30 | Client id:2 | Local Epoch : 4/5 |  Train_Loss: 0.010 | Train_Acc: 99.705
| Global Round : 4/30 | Client id:2 | Local Epoch : 5/5 |  Train_Loss: 0.009 | Train_Acc: 99.715
aggregating weights...
lambda: tensor([0.3589, 0.3205, 0.3207])
| Client id:0 | Test_Loss: 0.475 | Test_Acc: 85.558
| Global Round : 5/30 | Client id:0 | Local Epoch : 1/5 |  Train_Loss: 0.016 | Train_Acc: 99.458
| Global Round : 5/30 | Client id:0 | Local Epoch : 2/5 |  Train_Loss: 0.003 | Train_Acc: 99.903
| Global Round : 5/30 | Client id:0 | Local Epoch : 3/5 |  Train_Loss: 0.002 | Train_Acc: 99.947
| Global Round : 5/30 | Client id:0 | Local Epoch : 4/5 |  Train_Loss: 0.001 | Train_Acc: 100.000
| Global Round : 5/30 | Client id:0 | Local Epoch : 5/5 |  Train_Loss: 0.001 | Train_Acc: 99.990
| Client id:1 | Test_Loss: 0.039 | Test_Acc: 98.741
| Global Round : 5/30 | Client id:1 | Local Epoch : 1/5 |  Train_Loss: 0.024 | Train_Acc: 99.156
| Global Round : 5/30 | Client id:1 | Local Epoch : 2/5 |  Train_Loss: 0.021 | Train_Acc: 99.390
| Global Round : 5/30 | Client id:1 | Local Epoch : 3/5 |  Train_Loss: 0.012 | Train_Acc: 99.624
| Global Round : 5/30 | Client id:1 | Local Epoch : 4/5 |  Train_Loss: 0.008 | Train_Acc: 99.736
| Global Round : 5/30 | Client id:1 | Local Epoch : 5/5 |  Train_Loss: 0.006 | Train_Acc: 99.827
| Client id:2 | Test_Loss: 0.038 | Test_Acc: 98.834
| Global Round : 5/30 | Client id:2 | Local Epoch : 1/5 |  Train_Loss: 0.026 | Train_Acc: 99.222
| Global Round : 5/30 | Client id:2 | Local Epoch : 2/5 |  Train_Loss: 0.016 | Train_Acc: 99.497
| Global Round : 5/30 | Client id:2 | Local Epoch : 3/5 |  Train_Loss: 0.013 | Train_Acc: 99.578
| Global Round : 5/30 | Client id:2 | Local Epoch : 4/5 |  Train_Loss: 0.006 | Train_Acc: 99.842
| Global Round : 5/30 | Client id:2 | Local Epoch : 5/5 |  Train_Loss: 0.007 | Train_Acc: 99.802
aggregating weights...
lambda: tensor([0.3618, 0.3190, 0.3192])
| Client id:0 | Test_Loss: 0.325 | Test_Acc: 89.664
| Global Round : 6/30 | Client id:0 | Local Epoch : 1/5 |  Train_Loss: 0.012 | Train_Acc: 99.618
| Global Round : 6/30 | Client id:0 | Local Epoch : 2/5 |  Train_Loss: 0.004 | Train_Acc: 99.898
| Global Round : 6/30 | Client id:0 | Local Epoch : 3/5 |  Train_Loss: 0.001 | Train_Acc: 99.966
| Global Round : 6/30 | Client id:0 | Local Epoch : 4/5 |  Train_Loss: 0.001 | Train_Acc: 99.976
| Global Round : 6/30 | Client id:0 | Local Epoch : 5/5 |  Train_Loss: 0.000 | Train_Acc: 100.000
| Client id:1 | Test_Loss: 0.043 | Test_Acc: 98.649
| Global Round : 6/30 | Client id:1 | Local Epoch : 1/5 |  Train_Loss: 0.022 | Train_Acc: 99.263
| Global Round : 6/30 | Client id:1 | Local Epoch : 2/5 |  Train_Loss: 0.015 | Train_Acc: 99.588
| Global Round : 6/30 | Client id:1 | Local Epoch : 3/5 |  Train_Loss: 0.012 | Train_Acc: 99.634
| Global Round : 6/30 | Client id:1 | Local Epoch : 4/5 |  Train_Loss: 0.008 | Train_Acc: 99.766
| Global Round : 6/30 | Client id:1 | Local Epoch : 5/5 |  Train_Loss: 0.006 | Train_Acc: 99.802
| Client id:2 | Test_Loss: 0.040 | Test_Acc: 98.650
| Global Round : 6/30 | Client id:2 | Local Epoch : 1/5 |  Train_Loss: 0.021 | Train_Acc: 99.319
| Global Round : 6/30 | Client id:2 | Local Epoch : 2/5 |  Train_Loss: 0.015 | Train_Acc: 99.573
| Global Round : 6/30 | Client id:2 | Local Epoch : 3/5 |  Train_Loss: 0.012 | Train_Acc: 99.603
| Global Round : 6/30 | Client id:2 | Local Epoch : 4/5 |  Train_Loss: 0.010 | Train_Acc: 99.644
| Global Round : 6/30 | Client id:2 | Local Epoch : 5/5 |  Train_Loss: 0.009 | Train_Acc: 99.731
aggregating weights...
lambda: tensor([0.3637, 0.3181, 0.3182])
| Client id:0 | Test_Loss: 0.408 | Test_Acc: 86.305
| Global Round : 7/30 | Client id:0 | Local Epoch : 1/5 |  Train_Loss: 0.010 | Train_Acc: 99.642
| Global Round : 7/30 | Client id:0 | Local Epoch : 2/5 |  Train_Loss: 0.004 | Train_Acc: 99.884
| Global Round : 7/30 | Client id:0 | Local Epoch : 3/5 |  Train_Loss: 0.002 | Train_Acc: 99.952
| Global Round : 7/30 | Client id:0 | Local Epoch : 4/5 |  Train_Loss: 0.001 | Train_Acc: 100.000
| Global Round : 7/30 | Client id:0 | Local Epoch : 5/5 |  Train_Loss: 0.000 | Train_Acc: 100.000
| Client id:1 | Test_Loss: 0.045 | Test_Acc: 98.526
| Global Round : 7/30 | Client id:1 | Local Epoch : 1/5 |  Train_Loss: 0.016 | Train_Acc: 99.547
| Global Round : 7/30 | Client id:1 | Local Epoch : 2/5 |  Train_Loss: 0.015 | Train_Acc: 99.497
| Global Round : 7/30 | Client id:1 | Local Epoch : 3/5 |  Train_Loss: 0.012 | Train_Acc: 99.593
| Global Round : 7/30 | Client id:1 | Local Epoch : 4/5 |  Train_Loss: 0.008 | Train_Acc: 99.771
| Global Round : 7/30 | Client id:1 | Local Epoch : 5/5 |  Train_Loss: 0.005 | Train_Acc: 99.847
| Client id:2 | Test_Loss: 0.048 | Test_Acc: 98.528
| Global Round : 7/30 | Client id:2 | Local Epoch : 1/5 |  Train_Loss: 0.015 | Train_Acc: 99.542
| Global Round : 7/30 | Client id:2 | Local Epoch : 2/5 |  Train_Loss: 0.012 | Train_Acc: 99.634
| Global Round : 7/30 | Client id:2 | Local Epoch : 3/5 |  Train_Loss: 0.008 | Train_Acc: 99.776
| Global Round : 7/30 | Client id:2 | Local Epoch : 4/5 |  Train_Loss: 0.009 | Train_Acc: 99.720
| Global Round : 7/30 | Client id:2 | Local Epoch : 5/5 |  Train_Loss: 0.007 | Train_Acc: 99.792
aggregating weights...
lambda: tensor([0.3661, 0.3169, 0.3170])
| Client id:0 | Test_Loss: 0.295 | Test_Acc: 91.013
| Global Round : 8/30 | Client id:0 | Local Epoch : 1/5 |  Train_Loss: 0.009 | Train_Acc: 99.719
| Global Round : 8/30 | Client id:0 | Local Epoch : 2/5 |  Train_Loss: 0.002 | Train_Acc: 99.927
| Global Round : 8/30 | Client id:0 | Local Epoch : 3/5 |  Train_Loss: 0.001 | Train_Acc: 99.990
| Global Round : 8/30 | Client id:0 | Local Epoch : 4/5 |  Train_Loss: 0.001 | Train_Acc: 99.981
| Global Round : 8/30 | Client id:0 | Local Epoch : 5/5 |  Train_Loss: 0.000 | Train_Acc: 100.000
| Client id:1 | Test_Loss: 0.034 | Test_Acc: 99.079
| Global Round : 8/30 | Client id:1 | Local Epoch : 1/5 |  Train_Loss: 0.016 | Train_Acc: 99.527
| Global Round : 8/30 | Client id:1 | Local Epoch : 2/5 |  Train_Loss: 0.008 | Train_Acc: 99.786
| Global Round : 8/30 | Client id:1 | Local Epoch : 3/5 |  Train_Loss: 0.010 | Train_Acc: 99.649
| Global Round : 8/30 | Client id:1 | Local Epoch : 4/5 |  Train_Loss: 0.007 | Train_Acc: 99.832
| Global Round : 8/30 | Client id:1 | Local Epoch : 5/5 |  Train_Loss: 0.002 | Train_Acc: 99.954
| Client id:2 | Test_Loss: 0.033 | Test_Acc: 99.141
| Global Round : 8/30 | Client id:2 | Local Epoch : 1/5 |  Train_Loss: 0.017 | Train_Acc: 99.471
| Global Round : 8/30 | Client id:2 | Local Epoch : 2/5 |  Train_Loss: 0.010 | Train_Acc: 99.725
| Global Round : 8/30 | Client id:2 | Local Epoch : 3/5 |  Train_Loss: 0.007 | Train_Acc: 99.812
| Global Round : 8/30 | Client id:2 | Local Epoch : 4/5 |  Train_Loss: 0.007 | Train_Acc: 99.807
| Global Round : 8/30 | Client id:2 | Local Epoch : 5/5 |  Train_Loss: 0.006 | Train_Acc: 99.822
aggregating weights...
lambda: tensor([0.3678, 0.3160, 0.3162])
| Client id:0 | Test_Loss: 0.296 | Test_Acc: 90.525
| Global Round : 9/30 | Client id:0 | Local Epoch : 1/5 |  Train_Loss: 0.013 | Train_Acc: 99.666
| Global Round : 9/30 | Client id:0 | Local Epoch : 2/5 |  Train_Loss: 0.004 | Train_Acc: 99.879
| Global Round : 9/30 | Client id:0 | Local Epoch : 3/5 |  Train_Loss: 0.001 | Train_Acc: 99.981
| Global Round : 9/30 | Client id:0 | Local Epoch : 4/5 |  Train_Loss: 0.000 | Train_Acc: 100.000
| Global Round : 9/30 | Client id:0 | Local Epoch : 5/5 |  Train_Loss: 0.000 | Train_Acc: 100.000
| Client id:1 | Test_Loss: 0.046 | Test_Acc: 98.588
| Global Round : 9/30 | Client id:1 | Local Epoch : 1/5 |  Train_Loss: 0.019 | Train_Acc: 99.395
| Global Round : 9/30 | Client id:1 | Local Epoch : 2/5 |  Train_Loss: 0.013 | Train_Acc: 99.624
| Global Round : 9/30 | Client id:1 | Local Epoch : 3/5 |  Train_Loss: 0.012 | Train_Acc: 99.624
| Global Round : 9/30 | Client id:1 | Local Epoch : 4/5 |  Train_Loss: 0.006 | Train_Acc: 99.802
| Global Round : 9/30 | Client id:1 | Local Epoch : 5/5 |  Train_Loss: 0.007 | Train_Acc: 99.720
| Client id:2 | Test_Loss: 0.044 | Test_Acc: 98.466
| Global Round : 9/30 | Client id:2 | Local Epoch : 1/5 |  Train_Loss: 0.016 | Train_Acc: 99.558
| Global Round : 9/30 | Client id:2 | Local Epoch : 2/5 |  Train_Loss: 0.010 | Train_Acc: 99.715
| Global Round : 9/30 | Client id:2 | Local Epoch : 3/5 |  Train_Loss: 0.010 | Train_Acc: 99.725
| Global Round : 9/30 | Client id:2 | Local Epoch : 4/5 |  Train_Loss: 0.005 | Train_Acc: 99.832
| Global Round : 9/30 | Client id:2 | Local Epoch : 5/5 |  Train_Loss: 0.006 | Train_Acc: 99.827
aggregating weights...
lambda: tensor([0.3695, 0.3152, 0.3153])
| Client id:0 | Test_Loss: 0.223 | Test_Acc: 92.679
| Global Round : 10/30 | Client id:0 | Local Epoch : 1/5 |  Train_Loss: 0.009 | Train_Acc: 99.695
| Global Round : 10/30 | Client id:0 | Local Epoch : 2/5 |  Train_Loss: 0.002 | Train_Acc: 99.956
| Global Round : 10/30 | Client id:0 | Local Epoch : 3/5 |  Train_Loss: 0.001 | Train_Acc: 99.961
| Global Round : 10/30 | Client id:0 | Local Epoch : 4/5 |  Train_Loss: 0.001 | Train_Acc: 99.995
| Global Round : 10/30 | Client id:0 | Local Epoch : 5/5 |  Train_Loss: 0.000 | Train_Acc: 100.000
| Client id:1 | Test_Loss: 0.036 | Test_Acc: 98.925
| Global Round : 10/30 | Client id:1 | Local Epoch : 1/5 |  Train_Loss: 0.019 | Train_Acc: 99.415
| Global Round : 10/30 | Client id:1 | Local Epoch : 2/5 |  Train_Loss: 0.012 | Train_Acc: 99.654
| Global Round : 10/30 | Client id:1 | Local Epoch : 3/5 |  Train_Loss: 0.006 | Train_Acc: 99.817
| Global Round : 10/30 | Client id:1 | Local Epoch : 4/5 |  Train_Loss: 0.007 | Train_Acc: 99.761
| Global Round : 10/30 | Client id:1 | Local Epoch : 5/5 |  Train_Loss: 0.005 | Train_Acc: 99.888
| Client id:2 | Test_Loss: 0.034 | Test_Acc: 98.988
| Global Round : 10/30 | Client id:2 | Local Epoch : 1/5 |  Train_Loss: 0.018 | Train_Acc: 99.451
| Global Round : 10/30 | Client id:2 | Local Epoch : 2/5 |  Train_Loss: 0.014 | Train_Acc: 99.492
| Global Round : 10/30 | Client id:2 | Local Epoch : 3/5 |  Train_Loss: 0.012 | Train_Acc: 99.619
| Global Round : 10/30 | Client id:2 | Local Epoch : 4/5 |  Train_Loss: 0.006 | Train_Acc: 99.863
| Global Round : 10/30 | Client id:2 | Local Epoch : 5/5 |  Train_Loss: 0.002 | Train_Acc: 99.969
aggregating weights...
lambda: tensor([0.3708, 0.3146, 0.3147])
| Client id:0 | Test_Loss: 0.276 | Test_Acc: 91.042
| Global Round : 11/30 | Client id:0 | Local Epoch : 1/5 |  Train_Loss: 0.007 | Train_Acc: 99.787
| Global Round : 11/30 | Client id:0 | Local Epoch : 2/5 |  Train_Loss: 0.005 | Train_Acc: 99.850
| Global Round : 11/30 | Client id:0 | Local Epoch : 3/5 |  Train_Loss: 0.001 | Train_Acc: 99.990
| Global Round : 11/30 | Client id:0 | Local Epoch : 4/5 |  Train_Loss: 0.000 | Train_Acc: 100.000
| Global Round : 11/30 | Client id:0 | Local Epoch : 5/5 |  Train_Loss: 0.000 | Train_Acc: 100.000
| Client id:1 | Test_Loss: 0.038 | Test_Acc: 98.925
| Global Round : 11/30 | Client id:1 | Local Epoch : 1/5 |  Train_Loss: 0.014 | Train_Acc: 99.588
| Global Round : 11/30 | Client id:1 | Local Epoch : 2/5 |  Train_Loss: 0.015 | Train_Acc: 99.481
| Global Round : 11/30 | Client id:1 | Local Epoch : 3/5 |  Train_Loss: 0.011 | Train_Acc: 99.639
| Global Round : 11/30 | Client id:1 | Local Epoch : 4/5 |  Train_Loss: 0.006 | Train_Acc: 99.822
| Global Round : 11/30 | Client id:1 | Local Epoch : 5/5 |  Train_Loss: 0.004 | Train_Acc: 99.883
| Client id:2 | Test_Loss: 0.040 | Test_Acc: 98.773
| Global Round : 11/30 | Client id:2 | Local Epoch : 1/5 |  Train_Loss: 0.016 | Train_Acc: 99.481
| Global Round : 11/30 | Client id:2 | Local Epoch : 2/5 |  Train_Loss: 0.014 | Train_Acc: 99.497
| Global Round : 11/30 | Client id:2 | Local Epoch : 3/5 |  Train_Loss: 0.008 | Train_Acc: 99.761
| Global Round : 11/30 | Client id:2 | Local Epoch : 4/5 |  Train_Loss: 0.004 | Train_Acc: 99.919
| Global Round : 11/30 | Client id:2 | Local Epoch : 5/5 |  Train_Loss: 0.001 | Train_Acc: 99.995
aggregating weights...
lambda: tensor([0.3723, 0.3138, 0.3139])
| Client id:0 | Test_Loss: 0.243 | Test_Acc: 91.731
| Global Round : 12/30 | Client id:0 | Local Epoch : 1/5 |  Train_Loss: 0.009 | Train_Acc: 99.656
| Global Round : 12/30 | Client id:0 | Local Epoch : 2/5 |  Train_Loss: 0.002 | Train_Acc: 99.942
| Global Round : 12/30 | Client id:0 | Local Epoch : 3/5 |  Train_Loss: 0.001 | Train_Acc: 99.961
| Global Round : 12/30 | Client id:0 | Local Epoch : 4/5 |  Train_Loss: 0.000 | Train_Acc: 100.000
| Global Round : 12/30 | Client id:0 | Local Epoch : 5/5 |  Train_Loss: 0.000 | Train_Acc: 100.000
| Client id:1 | Test_Loss: 0.035 | Test_Acc: 98.956
| Global Round : 12/30 | Client id:1 | Local Epoch : 1/5 |  Train_Loss: 0.015 | Train_Acc: 99.537
| Global Round : 12/30 | Client id:1 | Local Epoch : 2/5 |  Train_Loss: 0.013 | Train_Acc: 99.593
| Global Round : 12/30 | Client id:1 | Local Epoch : 3/5 |  Train_Loss: 0.006 | Train_Acc: 99.802
| Global Round : 12/30 | Client id:1 | Local Epoch : 4/5 |  Train_Loss: 0.003 | Train_Acc: 99.939
| Global Round : 12/30 | Client id:1 | Local Epoch : 5/5 |  Train_Loss: 0.003 | Train_Acc: 99.929
| Client id:2 | Test_Loss: 0.034 | Test_Acc: 98.896
| Global Round : 12/30 | Client id:2 | Local Epoch : 1/5 |  Train_Loss: 0.016 | Train_Acc: 99.532
| Global Round : 12/30 | Client id:2 | Local Epoch : 2/5 |  Train_Loss: 0.014 | Train_Acc: 99.517
| Global Round : 12/30 | Client id:2 | Local Epoch : 3/5 |  Train_Loss: 0.007 | Train_Acc: 99.776
| Global Round : 12/30 | Client id:2 | Local Epoch : 4/5 |  Train_Loss: 0.009 | Train_Acc: 99.705
| Global Round : 12/30 | Client id:2 | Local Epoch : 5/5 |  Train_Loss: 0.008 | Train_Acc: 99.812
aggregating weights...
lambda: tensor([0.3737, 0.3131, 0.3132])
| Client id:0 | Test_Loss: 0.257 | Test_Acc: 92.248
| Global Round : 13/30 | Client id:0 | Local Epoch : 1/5 |  Train_Loss: 0.007 | Train_Acc: 99.811
| Global Round : 13/30 | Client id:0 | Local Epoch : 2/5 |  Train_Loss: 0.004 | Train_Acc: 99.845
| Global Round : 13/30 | Client id:0 | Local Epoch : 3/5 |  Train_Loss: 0.002 | Train_Acc: 99.952
| Global Round : 13/30 | Client id:0 | Local Epoch : 4/5 |  Train_Loss: 0.000 | Train_Acc: 100.000
| Global Round : 13/30 | Client id:0 | Local Epoch : 5/5 |  Train_Loss: 0.000 | Train_Acc: 100.000
| Client id:1 | Test_Loss: 0.043 | Test_Acc: 98.680
| Global Round : 13/30 | Client id:1 | Local Epoch : 1/5 |  Train_Loss: 0.014 | Train_Acc: 99.558
| Global Round : 13/30 | Client id:1 | Local Epoch : 2/5 |  Train_Loss: 0.012 | Train_Acc: 99.624
| Global Round : 13/30 | Client id:1 | Local Epoch : 3/5 |  Train_Loss: 0.006 | Train_Acc: 99.827
| Global Round : 13/30 | Client id:1 | Local Epoch : 4/5 |  Train_Loss: 0.007 | Train_Acc: 99.822
| Global Round : 13/30 | Client id:1 | Local Epoch : 5/5 |  Train_Loss: 0.009 | Train_Acc: 99.715
| Client id:2 | Test_Loss: 0.041 | Test_Acc: 98.742
| Global Round : 13/30 | Client id:2 | Local Epoch : 1/5 |  Train_Loss: 0.015 | Train_Acc: 99.548
| Global Round : 13/30 | Client id:2 | Local Epoch : 2/5 |  Train_Loss: 0.016 | Train_Acc: 99.461
| Global Round : 13/30 | Client id:2 | Local Epoch : 3/5 |  Train_Loss: 0.010 | Train_Acc: 99.664
| Global Round : 13/30 | Client id:2 | Local Epoch : 4/5 |  Train_Loss: 0.006 | Train_Acc: 99.827
| Global Round : 13/30 | Client id:2 | Local Epoch : 5/5 |  Train_Loss: 0.003 | Train_Acc: 99.924
aggregating weights...
lambda: tensor([0.3752, 0.3124, 0.3125])
| Client id:0 | Test_Loss: 0.268 | Test_Acc: 91.559
| Global Round : 14/30 | Client id:0 | Local Epoch : 1/5 |  Train_Loss: 0.006 | Train_Acc: 99.831
| Global Round : 14/30 | Client id:0 | Local Epoch : 2/5 |  Train_Loss: 0.002 | Train_Acc: 99.942
| Global Round : 14/30 | Client id:0 | Local Epoch : 3/5 |  Train_Loss: 0.001 | Train_Acc: 100.000
| Global Round : 14/30 | Client id:0 | Local Epoch : 4/5 |  Train_Loss: 0.000 | Train_Acc: 100.000
| Global Round : 14/30 | Client id:0 | Local Epoch : 5/5 |  Train_Loss: 0.000 | Train_Acc: 100.000
| Client id:1 | Test_Loss: 0.039 | Test_Acc: 98.772
| Global Round : 14/30 | Client id:1 | Local Epoch : 1/5 |  Train_Loss: 0.016 | Train_Acc: 99.512
| Global Round : 14/30 | Client id:1 | Local Epoch : 2/5 |  Train_Loss: 0.013 | Train_Acc: 99.583
| Global Round : 14/30 | Client id:1 | Local Epoch : 3/5 |  Train_Loss: 0.009 | Train_Acc: 99.700
| Global Round : 14/30 | Client id:1 | Local Epoch : 4/5 |  Train_Loss: 0.007 | Train_Acc: 99.817
| Global Round : 14/30 | Client id:1 | Local Epoch : 5/5 |  Train_Loss: 0.002 | Train_Acc: 99.944
| Client id:2 | Test_Loss: 0.040 | Test_Acc: 98.681
| Global Round : 14/30 | Client id:2 | Local Epoch : 1/5 |  Train_Loss: 0.012 | Train_Acc: 99.624
| Global Round : 14/30 | Client id:2 | Local Epoch : 2/5 |  Train_Loss: 0.011 | Train_Acc: 99.654
| Global Round : 14/30 | Client id:2 | Local Epoch : 3/5 |  Train_Loss: 0.012 | Train_Acc: 99.614
| Global Round : 14/30 | Client id:2 | Local Epoch : 4/5 |  Train_Loss: 0.009 | Train_Acc: 99.741
| Global Round : 14/30 | Client id:2 | Local Epoch : 5/5 |  Train_Loss: 0.005 | Train_Acc: 99.903
aggregating weights...
lambda: tensor([0.3767, 0.3116, 0.3117])
| Client id:0 | Test_Loss: 0.277 | Test_Acc: 90.813
| Global Round : 15/30 | Client id:0 | Local Epoch : 1/5 |  Train_Loss: 0.008 | Train_Acc: 99.700
| Global Round : 15/30 | Client id:0 | Local Epoch : 2/5 |  Train_Loss: 0.003 | Train_Acc: 99.884
| Global Round : 15/30 | Client id:0 | Local Epoch : 3/5 |  Train_Loss: 0.001 | Train_Acc: 99.976
| Global Round : 15/30 | Client id:0 | Local Epoch : 4/5 |  Train_Loss: 0.000 | Train_Acc: 100.000
| Global Round : 15/30 | Client id:0 | Local Epoch : 5/5 |  Train_Loss: 0.000 | Train_Acc: 100.000
| Client id:1 | Test_Loss: 0.043 | Test_Acc: 98.741
| Global Round : 15/30 | Client id:1 | Local Epoch : 1/5 |  Train_Loss: 0.014 | Train_Acc: 99.517
| Global Round : 15/30 | Client id:1 | Local Epoch : 2/5 |  Train_Loss: 0.014 | Train_Acc: 99.532
| Global Round : 15/30 | Client id:1 | Local Epoch : 3/5 |  Train_Loss: 0.010 | Train_Acc: 99.705
| Global Round : 15/30 | Client id:1 | Local Epoch : 4/5 |  Train_Loss: 0.007 | Train_Acc: 99.776
| Global Round : 15/30 | Client id:1 | Local Epoch : 5/5 |  Train_Loss: 0.003 | Train_Acc: 99.959
| Client id:2 | Test_Loss: 0.043 | Test_Acc: 98.773
| Global Round : 15/30 | Client id:2 | Local Epoch : 1/5 |  Train_Loss: 0.016 | Train_Acc: 99.461
| Global Round : 15/30 | Client id:2 | Local Epoch : 2/5 |  Train_Loss: 0.011 | Train_Acc: 99.588
| Global Round : 15/30 | Client id:2 | Local Epoch : 3/5 |  Train_Loss: 0.008 | Train_Acc: 99.751
| Global Round : 15/30 | Client id:2 | Local Epoch : 4/5 |  Train_Loss: 0.008 | Train_Acc: 99.741
| Global Round : 15/30 | Client id:2 | Local Epoch : 5/5 |  Train_Loss: 0.004 | Train_Acc: 99.903
aggregating weights...
lambda: tensor([0.3782, 0.3108, 0.3109])
| Client id:0 | Test_Loss: 0.247 | Test_Acc: 92.105
| Global Round : 16/30 | Client id:0 | Local Epoch : 1/5 |  Train_Loss: 0.009 | Train_Acc: 99.700
| Global Round : 16/30 | Client id:0 | Local Epoch : 2/5 |  Train_Loss: 0.004 | Train_Acc: 99.894
| Global Round : 16/30 | Client id:0 | Local Epoch : 3/5 |  Train_Loss: 0.001 | Train_Acc: 99.981
| Global Round : 16/30 | Client id:0 | Local Epoch : 4/5 |  Train_Loss: 0.000 | Train_Acc: 100.000
| Global Round : 16/30 | Client id:0 | Local Epoch : 5/5 |  Train_Loss: 0.000 | Train_Acc: 100.000
| Client id:1 | Test_Loss: 0.043 | Test_Acc: 98.680
| Global Round : 16/30 | Client id:1 | Local Epoch : 1/5 |  Train_Loss: 0.011 | Train_Acc: 99.675
| Global Round : 16/30 | Client id:1 | Local Epoch : 2/5 |  Train_Loss: 0.015 | Train_Acc: 99.542
| Global Round : 16/30 | Client id:1 | Local Epoch : 3/5 |  Train_Loss: 0.011 | Train_Acc: 99.614
| Global Round : 16/30 | Client id:1 | Local Epoch : 4/5 |  Train_Loss: 0.008 | Train_Acc: 99.700
| Global Round : 16/30 | Client id:1 | Local Epoch : 5/5 |  Train_Loss: 0.004 | Train_Acc: 99.919
| Client id:2 | Test_Loss: 0.044 | Test_Acc: 98.650
| Global Round : 16/30 | Client id:2 | Local Epoch : 1/5 |  Train_Loss: 0.015 | Train_Acc: 99.522
| Global Round : 16/30 | Client id:2 | Local Epoch : 2/5 |  Train_Loss: 0.012 | Train_Acc: 99.680
| Global Round : 16/30 | Client id:2 | Local Epoch : 3/5 |  Train_Loss: 0.008 | Train_Acc: 99.771
| Global Round : 16/30 | Client id:2 | Local Epoch : 4/5 |  Train_Loss: 0.006 | Train_Acc: 99.822
| Global Round : 16/30 | Client id:2 | Local Epoch : 5/5 |  Train_Loss: 0.002 | Train_Acc: 99.939
aggregating weights...
lambda: tensor([0.3796, 0.3101, 0.3103])
| Client id:0 | Test_Loss: 0.213 | Test_Acc: 93.741
| Global Round : 17/30 | Client id:0 | Local Epoch : 1/5 |  Train_Loss: 0.007 | Train_Acc: 99.811
| Global Round : 17/30 | Client id:0 | Local Epoch : 2/5 |  Train_Loss: 0.003 | Train_Acc: 99.932
| Global Round : 17/30 | Client id:0 | Local Epoch : 3/5 |  Train_Loss: 0.001 | Train_Acc: 99.985
| Global Round : 17/30 | Client id:0 | Local Epoch : 4/5 |  Train_Loss: 0.000 | Train_Acc: 99.995
| Global Round : 17/30 | Client id:0 | Local Epoch : 5/5 |  Train_Loss: 0.001 | Train_Acc: 99.985
| Client id:1 | Test_Loss: 0.044 | Test_Acc: 98.649
| Global Round : 17/30 | Client id:1 | Local Epoch : 1/5 |  Train_Loss: 0.013 | Train_Acc: 99.614
| Global Round : 17/30 | Client id:1 | Local Epoch : 2/5 |  Train_Loss: 0.011 | Train_Acc: 99.639
| Global Round : 17/30 | Client id:1 | Local Epoch : 3/5 |  Train_Loss: 0.010 | Train_Acc: 99.690
| Global Round : 17/30 | Client id:1 | Local Epoch : 4/5 |  Train_Loss: 0.006 | Train_Acc: 99.802
| Global Round : 17/30 | Client id:1 | Local Epoch : 5/5 |  Train_Loss: 0.005 | Train_Acc: 99.888
| Client id:2 | Test_Loss: 0.043 | Test_Acc: 98.712
| Global Round : 17/30 | Client id:2 | Local Epoch : 1/5 |  Train_Loss: 0.014 | Train_Acc: 99.568
| Global Round : 17/30 | Client id:2 | Local Epoch : 2/5 |  Train_Loss: 0.012 | Train_Acc: 99.598
| Global Round : 17/30 | Client id:2 | Local Epoch : 3/5 |  Train_Loss: 0.007 | Train_Acc: 99.766
| Global Round : 17/30 | Client id:2 | Local Epoch : 4/5 |  Train_Loss: 0.008 | Train_Acc: 99.741
| Global Round : 17/30 | Client id:2 | Local Epoch : 5/5 |  Train_Loss: 0.004 | Train_Acc: 99.883
aggregating weights...
lambda: tensor([0.3807, 0.3096, 0.3097])
| Client id:0 | Test_Loss: 0.223 | Test_Acc: 92.966
| Global Round : 18/30 | Client id:0 | Local Epoch : 1/5 |  Train_Loss: 0.007 | Train_Acc: 99.758
| Global Round : 18/30 | Client id:0 | Local Epoch : 2/5 |  Train_Loss: 0.002 | Train_Acc: 99.932
| Global Round : 18/30 | Client id:0 | Local Epoch : 3/5 |  Train_Loss: 0.001 | Train_Acc: 100.000
| Global Round : 18/30 | Client id:0 | Local Epoch : 4/5 |  Train_Loss: 0.001 | Train_Acc: 99.995
| Global Round : 18/30 | Client id:0 | Local Epoch : 5/5 |  Train_Loss: 0.000 | Train_Acc: 100.000
| Client id:1 | Test_Loss: 0.036 | Test_Acc: 98.803
| Global Round : 18/30 | Client id:1 | Local Epoch : 1/5 |  Train_Loss: 0.015 | Train_Acc: 99.527
| Global Round : 18/30 | Client id:1 | Local Epoch : 2/5 |  Train_Loss: 0.010 | Train_Acc: 99.705
| Global Round : 18/30 | Client id:1 | Local Epoch : 3/5 |  Train_Loss: 0.007 | Train_Acc: 99.761
| Global Round : 18/30 | Client id:1 | Local Epoch : 4/5 |  Train_Loss: 0.008 | Train_Acc: 99.736
| Global Round : 18/30 | Client id:1 | Local Epoch : 5/5 |  Train_Loss: 0.011 | Train_Acc: 99.629
| Client id:2 | Test_Loss: 0.041 | Test_Acc: 98.650
| Global Round : 18/30 | Client id:2 | Local Epoch : 1/5 |  Train_Loss: 0.013 | Train_Acc: 99.568
| Global Round : 18/30 | Client id:2 | Local Epoch : 2/5 |  Train_Loss: 0.008 | Train_Acc: 99.812
| Global Round : 18/30 | Client id:2 | Local Epoch : 3/5 |  Train_Loss: 0.010 | Train_Acc: 99.675
| Global Round : 18/30 | Client id:2 | Local Epoch : 4/5 |  Train_Loss: 0.005 | Train_Acc: 99.853
| Global Round : 18/30 | Client id:2 | Local Epoch : 5/5 |  Train_Loss: 0.005 | Train_Acc: 99.837
aggregating weights...
lambda: tensor([0.3820, 0.3089, 0.3091])
| Client id:0 | Test_Loss: 0.233 | Test_Acc: 92.822
| Global Round : 19/30 | Client id:0 | Local Epoch : 1/5 |  Train_Loss: 0.008 | Train_Acc: 99.744
| Global Round : 19/30 | Client id:0 | Local Epoch : 2/5 |  Train_Loss: 0.003 | Train_Acc: 99.923
| Global Round : 19/30 | Client id:0 | Local Epoch : 3/5 |  Train_Loss: 0.001 | Train_Acc: 99.971
| Global Round : 19/30 | Client id:0 | Local Epoch : 4/5 |  Train_Loss: 0.001 | Train_Acc: 99.976
| Global Round : 19/30 | Client id:0 | Local Epoch : 5/5 |  Train_Loss: 0.000 | Train_Acc: 100.000
| Client id:1 | Test_Loss: 0.037 | Test_Acc: 99.018
| Global Round : 19/30 | Client id:1 | Local Epoch : 1/5 |  Train_Loss: 0.010 | Train_Acc: 99.736
| Global Round : 19/30 | Client id:1 | Local Epoch : 2/5 |  Train_Loss: 0.010 | Train_Acc: 99.649
| Global Round : 19/30 | Client id:1 | Local Epoch : 3/5 |  Train_Loss: 0.008 | Train_Acc: 99.766
| Global Round : 19/30 | Client id:1 | Local Epoch : 4/5 |  Train_Loss: 0.006 | Train_Acc: 99.842
| Global Round : 19/30 | Client id:1 | Local Epoch : 5/5 |  Train_Loss: 0.002 | Train_Acc: 99.969
| Client id:2 | Test_Loss: 0.038 | Test_Acc: 98.681
| Global Round : 19/30 | Client id:2 | Local Epoch : 1/5 |  Train_Loss: 0.010 | Train_Acc: 99.695
| Global Round : 19/30 | Client id:2 | Local Epoch : 2/5 |  Train_Loss: 0.011 | Train_Acc: 99.639
| Global Round : 19/30 | Client id:2 | Local Epoch : 3/5 |  Train_Loss: 0.007 | Train_Acc: 99.797
| Global Round : 19/30 | Client id:2 | Local Epoch : 4/5 |  Train_Loss: 0.005 | Train_Acc: 99.837
| Global Round : 19/30 | Client id:2 | Local Epoch : 5/5 |  Train_Loss: 0.002 | Train_Acc: 99.959
aggregating weights...
lambda: tensor([0.3833, 0.3083, 0.3085])
| Client id:0 | Test_Loss: 0.153 | Test_Acc: 95.349
| Global Round : 20/30 | Client id:0 | Local Epoch : 1/5 |  Train_Loss: 0.006 | Train_Acc: 99.835
| Global Round : 20/30 | Client id:0 | Local Epoch : 2/5 |  Train_Loss: 0.002 | Train_Acc: 99.952
| Global Round : 20/30 | Client id:0 | Local Epoch : 3/5 |  Train_Loss: 0.001 | Train_Acc: 100.000
| Global Round : 20/30 | Client id:0 | Local Epoch : 4/5 |  Train_Loss: 0.000 | Train_Acc: 100.000
| Global Round : 20/30 | Client id:0 | Local Epoch : 5/5 |  Train_Loss: 0.000 | Train_Acc: 100.000
| Client id:1 | Test_Loss: 0.042 | Test_Acc: 98.588
| Global Round : 20/30 | Client id:1 | Local Epoch : 1/5 |  Train_Loss: 0.011 | Train_Acc: 99.685
| Global Round : 20/30 | Client id:1 | Local Epoch : 2/5 |  Train_Loss: 0.016 | Train_Acc: 99.436
| Global Round : 20/30 | Client id:1 | Local Epoch : 3/5 |  Train_Loss: 0.012 | Train_Acc: 99.588
| Global Round : 20/30 | Client id:1 | Local Epoch : 4/5 |  Train_Loss: 0.005 | Train_Acc: 99.837
| Global Round : 20/30 | Client id:1 | Local Epoch : 5/5 |  Train_Loss: 0.005 | Train_Acc: 99.853
| Client id:2 | Test_Loss: 0.045 | Test_Acc: 98.374
| Global Round : 20/30 | Client id:2 | Local Epoch : 1/5 |  Train_Loss: 0.013 | Train_Acc: 99.553
| Global Round : 20/30 | Client id:2 | Local Epoch : 2/5 |  Train_Loss: 0.010 | Train_Acc: 99.695
| Global Round : 20/30 | Client id:2 | Local Epoch : 3/5 |  Train_Loss: 0.007 | Train_Acc: 99.827
| Global Round : 20/30 | Client id:2 | Local Epoch : 4/5 |  Train_Loss: 0.007 | Train_Acc: 99.832
| Global Round : 20/30 | Client id:2 | Local Epoch : 5/5 |  Train_Loss: 0.006 | Train_Acc: 99.842
aggregating weights...
lambda: tensor([0.3840, 0.3079, 0.3081])
| Client id:0 | Test_Loss: 0.285 | Test_Acc: 90.755
| Global Round : 21/30 | Client id:0 | Local Epoch : 1/5 |  Train_Loss: 0.010 | Train_Acc: 99.647
| Global Round : 21/30 | Client id:0 | Local Epoch : 2/5 |  Train_Loss: 0.001 | Train_Acc: 99.985
| Global Round : 21/30 | Client id:0 | Local Epoch : 3/5 |  Train_Loss: 0.000 | Train_Acc: 100.000
| Global Round : 21/30 | Client id:0 | Local Epoch : 4/5 |  Train_Loss: 0.000 | Train_Acc: 100.000
| Global Round : 21/30 | Client id:0 | Local Epoch : 5/5 |  Train_Loss: 0.000 | Train_Acc: 100.000
| Client id:1 | Test_Loss: 0.035 | Test_Acc: 98.864
| Global Round : 21/30 | Client id:1 | Local Epoch : 1/5 |  Train_Loss: 0.011 | Train_Acc: 99.619
| Global Round : 21/30 | Client id:1 | Local Epoch : 2/5 |  Train_Loss: 0.012 | Train_Acc: 99.639
| Global Round : 21/30 | Client id:1 | Local Epoch : 3/5 |  Train_Loss: 0.006 | Train_Acc: 99.842
| Global Round : 21/30 | Client id:1 | Local Epoch : 4/5 |  Train_Loss: 0.006 | Train_Acc: 99.842
| Global Round : 21/30 | Client id:1 | Local Epoch : 5/5 |  Train_Loss: 0.006 | Train_Acc: 99.858
| Client id:2 | Test_Loss: 0.036 | Test_Acc: 98.957
| Global Round : 21/30 | Client id:2 | Local Epoch : 1/5 |  Train_Loss: 0.013 | Train_Acc: 99.573
| Global Round : 21/30 | Client id:2 | Local Epoch : 2/5 |  Train_Loss: 0.008 | Train_Acc: 99.786
| Global Round : 21/30 | Client id:2 | Local Epoch : 3/5 |  Train_Loss: 0.010 | Train_Acc: 99.715
| Global Round : 21/30 | Client id:2 | Local Epoch : 4/5 |  Train_Loss: 0.008 | Train_Acc: 99.746
| Global Round : 21/30 | Client id:2 | Local Epoch : 5/5 |  Train_Loss: 0.003 | Train_Acc: 99.914
aggregating weights...
lambda: tensor([0.3857, 0.3071, 0.3073])
| Client id:0 | Test_Loss: 0.180 | Test_Acc: 93.913
| Global Round : 22/30 | Client id:0 | Local Epoch : 1/5 |  Train_Loss: 0.006 | Train_Acc: 99.758
| Global Round : 22/30 | Client id:0 | Local Epoch : 2/5 |  Train_Loss: 0.002 | Train_Acc: 99.947
| Global Round : 22/30 | Client id:0 | Local Epoch : 3/5 |  Train_Loss: 0.002 | Train_Acc: 99.932
| Global Round : 22/30 | Client id:0 | Local Epoch : 4/5 |  Train_Loss: 0.000 | Train_Acc: 100.000
| Global Round : 22/30 | Client id:0 | Local Epoch : 5/5 |  Train_Loss: 0.000 | Train_Acc: 100.000
| Client id:1 | Test_Loss: 0.035 | Test_Acc: 98.895
| Global Round : 22/30 | Client id:1 | Local Epoch : 1/5 |  Train_Loss: 0.015 | Train_Acc: 99.527
| Global Round : 22/30 | Client id:1 | Local Epoch : 2/5 |  Train_Loss: 0.009 | Train_Acc: 99.654
| Global Round : 22/30 | Client id:1 | Local Epoch : 3/5 |  Train_Loss: 0.004 | Train_Acc: 99.914
| Global Round : 22/30 | Client id:1 | Local Epoch : 4/5 |  Train_Loss: 0.002 | Train_Acc: 99.969
| Global Round : 22/30 | Client id:1 | Local Epoch : 5/5 |  Train_Loss: 0.001 | Train_Acc: 99.995
| Client id:2 | Test_Loss: 0.037 | Test_Acc: 98.957
| Global Round : 22/30 | Client id:2 | Local Epoch : 1/5 |  Train_Loss: 0.012 | Train_Acc: 99.614
| Global Round : 22/30 | Client id:2 | Local Epoch : 2/5 |  Train_Loss: 0.014 | Train_Acc: 99.553
| Global Round : 22/30 | Client id:2 | Local Epoch : 3/5 |  Train_Loss: 0.009 | Train_Acc: 99.700
| Global Round : 22/30 | Client id:2 | Local Epoch : 4/5 |  Train_Loss: 0.003 | Train_Acc: 99.924
| Global Round : 22/30 | Client id:2 | Local Epoch : 5/5 |  Train_Loss: 0.003 | Train_Acc: 99.929
aggregating weights...
lambda: tensor([0.3866, 0.3066, 0.3068])
| Client id:0 | Test_Loss: 0.214 | Test_Acc: 93.023
| Global Round : 23/30 | Client id:0 | Local Epoch : 1/5 |  Train_Loss: 0.007 | Train_Acc: 99.744
| Global Round : 23/30 | Client id:0 | Local Epoch : 2/5 |  Train_Loss: 0.002 | Train_Acc: 99.985
| Global Round : 23/30 | Client id:0 | Local Epoch : 3/5 |  Train_Loss: 0.001 | Train_Acc: 99.981
| Global Round : 23/30 | Client id:0 | Local Epoch : 4/5 |  Train_Loss: 0.000 | Train_Acc: 99.995
| Global Round : 23/30 | Client id:0 | Local Epoch : 5/5 |  Train_Loss: 0.000 | Train_Acc: 100.000
| Client id:1 | Test_Loss: 0.043 | Test_Acc: 98.833
| Global Round : 23/30 | Client id:1 | Local Epoch : 1/5 |  Train_Loss: 0.012 | Train_Acc: 99.669
| Global Round : 23/30 | Client id:1 | Local Epoch : 2/5 |  Train_Loss: 0.013 | Train_Acc: 99.552
| Global Round : 23/30 | Client id:1 | Local Epoch : 3/5 |  Train_Loss: 0.008 | Train_Acc: 99.746
| Global Round : 23/30 | Client id:1 | Local Epoch : 4/5 |  Train_Loss: 0.009 | Train_Acc: 99.741
| Global Round : 23/30 | Client id:1 | Local Epoch : 5/5 |  Train_Loss: 0.004 | Train_Acc: 99.868
| Client id:2 | Test_Loss: 0.046 | Test_Acc: 98.466
| Global Round : 23/30 | Client id:2 | Local Epoch : 1/5 |  Train_Loss: 0.012 | Train_Acc: 99.675
| Global Round : 23/30 | Client id:2 | Local Epoch : 2/5 |  Train_Loss: 0.008 | Train_Acc: 99.746
| Global Round : 23/30 | Client id:2 | Local Epoch : 3/5 |  Train_Loss: 0.005 | Train_Acc: 99.873
| Global Round : 23/30 | Client id:2 | Local Epoch : 4/5 |  Train_Loss: 0.006 | Train_Acc: 99.842
| Global Round : 23/30 | Client id:2 | Local Epoch : 5/5 |  Train_Loss: 0.008 | Train_Acc: 99.817
aggregating weights...
lambda: tensor([0.3877, 0.3060, 0.3063])
| Client id:0 | Test_Loss: 0.193 | Test_Acc: 93.942
| Global Round : 24/30 | Client id:0 | Local Epoch : 1/5 |  Train_Loss: 0.008 | Train_Acc: 99.734
| Global Round : 24/30 | Client id:0 | Local Epoch : 2/5 |  Train_Loss: 0.003 | Train_Acc: 99.927
| Global Round : 24/30 | Client id:0 | Local Epoch : 3/5 |  Train_Loss: 0.001 | Train_Acc: 100.000
| Global Round : 24/30 | Client id:0 | Local Epoch : 4/5 |  Train_Loss: 0.000 | Train_Acc: 100.000
| Global Round : 24/30 | Client id:0 | Local Epoch : 5/5 |  Train_Loss: 0.000 | Train_Acc: 100.000
| Client id:1 | Test_Loss: 0.041 | Test_Acc: 98.925
| Global Round : 24/30 | Client id:1 | Local Epoch : 1/5 |  Train_Loss: 0.011 | Train_Acc: 99.644
| Global Round : 24/30 | Client id:1 | Local Epoch : 2/5 |  Train_Loss: 0.016 | Train_Acc: 99.507
| Global Round : 24/30 | Client id:1 | Local Epoch : 3/5 |  Train_Loss: 0.006 | Train_Acc: 99.883
| Global Round : 24/30 | Client id:1 | Local Epoch : 4/5 |  Train_Loss: 0.005 | Train_Acc: 99.847
| Global Round : 24/30 | Client id:1 | Local Epoch : 5/5 |  Train_Loss: 0.005 | Train_Acc: 99.868
| Client id:2 | Test_Loss: 0.043 | Test_Acc: 98.681
| Global Round : 24/30 | Client id:2 | Local Epoch : 1/5 |  Train_Loss: 0.013 | Train_Acc: 99.614
| Global Round : 24/30 | Client id:2 | Local Epoch : 2/5 |  Train_Loss: 0.010 | Train_Acc: 99.680
| Global Round : 24/30 | Client id:2 | Local Epoch : 3/5 |  Train_Loss: 0.005 | Train_Acc: 99.858
| Global Round : 24/30 | Client id:2 | Local Epoch : 4/5 |  Train_Loss: 0.003 | Train_Acc: 99.934
| Global Round : 24/30 | Client id:2 | Local Epoch : 5/5 |  Train_Loss: 0.002 | Train_Acc: 99.969
aggregating weights...
lambda: tensor([0.3888, 0.3055, 0.3058])
| Client id:0 | Test_Loss: 0.197 | Test_Acc: 93.885
| Global Round : 25/30 | Client id:0 | Local Epoch : 1/5 |  Train_Loss: 0.007 | Train_Acc: 99.806
| Global Round : 25/30 | Client id:0 | Local Epoch : 2/5 |  Train_Loss: 0.003 | Train_Acc: 99.903
| Global Round : 25/30 | Client id:0 | Local Epoch : 3/5 |  Train_Loss: 0.002 | Train_Acc: 99.956
| Global Round : 25/30 | Client id:0 | Local Epoch : 4/5 |  Train_Loss: 0.001 | Train_Acc: 100.000
| Global Round : 25/30 | Client id:0 | Local Epoch : 5/5 |  Train_Loss: 0.000 | Train_Acc: 100.000
| Client id:1 | Test_Loss: 0.035 | Test_Acc: 98.956
| Global Round : 25/30 | Client id:1 | Local Epoch : 1/5 |  Train_Loss: 0.015 | Train_Acc: 99.578
| Global Round : 25/30 | Client id:1 | Local Epoch : 2/5 |  Train_Loss: 0.010 | Train_Acc: 99.715
| Global Round : 25/30 | Client id:1 | Local Epoch : 3/5 |  Train_Loss: 0.010 | Train_Acc: 99.756
| Global Round : 25/30 | Client id:1 | Local Epoch : 4/5 |  Train_Loss: 0.004 | Train_Acc: 99.868
| Global Round : 25/30 | Client id:1 | Local Epoch : 5/5 |  Train_Loss: 0.003 | Train_Acc: 99.898
| Client id:2 | Test_Loss: 0.037 | Test_Acc: 98.773
| Global Round : 25/30 | Client id:2 | Local Epoch : 1/5 |  Train_Loss: 0.015 | Train_Acc: 99.451
| Global Round : 25/30 | Client id:2 | Local Epoch : 2/5 |  Train_Loss: 0.010 | Train_Acc: 99.690
| Global Round : 25/30 | Client id:2 | Local Epoch : 3/5 |  Train_Loss: 0.012 | Train_Acc: 99.634
| Global Round : 25/30 | Client id:2 | Local Epoch : 4/5 |  Train_Loss: 0.005 | Train_Acc: 99.853
| Global Round : 25/30 | Client id:2 | Local Epoch : 5/5 |  Train_Loss: 0.004 | Train_Acc: 99.919
aggregating weights...
lambda: tensor([0.3898, 0.3049, 0.3052])
| Client id:0 | Test_Loss: 0.229 | Test_Acc: 92.679
| Global Round : 26/30 | Client id:0 | Local Epoch : 1/5 |  Train_Loss: 0.005 | Train_Acc: 99.835
| Global Round : 26/30 | Client id:0 | Local Epoch : 2/5 |  Train_Loss: 0.001 | Train_Acc: 99.976
| Global Round : 26/30 | Client id:0 | Local Epoch : 3/5 |  Train_Loss: 0.003 | Train_Acc: 99.918
| Global Round : 26/30 | Client id:0 | Local Epoch : 4/5 |  Train_Loss: 0.001 | Train_Acc: 99.976
| Global Round : 26/30 | Client id:0 | Local Epoch : 5/5 |  Train_Loss: 0.001 | Train_Acc: 99.990
| Client id:1 | Test_Loss: 0.039 | Test_Acc: 98.864
| Global Round : 26/30 | Client id:1 | Local Epoch : 1/5 |  Train_Loss: 0.014 | Train_Acc: 99.568
| Global Round : 26/30 | Client id:1 | Local Epoch : 2/5 |  Train_Loss: 0.015 | Train_Acc: 99.481
| Global Round : 26/30 | Client id:1 | Local Epoch : 3/5 |  Train_Loss: 0.011 | Train_Acc: 99.634
| Global Round : 26/30 | Client id:1 | Local Epoch : 4/5 |  Train_Loss: 0.007 | Train_Acc: 99.766
| Global Round : 26/30 | Client id:1 | Local Epoch : 5/5 |  Train_Loss: 0.006 | Train_Acc: 99.817
| Client id:2 | Test_Loss: 0.041 | Test_Acc: 98.712
| Global Round : 26/30 | Client id:2 | Local Epoch : 1/5 |  Train_Loss: 0.015 | Train_Acc: 99.588
| Global Round : 26/30 | Client id:2 | Local Epoch : 2/5 |  Train_Loss: 0.010 | Train_Acc: 99.766
| Global Round : 26/30 | Client id:2 | Local Epoch : 3/5 |  Train_Loss: 0.002 | Train_Acc: 99.964
| Global Round : 26/30 | Client id:2 | Local Epoch : 4/5 |  Train_Loss: 0.002 | Train_Acc: 99.975
| Global Round : 26/30 | Client id:2 | Local Epoch : 5/5 |  Train_Loss: 0.002 | Train_Acc: 99.964
aggregating weights...
lambda: tensor([0.3911, 0.3043, 0.3046])
| Client id:0 | Test_Loss: 0.172 | Test_Acc: 94.918
| Global Round : 27/30 | Client id:0 | Local Epoch : 1/5 |  Train_Loss: 0.008 | Train_Acc: 99.758
| Global Round : 27/30 | Client id:0 | Local Epoch : 2/5 |  Train_Loss: 0.003 | Train_Acc: 99.932
| Global Round : 27/30 | Client id:0 | Local Epoch : 3/5 |  Train_Loss: 0.001 | Train_Acc: 99.985
| Global Round : 27/30 | Client id:0 | Local Epoch : 4/5 |  Train_Loss: 0.001 | Train_Acc: 99.976
| Global Round : 27/30 | Client id:0 | Local Epoch : 5/5 |  Train_Loss: 0.000 | Train_Acc: 100.000
| Client id:1 | Test_Loss: 0.046 | Test_Acc: 98.526
| Global Round : 27/30 | Client id:1 | Local Epoch : 1/5 |  Train_Loss: 0.015 | Train_Acc: 99.578
| Global Round : 27/30 | Client id:1 | Local Epoch : 2/5 |  Train_Loss: 0.012 | Train_Acc: 99.624
| Global Round : 27/30 | Client id:1 | Local Epoch : 3/5 |  Train_Loss: 0.008 | Train_Acc: 99.741
| Global Round : 27/30 | Client id:1 | Local Epoch : 4/5 |  Train_Loss: 0.008 | Train_Acc: 99.776
| Global Round : 27/30 | Client id:1 | Local Epoch : 5/5 |  Train_Loss: 0.004 | Train_Acc: 99.898
| Client id:2 | Test_Loss: 0.050 | Test_Acc: 98.190
| Global Round : 27/30 | Client id:2 | Local Epoch : 1/5 |  Train_Loss: 0.020 | Train_Acc: 99.359
| Global Round : 27/30 | Client id:2 | Local Epoch : 2/5 |  Train_Loss: 0.012 | Train_Acc: 99.573
| Global Round : 27/30 | Client id:2 | Local Epoch : 3/5 |  Train_Loss: 0.010 | Train_Acc: 99.731
| Global Round : 27/30 | Client id:2 | Local Epoch : 4/5 |  Train_Loss: 0.003 | Train_Acc: 99.924
| Global Round : 27/30 | Client id:2 | Local Epoch : 5/5 |  Train_Loss: 0.001 | Train_Acc: 99.985
aggregating weights...
lambda: tensor([0.3919, 0.3039, 0.3042])
| Client id:0 | Test_Loss: 0.194 | Test_Acc: 93.770
| Global Round : 28/30 | Client id:0 | Local Epoch : 1/5 |  Train_Loss: 0.004 | Train_Acc: 99.918
| Global Round : 28/30 | Client id:0 | Local Epoch : 2/5 |  Train_Loss: 0.002 | Train_Acc: 99.947
| Global Round : 28/30 | Client id:0 | Local Epoch : 3/5 |  Train_Loss: 0.001 | Train_Acc: 100.000
| Global Round : 28/30 | Client id:0 | Local Epoch : 4/5 |  Train_Loss: 0.000 | Train_Acc: 100.000
| Global Round : 28/30 | Client id:0 | Local Epoch : 5/5 |  Train_Loss: 0.000 | Train_Acc: 100.000
| Client id:1 | Test_Loss: 0.037 | Test_Acc: 98.864
| Global Round : 28/30 | Client id:1 | Local Epoch : 1/5 |  Train_Loss: 0.011 | Train_Acc: 99.685
| Global Round : 28/30 | Client id:1 | Local Epoch : 2/5 |  Train_Loss: 0.011 | Train_Acc: 99.700
| Global Round : 28/30 | Client id:1 | Local Epoch : 3/5 |  Train_Loss: 0.004 | Train_Acc: 99.898
| Global Round : 28/30 | Client id:1 | Local Epoch : 4/5 |  Train_Loss: 0.006 | Train_Acc: 99.776
| Global Round : 28/30 | Client id:1 | Local Epoch : 5/5 |  Train_Loss: 0.007 | Train_Acc: 99.832
| Client id:2 | Test_Loss: 0.037 | Test_Acc: 98.742
| Global Round : 28/30 | Client id:2 | Local Epoch : 1/5 |  Train_Loss: 0.014 | Train_Acc: 99.532
| Global Round : 28/30 | Client id:2 | Local Epoch : 2/5 |  Train_Loss: 0.010 | Train_Acc: 99.685
| Global Round : 28/30 | Client id:2 | Local Epoch : 3/5 |  Train_Loss: 0.008 | Train_Acc: 99.771
| Global Round : 28/30 | Client id:2 | Local Epoch : 4/5 |  Train_Loss: 0.009 | Train_Acc: 99.715
| Global Round : 28/30 | Client id:2 | Local Epoch : 5/5 |  Train_Loss: 0.005 | Train_Acc: 99.878
aggregating weights...
lambda: tensor([0.3930, 0.3033, 0.3037])
| Client id:0 | Test_Loss: 0.201 | Test_Acc: 93.597
| Global Round : 29/30 | Client id:0 | Local Epoch : 1/5 |  Train_Loss: 0.007 | Train_Acc: 99.797
| Global Round : 29/30 | Client id:0 | Local Epoch : 2/5 |  Train_Loss: 0.003 | Train_Acc: 99.913
| Global Round : 29/30 | Client id:0 | Local Epoch : 3/5 |  Train_Loss: 0.003 | Train_Acc: 99.937
| Global Round : 29/30 | Client id:0 | Local Epoch : 4/5 |  Train_Loss: 0.000 | Train_Acc: 100.000
| Global Round : 29/30 | Client id:0 | Local Epoch : 5/5 |  Train_Loss: 0.000 | Train_Acc: 100.000
| Client id:1 | Test_Loss: 0.038 | Test_Acc: 98.987
| Global Round : 29/30 | Client id:1 | Local Epoch : 1/5 |  Train_Loss: 0.011 | Train_Acc: 99.675
| Global Round : 29/30 | Client id:1 | Local Epoch : 2/5 |  Train_Loss: 0.012 | Train_Acc: 99.619
| Global Round : 29/30 | Client id:1 | Local Epoch : 3/5 |  Train_Loss: 0.010 | Train_Acc: 99.720
| Global Round : 29/30 | Client id:1 | Local Epoch : 4/5 |  Train_Loss: 0.008 | Train_Acc: 99.720
| Global Round : 29/30 | Client id:1 | Local Epoch : 5/5 |  Train_Loss: 0.002 | Train_Acc: 99.959
| Client id:2 | Test_Loss: 0.041 | Test_Acc: 98.650
| Global Round : 29/30 | Client id:2 | Local Epoch : 1/5 |  Train_Loss: 0.013 | Train_Acc: 99.553
| Global Round : 29/30 | Client id:2 | Local Epoch : 2/5 |  Train_Loss: 0.010 | Train_Acc: 99.670
| Global Round : 29/30 | Client id:2 | Local Epoch : 3/5 |  Train_Loss: 0.007 | Train_Acc: 99.827
| Global Round : 29/30 | Client id:2 | Local Epoch : 4/5 |  Train_Loss: 0.004 | Train_Acc: 99.929
| Global Round : 29/30 | Client id:2 | Local Epoch : 5/5 |  Train_Loss: 0.001 | Train_Acc: 100.000
aggregating weights...
lambda: tensor([0.3940, 0.3028, 0.3032])
| Client id:0 | Test_Loss: 0.191 | Test_Acc: 93.770
| Global Round : 30/30 | Client id:0 | Local Epoch : 1/5 |  Train_Loss: 0.005 | Train_Acc: 99.879
| Global Round : 30/30 | Client id:0 | Local Epoch : 2/5 |  Train_Loss: 0.002 | Train_Acc: 99.927
| Global Round : 30/30 | Client id:0 | Local Epoch : 3/5 |  Train_Loss: 0.001 | Train_Acc: 99.995
| Global Round : 30/30 | Client id:0 | Local Epoch : 4/5 |  Train_Loss: 0.002 | Train_Acc: 99.932
| Global Round : 30/30 | Client id:0 | Local Epoch : 5/5 |  Train_Loss: 0.000 | Train_Acc: 100.000
| Client id:1 | Test_Loss: 0.035 | Test_Acc: 98.956
| Global Round : 30/30 | Client id:1 | Local Epoch : 1/5 |  Train_Loss: 0.010 | Train_Acc: 99.675
| Global Round : 30/30 | Client id:1 | Local Epoch : 2/5 |  Train_Loss: 0.008 | Train_Acc: 99.786
| Global Round : 30/30 | Client id:1 | Local Epoch : 3/5 |  Train_Loss: 0.008 | Train_Acc: 99.756
| Global Round : 30/30 | Client id:1 | Local Epoch : 4/5 |  Train_Loss: 0.009 | Train_Acc: 99.736
| Global Round : 30/30 | Client id:1 | Local Epoch : 5/5 |  Train_Loss: 0.007 | Train_Acc: 99.751
| Client id:2 | Test_Loss: 0.037 | Test_Acc: 98.742
| Global Round : 30/30 | Client id:2 | Local Epoch : 1/5 |  Train_Loss: 0.014 | Train_Acc: 99.598
| Global Round : 30/30 | Client id:2 | Local Epoch : 2/5 |  Train_Loss: 0.013 | Train_Acc: 99.614
| Global Round : 30/30 | Client id:2 | Local Epoch : 3/5 |  Train_Loss: 0.005 | Train_Acc: 99.847
| Global Round : 30/30 | Client id:2 | Local Epoch : 4/5 |  Train_Loss: 0.004 | Train_Acc: 99.903
| Global Round : 30/30 | Client id:2 | Local Epoch : 5/5 |  Train_Loss: 0.002 | Train_Acc: 99.980
aggregating weights...
lambda: tensor([0.3951, 0.3022, 0.3027])

Final Results
| Client id:0 | Test_Loss: 0.217 | Test_Acc: 93.540
| Client id:1 | Test_Loss: 0.045 | Test_Acc: 98.618
| Client id:2 | Test_Loss: 0.045 | Test_Acc: 98.436
