GPU will be used for training

batch_size: 32
data_dist: from_csv
dataset: cifar10
drfa_gamma: 0.05
federated_type: fedavg
from_csv: iid
global_epochs: 30
local_epochs: 5
lr: 0.01
model: cnn
n_clients: 3
on_cuda: 1
optimizer: sgd
seed: 1
seed_num: 0
Files already downloaded and verified
Files already downloaded and verified
Class distribution of id:0
train [1666, 1666, 1666, 1666, 1666, 1666, 1666, 1666, 1666, 1666]
test [333, 333, 333, 333, 333, 333, 333, 333, 333, 333]
Class distribution of id:1
train [1666, 1666, 1666, 1666, 1666, 1666, 1666, 1666, 1666, 1666]
test [333, 333, 333, 333, 333, 333, 333, 333, 333, 333]
Class distribution of id:2
train [1668, 1668, 1668, 1668, 1668, 1668, 1668, 1668, 1668, 1668]
test [334, 334, 334, 334, 334, 334, 334, 334, 334, 334]
| Client id:0 | Test_Loss: 2.304 | Test_Acc: 10.060
| Global Round : 1/30 | Client id:0 | Local Epoch : 1/5 |  Train_Loss: 1.986 | Train_Acc: 26.218
| Global Round : 1/30 | Client id:0 | Local Epoch : 2/5 |  Train_Loss: 1.666 | Train_Acc: 38.613
| Global Round : 1/30 | Client id:0 | Local Epoch : 3/5 |  Train_Loss: 1.539 | Train_Acc: 44.064
| Global Round : 1/30 | Client id:0 | Local Epoch : 4/5 |  Train_Loss: 1.447 | Train_Acc: 47.353
| Global Round : 1/30 | Client id:0 | Local Epoch : 5/5 |  Train_Loss: 1.385 | Train_Acc: 49.730
| Client id:1 | Test_Loss: 2.304 | Test_Acc: 10.120
| Global Round : 1/30 | Client id:1 | Local Epoch : 1/5 |  Train_Loss: 1.991 | Train_Acc: 26.615
| Global Round : 1/30 | Client id:1 | Local Epoch : 2/5 |  Train_Loss: 1.658 | Train_Acc: 39.472
| Global Round : 1/30 | Client id:1 | Local Epoch : 3/5 |  Train_Loss: 1.542 | Train_Acc: 43.151
| Global Round : 1/30 | Client id:1 | Local Epoch : 4/5 |  Train_Loss: 1.457 | Train_Acc: 47.911
| Global Round : 1/30 | Client id:1 | Local Epoch : 5/5 |  Train_Loss: 1.382 | Train_Acc: 50.252
| Client id:2 | Test_Loss: 2.304 | Test_Acc: 10.090
| Global Round : 1/30 | Client id:2 | Local Epoch : 1/5 |  Train_Loss: 1.984 | Train_Acc: 26.571
| Global Round : 1/30 | Client id:2 | Local Epoch : 2/5 |  Train_Loss: 1.660 | Train_Acc: 39.281
| Global Round : 1/30 | Client id:2 | Local Epoch : 3/5 |  Train_Loss: 1.517 | Train_Acc: 44.748
| Global Round : 1/30 | Client id:2 | Local Epoch : 4/5 |  Train_Loss: 1.432 | Train_Acc: 47.614
| Global Round : 1/30 | Client id:2 | Local Epoch : 5/5 |  Train_Loss: 1.377 | Train_Acc: 49.778
aggregating weights...
| Client id:0 | Test_Loss: 1.303 | Test_Acc: 55.706
| Global Round : 2/30 | Client id:0 | Local Epoch : 1/5 |  Train_Loss: 1.359 | Train_Acc: 50.762
| Global Round : 2/30 | Client id:0 | Local Epoch : 2/5 |  Train_Loss: 1.291 | Train_Acc: 53.331
| Global Round : 2/30 | Client id:0 | Local Epoch : 3/5 |  Train_Loss: 1.239 | Train_Acc: 55.390
| Global Round : 2/30 | Client id:0 | Local Epoch : 4/5 |  Train_Loss: 1.188 | Train_Acc: 57.143
| Global Round : 2/30 | Client id:0 | Local Epoch : 5/5 |  Train_Loss: 1.149 | Train_Acc: 58.980
| Client id:1 | Test_Loss: 1.295 | Test_Acc: 56.216
| Global Round : 2/30 | Client id:1 | Local Epoch : 1/5 |  Train_Loss: 1.355 | Train_Acc: 51.044
| Global Round : 2/30 | Client id:1 | Local Epoch : 2/5 |  Train_Loss: 1.297 | Train_Acc: 53.175
| Global Round : 2/30 | Client id:1 | Local Epoch : 3/5 |  Train_Loss: 1.239 | Train_Acc: 55.510
| Global Round : 2/30 | Client id:1 | Local Epoch : 4/5 |  Train_Loss: 1.190 | Train_Acc: 57.353
| Global Round : 2/30 | Client id:1 | Local Epoch : 5/5 |  Train_Loss: 1.151 | Train_Acc: 58.709
| Client id:2 | Test_Loss: 1.290 | Test_Acc: 56.826
| Global Round : 2/30 | Client id:2 | Local Epoch : 1/5 |  Train_Loss: 1.341 | Train_Acc: 51.421
| Global Round : 2/30 | Client id:2 | Local Epoch : 2/5 |  Train_Loss: 1.288 | Train_Acc: 53.112
| Global Round : 2/30 | Client id:2 | Local Epoch : 3/5 |  Train_Loss: 1.214 | Train_Acc: 55.959
| Global Round : 2/30 | Client id:2 | Local Epoch : 4/5 |  Train_Loss: 1.183 | Train_Acc: 57.656
| Global Round : 2/30 | Client id:2 | Local Epoch : 5/5 |  Train_Loss: 1.125 | Train_Acc: 59.305
aggregating weights...
| Client id:0 | Test_Loss: 1.008 | Test_Acc: 63.814
| Global Round : 3/30 | Client id:0 | Local Epoch : 1/5 |  Train_Loss: 1.119 | Train_Acc: 59.922
| Global Round : 3/30 | Client id:0 | Local Epoch : 2/5 |  Train_Loss: 1.092 | Train_Acc: 60.996
| Global Round : 3/30 | Client id:0 | Local Epoch : 3/5 |  Train_Loss: 1.059 | Train_Acc: 62.383
| Global Round : 3/30 | Client id:0 | Local Epoch : 4/5 |  Train_Loss: 1.043 | Train_Acc: 62.887
| Global Round : 3/30 | Client id:0 | Local Epoch : 5/5 |  Train_Loss: 1.008 | Train_Acc: 64.040
| Client id:1 | Test_Loss: 0.998 | Test_Acc: 64.985
| Global Round : 3/30 | Client id:1 | Local Epoch : 1/5 |  Train_Loss: 1.109 | Train_Acc: 60.594
| Global Round : 3/30 | Client id:1 | Local Epoch : 2/5 |  Train_Loss: 1.094 | Train_Acc: 61.098
| Global Round : 3/30 | Client id:1 | Local Epoch : 3/5 |  Train_Loss: 1.057 | Train_Acc: 62.419
| Global Round : 3/30 | Client id:1 | Local Epoch : 4/5 |  Train_Loss: 1.031 | Train_Acc: 63.031
| Global Round : 3/30 | Client id:1 | Local Epoch : 5/5 |  Train_Loss: 1.008 | Train_Acc: 64.400
| Client id:2 | Test_Loss: 0.983 | Test_Acc: 65.629
| Global Round : 3/30 | Client id:2 | Local Epoch : 1/5 |  Train_Loss: 1.088 | Train_Acc: 60.899
| Global Round : 3/30 | Client id:2 | Local Epoch : 2/5 |  Train_Loss: 1.073 | Train_Acc: 61.960
| Global Round : 3/30 | Client id:2 | Local Epoch : 3/5 |  Train_Loss: 1.043 | Train_Acc: 62.488
| Global Round : 3/30 | Client id:2 | Local Epoch : 4/5 |  Train_Loss: 1.016 | Train_Acc: 63.741
| Global Round : 3/30 | Client id:2 | Local Epoch : 5/5 |  Train_Loss: 0.983 | Train_Acc: 64.676
aggregating weights...
| Client id:0 | Test_Loss: 0.838 | Test_Acc: 70.390
| Global Round : 4/30 | Client id:0 | Local Epoch : 1/5 |  Train_Loss: 0.973 | Train_Acc: 65.486
| Global Round : 4/30 | Client id:0 | Local Epoch : 2/5 |  Train_Loss: 0.975 | Train_Acc: 66.008
| Global Round : 4/30 | Client id:0 | Local Epoch : 3/5 |  Train_Loss: 0.946 | Train_Acc: 66.591
| Global Round : 4/30 | Client id:0 | Local Epoch : 4/5 |  Train_Loss: 0.932 | Train_Acc: 67.365
| Global Round : 4/30 | Client id:0 | Local Epoch : 5/5 |  Train_Loss: 0.920 | Train_Acc: 67.827
| Client id:1 | Test_Loss: 0.840 | Test_Acc: 70.210
| Global Round : 4/30 | Client id:1 | Local Epoch : 1/5 |  Train_Loss: 0.983 | Train_Acc: 65.342
| Global Round : 4/30 | Client id:1 | Local Epoch : 2/5 |  Train_Loss: 0.966 | Train_Acc: 66.224
| Global Round : 4/30 | Client id:1 | Local Epoch : 3/5 |  Train_Loss: 0.944 | Train_Acc: 66.789
| Global Round : 4/30 | Client id:1 | Local Epoch : 4/5 |  Train_Loss: 0.937 | Train_Acc: 66.807
| Global Round : 4/30 | Client id:1 | Local Epoch : 5/5 |  Train_Loss: 0.920 | Train_Acc: 67.461
| Client id:2 | Test_Loss: 0.840 | Test_Acc: 70.868
| Global Round : 4/30 | Client id:2 | Local Epoch : 1/5 |  Train_Loss: 0.967 | Train_Acc: 65.396
| Global Round : 4/30 | Client id:2 | Local Epoch : 2/5 |  Train_Loss: 0.954 | Train_Acc: 65.971
| Global Round : 4/30 | Client id:2 | Local Epoch : 3/5 |  Train_Loss: 0.935 | Train_Acc: 66.781
| Global Round : 4/30 | Client id:2 | Local Epoch : 4/5 |  Train_Loss: 0.926 | Train_Acc: 66.912
| Global Round : 4/30 | Client id:2 | Local Epoch : 5/5 |  Train_Loss: 0.910 | Train_Acc: 67.614
aggregating weights...
| Client id:0 | Test_Loss: 0.798 | Test_Acc: 73.003
| Global Round : 5/30 | Client id:0 | Local Epoch : 1/5 |  Train_Loss: 0.899 | Train_Acc: 68.271
| Global Round : 5/30 | Client id:0 | Local Epoch : 2/5 |  Train_Loss: 0.893 | Train_Acc: 68.439
| Global Round : 5/30 | Client id:0 | Local Epoch : 3/5 |  Train_Loss: 0.894 | Train_Acc: 68.259
| Global Round : 5/30 | Client id:0 | Local Epoch : 4/5 |  Train_Loss: 0.868 | Train_Acc: 69.868
| Global Round : 5/30 | Client id:0 | Local Epoch : 5/5 |  Train_Loss: 0.862 | Train_Acc: 69.490
| Client id:1 | Test_Loss: 0.797 | Test_Acc: 72.342
| Global Round : 5/30 | Client id:1 | Local Epoch : 1/5 |  Train_Loss: 0.905 | Train_Acc: 68.289
| Global Round : 5/30 | Client id:1 | Local Epoch : 2/5 |  Train_Loss: 0.901 | Train_Acc: 68.325
| Global Round : 5/30 | Client id:1 | Local Epoch : 3/5 |  Train_Loss: 0.877 | Train_Acc: 69.148
| Global Round : 5/30 | Client id:1 | Local Epoch : 4/5 |  Train_Loss: 0.865 | Train_Acc: 69.934
| Global Round : 5/30 | Client id:1 | Local Epoch : 5/5 |  Train_Loss: 0.863 | Train_Acc: 69.742
| Client id:2 | Test_Loss: 0.778 | Test_Acc: 72.665
| Global Round : 5/30 | Client id:2 | Local Epoch : 1/5 |  Train_Loss: 0.879 | Train_Acc: 69.083
| Global Round : 5/30 | Client id:2 | Local Epoch : 2/5 |  Train_Loss: 0.879 | Train_Acc: 68.999
| Global Round : 5/30 | Client id:2 | Local Epoch : 3/5 |  Train_Loss: 0.867 | Train_Acc: 69.568
| Global Round : 5/30 | Client id:2 | Local Epoch : 4/5 |  Train_Loss: 0.864 | Train_Acc: 69.400
| Global Round : 5/30 | Client id:2 | Local Epoch : 5/5 |  Train_Loss: 0.857 | Train_Acc: 69.562
aggregating weights...
| Client id:0 | Test_Loss: 0.735 | Test_Acc: 74.354
| Global Round : 6/30 | Client id:0 | Local Epoch : 1/5 |  Train_Loss: 0.831 | Train_Acc: 70.600
| Global Round : 6/30 | Client id:0 | Local Epoch : 2/5 |  Train_Loss: 0.840 | Train_Acc: 70.516
| Global Round : 6/30 | Client id:0 | Local Epoch : 3/5 |  Train_Loss: 0.842 | Train_Acc: 70.162
| Global Round : 6/30 | Client id:0 | Local Epoch : 4/5 |  Train_Loss: 0.833 | Train_Acc: 71.062
| Global Round : 6/30 | Client id:0 | Local Epoch : 5/5 |  Train_Loss: 0.819 | Train_Acc: 71.092
| Client id:1 | Test_Loss: 0.743 | Test_Acc: 74.324
| Global Round : 6/30 | Client id:1 | Local Epoch : 1/5 |  Train_Loss: 0.837 | Train_Acc: 70.654
| Global Round : 6/30 | Client id:1 | Local Epoch : 2/5 |  Train_Loss: 0.837 | Train_Acc: 70.744
| Global Round : 6/30 | Client id:1 | Local Epoch : 3/5 |  Train_Loss: 0.845 | Train_Acc: 70.702
| Global Round : 6/30 | Client id:1 | Local Epoch : 4/5 |  Train_Loss: 0.830 | Train_Acc: 70.966
| Global Round : 6/30 | Client id:1 | Local Epoch : 5/5 |  Train_Loss: 0.815 | Train_Acc: 71.224
| Client id:2 | Test_Loss: 0.714 | Test_Acc: 75.599
| Global Round : 6/30 | Client id:2 | Local Epoch : 1/5 |  Train_Loss: 0.826 | Train_Acc: 70.965
| Global Round : 6/30 | Client id:2 | Local Epoch : 2/5 |  Train_Loss: 0.826 | Train_Acc: 71.031
| Global Round : 6/30 | Client id:2 | Local Epoch : 3/5 |  Train_Loss: 0.828 | Train_Acc: 70.300
| Global Round : 6/30 | Client id:2 | Local Epoch : 4/5 |  Train_Loss: 0.818 | Train_Acc: 70.779
| Global Round : 6/30 | Client id:2 | Local Epoch : 5/5 |  Train_Loss: 0.816 | Train_Acc: 71.223
aggregating weights...
| Client id:0 | Test_Loss: 0.703 | Test_Acc: 75.946
| Global Round : 7/30 | Client id:0 | Local Epoch : 1/5 |  Train_Loss: 0.802 | Train_Acc: 72.251
| Global Round : 7/30 | Client id:0 | Local Epoch : 2/5 |  Train_Loss: 0.807 | Train_Acc: 71.627
| Global Round : 7/30 | Client id:0 | Local Epoch : 3/5 |  Train_Loss: 0.801 | Train_Acc: 71.837
| Global Round : 7/30 | Client id:0 | Local Epoch : 4/5 |  Train_Loss: 0.797 | Train_Acc: 71.795
| Global Round : 7/30 | Client id:0 | Local Epoch : 5/5 |  Train_Loss: 0.786 | Train_Acc: 71.939
| Client id:1 | Test_Loss: 0.701 | Test_Acc: 76.246
| Global Round : 7/30 | Client id:1 | Local Epoch : 1/5 |  Train_Loss: 0.800 | Train_Acc: 72.095
| Global Round : 7/30 | Client id:1 | Local Epoch : 2/5 |  Train_Loss: 0.804 | Train_Acc: 71.777
| Global Round : 7/30 | Client id:1 | Local Epoch : 3/5 |  Train_Loss: 0.803 | Train_Acc: 71.807
| Global Round : 7/30 | Client id:1 | Local Epoch : 4/5 |  Train_Loss: 0.796 | Train_Acc: 71.507
| Global Round : 7/30 | Client id:1 | Local Epoch : 5/5 |  Train_Loss: 0.789 | Train_Acc: 72.317
| Client id:2 | Test_Loss: 0.686 | Test_Acc: 76.916
| Global Round : 7/30 | Client id:2 | Local Epoch : 1/5 |  Train_Loss: 0.784 | Train_Acc: 71.823
| Global Round : 7/30 | Client id:2 | Local Epoch : 2/5 |  Train_Loss: 0.803 | Train_Acc: 71.697
| Global Round : 7/30 | Client id:2 | Local Epoch : 3/5 |  Train_Loss: 0.786 | Train_Acc: 72.404
| Global Round : 7/30 | Client id:2 | Local Epoch : 4/5 |  Train_Loss: 0.786 | Train_Acc: 72.242
| Global Round : 7/30 | Client id:2 | Local Epoch : 5/5 |  Train_Loss: 0.777 | Train_Acc: 72.326
aggregating weights...
| Client id:0 | Test_Loss: 0.668 | Test_Acc: 76.757
| Global Round : 8/30 | Client id:0 | Local Epoch : 1/5 |  Train_Loss: 0.763 | Train_Acc: 73.223
| Global Round : 8/30 | Client id:0 | Local Epoch : 2/5 |  Train_Loss: 0.776 | Train_Acc: 72.767
| Global Round : 8/30 | Client id:0 | Local Epoch : 3/5 |  Train_Loss: 0.769 | Train_Acc: 72.851
| Global Round : 8/30 | Client id:0 | Local Epoch : 4/5 |  Train_Loss: 0.761 | Train_Acc: 73.337
| Global Round : 8/30 | Client id:0 | Local Epoch : 5/5 |  Train_Loss: 0.754 | Train_Acc: 73.511
| Client id:1 | Test_Loss: 0.678 | Test_Acc: 76.637
| Global Round : 8/30 | Client id:1 | Local Epoch : 1/5 |  Train_Loss: 0.765 | Train_Acc: 73.379
| Global Round : 8/30 | Client id:1 | Local Epoch : 2/5 |  Train_Loss: 0.785 | Train_Acc: 72.437
| Global Round : 8/30 | Client id:1 | Local Epoch : 3/5 |  Train_Loss: 0.775 | Train_Acc: 72.911
| Global Round : 8/30 | Client id:1 | Local Epoch : 4/5 |  Train_Loss: 0.768 | Train_Acc: 73.187
| Global Round : 8/30 | Client id:1 | Local Epoch : 5/5 |  Train_Loss: 0.765 | Train_Acc: 73.145
| Client id:2 | Test_Loss: 0.669 | Test_Acc: 76.856
| Global Round : 8/30 | Client id:2 | Local Epoch : 1/5 |  Train_Loss: 0.763 | Train_Acc: 72.920
| Global Round : 8/30 | Client id:2 | Local Epoch : 2/5 |  Train_Loss: 0.757 | Train_Acc: 73.357
| Global Round : 8/30 | Client id:2 | Local Epoch : 3/5 |  Train_Loss: 0.769 | Train_Acc: 72.920
| Global Round : 8/30 | Client id:2 | Local Epoch : 4/5 |  Train_Loss: 0.764 | Train_Acc: 72.740
| Global Round : 8/30 | Client id:2 | Local Epoch : 5/5 |  Train_Loss: 0.758 | Train_Acc: 73.219
aggregating weights...
| Client id:0 | Test_Loss: 0.647 | Test_Acc: 78.018
| Global Round : 9/30 | Client id:0 | Local Epoch : 1/5 |  Train_Loss: 0.736 | Train_Acc: 73.956
| Global Round : 9/30 | Client id:0 | Local Epoch : 2/5 |  Train_Loss: 0.752 | Train_Acc: 73.583
| Global Round : 9/30 | Client id:0 | Local Epoch : 3/5 |  Train_Loss: 0.759 | Train_Acc: 73.427
| Global Round : 9/30 | Client id:0 | Local Epoch : 4/5 |  Train_Loss: 0.753 | Train_Acc: 73.697
| Global Round : 9/30 | Client id:0 | Local Epoch : 5/5 |  Train_Loss: 0.735 | Train_Acc: 74.478
| Client id:1 | Test_Loss: 0.661 | Test_Acc: 77.538
| Global Round : 9/30 | Client id:1 | Local Epoch : 1/5 |  Train_Loss: 0.738 | Train_Acc: 74.226
| Global Round : 9/30 | Client id:1 | Local Epoch : 2/5 |  Train_Loss: 0.754 | Train_Acc: 73.709
| Global Round : 9/30 | Client id:1 | Local Epoch : 3/5 |  Train_Loss: 0.747 | Train_Acc: 73.691
| Global Round : 9/30 | Client id:1 | Local Epoch : 4/5 |  Train_Loss: 0.753 | Train_Acc: 73.733
| Global Round : 9/30 | Client id:1 | Local Epoch : 5/5 |  Train_Loss: 0.732 | Train_Acc: 74.550
| Client id:2 | Test_Loss: 0.629 | Test_Acc: 78.802
| Global Round : 9/30 | Client id:2 | Local Epoch : 1/5 |  Train_Loss: 0.731 | Train_Acc: 74.239
| Global Round : 9/30 | Client id:2 | Local Epoch : 2/5 |  Train_Loss: 0.753 | Train_Acc: 74.089
| Global Round : 9/30 | Client id:2 | Local Epoch : 3/5 |  Train_Loss: 0.737 | Train_Acc: 73.897
| Global Round : 9/30 | Client id:2 | Local Epoch : 4/5 |  Train_Loss: 0.739 | Train_Acc: 73.981
| Global Round : 9/30 | Client id:2 | Local Epoch : 5/5 |  Train_Loss: 0.743 | Train_Acc: 73.645
aggregating weights...
| Client id:0 | Test_Loss: 0.684 | Test_Acc: 77.147
| Global Round : 10/30 | Client id:0 | Local Epoch : 1/5 |  Train_Loss: 0.716 | Train_Acc: 74.682
| Global Round : 10/30 | Client id:0 | Local Epoch : 2/5 |  Train_Loss: 0.734 | Train_Acc: 74.580
| Global Round : 10/30 | Client id:0 | Local Epoch : 3/5 |  Train_Loss: 0.737 | Train_Acc: 73.938
| Global Round : 10/30 | Client id:0 | Local Epoch : 4/5 |  Train_Loss: 0.730 | Train_Acc: 74.280
| Global Round : 10/30 | Client id:0 | Local Epoch : 5/5 |  Train_Loss: 0.719 | Train_Acc: 74.670
| Client id:1 | Test_Loss: 0.649 | Test_Acc: 77.237
| Global Round : 10/30 | Client id:1 | Local Epoch : 1/5 |  Train_Loss: 0.723 | Train_Acc: 74.496
| Global Round : 10/30 | Client id:1 | Local Epoch : 2/5 |  Train_Loss: 0.736 | Train_Acc: 74.436
| Global Round : 10/30 | Client id:1 | Local Epoch : 3/5 |  Train_Loss: 0.736 | Train_Acc: 74.202
| Global Round : 10/30 | Client id:1 | Local Epoch : 4/5 |  Train_Loss: 0.718 | Train_Acc: 75.042
| Global Round : 10/30 | Client id:1 | Local Epoch : 5/5 |  Train_Loss: 0.727 | Train_Acc: 74.322
| Client id:2 | Test_Loss: 0.646 | Test_Acc: 77.725
| Global Round : 10/30 | Client id:2 | Local Epoch : 1/5 |  Train_Loss: 0.711 | Train_Acc: 75.198
| Global Round : 10/30 | Client id:2 | Local Epoch : 2/5 |  Train_Loss: 0.737 | Train_Acc: 73.789
| Global Round : 10/30 | Client id:2 | Local Epoch : 3/5 |  Train_Loss: 0.717 | Train_Acc: 74.754
| Global Round : 10/30 | Client id:2 | Local Epoch : 4/5 |  Train_Loss: 0.723 | Train_Acc: 74.736
| Global Round : 10/30 | Client id:2 | Local Epoch : 5/5 |  Train_Loss: 0.718 | Train_Acc: 74.682
aggregating weights...
| Client id:0 | Test_Loss: 0.636 | Test_Acc: 77.868
| Global Round : 11/30 | Client id:0 | Local Epoch : 1/5 |  Train_Loss: 0.699 | Train_Acc: 75.120
| Global Round : 11/30 | Client id:0 | Local Epoch : 2/5 |  Train_Loss: 0.727 | Train_Acc: 74.712
| Global Round : 11/30 | Client id:0 | Local Epoch : 3/5 |  Train_Loss: 0.729 | Train_Acc: 74.394
| Global Round : 11/30 | Client id:0 | Local Epoch : 4/5 |  Train_Loss: 0.717 | Train_Acc: 74.772
| Global Round : 11/30 | Client id:0 | Local Epoch : 5/5 |  Train_Loss: 0.708 | Train_Acc: 75.258
| Client id:1 | Test_Loss: 0.628 | Test_Acc: 78.288
| Global Round : 11/30 | Client id:1 | Local Epoch : 1/5 |  Train_Loss: 0.714 | Train_Acc: 74.886
| Global Round : 11/30 | Client id:1 | Local Epoch : 2/5 |  Train_Loss: 0.703 | Train_Acc: 75.666
| Global Round : 11/30 | Client id:1 | Local Epoch : 3/5 |  Train_Loss: 0.721 | Train_Acc: 74.874
| Global Round : 11/30 | Client id:1 | Local Epoch : 4/5 |  Train_Loss: 0.712 | Train_Acc: 75.024
| Global Round : 11/30 | Client id:1 | Local Epoch : 5/5 |  Train_Loss: 0.698 | Train_Acc: 75.486
| Client id:2 | Test_Loss: 0.614 | Test_Acc: 78.982
| Global Round : 11/30 | Client id:2 | Local Epoch : 1/5 |  Train_Loss: 0.688 | Train_Acc: 75.899
| Global Round : 11/30 | Client id:2 | Local Epoch : 2/5 |  Train_Loss: 0.712 | Train_Acc: 75.096
| Global Round : 11/30 | Client id:2 | Local Epoch : 3/5 |  Train_Loss: 0.708 | Train_Acc: 75.755
| Global Round : 11/30 | Client id:2 | Local Epoch : 4/5 |  Train_Loss: 0.706 | Train_Acc: 75.156
| Global Round : 11/30 | Client id:2 | Local Epoch : 5/5 |  Train_Loss: 0.692 | Train_Acc: 75.785
aggregating weights...
| Client id:0 | Test_Loss: 0.623 | Test_Acc: 78.709
| Global Round : 12/30 | Client id:0 | Local Epoch : 1/5 |  Train_Loss: 0.681 | Train_Acc: 75.810
| Global Round : 12/30 | Client id:0 | Local Epoch : 2/5 |  Train_Loss: 0.704 | Train_Acc: 75.204
| Global Round : 12/30 | Client id:0 | Local Epoch : 3/5 |  Train_Loss: 0.701 | Train_Acc: 75.210
| Global Round : 12/30 | Client id:0 | Local Epoch : 4/5 |  Train_Loss: 0.702 | Train_Acc: 75.420
| Global Round : 12/30 | Client id:0 | Local Epoch : 5/5 |  Train_Loss: 0.704 | Train_Acc: 75.300
| Client id:1 | Test_Loss: 0.605 | Test_Acc: 78.498
| Global Round : 12/30 | Client id:1 | Local Epoch : 1/5 |  Train_Loss: 0.696 | Train_Acc: 75.996
| Global Round : 12/30 | Client id:1 | Local Epoch : 2/5 |  Train_Loss: 0.709 | Train_Acc: 75.330
| Global Round : 12/30 | Client id:1 | Local Epoch : 3/5 |  Train_Loss: 0.704 | Train_Acc: 75.192
| Global Round : 12/30 | Client id:1 | Local Epoch : 4/5 |  Train_Loss: 0.706 | Train_Acc: 75.390
| Global Round : 12/30 | Client id:1 | Local Epoch : 5/5 |  Train_Loss: 0.707 | Train_Acc: 75.264
| Client id:2 | Test_Loss: 0.606 | Test_Acc: 79.491
| Global Round : 12/30 | Client id:2 | Local Epoch : 1/5 |  Train_Loss: 0.690 | Train_Acc: 75.683
| Global Round : 12/30 | Client id:2 | Local Epoch : 2/5 |  Train_Loss: 0.687 | Train_Acc: 75.839
| Global Round : 12/30 | Client id:2 | Local Epoch : 3/5 |  Train_Loss: 0.698 | Train_Acc: 75.390
| Global Round : 12/30 | Client id:2 | Local Epoch : 4/5 |  Train_Loss: 0.700 | Train_Acc: 75.222
| Global Round : 12/30 | Client id:2 | Local Epoch : 5/5 |  Train_Loss: 0.692 | Train_Acc: 75.390
aggregating weights...
| Client id:0 | Test_Loss: 0.609 | Test_Acc: 78.468
| Global Round : 13/30 | Client id:0 | Local Epoch : 1/5 |  Train_Loss: 0.674 | Train_Acc: 76.333
| Global Round : 13/30 | Client id:0 | Local Epoch : 2/5 |  Train_Loss: 0.679 | Train_Acc: 76.122
| Global Round : 13/30 | Client id:0 | Local Epoch : 3/5 |  Train_Loss: 0.694 | Train_Acc: 75.600
| Global Round : 13/30 | Client id:0 | Local Epoch : 4/5 |  Train_Loss: 0.688 | Train_Acc: 75.636
| Global Round : 13/30 | Client id:0 | Local Epoch : 5/5 |  Train_Loss: 0.694 | Train_Acc: 75.336
| Client id:1 | Test_Loss: 0.591 | Test_Acc: 79.610
| Global Round : 13/30 | Client id:1 | Local Epoch : 1/5 |  Train_Loss: 0.679 | Train_Acc: 76.351
| Global Round : 13/30 | Client id:1 | Local Epoch : 2/5 |  Train_Loss: 0.690 | Train_Acc: 76.146
| Global Round : 13/30 | Client id:1 | Local Epoch : 3/5 |  Train_Loss: 0.698 | Train_Acc: 75.684
| Global Round : 13/30 | Client id:1 | Local Epoch : 4/5 |  Train_Loss: 0.689 | Train_Acc: 76.194
| Global Round : 13/30 | Client id:1 | Local Epoch : 5/5 |  Train_Loss: 0.683 | Train_Acc: 75.888
| Client id:2 | Test_Loss: 0.591 | Test_Acc: 80.329
| Global Round : 13/30 | Client id:2 | Local Epoch : 1/5 |  Train_Loss: 0.665 | Train_Acc: 76.379
| Global Round : 13/30 | Client id:2 | Local Epoch : 2/5 |  Train_Loss: 0.678 | Train_Acc: 76.025
| Global Round : 13/30 | Client id:2 | Local Epoch : 3/5 |  Train_Loss: 0.677 | Train_Acc: 75.869
| Global Round : 13/30 | Client id:2 | Local Epoch : 4/5 |  Train_Loss: 0.686 | Train_Acc: 75.546
| Global Round : 13/30 | Client id:2 | Local Epoch : 5/5 |  Train_Loss: 0.680 | Train_Acc: 75.869
aggregating weights...
| Client id:0 | Test_Loss: 0.611 | Test_Acc: 78.348
| Global Round : 14/30 | Client id:0 | Local Epoch : 1/5 |  Train_Loss: 0.680 | Train_Acc: 76.092
| Global Round : 14/30 | Client id:0 | Local Epoch : 2/5 |  Train_Loss: 0.672 | Train_Acc: 76.501
| Global Round : 14/30 | Client id:0 | Local Epoch : 3/5 |  Train_Loss: 0.685 | Train_Acc: 76.255
| Global Round : 14/30 | Client id:0 | Local Epoch : 4/5 |  Train_Loss: 0.685 | Train_Acc: 75.882
| Global Round : 14/30 | Client id:0 | Local Epoch : 5/5 |  Train_Loss: 0.673 | Train_Acc: 76.062
| Client id:1 | Test_Loss: 0.606 | Test_Acc: 78.829
| Global Round : 14/30 | Client id:1 | Local Epoch : 1/5 |  Train_Loss: 0.675 | Train_Acc: 76.549
| Global Round : 14/30 | Client id:1 | Local Epoch : 2/5 |  Train_Loss: 0.679 | Train_Acc: 76.291
| Global Round : 14/30 | Client id:1 | Local Epoch : 3/5 |  Train_Loss: 0.686 | Train_Acc: 75.798
| Global Round : 14/30 | Client id:1 | Local Epoch : 4/5 |  Train_Loss: 0.677 | Train_Acc: 76.375
| Global Round : 14/30 | Client id:1 | Local Epoch : 5/5 |  Train_Loss: 0.676 | Train_Acc: 76.597
| Client id:2 | Test_Loss: 0.598 | Test_Acc: 79.731
| Global Round : 14/30 | Client id:2 | Local Epoch : 1/5 |  Train_Loss: 0.658 | Train_Acc: 76.966
| Global Round : 14/30 | Client id:2 | Local Epoch : 2/5 |  Train_Loss: 0.660 | Train_Acc: 76.859
| Global Round : 14/30 | Client id:2 | Local Epoch : 3/5 |  Train_Loss: 0.662 | Train_Acc: 76.721
| Global Round : 14/30 | Client id:2 | Local Epoch : 4/5 |  Train_Loss: 0.668 | Train_Acc: 76.505
| Global Round : 14/30 | Client id:2 | Local Epoch : 5/5 |  Train_Loss: 0.674 | Train_Acc: 76.385
aggregating weights...
| Client id:0 | Test_Loss: 0.612 | Test_Acc: 78.829
| Global Round : 15/30 | Client id:0 | Local Epoch : 1/5 |  Train_Loss: 0.661 | Train_Acc: 76.771
| Global Round : 15/30 | Client id:0 | Local Epoch : 2/5 |  Train_Loss: 0.666 | Train_Acc: 76.819
| Global Round : 15/30 | Client id:0 | Local Epoch : 3/5 |  Train_Loss: 0.680 | Train_Acc: 76.176
| Global Round : 15/30 | Client id:0 | Local Epoch : 4/5 |  Train_Loss: 0.669 | Train_Acc: 76.831
| Global Round : 15/30 | Client id:0 | Local Epoch : 5/5 |  Train_Loss: 0.667 | Train_Acc: 76.561
| Client id:1 | Test_Loss: 0.588 | Test_Acc: 79.760
| Global Round : 15/30 | Client id:1 | Local Epoch : 1/5 |  Train_Loss: 0.663 | Train_Acc: 77.017
| Global Round : 15/30 | Client id:1 | Local Epoch : 2/5 |  Train_Loss: 0.662 | Train_Acc: 77.023
| Global Round : 15/30 | Client id:1 | Local Epoch : 3/5 |  Train_Loss: 0.669 | Train_Acc: 76.675
| Global Round : 15/30 | Client id:1 | Local Epoch : 4/5 |  Train_Loss: 0.664 | Train_Acc: 76.873
| Global Round : 15/30 | Client id:1 | Local Epoch : 5/5 |  Train_Loss: 0.673 | Train_Acc: 76.471
| Client id:2 | Test_Loss: 0.593 | Test_Acc: 80.210
| Global Round : 15/30 | Client id:2 | Local Epoch : 1/5 |  Train_Loss: 0.658 | Train_Acc: 76.996
| Global Round : 15/30 | Client id:2 | Local Epoch : 2/5 |  Train_Loss: 0.656 | Train_Acc: 77.062
| Global Round : 15/30 | Client id:2 | Local Epoch : 3/5 |  Train_Loss: 0.660 | Train_Acc: 76.811
| Global Round : 15/30 | Client id:2 | Local Epoch : 4/5 |  Train_Loss: 0.665 | Train_Acc: 76.667
| Global Round : 15/30 | Client id:2 | Local Epoch : 5/5 |  Train_Loss: 0.658 | Train_Acc: 76.853
aggregating weights...
| Client id:0 | Test_Loss: 0.582 | Test_Acc: 80.000
| Global Round : 16/30 | Client id:0 | Local Epoch : 1/5 |  Train_Loss: 0.647 | Train_Acc: 77.353
| Global Round : 16/30 | Client id:0 | Local Epoch : 2/5 |  Train_Loss: 0.664 | Train_Acc: 76.819
| Global Round : 16/30 | Client id:0 | Local Epoch : 3/5 |  Train_Loss: 0.675 | Train_Acc: 76.699
| Global Round : 16/30 | Client id:0 | Local Epoch : 4/5 |  Train_Loss: 0.655 | Train_Acc: 76.975
| Global Round : 16/30 | Client id:0 | Local Epoch : 5/5 |  Train_Loss: 0.658 | Train_Acc: 76.843
| Client id:1 | Test_Loss: 0.567 | Test_Acc: 80.691
| Global Round : 16/30 | Client id:1 | Local Epoch : 1/5 |  Train_Loss: 0.641 | Train_Acc: 77.491
| Global Round : 16/30 | Client id:1 | Local Epoch : 2/5 |  Train_Loss: 0.664 | Train_Acc: 76.753
| Global Round : 16/30 | Client id:1 | Local Epoch : 3/5 |  Train_Loss: 0.660 | Train_Acc: 77.149
| Global Round : 16/30 | Client id:1 | Local Epoch : 4/5 |  Train_Loss: 0.663 | Train_Acc: 76.657
| Global Round : 16/30 | Client id:1 | Local Epoch : 5/5 |  Train_Loss: 0.652 | Train_Acc: 76.933
| Client id:2 | Test_Loss: 0.564 | Test_Acc: 80.449
| Global Round : 16/30 | Client id:2 | Local Epoch : 1/5 |  Train_Loss: 0.637 | Train_Acc: 77.848
| Global Round : 16/30 | Client id:2 | Local Epoch : 2/5 |  Train_Loss: 0.660 | Train_Acc: 76.823
| Global Round : 16/30 | Client id:2 | Local Epoch : 3/5 |  Train_Loss: 0.671 | Train_Acc: 76.349
| Global Round : 16/30 | Client id:2 | Local Epoch : 4/5 |  Train_Loss: 0.656 | Train_Acc: 76.900
| Global Round : 16/30 | Client id:2 | Local Epoch : 5/5 |  Train_Loss: 0.656 | Train_Acc: 76.583
aggregating weights...
| Client id:0 | Test_Loss: 0.597 | Test_Acc: 79.489
| Global Round : 17/30 | Client id:0 | Local Epoch : 1/5 |  Train_Loss: 0.639 | Train_Acc: 77.959
| Global Round : 17/30 | Client id:0 | Local Epoch : 2/5 |  Train_Loss: 0.658 | Train_Acc: 76.813
| Global Round : 17/30 | Client id:0 | Local Epoch : 3/5 |  Train_Loss: 0.644 | Train_Acc: 77.425
| Global Round : 17/30 | Client id:0 | Local Epoch : 4/5 |  Train_Loss: 0.651 | Train_Acc: 77.395
| Global Round : 17/30 | Client id:0 | Local Epoch : 5/5 |  Train_Loss: 0.649 | Train_Acc: 77.047
| Client id:1 | Test_Loss: 0.574 | Test_Acc: 80.420
| Global Round : 17/30 | Client id:1 | Local Epoch : 1/5 |  Train_Loss: 0.644 | Train_Acc: 77.671
| Global Round : 17/30 | Client id:1 | Local Epoch : 2/5 |  Train_Loss: 0.661 | Train_Acc: 77.035
| Global Round : 17/30 | Client id:1 | Local Epoch : 3/5 |  Train_Loss: 0.662 | Train_Acc: 76.645
| Global Round : 17/30 | Client id:1 | Local Epoch : 4/5 |  Train_Loss: 0.662 | Train_Acc: 76.357
| Global Round : 17/30 | Client id:1 | Local Epoch : 5/5 |  Train_Loss: 0.657 | Train_Acc: 77.077
| Client id:2 | Test_Loss: 0.575 | Test_Acc: 79.850
| Global Round : 17/30 | Client id:2 | Local Epoch : 1/5 |  Train_Loss: 0.643 | Train_Acc: 77.614
| Global Round : 17/30 | Client id:2 | Local Epoch : 2/5 |  Train_Loss: 0.651 | Train_Acc: 77.224
| Global Round : 17/30 | Client id:2 | Local Epoch : 3/5 |  Train_Loss: 0.651 | Train_Acc: 77.092
| Global Round : 17/30 | Client id:2 | Local Epoch : 4/5 |  Train_Loss: 0.659 | Train_Acc: 76.787
| Global Round : 17/30 | Client id:2 | Local Epoch : 5/5 |  Train_Loss: 0.658 | Train_Acc: 77.068
aggregating weights...
| Client id:0 | Test_Loss: 0.619 | Test_Acc: 79.700
| Global Round : 18/30 | Client id:0 | Local Epoch : 1/5 |  Train_Loss: 0.627 | Train_Acc: 78.043
| Global Round : 18/30 | Client id:0 | Local Epoch : 2/5 |  Train_Loss: 0.653 | Train_Acc: 77.191
| Global Round : 18/30 | Client id:0 | Local Epoch : 3/5 |  Train_Loss: 0.654 | Train_Acc: 76.951
| Global Round : 18/30 | Client id:0 | Local Epoch : 4/5 |  Train_Loss: 0.671 | Train_Acc: 76.327
| Global Round : 18/30 | Client id:0 | Local Epoch : 5/5 |  Train_Loss: 0.650 | Train_Acc: 77.299
| Client id:1 | Test_Loss: 0.603 | Test_Acc: 80.090
| Global Round : 18/30 | Client id:1 | Local Epoch : 1/5 |  Train_Loss: 0.629 | Train_Acc: 77.953
| Global Round : 18/30 | Client id:1 | Local Epoch : 2/5 |  Train_Loss: 0.642 | Train_Acc: 77.755
| Global Round : 18/30 | Client id:1 | Local Epoch : 3/5 |  Train_Loss: 0.650 | Train_Acc: 77.287
| Global Round : 18/30 | Client id:1 | Local Epoch : 4/5 |  Train_Loss: 0.647 | Train_Acc: 77.095
| Global Round : 18/30 | Client id:1 | Local Epoch : 5/5 |  Train_Loss: 0.660 | Train_Acc: 76.939
| Client id:2 | Test_Loss: 0.593 | Test_Acc: 80.030
| Global Round : 18/30 | Client id:2 | Local Epoch : 1/5 |  Train_Loss: 0.626 | Train_Acc: 78.393
| Global Round : 18/30 | Client id:2 | Local Epoch : 2/5 |  Train_Loss: 0.639 | Train_Acc: 77.470
| Global Round : 18/30 | Client id:2 | Local Epoch : 3/5 |  Train_Loss: 0.646 | Train_Acc: 77.056
| Global Round : 18/30 | Client id:2 | Local Epoch : 4/5 |  Train_Loss: 0.641 | Train_Acc: 77.260
| Global Round : 18/30 | Client id:2 | Local Epoch : 5/5 |  Train_Loss: 0.648 | Train_Acc: 77.362
aggregating weights...
| Client id:0 | Test_Loss: 0.603 | Test_Acc: 79.219
| Global Round : 19/30 | Client id:0 | Local Epoch : 1/5 |  Train_Loss: 0.627 | Train_Acc: 78.079
| Global Round : 19/30 | Client id:0 | Local Epoch : 2/5 |  Train_Loss: 0.645 | Train_Acc: 77.443
| Global Round : 19/30 | Client id:0 | Local Epoch : 3/5 |  Train_Loss: 0.645 | Train_Acc: 77.449
| Global Round : 19/30 | Client id:0 | Local Epoch : 4/5 |  Train_Loss: 0.645 | Train_Acc: 76.999
| Global Round : 19/30 | Client id:0 | Local Epoch : 5/5 |  Train_Loss: 0.647 | Train_Acc: 77.533
| Client id:1 | Test_Loss: 0.580 | Test_Acc: 79.700
| Global Round : 19/30 | Client id:1 | Local Epoch : 1/5 |  Train_Loss: 0.624 | Train_Acc: 78.451
| Global Round : 19/30 | Client id:1 | Local Epoch : 2/5 |  Train_Loss: 0.645 | Train_Acc: 77.437
| Global Round : 19/30 | Client id:1 | Local Epoch : 3/5 |  Train_Loss: 0.653 | Train_Acc: 77.287
| Global Round : 19/30 | Client id:1 | Local Epoch : 4/5 |  Train_Loss: 0.646 | Train_Acc: 77.335
| Global Round : 19/30 | Client id:1 | Local Epoch : 5/5 |  Train_Loss: 0.649 | Train_Acc: 77.275
| Client id:2 | Test_Loss: 0.566 | Test_Acc: 81.228
| Global Round : 19/30 | Client id:2 | Local Epoch : 1/5 |  Train_Loss: 0.616 | Train_Acc: 78.333
| Global Round : 19/30 | Client id:2 | Local Epoch : 2/5 |  Train_Loss: 0.632 | Train_Acc: 77.764
| Global Round : 19/30 | Client id:2 | Local Epoch : 3/5 |  Train_Loss: 0.643 | Train_Acc: 77.266
| Global Round : 19/30 | Client id:2 | Local Epoch : 4/5 |  Train_Loss: 0.643 | Train_Acc: 77.578
| Global Round : 19/30 | Client id:2 | Local Epoch : 5/5 |  Train_Loss: 0.638 | Train_Acc: 77.704
aggregating weights...
| Client id:0 | Test_Loss: 0.611 | Test_Acc: 79.159
| Global Round : 20/30 | Client id:0 | Local Epoch : 1/5 |  Train_Loss: 0.619 | Train_Acc: 78.493
| Global Round : 20/30 | Client id:0 | Local Epoch : 2/5 |  Train_Loss: 0.634 | Train_Acc: 77.647
| Global Round : 20/30 | Client id:0 | Local Epoch : 3/5 |  Train_Loss: 0.644 | Train_Acc: 77.461
| Global Round : 20/30 | Client id:0 | Local Epoch : 4/5 |  Train_Loss: 0.639 | Train_Acc: 77.491
| Global Round : 20/30 | Client id:0 | Local Epoch : 5/5 |  Train_Loss: 0.636 | Train_Acc: 77.803
| Client id:1 | Test_Loss: 0.583 | Test_Acc: 80.030
| Global Round : 20/30 | Client id:1 | Local Epoch : 1/5 |  Train_Loss: 0.625 | Train_Acc: 78.343
| Global Round : 20/30 | Client id:1 | Local Epoch : 2/5 |  Train_Loss: 0.640 | Train_Acc: 77.725
| Global Round : 20/30 | Client id:1 | Local Epoch : 3/5 |  Train_Loss: 0.647 | Train_Acc: 77.455
| Global Round : 20/30 | Client id:1 | Local Epoch : 4/5 |  Train_Loss: 0.634 | Train_Acc: 77.977
| Global Round : 20/30 | Client id:1 | Local Epoch : 5/5 |  Train_Loss: 0.640 | Train_Acc: 77.779
| Client id:2 | Test_Loss: 0.567 | Test_Acc: 80.569
| Global Round : 20/30 | Client id:2 | Local Epoch : 1/5 |  Train_Loss: 0.621 | Train_Acc: 78.165
| Global Round : 20/30 | Client id:2 | Local Epoch : 2/5 |  Train_Loss: 0.627 | Train_Acc: 77.722
| Global Round : 20/30 | Client id:2 | Local Epoch : 3/5 |  Train_Loss: 0.630 | Train_Acc: 77.908
| Global Round : 20/30 | Client id:2 | Local Epoch : 4/5 |  Train_Loss: 0.624 | Train_Acc: 77.992
| Global Round : 20/30 | Client id:2 | Local Epoch : 5/5 |  Train_Loss: 0.633 | Train_Acc: 77.860
aggregating weights...
| Client id:0 | Test_Loss: 0.591 | Test_Acc: 79.820
| Global Round : 21/30 | Client id:0 | Local Epoch : 1/5 |  Train_Loss: 0.610 | Train_Acc: 78.806
| Global Round : 21/30 | Client id:0 | Local Epoch : 2/5 |  Train_Loss: 0.638 | Train_Acc: 77.809
| Global Round : 21/30 | Client id:0 | Local Epoch : 3/5 |  Train_Loss: 0.636 | Train_Acc: 77.329
| Global Round : 21/30 | Client id:0 | Local Epoch : 4/5 |  Train_Loss: 0.629 | Train_Acc: 78.043
| Global Round : 21/30 | Client id:0 | Local Epoch : 5/5 |  Train_Loss: 0.631 | Train_Acc: 77.887
| Client id:1 | Test_Loss: 0.574 | Test_Acc: 80.000
| Global Round : 21/30 | Client id:1 | Local Epoch : 1/5 |  Train_Loss: 0.630 | Train_Acc: 77.911
| Global Round : 21/30 | Client id:1 | Local Epoch : 2/5 |  Train_Loss: 0.639 | Train_Acc: 77.881
| Global Round : 21/30 | Client id:1 | Local Epoch : 3/5 |  Train_Loss: 0.644 | Train_Acc: 77.683
| Global Round : 21/30 | Client id:1 | Local Epoch : 4/5 |  Train_Loss: 0.642 | Train_Acc: 77.383
| Global Round : 21/30 | Client id:1 | Local Epoch : 5/5 |  Train_Loss: 0.633 | Train_Acc: 77.965
| Client id:2 | Test_Loss: 0.566 | Test_Acc: 80.150
| Global Round : 21/30 | Client id:2 | Local Epoch : 1/5 |  Train_Loss: 0.602 | Train_Acc: 78.771
| Global Round : 21/30 | Client id:2 | Local Epoch : 2/5 |  Train_Loss: 0.635 | Train_Acc: 77.704
| Global Round : 21/30 | Client id:2 | Local Epoch : 3/5 |  Train_Loss: 0.628 | Train_Acc: 77.530
| Global Round : 21/30 | Client id:2 | Local Epoch : 4/5 |  Train_Loss: 0.625 | Train_Acc: 78.165
| Global Round : 21/30 | Client id:2 | Local Epoch : 5/5 |  Train_Loss: 0.622 | Train_Acc: 77.884
aggregating weights...
| Client id:0 | Test_Loss: 0.568 | Test_Acc: 81.021
| Global Round : 22/30 | Client id:0 | Local Epoch : 1/5 |  Train_Loss: 0.608 | Train_Acc: 78.535
| Global Round : 22/30 | Client id:0 | Local Epoch : 2/5 |  Train_Loss: 0.626 | Train_Acc: 78.313
| Global Round : 22/30 | Client id:0 | Local Epoch : 3/5 |  Train_Loss: 0.628 | Train_Acc: 78.295
| Global Round : 22/30 | Client id:0 | Local Epoch : 4/5 |  Train_Loss: 0.633 | Train_Acc: 77.785
| Global Round : 22/30 | Client id:0 | Local Epoch : 5/5 |  Train_Loss: 0.628 | Train_Acc: 77.899
| Client id:1 | Test_Loss: 0.549 | Test_Acc: 81.231
| Global Round : 22/30 | Client id:1 | Local Epoch : 1/5 |  Train_Loss: 0.618 | Train_Acc: 78.517
| Global Round : 22/30 | Client id:1 | Local Epoch : 2/5 |  Train_Loss: 0.629 | Train_Acc: 77.773
| Global Round : 22/30 | Client id:1 | Local Epoch : 3/5 |  Train_Loss: 0.629 | Train_Acc: 78.115
| Global Round : 22/30 | Client id:1 | Local Epoch : 4/5 |  Train_Loss: 0.635 | Train_Acc: 77.833
| Global Round : 22/30 | Client id:1 | Local Epoch : 5/5 |  Train_Loss: 0.645 | Train_Acc: 77.545
| Client id:2 | Test_Loss: 0.540 | Test_Acc: 82.126
| Global Round : 22/30 | Client id:2 | Local Epoch : 1/5 |  Train_Loss: 0.598 | Train_Acc: 79.101
| Global Round : 22/30 | Client id:2 | Local Epoch : 2/5 |  Train_Loss: 0.624 | Train_Acc: 78.393
| Global Round : 22/30 | Client id:2 | Local Epoch : 3/5 |  Train_Loss: 0.624 | Train_Acc: 77.836
| Global Round : 22/30 | Client id:2 | Local Epoch : 4/5 |  Train_Loss: 0.621 | Train_Acc: 78.381
| Global Round : 22/30 | Client id:2 | Local Epoch : 5/5 |  Train_Loss: 0.626 | Train_Acc: 78.165
aggregating weights...
| Client id:0 | Test_Loss: 0.590 | Test_Acc: 80.000
| Global Round : 23/30 | Client id:0 | Local Epoch : 1/5 |  Train_Loss: 0.606 | Train_Acc: 78.673
| Global Round : 23/30 | Client id:0 | Local Epoch : 2/5 |  Train_Loss: 0.619 | Train_Acc: 78.313
| Global Round : 23/30 | Client id:0 | Local Epoch : 3/5 |  Train_Loss: 0.623 | Train_Acc: 78.091
| Global Round : 23/30 | Client id:0 | Local Epoch : 4/5 |  Train_Loss: 0.630 | Train_Acc: 78.007
| Global Round : 23/30 | Client id:0 | Local Epoch : 5/5 |  Train_Loss: 0.630 | Train_Acc: 78.007
| Client id:1 | Test_Loss: 0.562 | Test_Acc: 80.751
| Global Round : 23/30 | Client id:1 | Local Epoch : 1/5 |  Train_Loss: 0.602 | Train_Acc: 78.944
| Global Round : 23/30 | Client id:1 | Local Epoch : 2/5 |  Train_Loss: 0.634 | Train_Acc: 77.875
| Global Round : 23/30 | Client id:1 | Local Epoch : 3/5 |  Train_Loss: 0.634 | Train_Acc: 77.857
| Global Round : 23/30 | Client id:1 | Local Epoch : 4/5 |  Train_Loss: 0.638 | Train_Acc: 77.725
| Global Round : 23/30 | Client id:1 | Local Epoch : 5/5 |  Train_Loss: 0.618 | Train_Acc: 78.836
| Client id:2 | Test_Loss: 0.558 | Test_Acc: 81.287
| Global Round : 23/30 | Client id:2 | Local Epoch : 1/5 |  Train_Loss: 0.588 | Train_Acc: 79.107
| Global Round : 23/30 | Client id:2 | Local Epoch : 2/5 |  Train_Loss: 0.623 | Train_Acc: 78.046
| Global Round : 23/30 | Client id:2 | Local Epoch : 3/5 |  Train_Loss: 0.624 | Train_Acc: 77.932
| Global Round : 23/30 | Client id:2 | Local Epoch : 4/5 |  Train_Loss: 0.627 | Train_Acc: 77.692
| Global Round : 23/30 | Client id:2 | Local Epoch : 5/5 |  Train_Loss: 0.622 | Train_Acc: 78.219
aggregating weights...
| Client id:0 | Test_Loss: 0.589 | Test_Acc: 79.910
| Global Round : 24/30 | Client id:0 | Local Epoch : 1/5 |  Train_Loss: 0.602 | Train_Acc: 79.178
| Global Round : 24/30 | Client id:0 | Local Epoch : 2/5 |  Train_Loss: 0.619 | Train_Acc: 78.217
| Global Round : 24/30 | Client id:0 | Local Epoch : 3/5 |  Train_Loss: 0.626 | Train_Acc: 77.845
| Global Round : 24/30 | Client id:0 | Local Epoch : 4/5 |  Train_Loss: 0.618 | Train_Acc: 78.421
| Global Round : 24/30 | Client id:0 | Local Epoch : 5/5 |  Train_Loss: 0.631 | Train_Acc: 77.935
| Client id:1 | Test_Loss: 0.558 | Test_Acc: 79.850
| Global Round : 24/30 | Client id:1 | Local Epoch : 1/5 |  Train_Loss: 0.612 | Train_Acc: 78.673
| Global Round : 24/30 | Client id:1 | Local Epoch : 2/5 |  Train_Loss: 0.623 | Train_Acc: 77.983
| Global Round : 24/30 | Client id:1 | Local Epoch : 3/5 |  Train_Loss: 0.628 | Train_Acc: 78.439
| Global Round : 24/30 | Client id:1 | Local Epoch : 4/5 |  Train_Loss: 0.628 | Train_Acc: 77.887
| Global Round : 24/30 | Client id:1 | Local Epoch : 5/5 |  Train_Loss: 0.633 | Train_Acc: 77.869
| Client id:2 | Test_Loss: 0.536 | Test_Acc: 81.796
| Global Round : 24/30 | Client id:2 | Local Epoch : 1/5 |  Train_Loss: 0.591 | Train_Acc: 79.287
| Global Round : 24/30 | Client id:2 | Local Epoch : 2/5 |  Train_Loss: 0.617 | Train_Acc: 78.333
| Global Round : 24/30 | Client id:2 | Local Epoch : 3/5 |  Train_Loss: 0.612 | Train_Acc: 78.393
| Global Round : 24/30 | Client id:2 | Local Epoch : 4/5 |  Train_Loss: 0.618 | Train_Acc: 78.094
| Global Round : 24/30 | Client id:2 | Local Epoch : 5/5 |  Train_Loss: 0.608 | Train_Acc: 78.831
aggregating weights...
| Client id:0 | Test_Loss: 0.570 | Test_Acc: 80.721
| Global Round : 25/30 | Client id:0 | Local Epoch : 1/5 |  Train_Loss: 0.589 | Train_Acc: 79.088
| Global Round : 25/30 | Client id:0 | Local Epoch : 2/5 |  Train_Loss: 0.610 | Train_Acc: 78.776
| Global Round : 25/30 | Client id:0 | Local Epoch : 3/5 |  Train_Loss: 0.620 | Train_Acc: 78.079
| Global Round : 25/30 | Client id:0 | Local Epoch : 4/5 |  Train_Loss: 0.619 | Train_Acc: 78.529
| Global Round : 25/30 | Client id:0 | Local Epoch : 5/5 |  Train_Loss: 0.617 | Train_Acc: 78.415
| Client id:1 | Test_Loss: 0.549 | Test_Acc: 80.991
| Global Round : 25/30 | Client id:1 | Local Epoch : 1/5 |  Train_Loss: 0.597 | Train_Acc: 79.028
| Global Round : 25/30 | Client id:1 | Local Epoch : 2/5 |  Train_Loss: 0.619 | Train_Acc: 78.349
| Global Round : 25/30 | Client id:1 | Local Epoch : 3/5 |  Train_Loss: 0.631 | Train_Acc: 78.295
| Global Round : 25/30 | Client id:1 | Local Epoch : 4/5 |  Train_Loss: 0.617 | Train_Acc: 78.992
| Global Round : 25/30 | Client id:1 | Local Epoch : 5/5 |  Train_Loss: 0.625 | Train_Acc: 78.169
| Client id:2 | Test_Loss: 0.519 | Test_Acc: 82.515
| Global Round : 25/30 | Client id:2 | Local Epoch : 1/5 |  Train_Loss: 0.595 | Train_Acc: 78.807
| Global Round : 25/30 | Client id:2 | Local Epoch : 2/5 |  Train_Loss: 0.615 | Train_Acc: 78.285
| Global Round : 25/30 | Client id:2 | Local Epoch : 3/5 |  Train_Loss: 0.610 | Train_Acc: 78.639
| Global Round : 25/30 | Client id:2 | Local Epoch : 4/5 |  Train_Loss: 0.617 | Train_Acc: 78.225
| Global Round : 25/30 | Client id:2 | Local Epoch : 5/5 |  Train_Loss: 0.614 | Train_Acc: 78.369
aggregating weights...
| Client id:0 | Test_Loss: 0.556 | Test_Acc: 81.351
| Global Round : 26/30 | Client id:0 | Local Epoch : 1/5 |  Train_Loss: 0.589 | Train_Acc: 79.154
| Global Round : 26/30 | Client id:0 | Local Epoch : 2/5 |  Train_Loss: 0.609 | Train_Acc: 78.295
| Global Round : 26/30 | Client id:0 | Local Epoch : 3/5 |  Train_Loss: 0.621 | Train_Acc: 77.815
| Global Round : 26/30 | Client id:0 | Local Epoch : 4/5 |  Train_Loss: 0.616 | Train_Acc: 78.739
| Global Round : 26/30 | Client id:0 | Local Epoch : 5/5 |  Train_Loss: 0.620 | Train_Acc: 78.097
| Client id:1 | Test_Loss: 0.570 | Test_Acc: 80.420
| Global Round : 26/30 | Client id:1 | Local Epoch : 1/5 |  Train_Loss: 0.601 | Train_Acc: 79.046
| Global Round : 26/30 | Client id:1 | Local Epoch : 2/5 |  Train_Loss: 0.607 | Train_Acc: 78.776
| Global Round : 26/30 | Client id:1 | Local Epoch : 3/5 |  Train_Loss: 0.622 | Train_Acc: 78.223
| Global Round : 26/30 | Client id:1 | Local Epoch : 4/5 |  Train_Loss: 0.615 | Train_Acc: 78.403
| Global Round : 26/30 | Client id:1 | Local Epoch : 5/5 |  Train_Loss: 0.614 | Train_Acc: 78.607
| Client id:2 | Test_Loss: 0.531 | Test_Acc: 81.377
| Global Round : 26/30 | Client id:2 | Local Epoch : 1/5 |  Train_Loss: 0.587 | Train_Acc: 79.460
| Global Round : 26/30 | Client id:2 | Local Epoch : 2/5 |  Train_Loss: 0.605 | Train_Acc: 78.801
| Global Round : 26/30 | Client id:2 | Local Epoch : 3/5 |  Train_Loss: 0.617 | Train_Acc: 78.231
| Global Round : 26/30 | Client id:2 | Local Epoch : 4/5 |  Train_Loss: 0.620 | Train_Acc: 78.171
| Global Round : 26/30 | Client id:2 | Local Epoch : 5/5 |  Train_Loss: 0.598 | Train_Acc: 78.729
aggregating weights...
| Client id:0 | Test_Loss: 0.555 | Test_Acc: 80.691
| Global Round : 27/30 | Client id:0 | Local Epoch : 1/5 |  Train_Loss: 0.598 | Train_Acc: 79.016
| Global Round : 27/30 | Client id:0 | Local Epoch : 2/5 |  Train_Loss: 0.606 | Train_Acc: 78.607
| Global Round : 27/30 | Client id:0 | Local Epoch : 3/5 |  Train_Loss: 0.617 | Train_Acc: 78.319
| Global Round : 27/30 | Client id:0 | Local Epoch : 4/5 |  Train_Loss: 0.611 | Train_Acc: 78.727
| Global Round : 27/30 | Client id:0 | Local Epoch : 5/5 |  Train_Loss: 0.613 | Train_Acc: 78.902
| Client id:1 | Test_Loss: 0.543 | Test_Acc: 81.321
| Global Round : 27/30 | Client id:1 | Local Epoch : 1/5 |  Train_Loss: 0.585 | Train_Acc: 79.928
| Global Round : 27/30 | Client id:1 | Local Epoch : 2/5 |  Train_Loss: 0.617 | Train_Acc: 78.409
| Global Round : 27/30 | Client id:1 | Local Epoch : 3/5 |  Train_Loss: 0.621 | Train_Acc: 78.385
| Global Round : 27/30 | Client id:1 | Local Epoch : 4/5 |  Train_Loss: 0.608 | Train_Acc: 78.661
| Global Round : 27/30 | Client id:1 | Local Epoch : 5/5 |  Train_Loss: 0.616 | Train_Acc: 78.625
| Client id:2 | Test_Loss: 0.541 | Test_Acc: 81.647
| Global Round : 27/30 | Client id:2 | Local Epoch : 1/5 |  Train_Loss: 0.593 | Train_Acc: 79.484
| Global Round : 27/30 | Client id:2 | Local Epoch : 2/5 |  Train_Loss: 0.616 | Train_Acc: 78.387
| Global Round : 27/30 | Client id:2 | Local Epoch : 3/5 |  Train_Loss: 0.616 | Train_Acc: 78.387
| Global Round : 27/30 | Client id:2 | Local Epoch : 4/5 |  Train_Loss: 0.609 | Train_Acc: 78.687
| Global Round : 27/30 | Client id:2 | Local Epoch : 5/5 |  Train_Loss: 0.616 | Train_Acc: 78.297
aggregating weights...
| Client id:0 | Test_Loss: 0.546 | Test_Acc: 81.562
| Global Round : 28/30 | Client id:0 | Local Epoch : 1/5 |  Train_Loss: 0.591 | Train_Acc: 79.622
| Global Round : 28/30 | Client id:0 | Local Epoch : 2/5 |  Train_Loss: 0.610 | Train_Acc: 78.589
| Global Round : 28/30 | Client id:0 | Local Epoch : 3/5 |  Train_Loss: 0.612 | Train_Acc: 78.451
| Global Round : 28/30 | Client id:0 | Local Epoch : 4/5 |  Train_Loss: 0.622 | Train_Acc: 78.025
| Global Round : 28/30 | Client id:0 | Local Epoch : 5/5 |  Train_Loss: 0.620 | Train_Acc: 78.361
| Client id:1 | Test_Loss: 0.533 | Test_Acc: 81.892
| Global Round : 28/30 | Client id:1 | Local Epoch : 1/5 |  Train_Loss: 0.585 | Train_Acc: 80.018
| Global Round : 28/30 | Client id:1 | Local Epoch : 2/5 |  Train_Loss: 0.612 | Train_Acc: 79.022
| Global Round : 28/30 | Client id:1 | Local Epoch : 3/5 |  Train_Loss: 0.614 | Train_Acc: 78.559
| Global Round : 28/30 | Client id:1 | Local Epoch : 4/5 |  Train_Loss: 0.613 | Train_Acc: 78.752
| Global Round : 28/30 | Client id:1 | Local Epoch : 5/5 |  Train_Loss: 0.604 | Train_Acc: 78.739
| Client id:2 | Test_Loss: 0.536 | Test_Acc: 82.006
| Global Round : 28/30 | Client id:2 | Local Epoch : 1/5 |  Train_Loss: 0.579 | Train_Acc: 79.880
| Global Round : 28/30 | Client id:2 | Local Epoch : 2/5 |  Train_Loss: 0.601 | Train_Acc: 78.849
| Global Round : 28/30 | Client id:2 | Local Epoch : 3/5 |  Train_Loss: 0.611 | Train_Acc: 78.843
| Global Round : 28/30 | Client id:2 | Local Epoch : 4/5 |  Train_Loss: 0.607 | Train_Acc: 78.699
| Global Round : 28/30 | Client id:2 | Local Epoch : 5/5 |  Train_Loss: 0.597 | Train_Acc: 79.047
aggregating weights...
| Client id:0 | Test_Loss: 0.594 | Test_Acc: 80.541
| Global Round : 29/30 | Client id:0 | Local Epoch : 1/5 |  Train_Loss: 0.588 | Train_Acc: 79.328
| Global Round : 29/30 | Client id:0 | Local Epoch : 2/5 |  Train_Loss: 0.606 | Train_Acc: 78.733
| Global Round : 29/30 | Client id:0 | Local Epoch : 3/5 |  Train_Loss: 0.605 | Train_Acc: 79.094
| Global Round : 29/30 | Client id:0 | Local Epoch : 4/5 |  Train_Loss: 0.620 | Train_Acc: 78.235
| Global Round : 29/30 | Client id:0 | Local Epoch : 5/5 |  Train_Loss: 0.609 | Train_Acc: 78.475
| Client id:1 | Test_Loss: 0.549 | Test_Acc: 80.931
| Global Round : 29/30 | Client id:1 | Local Epoch : 1/5 |  Train_Loss: 0.589 | Train_Acc: 79.676
| Global Round : 29/30 | Client id:1 | Local Epoch : 2/5 |  Train_Loss: 0.616 | Train_Acc: 78.830
| Global Round : 29/30 | Client id:1 | Local Epoch : 3/5 |  Train_Loss: 0.615 | Train_Acc: 78.487
| Global Round : 29/30 | Client id:1 | Local Epoch : 4/5 |  Train_Loss: 0.606 | Train_Acc: 78.836
| Global Round : 29/30 | Client id:1 | Local Epoch : 5/5 |  Train_Loss: 0.610 | Train_Acc: 78.800
| Client id:2 | Test_Loss: 0.565 | Test_Acc: 80.359
| Global Round : 29/30 | Client id:2 | Local Epoch : 1/5 |  Train_Loss: 0.578 | Train_Acc: 79.946
| Global Round : 29/30 | Client id:2 | Local Epoch : 2/5 |  Train_Loss: 0.587 | Train_Acc: 79.724
| Global Round : 29/30 | Client id:2 | Local Epoch : 3/5 |  Train_Loss: 0.604 | Train_Acc: 78.771
| Global Round : 29/30 | Client id:2 | Local Epoch : 4/5 |  Train_Loss: 0.605 | Train_Acc: 78.585
| Global Round : 29/30 | Client id:2 | Local Epoch : 5/5 |  Train_Loss: 0.600 | Train_Acc: 79.185
aggregating weights...
| Client id:0 | Test_Loss: 0.554 | Test_Acc: 80.781
| Global Round : 30/30 | Client id:0 | Local Epoch : 1/5 |  Train_Loss: 0.583 | Train_Acc: 79.442
| Global Round : 30/30 | Client id:0 | Local Epoch : 2/5 |  Train_Loss: 0.608 | Train_Acc: 78.655
| Global Round : 30/30 | Client id:0 | Local Epoch : 3/5 |  Train_Loss: 0.603 | Train_Acc: 79.148
| Global Round : 30/30 | Client id:0 | Local Epoch : 4/5 |  Train_Loss: 0.616 | Train_Acc: 78.265
| Global Round : 30/30 | Client id:0 | Local Epoch : 5/5 |  Train_Loss: 0.604 | Train_Acc: 78.631
| Client id:1 | Test_Loss: 0.551 | Test_Acc: 80.601
| Global Round : 30/30 | Client id:1 | Local Epoch : 1/5 |  Train_Loss: 0.594 | Train_Acc: 79.220
| Global Round : 30/30 | Client id:1 | Local Epoch : 2/5 |  Train_Loss: 0.598 | Train_Acc: 79.160
| Global Round : 30/30 | Client id:1 | Local Epoch : 3/5 |  Train_Loss: 0.606 | Train_Acc: 78.758
| Global Round : 30/30 | Client id:1 | Local Epoch : 4/5 |  Train_Loss: 0.600 | Train_Acc: 78.836
| Global Round : 30/30 | Client id:1 | Local Epoch : 5/5 |  Train_Loss: 0.614 | Train_Acc: 78.301
| Client id:2 | Test_Loss: 0.545 | Test_Acc: 80.988
| Global Round : 30/30 | Client id:2 | Local Epoch : 1/5 |  Train_Loss: 0.580 | Train_Acc: 79.760
| Global Round : 30/30 | Client id:2 | Local Epoch : 2/5 |  Train_Loss: 0.598 | Train_Acc: 79.119
| Global Round : 30/30 | Client id:2 | Local Epoch : 3/5 |  Train_Loss: 0.594 | Train_Acc: 79.209
| Global Round : 30/30 | Client id:2 | Local Epoch : 4/5 |  Train_Loss: 0.584 | Train_Acc: 79.430
| Global Round : 30/30 | Client id:2 | Local Epoch : 5/5 |  Train_Loss: 0.607 | Train_Acc: 78.837
aggregating weights...

Final Results
| Client id:0 | Test_Loss: 0.571 | Test_Acc: 81.411
| Client id:1 | Test_Loss: 0.543 | Test_Acc: 80.931
| Client id:2 | Test_Loss: 0.533 | Test_Acc: 82.216
