GPU will be used for training

batch_size: 32
data_dist: from_csv
dataset: cifar10
drfa_gamma: 0.01
federated_type: afl
from_csv: niid1
global_epochs: 30
local_epochs: 5
lr: 0.01
model: cnn
n_clients: 3
on_cuda: 1
optimizer: sgd
seed: 1
seed_num: 0
Files already downloaded and verified
Files already downloaded and verified
Class distribution of id:0
train [5000, 5000, 5000, 1666, 0, 0, 0, 0, 0, 0]
test [1000, 1000, 1000, 333, 0, 0, 0, 0, 0, 0]
Class distribution of id:1
train [0, 0, 0, 1666, 2500, 2500, 2500, 2500, 2500, 2500]
test [0, 0, 0, 333, 500, 500, 500, 500, 500, 500]
Class distribution of id:2
train [0, 0, 0, 1668, 2500, 2500, 2500, 2500, 2500, 2500]
test [0, 0, 0, 334, 500, 500, 500, 500, 500, 500]
| Client id:0 | Test_Loss: 2.314 | Test_Acc: 9.931
| Global Round : 1/30 | Client id:0 | Local Epoch : 1/5 |  Train_Loss: 1.048 | Train_Acc: 57.164
| Global Round : 1/30 | Client id:0 | Local Epoch : 2/5 |  Train_Loss: 0.766 | Train_Acc: 69.561
| Global Round : 1/30 | Client id:0 | Local Epoch : 3/5 |  Train_Loss: 0.659 | Train_Acc: 73.719
| Global Round : 1/30 | Client id:0 | Local Epoch : 4/5 |  Train_Loss: 0.608 | Train_Acc: 75.855
| Global Round : 1/30 | Client id:0 | Local Epoch : 5/5 |  Train_Loss: 0.578 | Train_Acc: 77.013
| Client id:1 | Test_Loss: 2.299 | Test_Acc: 10.171
| Global Round : 1/30 | Client id:1 | Local Epoch : 1/5 |  Train_Loss: 1.624 | Train_Acc: 36.223
| Global Round : 1/30 | Client id:1 | Local Epoch : 2/5 |  Train_Loss: 1.317 | Train_Acc: 49.646
| Global Round : 1/30 | Client id:1 | Local Epoch : 3/5 |  Train_Loss: 1.193 | Train_Acc: 55.028
| Global Round : 1/30 | Client id:1 | Local Epoch : 4/5 |  Train_Loss: 1.106 | Train_Acc: 58.472
| Global Round : 1/30 | Client id:1 | Local Epoch : 5/5 |  Train_Loss: 1.054 | Train_Acc: 61.022
| Client id:2 | Test_Loss: 2.299 | Test_Acc: 10.168
| Global Round : 1/30 | Client id:2 | Local Epoch : 1/5 |  Train_Loss: 1.616 | Train_Acc: 36.345
| Global Round : 1/30 | Client id:2 | Local Epoch : 2/5 |  Train_Loss: 1.298 | Train_Acc: 50.678
| Global Round : 1/30 | Client id:2 | Local Epoch : 3/5 |  Train_Loss: 1.180 | Train_Acc: 55.022
| Global Round : 1/30 | Client id:2 | Local Epoch : 4/5 |  Train_Loss: 1.112 | Train_Acc: 58.273
| Global Round : 1/30 | Client id:2 | Local Epoch : 5/5 |  Train_Loss: 1.055 | Train_Acc: 60.355
aggregating weights...
lambda: tensor([0.3334, 0.3333, 0.3333])
| Client id:0 | Test_Loss: 3.046 | Test_Acc: 7.441
| Global Round : 2/30 | Client id:0 | Local Epoch : 1/5 |  Train_Loss: 0.700 | Train_Acc: 72.477
| Global Round : 2/30 | Client id:0 | Local Epoch : 2/5 |  Train_Loss: 0.585 | Train_Acc: 76.893
| Global Round : 2/30 | Client id:0 | Local Epoch : 3/5 |  Train_Loss: 0.534 | Train_Acc: 79.023
| Global Round : 2/30 | Client id:0 | Local Epoch : 4/5 |  Train_Loss: 0.509 | Train_Acc: 80.451
| Global Round : 2/30 | Client id:0 | Local Epoch : 5/5 |  Train_Loss: 0.481 | Train_Acc: 81.447
| Client id:1 | Test_Loss: 1.486 | Test_Acc: 56.226
| Global Round : 2/30 | Client id:1 | Local Epoch : 1/5 |  Train_Loss: 1.082 | Train_Acc: 59.792
| Global Round : 2/30 | Client id:1 | Local Epoch : 2/5 |  Train_Loss: 1.008 | Train_Acc: 62.264
| Global Round : 2/30 | Client id:1 | Local Epoch : 3/5 |  Train_Loss: 0.940 | Train_Acc: 65.583
| Global Round : 2/30 | Client id:1 | Local Epoch : 4/5 |  Train_Loss: 0.894 | Train_Acc: 67.005
| Global Round : 2/30 | Client id:1 | Local Epoch : 5/5 |  Train_Loss: 0.862 | Train_Acc: 67.833
| Client id:2 | Test_Loss: 1.468 | Test_Acc: 58.218
| Global Round : 2/30 | Client id:2 | Local Epoch : 1/5 |  Train_Loss: 1.083 | Train_Acc: 59.611
| Global Round : 2/30 | Client id:2 | Local Epoch : 2/5 |  Train_Loss: 1.010 | Train_Acc: 62.227
| Global Round : 2/30 | Client id:2 | Local Epoch : 3/5 |  Train_Loss: 0.944 | Train_Acc: 64.969
| Global Round : 2/30 | Client id:2 | Local Epoch : 4/5 |  Train_Loss: 0.900 | Train_Acc: 66.061
| Global Round : 2/30 | Client id:2 | Local Epoch : 5/5 |  Train_Loss: 0.868 | Train_Acc: 67.729
aggregating weights...
lambda: tensor([0.3439, 0.3281, 0.3280])
| Client id:0 | Test_Loss: 2.910 | Test_Acc: 9.001
| Global Round : 3/30 | Client id:0 | Local Epoch : 1/5 |  Train_Loss: 0.569 | Train_Acc: 78.189
| Global Round : 3/30 | Client id:0 | Local Epoch : 2/5 |  Train_Loss: 0.489 | Train_Acc: 81.111
| Global Round : 3/30 | Client id:0 | Local Epoch : 3/5 |  Train_Loss: 0.462 | Train_Acc: 82.341
| Global Round : 3/30 | Client id:0 | Local Epoch : 4/5 |  Train_Loss: 0.449 | Train_Acc: 82.407
| Global Round : 3/30 | Client id:0 | Local Epoch : 5/5 |  Train_Loss: 0.426 | Train_Acc: 83.679
| Client id:1 | Test_Loss: 1.104 | Test_Acc: 60.636
| Global Round : 3/30 | Client id:1 | Local Epoch : 1/5 |  Train_Loss: 0.882 | Train_Acc: 67.203
| Global Round : 3/30 | Client id:1 | Local Epoch : 2/5 |  Train_Loss: 0.836 | Train_Acc: 68.967
| Global Round : 3/30 | Client id:1 | Local Epoch : 3/5 |  Train_Loss: 0.806 | Train_Acc: 70.485
| Global Round : 3/30 | Client id:1 | Local Epoch : 4/5 |  Train_Loss: 0.781 | Train_Acc: 70.959
| Global Round : 3/30 | Client id:1 | Local Epoch : 5/5 |  Train_Loss: 0.766 | Train_Acc: 71.559
| Client id:2 | Test_Loss: 1.065 | Test_Acc: 63.497
| Global Round : 3/30 | Client id:2 | Local Epoch : 1/5 |  Train_Loss: 0.882 | Train_Acc: 67.123
| Global Round : 3/30 | Client id:2 | Local Epoch : 2/5 |  Train_Loss: 0.839 | Train_Acc: 68.814
| Global Round : 3/30 | Client id:2 | Local Epoch : 3/5 |  Train_Loss: 0.803 | Train_Acc: 70.356
| Global Round : 3/30 | Client id:2 | Local Epoch : 4/5 |  Train_Loss: 0.778 | Train_Acc: 71.226
| Global Round : 3/30 | Client id:2 | Local Epoch : 5/5 |  Train_Loss: 0.762 | Train_Acc: 71.982
aggregating weights...
lambda: tensor([0.3561, 0.3223, 0.3217])
| Client id:0 | Test_Loss: 2.530 | Test_Acc: 14.101
| Global Round : 4/30 | Client id:0 | Local Epoch : 1/5 |  Train_Loss: 0.499 | Train_Acc: 80.463
| Global Round : 4/30 | Client id:0 | Local Epoch : 2/5 |  Train_Loss: 0.437 | Train_Acc: 83.139
| Global Round : 4/30 | Client id:0 | Local Epoch : 3/5 |  Train_Loss: 0.423 | Train_Acc: 83.577
| Global Round : 4/30 | Client id:0 | Local Epoch : 4/5 |  Train_Loss: 0.400 | Train_Acc: 84.885
| Global Round : 4/30 | Client id:0 | Local Epoch : 5/5 |  Train_Loss: 0.393 | Train_Acc: 84.909
| Client id:1 | Test_Loss: 0.947 | Test_Acc: 64.986
| Global Round : 4/30 | Client id:1 | Local Epoch : 1/5 |  Train_Loss: 0.781 | Train_Acc: 71.169
| Global Round : 4/30 | Client id:1 | Local Epoch : 2/5 |  Train_Loss: 0.750 | Train_Acc: 72.711
| Global Round : 4/30 | Client id:1 | Local Epoch : 3/5 |  Train_Loss: 0.740 | Train_Acc: 72.621
| Global Round : 4/30 | Client id:1 | Local Epoch : 4/5 |  Train_Loss: 0.711 | Train_Acc: 73.839
| Global Round : 4/30 | Client id:1 | Local Epoch : 5/5 |  Train_Loss: 0.705 | Train_Acc: 73.671
| Client id:2 | Test_Loss: 0.916 | Test_Acc: 66.197
| Global Round : 4/30 | Client id:2 | Local Epoch : 1/5 |  Train_Loss: 0.768 | Train_Acc: 71.514
| Global Round : 4/30 | Client id:2 | Local Epoch : 2/5 |  Train_Loss: 0.755 | Train_Acc: 72.192
| Global Round : 4/30 | Client id:2 | Local Epoch : 3/5 |  Train_Loss: 0.736 | Train_Acc: 72.582
| Global Round : 4/30 | Client id:2 | Local Epoch : 4/5 |  Train_Loss: 0.710 | Train_Acc: 73.794
| Global Round : 4/30 | Client id:2 | Local Epoch : 5/5 |  Train_Loss: 0.699 | Train_Acc: 73.854
aggregating weights...
lambda: tensor([0.3667, 0.3171, 0.3162])
| Client id:0 | Test_Loss: 2.106 | Test_Acc: 20.942
| Global Round : 5/30 | Client id:0 | Local Epoch : 1/5 |  Train_Loss: 0.450 | Train_Acc: 82.689
| Global Round : 5/30 | Client id:0 | Local Epoch : 2/5 |  Train_Loss: 0.399 | Train_Acc: 84.591
| Global Round : 5/30 | Client id:0 | Local Epoch : 3/5 |  Train_Loss: 0.389 | Train_Acc: 85.203
| Global Round : 5/30 | Client id:0 | Local Epoch : 4/5 |  Train_Loss: 0.373 | Train_Acc: 85.599
| Global Round : 5/30 | Client id:0 | Local Epoch : 5/5 |  Train_Loss: 0.363 | Train_Acc: 86.181
| Client id:1 | Test_Loss: 0.873 | Test_Acc: 68.647
| Global Round : 5/30 | Client id:1 | Local Epoch : 1/5 |  Train_Loss: 0.708 | Train_Acc: 74.055
| Global Round : 5/30 | Client id:1 | Local Epoch : 2/5 |  Train_Loss: 0.688 | Train_Acc: 74.589
| Global Round : 5/30 | Client id:1 | Local Epoch : 3/5 |  Train_Loss: 0.700 | Train_Acc: 74.505
| Global Round : 5/30 | Client id:1 | Local Epoch : 4/5 |  Train_Loss: 0.668 | Train_Acc: 75.555
| Global Round : 5/30 | Client id:1 | Local Epoch : 5/5 |  Train_Loss: 0.648 | Train_Acc: 76.191
| Client id:2 | Test_Loss: 0.831 | Test_Acc: 69.766
| Global Round : 5/30 | Client id:2 | Local Epoch : 1/5 |  Train_Loss: 0.714 | Train_Acc: 73.764
| Global Round : 5/30 | Client id:2 | Local Epoch : 2/5 |  Train_Loss: 0.693 | Train_Acc: 74.448
| Global Round : 5/30 | Client id:2 | Local Epoch : 3/5 |  Train_Loss: 0.677 | Train_Acc: 75.234
| Global Round : 5/30 | Client id:2 | Local Epoch : 4/5 |  Train_Loss: 0.678 | Train_Acc: 75.012
| Global Round : 5/30 | Client id:2 | Local Epoch : 5/5 |  Train_Loss: 0.648 | Train_Acc: 76.230
aggregating weights...
lambda: tensor([0.3751, 0.3131, 0.3118])
| Client id:0 | Test_Loss: 2.303 | Test_Acc: 19.772
| Global Round : 6/30 | Client id:0 | Local Epoch : 1/5 |  Train_Loss: 0.415 | Train_Acc: 84.117
| Global Round : 6/30 | Client id:0 | Local Epoch : 2/5 |  Train_Loss: 0.378 | Train_Acc: 85.407
| Global Round : 6/30 | Client id:0 | Local Epoch : 3/5 |  Train_Loss: 0.369 | Train_Acc: 85.905
| Global Round : 6/30 | Client id:0 | Local Epoch : 4/5 |  Train_Loss: 0.349 | Train_Acc: 86.721
| Global Round : 6/30 | Client id:0 | Local Epoch : 5/5 |  Train_Loss: 0.347 | Train_Acc: 86.781
| Client id:1 | Test_Loss: 0.821 | Test_Acc: 70.087
| Global Round : 6/30 | Client id:1 | Local Epoch : 1/5 |  Train_Loss: 0.670 | Train_Acc: 75.519
| Global Round : 6/30 | Client id:1 | Local Epoch : 2/5 |  Train_Loss: 0.659 | Train_Acc: 76.149
| Global Round : 6/30 | Client id:1 | Local Epoch : 3/5 |  Train_Loss: 0.641 | Train_Acc: 76.767
| Global Round : 6/30 | Client id:1 | Local Epoch : 4/5 |  Train_Loss: 0.627 | Train_Acc: 77.427
| Global Round : 6/30 | Client id:1 | Local Epoch : 5/5 |  Train_Loss: 0.612 | Train_Acc: 78.063
| Client id:2 | Test_Loss: 0.786 | Test_Acc: 71.566
| Global Round : 6/30 | Client id:2 | Local Epoch : 1/5 |  Train_Loss: 0.668 | Train_Acc: 75.882
| Global Round : 6/30 | Client id:2 | Local Epoch : 2/5 |  Train_Loss: 0.649 | Train_Acc: 75.966
| Global Round : 6/30 | Client id:2 | Local Epoch : 3/5 |  Train_Loss: 0.636 | Train_Acc: 76.758
| Global Round : 6/30 | Client id:2 | Local Epoch : 4/5 |  Train_Loss: 0.638 | Train_Acc: 76.758
| Global Round : 6/30 | Client id:2 | Local Epoch : 5/5 |  Train_Loss: 0.622 | Train_Acc: 77.136
aggregating weights...
lambda: tensor([0.3851, 0.3083, 0.3066])
| Client id:0 | Test_Loss: 1.843 | Test_Acc: 31.593
| Global Round : 7/30 | Client id:0 | Local Epoch : 1/5 |  Train_Loss: 0.394 | Train_Acc: 84.987
| Global Round : 7/30 | Client id:0 | Local Epoch : 2/5 |  Train_Loss: 0.357 | Train_Acc: 86.145
| Global Round : 7/30 | Client id:0 | Local Epoch : 3/5 |  Train_Loss: 0.348 | Train_Acc: 86.679
| Global Round : 7/30 | Client id:0 | Local Epoch : 4/5 |  Train_Loss: 0.337 | Train_Acc: 87.093
| Global Round : 7/30 | Client id:0 | Local Epoch : 5/5 |  Train_Loss: 0.318 | Train_Acc: 87.664
| Client id:1 | Test_Loss: 0.803 | Test_Acc: 70.027
| Global Round : 7/30 | Client id:1 | Local Epoch : 1/5 |  Train_Loss: 0.630 | Train_Acc: 77.115
| Global Round : 7/30 | Client id:1 | Local Epoch : 2/5 |  Train_Loss: 0.618 | Train_Acc: 77.517
| Global Round : 7/30 | Client id:1 | Local Epoch : 3/5 |  Train_Loss: 0.613 | Train_Acc: 77.415
| Global Round : 7/30 | Client id:1 | Local Epoch : 4/5 |  Train_Loss: 0.606 | Train_Acc: 77.727
| Global Round : 7/30 | Client id:1 | Local Epoch : 5/5 |  Train_Loss: 0.598 | Train_Acc: 78.279
| Client id:2 | Test_Loss: 0.779 | Test_Acc: 71.116
| Global Round : 7/30 | Client id:2 | Local Epoch : 1/5 |  Train_Loss: 0.622 | Train_Acc: 77.238
| Global Round : 7/30 | Client id:2 | Local Epoch : 2/5 |  Train_Loss: 0.611 | Train_Acc: 77.052
| Global Round : 7/30 | Client id:2 | Local Epoch : 3/5 |  Train_Loss: 0.614 | Train_Acc: 77.814
| Global Round : 7/30 | Client id:2 | Local Epoch : 4/5 |  Train_Loss: 0.603 | Train_Acc: 77.892
| Global Round : 7/30 | Client id:2 | Local Epoch : 5/5 |  Train_Loss: 0.592 | Train_Acc: 78.192
aggregating weights...
lambda: tensor([0.3921, 0.3049, 0.3030])
| Client id:0 | Test_Loss: 1.974 | Test_Acc: 27.363
| Global Round : 8/30 | Client id:0 | Local Epoch : 1/5 |  Train_Loss: 0.365 | Train_Acc: 86.115
| Global Round : 8/30 | Client id:0 | Local Epoch : 2/5 |  Train_Loss: 0.338 | Train_Acc: 86.913
| Global Round : 8/30 | Client id:0 | Local Epoch : 3/5 |  Train_Loss: 0.325 | Train_Acc: 87.718
| Global Round : 8/30 | Client id:0 | Local Epoch : 4/5 |  Train_Loss: 0.320 | Train_Acc: 87.868
| Global Round : 8/30 | Client id:0 | Local Epoch : 5/5 |  Train_Loss: 0.311 | Train_Acc: 88.168
| Client id:1 | Test_Loss: 0.804 | Test_Acc: 69.877
| Global Round : 8/30 | Client id:1 | Local Epoch : 1/5 |  Train_Loss: 0.602 | Train_Acc: 78.207
| Global Round : 8/30 | Client id:1 | Local Epoch : 2/5 |  Train_Loss: 0.602 | Train_Acc: 77.853
| Global Round : 8/30 | Client id:1 | Local Epoch : 3/5 |  Train_Loss: 0.595 | Train_Acc: 78.087
| Global Round : 8/30 | Client id:1 | Local Epoch : 4/5 |  Train_Loss: 0.582 | Train_Acc: 79.041
| Global Round : 8/30 | Client id:1 | Local Epoch : 5/5 |  Train_Loss: 0.569 | Train_Acc: 79.311
| Client id:2 | Test_Loss: 0.777 | Test_Acc: 70.576
| Global Round : 8/30 | Client id:2 | Local Epoch : 1/5 |  Train_Loss: 0.598 | Train_Acc: 78.138
| Global Round : 8/30 | Client id:2 | Local Epoch : 2/5 |  Train_Loss: 0.594 | Train_Acc: 78.342
| Global Round : 8/30 | Client id:2 | Local Epoch : 3/5 |  Train_Loss: 0.588 | Train_Acc: 78.786
| Global Round : 8/30 | Client id:2 | Local Epoch : 4/5 |  Train_Loss: 0.581 | Train_Acc: 78.948
| Global Round : 8/30 | Client id:2 | Local Epoch : 5/5 |  Train_Loss: 0.582 | Train_Acc: 78.792
aggregating weights...
lambda: tensor([0.4000, 0.3011, 0.2989])
| Client id:0 | Test_Loss: 1.549 | Test_Acc: 43.144
| Global Round : 9/30 | Client id:0 | Local Epoch : 1/5 |  Train_Loss: 0.351 | Train_Acc: 86.727
| Global Round : 9/30 | Client id:0 | Local Epoch : 2/5 |  Train_Loss: 0.326 | Train_Acc: 87.694
| Global Round : 9/30 | Client id:0 | Local Epoch : 3/5 |  Train_Loss: 0.315 | Train_Acc: 87.934
| Global Round : 9/30 | Client id:0 | Local Epoch : 4/5 |  Train_Loss: 0.308 | Train_Acc: 88.198
| Global Round : 9/30 | Client id:0 | Local Epoch : 5/5 |  Train_Loss: 0.304 | Train_Acc: 88.288
| Client id:1 | Test_Loss: 0.772 | Test_Acc: 73.087
| Global Round : 9/30 | Client id:1 | Local Epoch : 1/5 |  Train_Loss: 0.574 | Train_Acc: 79.065
| Global Round : 9/30 | Client id:1 | Local Epoch : 2/5 |  Train_Loss: 0.586 | Train_Acc: 78.585
| Global Round : 9/30 | Client id:1 | Local Epoch : 3/5 |  Train_Loss: 0.579 | Train_Acc: 79.233
| Global Round : 9/30 | Client id:1 | Local Epoch : 4/5 |  Train_Loss: 0.567 | Train_Acc: 79.359
| Global Round : 9/30 | Client id:1 | Local Epoch : 5/5 |  Train_Loss: 0.568 | Train_Acc: 79.515
| Client id:2 | Test_Loss: 0.751 | Test_Acc: 72.795
| Global Round : 9/30 | Client id:2 | Local Epoch : 1/5 |  Train_Loss: 0.584 | Train_Acc: 78.894
| Global Round : 9/30 | Client id:2 | Local Epoch : 2/5 |  Train_Loss: 0.585 | Train_Acc: 78.432
| Global Round : 9/30 | Client id:2 | Local Epoch : 3/5 |  Train_Loss: 0.569 | Train_Acc: 78.906
| Global Round : 9/30 | Client id:2 | Local Epoch : 4/5 |  Train_Loss: 0.575 | Train_Acc: 79.392
| Global Round : 9/30 | Client id:2 | Local Epoch : 5/5 |  Train_Loss: 0.557 | Train_Acc: 79.566
aggregating weights...
lambda: tensor([0.4052, 0.2986, 0.2962])
| Client id:0 | Test_Loss: 1.622 | Test_Acc: 36.544
| Global Round : 10/30 | Client id:0 | Local Epoch : 1/5 |  Train_Loss: 0.329 | Train_Acc: 87.423
| Global Round : 10/30 | Client id:0 | Local Epoch : 2/5 |  Train_Loss: 0.312 | Train_Acc: 88.078
| Global Round : 10/30 | Client id:0 | Local Epoch : 3/5 |  Train_Loss: 0.305 | Train_Acc: 88.822
| Global Round : 10/30 | Client id:0 | Local Epoch : 4/5 |  Train_Loss: 0.300 | Train_Acc: 88.624
| Global Round : 10/30 | Client id:0 | Local Epoch : 5/5 |  Train_Loss: 0.287 | Train_Acc: 88.846
| Client id:1 | Test_Loss: 0.805 | Test_Acc: 69.037
| Global Round : 10/30 | Client id:1 | Local Epoch : 1/5 |  Train_Loss: 0.572 | Train_Acc: 79.305
| Global Round : 10/30 | Client id:1 | Local Epoch : 2/5 |  Train_Loss: 0.570 | Train_Acc: 79.101
| Global Round : 10/30 | Client id:1 | Local Epoch : 3/5 |  Train_Loss: 0.553 | Train_Acc: 79.587
| Global Round : 10/30 | Client id:1 | Local Epoch : 4/5 |  Train_Loss: 0.553 | Train_Acc: 79.665
| Global Round : 10/30 | Client id:1 | Local Epoch : 5/5 |  Train_Loss: 0.548 | Train_Acc: 79.899
| Client id:2 | Test_Loss: 0.784 | Test_Acc: 70.126
| Global Round : 10/30 | Client id:2 | Local Epoch : 1/5 |  Train_Loss: 0.565 | Train_Acc: 79.488
| Global Round : 10/30 | Client id:2 | Local Epoch : 2/5 |  Train_Loss: 0.566 | Train_Acc: 79.314
| Global Round : 10/30 | Client id:2 | Local Epoch : 3/5 |  Train_Loss: 0.554 | Train_Acc: 79.752
| Global Round : 10/30 | Client id:2 | Local Epoch : 4/5 |  Train_Loss: 0.556 | Train_Acc: 79.884
| Global Round : 10/30 | Client id:2 | Local Epoch : 5/5 |  Train_Loss: 0.543 | Train_Acc: 80.316
aggregating weights...
lambda: tensor([0.4107, 0.2959, 0.2933])
| Client id:0 | Test_Loss: 1.573 | Test_Acc: 41.884
| Global Round : 11/30 | Client id:0 | Local Epoch : 1/5 |  Train_Loss: 0.327 | Train_Acc: 87.946
| Global Round : 11/30 | Client id:0 | Local Epoch : 2/5 |  Train_Loss: 0.300 | Train_Acc: 88.570
| Global Round : 11/30 | Client id:0 | Local Epoch : 3/5 |  Train_Loss: 0.294 | Train_Acc: 88.756
| Global Round : 11/30 | Client id:0 | Local Epoch : 4/5 |  Train_Loss: 0.294 | Train_Acc: 88.936
| Global Round : 11/30 | Client id:0 | Local Epoch : 5/5 |  Train_Loss: 0.280 | Train_Acc: 89.560
| Client id:1 | Test_Loss: 0.710 | Test_Acc: 75.338
| Global Round : 11/30 | Client id:1 | Local Epoch : 1/5 |  Train_Loss: 0.554 | Train_Acc: 79.887
| Global Round : 11/30 | Client id:1 | Local Epoch : 2/5 |  Train_Loss: 0.557 | Train_Acc: 79.695
| Global Round : 11/30 | Client id:1 | Local Epoch : 3/5 |  Train_Loss: 0.547 | Train_Acc: 80.223
| Global Round : 11/30 | Client id:1 | Local Epoch : 4/5 |  Train_Loss: 0.548 | Train_Acc: 80.157
| Global Round : 11/30 | Client id:1 | Local Epoch : 5/5 |  Train_Loss: 0.542 | Train_Acc: 80.007
| Client id:2 | Test_Loss: 0.697 | Test_Acc: 75.015
| Global Round : 11/30 | Client id:2 | Local Epoch : 1/5 |  Train_Loss: 0.552 | Train_Acc: 79.560
| Global Round : 11/30 | Client id:2 | Local Epoch : 2/5 |  Train_Loss: 0.550 | Train_Acc: 79.950
| Global Round : 11/30 | Client id:2 | Local Epoch : 3/5 |  Train_Loss: 0.546 | Train_Acc: 80.226
| Global Round : 11/30 | Client id:2 | Local Epoch : 4/5 |  Train_Loss: 0.540 | Train_Acc: 80.262
| Global Round : 11/30 | Client id:2 | Local Epoch : 5/5 |  Train_Loss: 0.535 | Train_Acc: 80.388
aggregating weights...
lambda: tensor([0.4165, 0.2931, 0.2904])
| Client id:0 | Test_Loss: 1.394 | Test_Acc: 47.135
| Global Round : 12/30 | Client id:0 | Local Epoch : 1/5 |  Train_Loss: 0.312 | Train_Acc: 88.192
| Global Round : 12/30 | Client id:0 | Local Epoch : 2/5 |  Train_Loss: 0.299 | Train_Acc: 88.540
| Global Round : 12/30 | Client id:0 | Local Epoch : 3/5 |  Train_Loss: 0.286 | Train_Acc: 89.230
| Global Round : 12/30 | Client id:0 | Local Epoch : 4/5 |  Train_Loss: 0.282 | Train_Acc: 89.296
| Global Round : 12/30 | Client id:0 | Local Epoch : 5/5 |  Train_Loss: 0.284 | Train_Acc: 89.104
| Client id:1 | Test_Loss: 0.742 | Test_Acc: 72.967
| Global Round : 12/30 | Client id:1 | Local Epoch : 1/5 |  Train_Loss: 0.549 | Train_Acc: 79.875
| Global Round : 12/30 | Client id:1 | Local Epoch : 2/5 |  Train_Loss: 0.542 | Train_Acc: 80.301
| Global Round : 12/30 | Client id:1 | Local Epoch : 3/5 |  Train_Loss: 0.532 | Train_Acc: 80.775
| Global Round : 12/30 | Client id:1 | Local Epoch : 4/5 |  Train_Loss: 0.533 | Train_Acc: 80.433
| Global Round : 12/30 | Client id:1 | Local Epoch : 5/5 |  Train_Loss: 0.532 | Train_Acc: 81.075
| Client id:2 | Test_Loss: 0.727 | Test_Acc: 73.125
| Global Round : 12/30 | Client id:2 | Local Epoch : 1/5 |  Train_Loss: 0.541 | Train_Acc: 80.274
| Global Round : 12/30 | Client id:2 | Local Epoch : 2/5 |  Train_Loss: 0.536 | Train_Acc: 80.034
| Global Round : 12/30 | Client id:2 | Local Epoch : 3/5 |  Train_Loss: 0.528 | Train_Acc: 80.724
| Global Round : 12/30 | Client id:2 | Local Epoch : 4/5 |  Train_Loss: 0.532 | Train_Acc: 80.694
| Global Round : 12/30 | Client id:2 | Local Epoch : 5/5 |  Train_Loss: 0.528 | Train_Acc: 81.156
aggregating weights...
lambda: tensor([0.4209, 0.2909, 0.2881])
| Client id:0 | Test_Loss: 1.362 | Test_Acc: 47.945
| Global Round : 13/30 | Client id:0 | Local Epoch : 1/5 |  Train_Loss: 0.308 | Train_Acc: 88.450
| Global Round : 13/30 | Client id:0 | Local Epoch : 2/5 |  Train_Loss: 0.283 | Train_Acc: 89.242
| Global Round : 13/30 | Client id:0 | Local Epoch : 3/5 |  Train_Loss: 0.278 | Train_Acc: 89.542
| Global Round : 13/30 | Client id:0 | Local Epoch : 4/5 |  Train_Loss: 0.281 | Train_Acc: 89.386
| Global Round : 13/30 | Client id:0 | Local Epoch : 5/5 |  Train_Loss: 0.266 | Train_Acc: 90.034
| Client id:1 | Test_Loss: 0.709 | Test_Acc: 75.278
| Global Round : 13/30 | Client id:1 | Local Epoch : 1/5 |  Train_Loss: 0.535 | Train_Acc: 80.337
| Global Round : 13/30 | Client id:1 | Local Epoch : 2/5 |  Train_Loss: 0.539 | Train_Acc: 80.205
| Global Round : 13/30 | Client id:1 | Local Epoch : 3/5 |  Train_Loss: 0.536 | Train_Acc: 80.481
| Global Round : 13/30 | Client id:1 | Local Epoch : 4/5 |  Train_Loss: 0.524 | Train_Acc: 80.811
| Global Round : 13/30 | Client id:1 | Local Epoch : 5/5 |  Train_Loss: 0.517 | Train_Acc: 81.255
| Client id:2 | Test_Loss: 0.681 | Test_Acc: 75.615
| Global Round : 13/30 | Client id:2 | Local Epoch : 1/5 |  Train_Loss: 0.539 | Train_Acc: 80.586
| Global Round : 13/30 | Client id:2 | Local Epoch : 2/5 |  Train_Loss: 0.531 | Train_Acc: 80.406
| Global Round : 13/30 | Client id:2 | Local Epoch : 3/5 |  Train_Loss: 0.531 | Train_Acc: 80.916
| Global Round : 13/30 | Client id:2 | Local Epoch : 4/5 |  Train_Loss: 0.526 | Train_Acc: 80.838
| Global Round : 13/30 | Client id:2 | Local Epoch : 5/5 |  Train_Loss: 0.520 | Train_Acc: 81.054
aggregating weights...
lambda: tensor([0.4254, 0.2889, 0.2858])
| Client id:0 | Test_Loss: 1.323 | Test_Acc: 51.575
| Global Round : 14/30 | Client id:0 | Local Epoch : 1/5 |  Train_Loss: 0.293 | Train_Acc: 89.068
| Global Round : 14/30 | Client id:0 | Local Epoch : 2/5 |  Train_Loss: 0.281 | Train_Acc: 89.470
| Global Round : 14/30 | Client id:0 | Local Epoch : 3/5 |  Train_Loss: 0.274 | Train_Acc: 89.554
| Global Round : 14/30 | Client id:0 | Local Epoch : 4/5 |  Train_Loss: 0.274 | Train_Acc: 89.710
| Global Round : 14/30 | Client id:0 | Local Epoch : 5/5 |  Train_Loss: 0.270 | Train_Acc: 89.692
| Client id:1 | Test_Loss: 0.772 | Test_Acc: 71.587
| Global Round : 14/30 | Client id:1 | Local Epoch : 1/5 |  Train_Loss: 0.530 | Train_Acc: 80.859
| Global Round : 14/30 | Client id:1 | Local Epoch : 2/5 |  Train_Loss: 0.526 | Train_Acc: 81.189
| Global Round : 14/30 | Client id:1 | Local Epoch : 3/5 |  Train_Loss: 0.528 | Train_Acc: 81.027
| Global Round : 14/30 | Client id:1 | Local Epoch : 4/5 |  Train_Loss: 0.522 | Train_Acc: 81.081
| Global Round : 14/30 | Client id:1 | Local Epoch : 5/5 |  Train_Loss: 0.521 | Train_Acc: 81.237
| Client id:2 | Test_Loss: 0.749 | Test_Acc: 71.806
| Global Round : 14/30 | Client id:2 | Local Epoch : 1/5 |  Train_Loss: 0.527 | Train_Acc: 80.838
| Global Round : 14/30 | Client id:2 | Local Epoch : 2/5 |  Train_Loss: 0.538 | Train_Acc: 80.412
| Global Round : 14/30 | Client id:2 | Local Epoch : 3/5 |  Train_Loss: 0.519 | Train_Acc: 80.670
| Global Round : 14/30 | Client id:2 | Local Epoch : 4/5 |  Train_Loss: 0.519 | Train_Acc: 81.186
| Global Round : 14/30 | Client id:2 | Local Epoch : 5/5 |  Train_Loss: 0.523 | Train_Acc: 81.108
aggregating weights...
lambda: tensor([0.4291, 0.2871, 0.2838])
| Client id:0 | Test_Loss: 1.520 | Test_Acc: 43.354
| Global Round : 15/30 | Client id:0 | Local Epoch : 1/5 |  Train_Loss: 0.291 | Train_Acc: 89.014
| Global Round : 15/30 | Client id:0 | Local Epoch : 2/5 |  Train_Loss: 0.280 | Train_Acc: 89.500
| Global Round : 15/30 | Client id:0 | Local Epoch : 3/5 |  Train_Loss: 0.270 | Train_Acc: 89.638
| Global Round : 15/30 | Client id:0 | Local Epoch : 4/5 |  Train_Loss: 0.258 | Train_Acc: 90.430
| Global Round : 15/30 | Client id:0 | Local Epoch : 5/5 |  Train_Loss: 0.264 | Train_Acc: 90.202
| Client id:1 | Test_Loss: 0.679 | Test_Acc: 75.788
| Global Round : 15/30 | Client id:1 | Local Epoch : 1/5 |  Train_Loss: 0.520 | Train_Acc: 81.525
| Global Round : 15/30 | Client id:1 | Local Epoch : 2/5 |  Train_Loss: 0.528 | Train_Acc: 81.021
| Global Round : 15/30 | Client id:1 | Local Epoch : 3/5 |  Train_Loss: 0.517 | Train_Acc: 81.315
| Global Round : 15/30 | Client id:1 | Local Epoch : 4/5 |  Train_Loss: 0.512 | Train_Acc: 81.333
| Global Round : 15/30 | Client id:1 | Local Epoch : 5/5 |  Train_Loss: 0.510 | Train_Acc: 81.423
| Client id:2 | Test_Loss: 0.654 | Test_Acc: 75.345
| Global Round : 15/30 | Client id:2 | Local Epoch : 1/5 |  Train_Loss: 0.512 | Train_Acc: 81.341
| Global Round : 15/30 | Client id:2 | Local Epoch : 2/5 |  Train_Loss: 0.514 | Train_Acc: 81.407
| Global Round : 15/30 | Client id:2 | Local Epoch : 3/5 |  Train_Loss: 0.520 | Train_Acc: 81.180
| Global Round : 15/30 | Client id:2 | Local Epoch : 4/5 |  Train_Loss: 0.510 | Train_Acc: 81.689
| Global Round : 15/30 | Client id:2 | Local Epoch : 5/5 |  Train_Loss: 0.511 | Train_Acc: 81.551
aggregating weights...
lambda: tensor([0.4348, 0.2844, 0.2808])
| Client id:0 | Test_Loss: 1.377 | Test_Acc: 47.525
| Global Round : 16/30 | Client id:0 | Local Epoch : 1/5 |  Train_Loss: 0.276 | Train_Acc: 89.554
| Global Round : 16/30 | Client id:0 | Local Epoch : 2/5 |  Train_Loss: 0.267 | Train_Acc: 89.944
| Global Round : 16/30 | Client id:0 | Local Epoch : 3/5 |  Train_Loss: 0.273 | Train_Acc: 89.530
| Global Round : 16/30 | Client id:0 | Local Epoch : 4/5 |  Train_Loss: 0.263 | Train_Acc: 89.902
| Global Round : 16/30 | Client id:0 | Local Epoch : 5/5 |  Train_Loss: 0.260 | Train_Acc: 90.418
| Client id:1 | Test_Loss: 0.723 | Test_Acc: 74.677
| Global Round : 16/30 | Client id:1 | Local Epoch : 1/5 |  Train_Loss: 0.519 | Train_Acc: 81.165
| Global Round : 16/30 | Client id:1 | Local Epoch : 2/5 |  Train_Loss: 0.517 | Train_Acc: 81.453
| Global Round : 16/30 | Client id:1 | Local Epoch : 3/5 |  Train_Loss: 0.518 | Train_Acc: 81.033
| Global Round : 16/30 | Client id:1 | Local Epoch : 4/5 |  Train_Loss: 0.512 | Train_Acc: 81.345
| Global Round : 16/30 | Client id:1 | Local Epoch : 5/5 |  Train_Loss: 0.508 | Train_Acc: 81.441
| Client id:2 | Test_Loss: 0.707 | Test_Acc: 74.415
| Global Round : 16/30 | Client id:2 | Local Epoch : 1/5 |  Train_Loss: 0.522 | Train_Acc: 80.934
| Global Round : 16/30 | Client id:2 | Local Epoch : 2/5 |  Train_Loss: 0.523 | Train_Acc: 81.138
| Global Round : 16/30 | Client id:2 | Local Epoch : 3/5 |  Train_Loss: 0.513 | Train_Acc: 81.234
| Global Round : 16/30 | Client id:2 | Local Epoch : 4/5 |  Train_Loss: 0.507 | Train_Acc: 81.575
| Global Round : 16/30 | Client id:2 | Local Epoch : 5/5 |  Train_Loss: 0.505 | Train_Acc: 81.701
aggregating weights...
lambda: tensor([0.4392, 0.2823, 0.2785])
| Client id:0 | Test_Loss: 1.209 | Test_Acc: 56.016
| Global Round : 17/30 | Client id:0 | Local Epoch : 1/5 |  Train_Loss: 0.281 | Train_Acc: 89.314
| Global Round : 17/30 | Client id:0 | Local Epoch : 2/5 |  Train_Loss: 0.268 | Train_Acc: 89.842
| Global Round : 17/30 | Client id:0 | Local Epoch : 3/5 |  Train_Loss: 0.268 | Train_Acc: 89.950
| Global Round : 17/30 | Client id:0 | Local Epoch : 4/5 |  Train_Loss: 0.255 | Train_Acc: 90.262
| Global Round : 17/30 | Client id:0 | Local Epoch : 5/5 |  Train_Loss: 0.258 | Train_Acc: 90.406
| Client id:1 | Test_Loss: 0.717 | Test_Acc: 75.278
| Global Round : 17/30 | Client id:1 | Local Epoch : 1/5 |  Train_Loss: 0.513 | Train_Acc: 81.381
| Global Round : 17/30 | Client id:1 | Local Epoch : 2/5 |  Train_Loss: 0.514 | Train_Acc: 81.261
| Global Round : 17/30 | Client id:1 | Local Epoch : 3/5 |  Train_Loss: 0.513 | Train_Acc: 81.417
| Global Round : 17/30 | Client id:1 | Local Epoch : 4/5 |  Train_Loss: 0.514 | Train_Acc: 81.201
| Global Round : 17/30 | Client id:1 | Local Epoch : 5/5 |  Train_Loss: 0.499 | Train_Acc: 82.095
| Client id:2 | Test_Loss: 0.706 | Test_Acc: 75.705
| Global Round : 17/30 | Client id:2 | Local Epoch : 1/5 |  Train_Loss: 0.507 | Train_Acc: 81.563
| Global Round : 17/30 | Client id:2 | Local Epoch : 2/5 |  Train_Loss: 0.506 | Train_Acc: 81.641
| Global Round : 17/30 | Client id:2 | Local Epoch : 3/5 |  Train_Loss: 0.514 | Train_Acc: 81.479
| Global Round : 17/30 | Client id:2 | Local Epoch : 4/5 |  Train_Loss: 0.508 | Train_Acc: 81.695
| Global Round : 17/30 | Client id:2 | Local Epoch : 5/5 |  Train_Loss: 0.504 | Train_Acc: 81.635
aggregating weights...
lambda: tensor([0.4425, 0.2807, 0.2768])
| Client id:0 | Test_Loss: 1.071 | Test_Acc: 60.396
| Global Round : 18/30 | Client id:0 | Local Epoch : 1/5 |  Train_Loss: 0.269 | Train_Acc: 89.746
| Global Round : 18/30 | Client id:0 | Local Epoch : 2/5 |  Train_Loss: 0.259 | Train_Acc: 89.968
| Global Round : 18/30 | Client id:0 | Local Epoch : 3/5 |  Train_Loss: 0.262 | Train_Acc: 90.058
| Global Round : 18/30 | Client id:0 | Local Epoch : 4/5 |  Train_Loss: 0.254 | Train_Acc: 90.412
| Global Round : 18/30 | Client id:0 | Local Epoch : 5/5 |  Train_Loss: 0.252 | Train_Acc: 90.694
| Client id:1 | Test_Loss: 0.799 | Test_Acc: 70.777
| Global Round : 18/30 | Client id:1 | Local Epoch : 1/5 |  Train_Loss: 0.506 | Train_Acc: 81.783
| Global Round : 18/30 | Client id:1 | Local Epoch : 2/5 |  Train_Loss: 0.511 | Train_Acc: 81.627
| Global Round : 18/30 | Client id:1 | Local Epoch : 3/5 |  Train_Loss: 0.512 | Train_Acc: 81.321
| Global Round : 18/30 | Client id:1 | Local Epoch : 4/5 |  Train_Loss: 0.509 | Train_Acc: 81.537
| Global Round : 18/30 | Client id:1 | Local Epoch : 5/5 |  Train_Loss: 0.501 | Train_Acc: 81.999
| Client id:2 | Test_Loss: 0.784 | Test_Acc: 72.016
| Global Round : 18/30 | Client id:2 | Local Epoch : 1/5 |  Train_Loss: 0.505 | Train_Acc: 82.031
| Global Round : 18/30 | Client id:2 | Local Epoch : 2/5 |  Train_Loss: 0.510 | Train_Acc: 81.863
| Global Round : 18/30 | Client id:2 | Local Epoch : 3/5 |  Train_Loss: 0.510 | Train_Acc: 81.389
| Global Round : 18/30 | Client id:2 | Local Epoch : 4/5 |  Train_Loss: 0.505 | Train_Acc: 81.779
| Global Round : 18/30 | Client id:2 | Local Epoch : 5/5 |  Train_Loss: 0.496 | Train_Acc: 82.073
aggregating weights...
lambda: tensor([0.4444, 0.2798, 0.2758])
| Client id:0 | Test_Loss: 1.215 | Test_Acc: 53.705
| Global Round : 19/30 | Client id:0 | Local Epoch : 1/5 |  Train_Loss: 0.268 | Train_Acc: 89.854
| Global Round : 19/30 | Client id:0 | Local Epoch : 2/5 |  Train_Loss: 0.265 | Train_Acc: 90.220
| Global Round : 19/30 | Client id:0 | Local Epoch : 3/5 |  Train_Loss: 0.251 | Train_Acc: 90.364
| Global Round : 19/30 | Client id:0 | Local Epoch : 4/5 |  Train_Loss: 0.247 | Train_Acc: 90.616
| Global Round : 19/30 | Client id:0 | Local Epoch : 5/5 |  Train_Loss: 0.241 | Train_Acc: 90.982
| Client id:1 | Test_Loss: 0.704 | Test_Acc: 74.617
| Global Round : 19/30 | Client id:1 | Local Epoch : 1/5 |  Train_Loss: 0.501 | Train_Acc: 81.831
| Global Round : 19/30 | Client id:1 | Local Epoch : 2/5 |  Train_Loss: 0.509 | Train_Acc: 81.747
| Global Round : 19/30 | Client id:1 | Local Epoch : 3/5 |  Train_Loss: 0.508 | Train_Acc: 81.405
| Global Round : 19/30 | Client id:1 | Local Epoch : 4/5 |  Train_Loss: 0.503 | Train_Acc: 81.405
| Global Round : 19/30 | Client id:1 | Local Epoch : 5/5 |  Train_Loss: 0.499 | Train_Acc: 81.807
| Client id:2 | Test_Loss: 0.701 | Test_Acc: 75.495
| Global Round : 19/30 | Client id:2 | Local Epoch : 1/5 |  Train_Loss: 0.499 | Train_Acc: 82.091
| Global Round : 19/30 | Client id:2 | Local Epoch : 2/5 |  Train_Loss: 0.509 | Train_Acc: 81.485
| Global Round : 19/30 | Client id:2 | Local Epoch : 3/5 |  Train_Loss: 0.503 | Train_Acc: 81.659
| Global Round : 19/30 | Client id:2 | Local Epoch : 4/5 |  Train_Loss: 0.484 | Train_Acc: 82.295
| Global Round : 19/30 | Client id:2 | Local Epoch : 5/5 |  Train_Loss: 0.500 | Train_Acc: 82.127
aggregating weights...
lambda: tensor([0.4478, 0.2781, 0.2741])
| Client id:0 | Test_Loss: 1.124 | Test_Acc: 59.076
| Global Round : 20/30 | Client id:0 | Local Epoch : 1/5 |  Train_Loss: 0.270 | Train_Acc: 89.932
| Global Round : 20/30 | Client id:0 | Local Epoch : 2/5 |  Train_Loss: 0.258 | Train_Acc: 90.496
| Global Round : 20/30 | Client id:0 | Local Epoch : 3/5 |  Train_Loss: 0.254 | Train_Acc: 90.448
| Global Round : 20/30 | Client id:0 | Local Epoch : 4/5 |  Train_Loss: 0.256 | Train_Acc: 90.268
| Global Round : 20/30 | Client id:0 | Local Epoch : 5/5 |  Train_Loss: 0.248 | Train_Acc: 90.574
| Client id:1 | Test_Loss: 0.754 | Test_Acc: 73.357
| Global Round : 20/30 | Client id:1 | Local Epoch : 1/5 |  Train_Loss: 0.502 | Train_Acc: 81.975
| Global Round : 20/30 | Client id:1 | Local Epoch : 2/5 |  Train_Loss: 0.501 | Train_Acc: 82.023
| Global Round : 20/30 | Client id:1 | Local Epoch : 3/5 |  Train_Loss: 0.485 | Train_Acc: 82.545
| Global Round : 20/30 | Client id:1 | Local Epoch : 4/5 |  Train_Loss: 0.500 | Train_Acc: 82.119
| Global Round : 20/30 | Client id:1 | Local Epoch : 5/5 |  Train_Loss: 0.492 | Train_Acc: 81.981
| Client id:2 | Test_Loss: 0.715 | Test_Acc: 73.935
| Global Round : 20/30 | Client id:2 | Local Epoch : 1/5 |  Train_Loss: 0.499 | Train_Acc: 82.115
| Global Round : 20/30 | Client id:2 | Local Epoch : 2/5 |  Train_Loss: 0.504 | Train_Acc: 81.893
| Global Round : 20/30 | Client id:2 | Local Epoch : 3/5 |  Train_Loss: 0.492 | Train_Acc: 82.211
| Global Round : 20/30 | Client id:2 | Local Epoch : 4/5 |  Train_Loss: 0.497 | Train_Acc: 81.959
| Global Round : 20/30 | Client id:2 | Local Epoch : 5/5 |  Train_Loss: 0.487 | Train_Acc: 82.301
aggregating weights...
lambda: tensor([0.4504, 0.2770, 0.2726])
| Client id:0 | Test_Loss: 1.150 | Test_Acc: 55.476
| Global Round : 21/30 | Client id:0 | Local Epoch : 1/5 |  Train_Loss: 0.265 | Train_Acc: 89.794
| Global Round : 21/30 | Client id:0 | Local Epoch : 2/5 |  Train_Loss: 0.250 | Train_Acc: 90.622
| Global Round : 21/30 | Client id:0 | Local Epoch : 3/5 |  Train_Loss: 0.248 | Train_Acc: 90.700
| Global Round : 21/30 | Client id:0 | Local Epoch : 4/5 |  Train_Loss: 0.246 | Train_Acc: 90.694
| Global Round : 21/30 | Client id:0 | Local Epoch : 5/5 |  Train_Loss: 0.246 | Train_Acc: 90.790
| Client id:1 | Test_Loss: 0.754 | Test_Acc: 73.357
| Global Round : 21/30 | Client id:1 | Local Epoch : 1/5 |  Train_Loss: 0.503 | Train_Acc: 81.705
| Global Round : 21/30 | Client id:1 | Local Epoch : 2/5 |  Train_Loss: 0.504 | Train_Acc: 81.399
| Global Round : 21/30 | Client id:1 | Local Epoch : 3/5 |  Train_Loss: 0.499 | Train_Acc: 81.945
| Global Round : 21/30 | Client id:1 | Local Epoch : 4/5 |  Train_Loss: 0.494 | Train_Acc: 81.849
| Global Round : 21/30 | Client id:1 | Local Epoch : 5/5 |  Train_Loss: 0.491 | Train_Acc: 82.269
| Client id:2 | Test_Loss: 0.734 | Test_Acc: 73.875
| Global Round : 21/30 | Client id:2 | Local Epoch : 1/5 |  Train_Loss: 0.489 | Train_Acc: 82.229
| Global Round : 21/30 | Client id:2 | Local Epoch : 2/5 |  Train_Loss: 0.496 | Train_Acc: 82.103
| Global Round : 21/30 | Client id:2 | Local Epoch : 3/5 |  Train_Loss: 0.494 | Train_Acc: 82.031
| Global Round : 21/30 | Client id:2 | Local Epoch : 4/5 |  Train_Loss: 0.497 | Train_Acc: 82.295
| Global Round : 21/30 | Client id:2 | Local Epoch : 5/5 |  Train_Loss: 0.476 | Train_Acc: 83.021
aggregating weights...
lambda: tensor([0.4531, 0.2757, 0.2711])
| Client id:0 | Test_Loss: 1.237 | Test_Acc: 53.045
| Global Round : 22/30 | Client id:0 | Local Epoch : 1/5 |  Train_Loss: 0.265 | Train_Acc: 89.974
| Global Round : 22/30 | Client id:0 | Local Epoch : 2/5 |  Train_Loss: 0.247 | Train_Acc: 90.892
| Global Round : 22/30 | Client id:0 | Local Epoch : 3/5 |  Train_Loss: 0.249 | Train_Acc: 90.568
| Global Round : 22/30 | Client id:0 | Local Epoch : 4/5 |  Train_Loss: 0.245 | Train_Acc: 90.850
| Global Round : 22/30 | Client id:0 | Local Epoch : 5/5 |  Train_Loss: 0.242 | Train_Acc: 90.952
| Client id:1 | Test_Loss: 0.688 | Test_Acc: 76.418
| Global Round : 22/30 | Client id:1 | Local Epoch : 1/5 |  Train_Loss: 0.492 | Train_Acc: 82.701
| Global Round : 22/30 | Client id:1 | Local Epoch : 2/5 |  Train_Loss: 0.501 | Train_Acc: 81.783
| Global Round : 22/30 | Client id:1 | Local Epoch : 3/5 |  Train_Loss: 0.489 | Train_Acc: 82.215
| Global Round : 22/30 | Client id:1 | Local Epoch : 4/5 |  Train_Loss: 0.497 | Train_Acc: 82.125
| Global Round : 22/30 | Client id:1 | Local Epoch : 5/5 |  Train_Loss: 0.488 | Train_Acc: 82.281
| Client id:2 | Test_Loss: 0.653 | Test_Acc: 76.785
| Global Round : 22/30 | Client id:2 | Local Epoch : 1/5 |  Train_Loss: 0.493 | Train_Acc: 82.409
| Global Round : 22/30 | Client id:2 | Local Epoch : 2/5 |  Train_Loss: 0.490 | Train_Acc: 82.415
| Global Round : 22/30 | Client id:2 | Local Epoch : 3/5 |  Train_Loss: 0.488 | Train_Acc: 82.025
| Global Round : 22/30 | Client id:2 | Local Epoch : 4/5 |  Train_Loss: 0.486 | Train_Acc: 82.631
| Global Round : 22/30 | Client id:2 | Local Epoch : 5/5 |  Train_Loss: 0.473 | Train_Acc: 83.165
aggregating weights...
lambda: tensor([0.4569, 0.2740, 0.2691])
| Client id:0 | Test_Loss: 1.105 | Test_Acc: 59.376
| Global Round : 23/30 | Client id:0 | Local Epoch : 1/5 |  Train_Loss: 0.255 | Train_Acc: 90.376
| Global Round : 23/30 | Client id:0 | Local Epoch : 2/5 |  Train_Loss: 0.253 | Train_Acc: 90.490
| Global Round : 23/30 | Client id:0 | Local Epoch : 3/5 |  Train_Loss: 0.247 | Train_Acc: 90.904
| Global Round : 23/30 | Client id:0 | Local Epoch : 4/5 |  Train_Loss: 0.245 | Train_Acc: 90.586
| Global Round : 23/30 | Client id:0 | Local Epoch : 5/5 |  Train_Loss: 0.245 | Train_Acc: 90.580
| Client id:1 | Test_Loss: 0.707 | Test_Acc: 73.927
| Global Round : 23/30 | Client id:1 | Local Epoch : 1/5 |  Train_Loss: 0.497 | Train_Acc: 81.975
| Global Round : 23/30 | Client id:1 | Local Epoch : 2/5 |  Train_Loss: 0.492 | Train_Acc: 82.149
| Global Round : 23/30 | Client id:1 | Local Epoch : 3/5 |  Train_Loss: 0.498 | Train_Acc: 81.747
| Global Round : 23/30 | Client id:1 | Local Epoch : 4/5 |  Train_Loss: 0.495 | Train_Acc: 82.215
| Global Round : 23/30 | Client id:1 | Local Epoch : 5/5 |  Train_Loss: 0.479 | Train_Acc: 82.779
| Client id:2 | Test_Loss: 0.686 | Test_Acc: 74.685
| Global Round : 23/30 | Client id:2 | Local Epoch : 1/5 |  Train_Loss: 0.497 | Train_Acc: 82.073
| Global Round : 23/30 | Client id:2 | Local Epoch : 2/5 |  Train_Loss: 0.488 | Train_Acc: 82.145
| Global Round : 23/30 | Client id:2 | Local Epoch : 3/5 |  Train_Loss: 0.489 | Train_Acc: 82.595
| Global Round : 23/30 | Client id:2 | Local Epoch : 4/5 |  Train_Loss: 0.481 | Train_Acc: 82.517
| Global Round : 23/30 | Client id:2 | Local Epoch : 5/5 |  Train_Loss: 0.480 | Train_Acc: 82.367
aggregating weights...
lambda: tensor([0.4596, 0.2728, 0.2676])
| Client id:0 | Test_Loss: 1.169 | Test_Acc: 57.546
| Global Round : 24/30 | Client id:0 | Local Epoch : 1/5 |  Train_Loss: 0.248 | Train_Acc: 90.538
| Global Round : 24/30 | Client id:0 | Local Epoch : 2/5 |  Train_Loss: 0.243 | Train_Acc: 90.934
| Global Round : 24/30 | Client id:0 | Local Epoch : 3/5 |  Train_Loss: 0.235 | Train_Acc: 91.174
| Global Round : 24/30 | Client id:0 | Local Epoch : 4/5 |  Train_Loss: 0.243 | Train_Acc: 90.874
| Global Round : 24/30 | Client id:0 | Local Epoch : 5/5 |  Train_Loss: 0.235 | Train_Acc: 91.222
| Client id:1 | Test_Loss: 0.762 | Test_Acc: 72.397
| Global Round : 24/30 | Client id:1 | Local Epoch : 1/5 |  Train_Loss: 0.487 | Train_Acc: 82.551
| Global Round : 24/30 | Client id:1 | Local Epoch : 2/5 |  Train_Loss: 0.497 | Train_Acc: 81.771
| Global Round : 24/30 | Client id:1 | Local Epoch : 3/5 |  Train_Loss: 0.491 | Train_Acc: 82.215
| Global Round : 24/30 | Client id:1 | Local Epoch : 4/5 |  Train_Loss: 0.485 | Train_Acc: 82.503
| Global Round : 24/30 | Client id:1 | Local Epoch : 5/5 |  Train_Loss: 0.479 | Train_Acc: 82.941
| Client id:2 | Test_Loss: 0.734 | Test_Acc: 73.155
| Global Round : 24/30 | Client id:2 | Local Epoch : 1/5 |  Train_Loss: 0.490 | Train_Acc: 82.307
| Global Round : 24/30 | Client id:2 | Local Epoch : 2/5 |  Train_Loss: 0.494 | Train_Acc: 82.013
| Global Round : 24/30 | Client id:2 | Local Epoch : 3/5 |  Train_Loss: 0.491 | Train_Acc: 82.097
| Global Round : 24/30 | Client id:2 | Local Epoch : 4/5 |  Train_Loss: 0.479 | Train_Acc: 82.697
| Global Round : 24/30 | Client id:2 | Local Epoch : 5/5 |  Train_Loss: 0.479 | Train_Acc: 82.403
aggregating weights...
lambda: tensor([0.4624, 0.2715, 0.2661])
| Client id:0 | Test_Loss: 1.182 | Test_Acc: 56.436
| Global Round : 25/30 | Client id:0 | Local Epoch : 1/5 |  Train_Loss: 0.253 | Train_Acc: 90.544
| Global Round : 25/30 | Client id:0 | Local Epoch : 2/5 |  Train_Loss: 0.241 | Train_Acc: 90.814
| Global Round : 25/30 | Client id:0 | Local Epoch : 3/5 |  Train_Loss: 0.237 | Train_Acc: 91.300
| Global Round : 25/30 | Client id:0 | Local Epoch : 4/5 |  Train_Loss: 0.247 | Train_Acc: 90.604
| Global Round : 25/30 | Client id:0 | Local Epoch : 5/5 |  Train_Loss: 0.235 | Train_Acc: 91.132
| Client id:1 | Test_Loss: 0.708 | Test_Acc: 74.467
| Global Round : 25/30 | Client id:1 | Local Epoch : 1/5 |  Train_Loss: 0.493 | Train_Acc: 82.263
| Global Round : 25/30 | Client id:1 | Local Epoch : 2/5 |  Train_Loss: 0.496 | Train_Acc: 82.083
| Global Round : 25/30 | Client id:1 | Local Epoch : 3/5 |  Train_Loss: 0.486 | Train_Acc: 82.713
| Global Round : 25/30 | Client id:1 | Local Epoch : 4/5 |  Train_Loss: 0.483 | Train_Acc: 82.557
| Global Round : 25/30 | Client id:1 | Local Epoch : 5/5 |  Train_Loss: 0.474 | Train_Acc: 82.791
| Client id:2 | Test_Loss: 0.669 | Test_Acc: 76.035
| Global Round : 25/30 | Client id:2 | Local Epoch : 1/5 |  Train_Loss: 0.492 | Train_Acc: 82.277
| Global Round : 25/30 | Client id:2 | Local Epoch : 2/5 |  Train_Loss: 0.487 | Train_Acc: 81.929
| Global Round : 25/30 | Client id:2 | Local Epoch : 3/5 |  Train_Loss: 0.481 | Train_Acc: 82.445
| Global Round : 25/30 | Client id:2 | Local Epoch : 4/5 |  Train_Loss: 0.478 | Train_Acc: 82.793
| Global Round : 25/30 | Client id:2 | Local Epoch : 5/5 |  Train_Loss: 0.473 | Train_Acc: 82.601
aggregating weights...
lambda: tensor([0.4657, 0.2701, 0.2642])
| Client id:0 | Test_Loss: 1.132 | Test_Acc: 57.966
| Global Round : 26/30 | Client id:0 | Local Epoch : 1/5 |  Train_Loss: 0.242 | Train_Acc: 91.006
| Global Round : 26/30 | Client id:0 | Local Epoch : 2/5 |  Train_Loss: 0.243 | Train_Acc: 90.868
| Global Round : 26/30 | Client id:0 | Local Epoch : 3/5 |  Train_Loss: 0.239 | Train_Acc: 90.652
| Global Round : 26/30 | Client id:0 | Local Epoch : 4/5 |  Train_Loss: 0.235 | Train_Acc: 91.120
| Global Round : 26/30 | Client id:0 | Local Epoch : 5/5 |  Train_Loss: 0.228 | Train_Acc: 91.516
| Client id:1 | Test_Loss: 0.753 | Test_Acc: 72.577
| Global Round : 26/30 | Client id:1 | Local Epoch : 1/5 |  Train_Loss: 0.488 | Train_Acc: 82.359
| Global Round : 26/30 | Client id:1 | Local Epoch : 2/5 |  Train_Loss: 0.491 | Train_Acc: 82.263
| Global Round : 26/30 | Client id:1 | Local Epoch : 3/5 |  Train_Loss: 0.486 | Train_Acc: 82.683
| Global Round : 26/30 | Client id:1 | Local Epoch : 4/5 |  Train_Loss: 0.482 | Train_Acc: 82.707
| Global Round : 26/30 | Client id:1 | Local Epoch : 5/5 |  Train_Loss: 0.483 | Train_Acc: 82.719
| Client id:2 | Test_Loss: 0.707 | Test_Acc: 74.355
| Global Round : 26/30 | Client id:2 | Local Epoch : 1/5 |  Train_Loss: 0.480 | Train_Acc: 82.559
| Global Round : 26/30 | Client id:2 | Local Epoch : 2/5 |  Train_Loss: 0.490 | Train_Acc: 82.421
| Global Round : 26/30 | Client id:2 | Local Epoch : 3/5 |  Train_Loss: 0.485 | Train_Acc: 82.403
| Global Round : 26/30 | Client id:2 | Local Epoch : 4/5 |  Train_Loss: 0.487 | Train_Acc: 82.175
| Global Round : 26/30 | Client id:2 | Local Epoch : 5/5 |  Train_Loss: 0.489 | Train_Acc: 82.433
aggregating weights...
lambda: tensor([0.4684, 0.2689, 0.2626])
| Client id:0 | Test_Loss: 1.037 | Test_Acc: 62.706
| Global Round : 27/30 | Client id:0 | Local Epoch : 1/5 |  Train_Loss: 0.244 | Train_Acc: 90.700
| Global Round : 27/30 | Client id:0 | Local Epoch : 2/5 |  Train_Loss: 0.239 | Train_Acc: 90.838
| Global Round : 27/30 | Client id:0 | Local Epoch : 3/5 |  Train_Loss: 0.242 | Train_Acc: 90.928
| Global Round : 27/30 | Client id:0 | Local Epoch : 4/5 |  Train_Loss: 0.235 | Train_Acc: 91.252
| Global Round : 27/30 | Client id:0 | Local Epoch : 5/5 |  Train_Loss: 0.238 | Train_Acc: 91.252
| Client id:1 | Test_Loss: 0.776 | Test_Acc: 71.347
| Global Round : 27/30 | Client id:1 | Local Epoch : 1/5 |  Train_Loss: 0.485 | Train_Acc: 82.575
| Global Round : 27/30 | Client id:1 | Local Epoch : 2/5 |  Train_Loss: 0.490 | Train_Acc: 82.215
| Global Round : 27/30 | Client id:1 | Local Epoch : 3/5 |  Train_Loss: 0.484 | Train_Acc: 82.701
| Global Round : 27/30 | Client id:1 | Local Epoch : 4/5 |  Train_Loss: 0.491 | Train_Acc: 82.389
| Global Round : 27/30 | Client id:1 | Local Epoch : 5/5 |  Train_Loss: 0.477 | Train_Acc: 82.779
| Client id:2 | Test_Loss: 0.740 | Test_Acc: 72.226
| Global Round : 27/30 | Client id:2 | Local Epoch : 1/5 |  Train_Loss: 0.486 | Train_Acc: 82.415
| Global Round : 27/30 | Client id:2 | Local Epoch : 2/5 |  Train_Loss: 0.485 | Train_Acc: 82.481
| Global Round : 27/30 | Client id:2 | Local Epoch : 3/5 |  Train_Loss: 0.480 | Train_Acc: 82.625
| Global Round : 27/30 | Client id:2 | Local Epoch : 4/5 |  Train_Loss: 0.476 | Train_Acc: 82.427
| Global Round : 27/30 | Client id:2 | Local Epoch : 5/5 |  Train_Loss: 0.481 | Train_Acc: 82.475
aggregating weights...
lambda: tensor([0.4703, 0.2682, 0.2615])
| Client id:0 | Test_Loss: 1.059 | Test_Acc: 61.086
| Global Round : 28/30 | Client id:0 | Local Epoch : 1/5 |  Train_Loss: 0.237 | Train_Acc: 91.084
| Global Round : 28/30 | Client id:0 | Local Epoch : 2/5 |  Train_Loss: 0.228 | Train_Acc: 91.072
| Global Round : 28/30 | Client id:0 | Local Epoch : 3/5 |  Train_Loss: 0.229 | Train_Acc: 91.390
| Global Round : 28/30 | Client id:0 | Local Epoch : 4/5 |  Train_Loss: 0.232 | Train_Acc: 91.426
| Global Round : 28/30 | Client id:0 | Local Epoch : 5/5 |  Train_Loss: 0.230 | Train_Acc: 91.354
| Client id:1 | Test_Loss: 0.708 | Test_Acc: 75.938
| Global Round : 28/30 | Client id:1 | Local Epoch : 1/5 |  Train_Loss: 0.484 | Train_Acc: 82.371
| Global Round : 28/30 | Client id:1 | Local Epoch : 2/5 |  Train_Loss: 0.479 | Train_Acc: 82.701
| Global Round : 28/30 | Client id:1 | Local Epoch : 3/5 |  Train_Loss: 0.481 | Train_Acc: 82.827
| Global Round : 28/30 | Client id:1 | Local Epoch : 4/5 |  Train_Loss: 0.482 | Train_Acc: 82.809
| Global Round : 28/30 | Client id:1 | Local Epoch : 5/5 |  Train_Loss: 0.472 | Train_Acc: 82.815
| Client id:2 | Test_Loss: 0.683 | Test_Acc: 75.735
| Global Round : 28/30 | Client id:2 | Local Epoch : 1/5 |  Train_Loss: 0.488 | Train_Acc: 82.259
| Global Round : 28/30 | Client id:2 | Local Epoch : 2/5 |  Train_Loss: 0.481 | Train_Acc: 82.607
| Global Round : 28/30 | Client id:2 | Local Epoch : 3/5 |  Train_Loss: 0.480 | Train_Acc: 82.883
| Global Round : 28/30 | Client id:2 | Local Epoch : 4/5 |  Train_Loss: 0.480 | Train_Acc: 82.427
| Global Round : 28/30 | Client id:2 | Local Epoch : 5/5 |  Train_Loss: 0.473 | Train_Acc: 82.841
aggregating weights...
lambda: tensor([0.4727, 0.2671, 0.2602])
| Client id:0 | Test_Loss: 1.121 | Test_Acc: 58.116
| Global Round : 29/30 | Client id:0 | Local Epoch : 1/5 |  Train_Loss: 0.232 | Train_Acc: 91.228
| Global Round : 29/30 | Client id:0 | Local Epoch : 2/5 |  Train_Loss: 0.243 | Train_Acc: 90.982
| Global Round : 29/30 | Client id:0 | Local Epoch : 3/5 |  Train_Loss: 0.237 | Train_Acc: 91.270
| Global Round : 29/30 | Client id:0 | Local Epoch : 4/5 |  Train_Loss: 0.232 | Train_Acc: 91.450
| Global Round : 29/30 | Client id:0 | Local Epoch : 5/5 |  Train_Loss: 0.231 | Train_Acc: 91.228
| Client id:1 | Test_Loss: 0.730 | Test_Acc: 73.957
| Global Round : 29/30 | Client id:1 | Local Epoch : 1/5 |  Train_Loss: 0.482 | Train_Acc: 82.725
| Global Round : 29/30 | Client id:1 | Local Epoch : 2/5 |  Train_Loss: 0.481 | Train_Acc: 82.401
| Global Round : 29/30 | Client id:1 | Local Epoch : 3/5 |  Train_Loss: 0.484 | Train_Acc: 82.443
| Global Round : 29/30 | Client id:1 | Local Epoch : 4/5 |  Train_Loss: 0.469 | Train_Acc: 83.055
| Global Round : 29/30 | Client id:1 | Local Epoch : 5/5 |  Train_Loss: 0.466 | Train_Acc: 83.013
| Client id:2 | Test_Loss: 0.715 | Test_Acc: 73.455
| Global Round : 29/30 | Client id:2 | Local Epoch : 1/5 |  Train_Loss: 0.485 | Train_Acc: 82.679
| Global Round : 29/30 | Client id:2 | Local Epoch : 2/5 |  Train_Loss: 0.480 | Train_Acc: 82.415
| Global Round : 29/30 | Client id:2 | Local Epoch : 3/5 |  Train_Loss: 0.476 | Train_Acc: 82.835
| Global Round : 29/30 | Client id:2 | Local Epoch : 4/5 |  Train_Loss: 0.478 | Train_Acc: 82.889
| Global Round : 29/30 | Client id:2 | Local Epoch : 5/5 |  Train_Loss: 0.472 | Train_Acc: 82.847
aggregating weights...
lambda: tensor([0.4753, 0.2659, 0.2588])
| Client id:0 | Test_Loss: 1.036 | Test_Acc: 62.526
| Global Round : 30/30 | Client id:0 | Local Epoch : 1/5 |  Train_Loss: 0.240 | Train_Acc: 91.090
| Global Round : 30/30 | Client id:0 | Local Epoch : 2/5 |  Train_Loss: 0.232 | Train_Acc: 91.582
| Global Round : 30/30 | Client id:0 | Local Epoch : 3/5 |  Train_Loss: 0.228 | Train_Acc: 91.222
| Global Round : 30/30 | Client id:0 | Local Epoch : 4/5 |  Train_Loss: 0.226 | Train_Acc: 91.516
| Global Round : 30/30 | Client id:0 | Local Epoch : 5/5 |  Train_Loss: 0.225 | Train_Acc: 91.396
| Client id:1 | Test_Loss: 0.773 | Test_Acc: 71.527
| Global Round : 30/30 | Client id:1 | Local Epoch : 1/5 |  Train_Loss: 0.484 | Train_Acc: 82.665
| Global Round : 30/30 | Client id:1 | Local Epoch : 2/5 |  Train_Loss: 0.485 | Train_Acc: 82.239
| Global Round : 30/30 | Client id:1 | Local Epoch : 3/5 |  Train_Loss: 0.483 | Train_Acc: 82.569
| Global Round : 30/30 | Client id:1 | Local Epoch : 4/5 |  Train_Loss: 0.480 | Train_Acc: 83.031
| Global Round : 30/30 | Client id:1 | Local Epoch : 5/5 |  Train_Loss: 0.469 | Train_Acc: 83.301
| Client id:2 | Test_Loss: 0.755 | Test_Acc: 71.746
| Global Round : 30/30 | Client id:2 | Local Epoch : 1/5 |  Train_Loss: 0.481 | Train_Acc: 82.649
| Global Round : 30/30 | Client id:2 | Local Epoch : 2/5 |  Train_Loss: 0.477 | Train_Acc: 82.943
| Global Round : 30/30 | Client id:2 | Local Epoch : 3/5 |  Train_Loss: 0.476 | Train_Acc: 83.069
| Global Round : 30/30 | Client id:2 | Local Epoch : 4/5 |  Train_Loss: 0.470 | Train_Acc: 83.009
| Global Round : 30/30 | Client id:2 | Local Epoch : 5/5 |  Train_Loss: 0.470 | Train_Acc: 82.853
aggregating weights...
lambda: tensor([0.4772, 0.2650, 0.2578])

Final Results
| Client id:0 | Test_Loss: 1.022 | Test_Acc: 61.356
| Client id:1 | Test_Loss: 0.747 | Test_Acc: 73.507
| Client id:2 | Test_Loss: 0.726 | Test_Acc: 73.455
