GPU will be used for training

batch_size: 32
data_dist: from_csv
dataset: cifar10
drfa_gamma: 0.05
federated_type: afl
from_csv: iid
global_epochs: 30
local_epochs: 5
lr: 0.01
model: cnn
n_clients: 3
on_cuda: 1
optimizer: sgd
seed: 1
seed_num: 0
Files already downloaded and verified
Files already downloaded and verified
Class distribution of id:0
train [1666, 1666, 1666, 1666, 1666, 1666, 1666, 1666, 1666, 1666]
test [333, 333, 333, 333, 333, 333, 333, 333, 333, 333]
Class distribution of id:1
train [1666, 1666, 1666, 1666, 1666, 1666, 1666, 1666, 1666, 1666]
test [333, 333, 333, 333, 333, 333, 333, 333, 333, 333]
Class distribution of id:2
train [1668, 1668, 1668, 1668, 1668, 1668, 1668, 1668, 1668, 1668]
test [334, 334, 334, 334, 334, 334, 334, 334, 334, 334]
| Client id:0 | Test_Loss: 2.304 | Test_Acc: 10.060
| Global Round : 1/30 | Client id:0 | Local Epoch : 1/5 |  Train_Loss: 1.986 | Train_Acc: 26.218
| Global Round : 1/30 | Client id:0 | Local Epoch : 2/5 |  Train_Loss: 1.666 | Train_Acc: 38.613
| Global Round : 1/30 | Client id:0 | Local Epoch : 3/5 |  Train_Loss: 1.539 | Train_Acc: 44.064
| Global Round : 1/30 | Client id:0 | Local Epoch : 4/5 |  Train_Loss: 1.447 | Train_Acc: 47.353
| Global Round : 1/30 | Client id:0 | Local Epoch : 5/5 |  Train_Loss: 1.385 | Train_Acc: 49.730
| Client id:1 | Test_Loss: 2.304 | Test_Acc: 10.120
| Global Round : 1/30 | Client id:1 | Local Epoch : 1/5 |  Train_Loss: 1.991 | Train_Acc: 26.615
| Global Round : 1/30 | Client id:1 | Local Epoch : 2/5 |  Train_Loss: 1.658 | Train_Acc: 39.472
| Global Round : 1/30 | Client id:1 | Local Epoch : 3/5 |  Train_Loss: 1.542 | Train_Acc: 43.151
| Global Round : 1/30 | Client id:1 | Local Epoch : 4/5 |  Train_Loss: 1.457 | Train_Acc: 47.911
| Global Round : 1/30 | Client id:1 | Local Epoch : 5/5 |  Train_Loss: 1.382 | Train_Acc: 50.252
| Client id:2 | Test_Loss: 2.304 | Test_Acc: 10.090
| Global Round : 1/30 | Client id:2 | Local Epoch : 1/5 |  Train_Loss: 1.984 | Train_Acc: 26.571
| Global Round : 1/30 | Client id:2 | Local Epoch : 2/5 |  Train_Loss: 1.660 | Train_Acc: 39.281
| Global Round : 1/30 | Client id:2 | Local Epoch : 3/5 |  Train_Loss: 1.517 | Train_Acc: 44.748
| Global Round : 1/30 | Client id:2 | Local Epoch : 4/5 |  Train_Loss: 1.432 | Train_Acc: 47.614
| Global Round : 1/30 | Client id:2 | Local Epoch : 5/5 |  Train_Loss: 1.377 | Train_Acc: 49.778
aggregating weights...
lambda: tensor([0.3333, 0.3333, 0.3333])
| Client id:0 | Test_Loss: 1.303 | Test_Acc: 55.706
| Global Round : 2/30 | Client id:0 | Local Epoch : 1/5 |  Train_Loss: 1.362 | Train_Acc: 50.852
| Global Round : 2/30 | Client id:0 | Local Epoch : 2/5 |  Train_Loss: 1.295 | Train_Acc: 53.619
| Global Round : 2/30 | Client id:0 | Local Epoch : 3/5 |  Train_Loss: 1.239 | Train_Acc: 55.456
| Global Round : 2/30 | Client id:0 | Local Epoch : 4/5 |  Train_Loss: 1.185 | Train_Acc: 57.401
| Global Round : 2/30 | Client id:0 | Local Epoch : 5/5 |  Train_Loss: 1.154 | Train_Acc: 58.637
| Client id:1 | Test_Loss: 1.295 | Test_Acc: 56.216
| Global Round : 2/30 | Client id:1 | Local Epoch : 1/5 |  Train_Loss: 1.356 | Train_Acc: 51.152
| Global Round : 2/30 | Client id:1 | Local Epoch : 2/5 |  Train_Loss: 1.295 | Train_Acc: 53.283
| Global Round : 2/30 | Client id:1 | Local Epoch : 3/5 |  Train_Loss: 1.238 | Train_Acc: 55.162
| Global Round : 2/30 | Client id:1 | Local Epoch : 4/5 |  Train_Loss: 1.195 | Train_Acc: 57.245
| Global Round : 2/30 | Client id:1 | Local Epoch : 5/5 |  Train_Loss: 1.153 | Train_Acc: 58.932
| Client id:2 | Test_Loss: 1.290 | Test_Acc: 56.826
| Global Round : 2/30 | Client id:2 | Local Epoch : 1/5 |  Train_Loss: 1.341 | Train_Acc: 51.307
| Global Round : 2/30 | Client id:2 | Local Epoch : 2/5 |  Train_Loss: 1.288 | Train_Acc: 53.519
| Global Round : 2/30 | Client id:2 | Local Epoch : 3/5 |  Train_Loss: 1.218 | Train_Acc: 55.911
| Global Round : 2/30 | Client id:2 | Local Epoch : 4/5 |  Train_Loss: 1.178 | Train_Acc: 57.872
| Global Round : 2/30 | Client id:2 | Local Epoch : 5/5 |  Train_Loss: 1.133 | Train_Acc: 59.065
aggregating weights...
lambda: tensor([0.3337, 0.3333, 0.3330])
| Client id:0 | Test_Loss: 1.011 | Test_Acc: 64.625
| Global Round : 3/30 | Client id:0 | Local Epoch : 1/5 |  Train_Loss: 1.119 | Train_Acc: 60.054
| Global Round : 3/30 | Client id:0 | Local Epoch : 2/5 |  Train_Loss: 1.089 | Train_Acc: 61.086
| Global Round : 3/30 | Client id:0 | Local Epoch : 3/5 |  Train_Loss: 1.052 | Train_Acc: 62.401
| Global Round : 3/30 | Client id:0 | Local Epoch : 4/5 |  Train_Loss: 1.036 | Train_Acc: 63.607
| Global Round : 3/30 | Client id:0 | Local Epoch : 5/5 |  Train_Loss: 1.003 | Train_Acc: 64.400
| Client id:1 | Test_Loss: 0.993 | Test_Acc: 64.865
| Global Round : 3/30 | Client id:1 | Local Epoch : 1/5 |  Train_Loss: 1.110 | Train_Acc: 60.414
| Global Round : 3/30 | Client id:1 | Local Epoch : 2/5 |  Train_Loss: 1.087 | Train_Acc: 61.369
| Global Round : 3/30 | Client id:1 | Local Epoch : 3/5 |  Train_Loss: 1.060 | Train_Acc: 62.233
| Global Round : 3/30 | Client id:1 | Local Epoch : 4/5 |  Train_Loss: 1.031 | Train_Acc: 63.745
| Global Round : 3/30 | Client id:1 | Local Epoch : 5/5 |  Train_Loss: 1.004 | Train_Acc: 64.388
| Client id:2 | Test_Loss: 0.982 | Test_Acc: 65.539
| Global Round : 3/30 | Client id:2 | Local Epoch : 1/5 |  Train_Loss: 1.096 | Train_Acc: 60.701
| Global Round : 3/30 | Client id:2 | Local Epoch : 2/5 |  Train_Loss: 1.067 | Train_Acc: 61.355
| Global Round : 3/30 | Client id:2 | Local Epoch : 3/5 |  Train_Loss: 1.041 | Train_Acc: 62.542
| Global Round : 3/30 | Client id:2 | Local Epoch : 4/5 |  Train_Loss: 1.008 | Train_Acc: 63.693
| Global Round : 3/30 | Client id:2 | Local Epoch : 5/5 |  Train_Loss: 0.981 | Train_Acc: 65.072
aggregating weights...
lambda: tensor([0.3345, 0.3331, 0.3324])
| Client id:0 | Test_Loss: 0.849 | Test_Acc: 69.580
| Global Round : 4/30 | Client id:0 | Local Epoch : 1/5 |  Train_Loss: 0.971 | Train_Acc: 65.534
| Global Round : 4/30 | Client id:0 | Local Epoch : 2/5 |  Train_Loss: 0.965 | Train_Acc: 66.092
| Global Round : 4/30 | Client id:0 | Local Epoch : 3/5 |  Train_Loss: 0.938 | Train_Acc: 66.717
| Global Round : 4/30 | Client id:0 | Local Epoch : 4/5 |  Train_Loss: 0.941 | Train_Acc: 66.933
| Global Round : 4/30 | Client id:0 | Local Epoch : 5/5 |  Train_Loss: 0.925 | Train_Acc: 67.419
| Client id:1 | Test_Loss: 0.846 | Test_Acc: 69.910
| Global Round : 4/30 | Client id:1 | Local Epoch : 1/5 |  Train_Loss: 0.988 | Train_Acc: 65.042
| Global Round : 4/30 | Client id:1 | Local Epoch : 2/5 |  Train_Loss: 0.968 | Train_Acc: 65.984
| Global Round : 4/30 | Client id:1 | Local Epoch : 3/5 |  Train_Loss: 0.952 | Train_Acc: 66.501
| Global Round : 4/30 | Client id:1 | Local Epoch : 4/5 |  Train_Loss: 0.934 | Train_Acc: 67.233
| Global Round : 4/30 | Client id:1 | Local Epoch : 5/5 |  Train_Loss: 0.926 | Train_Acc: 67.989
| Client id:2 | Test_Loss: 0.842 | Test_Acc: 70.868
| Global Round : 4/30 | Client id:2 | Local Epoch : 1/5 |  Train_Loss: 0.959 | Train_Acc: 65.653
| Global Round : 4/30 | Client id:2 | Local Epoch : 2/5 |  Train_Loss: 0.957 | Train_Acc: 65.821
| Global Round : 4/30 | Client id:2 | Local Epoch : 3/5 |  Train_Loss: 0.939 | Train_Acc: 66.763
| Global Round : 4/30 | Client id:2 | Local Epoch : 4/5 |  Train_Loss: 0.919 | Train_Acc: 67.464
| Global Round : 4/30 | Client id:2 | Local Epoch : 5/5 |  Train_Loss: 0.908 | Train_Acc: 67.680
aggregating weights...
lambda: tensor([0.3347, 0.3332, 0.3322])
| Client id:0 | Test_Loss: 0.799 | Test_Acc: 72.643
| Global Round : 5/30 | Client id:0 | Local Epoch : 1/5 |  Train_Loss: 0.901 | Train_Acc: 67.929
| Global Round : 5/30 | Client id:0 | Local Epoch : 2/5 |  Train_Loss: 0.897 | Train_Acc: 68.493
| Global Round : 5/30 | Client id:0 | Local Epoch : 3/5 |  Train_Loss: 0.887 | Train_Acc: 68.559
| Global Round : 5/30 | Client id:0 | Local Epoch : 4/5 |  Train_Loss: 0.868 | Train_Acc: 69.460
| Global Round : 5/30 | Client id:0 | Local Epoch : 5/5 |  Train_Loss: 0.849 | Train_Acc: 70.174
| Client id:1 | Test_Loss: 0.803 | Test_Acc: 72.402
| Global Round : 5/30 | Client id:1 | Local Epoch : 1/5 |  Train_Loss: 0.899 | Train_Acc: 68.451
| Global Round : 5/30 | Client id:1 | Local Epoch : 2/5 |  Train_Loss: 0.896 | Train_Acc: 68.661
| Global Round : 5/30 | Client id:1 | Local Epoch : 3/5 |  Train_Loss: 0.874 | Train_Acc: 69.274
| Global Round : 5/30 | Client id:1 | Local Epoch : 4/5 |  Train_Loss: 0.876 | Train_Acc: 69.280
| Global Round : 5/30 | Client id:1 | Local Epoch : 5/5 |  Train_Loss: 0.863 | Train_Acc: 69.490
| Client id:2 | Test_Loss: 0.769 | Test_Acc: 73.503
| Global Round : 5/30 | Client id:2 | Local Epoch : 1/5 |  Train_Loss: 0.876 | Train_Acc: 69.053
| Global Round : 5/30 | Client id:2 | Local Epoch : 2/5 |  Train_Loss: 0.880 | Train_Acc: 69.035
| Global Round : 5/30 | Client id:2 | Local Epoch : 3/5 |  Train_Loss: 0.871 | Train_Acc: 69.490
| Global Round : 5/30 | Client id:2 | Local Epoch : 4/5 |  Train_Loss: 0.871 | Train_Acc: 68.927
| Global Round : 5/30 | Client id:2 | Local Epoch : 5/5 |  Train_Loss: 0.862 | Train_Acc: 69.538
aggregating weights...
lambda: tensor([0.3351, 0.3338, 0.3311])
| Client id:0 | Test_Loss: 0.746 | Test_Acc: 74.054
| Global Round : 6/30 | Client id:0 | Local Epoch : 1/5 |  Train_Loss: 0.831 | Train_Acc: 70.384
| Global Round : 6/30 | Client id:0 | Local Epoch : 2/5 |  Train_Loss: 0.844 | Train_Acc: 70.288
| Global Round : 6/30 | Client id:0 | Local Epoch : 3/5 |  Train_Loss: 0.840 | Train_Acc: 70.174
| Global Round : 6/30 | Client id:0 | Local Epoch : 4/5 |  Train_Loss: 0.837 | Train_Acc: 70.288
| Global Round : 6/30 | Client id:0 | Local Epoch : 5/5 |  Train_Loss: 0.819 | Train_Acc: 71.206
| Client id:1 | Test_Loss: 0.746 | Test_Acc: 74.234
| Global Round : 6/30 | Client id:1 | Local Epoch : 1/5 |  Train_Loss: 0.832 | Train_Acc: 70.942
| Global Round : 6/30 | Client id:1 | Local Epoch : 2/5 |  Train_Loss: 0.841 | Train_Acc: 70.672
| Global Round : 6/30 | Client id:1 | Local Epoch : 3/5 |  Train_Loss: 0.842 | Train_Acc: 70.552
| Global Round : 6/30 | Client id:1 | Local Epoch : 4/5 |  Train_Loss: 0.830 | Train_Acc: 70.774
| Global Round : 6/30 | Client id:1 | Local Epoch : 5/5 |  Train_Loss: 0.816 | Train_Acc: 71.182
| Client id:2 | Test_Loss: 0.714 | Test_Acc: 76.497
| Global Round : 6/30 | Client id:2 | Local Epoch : 1/5 |  Train_Loss: 0.834 | Train_Acc: 70.713
| Global Round : 6/30 | Client id:2 | Local Epoch : 2/5 |  Train_Loss: 0.828 | Train_Acc: 70.731
| Global Round : 6/30 | Client id:2 | Local Epoch : 3/5 |  Train_Loss: 0.831 | Train_Acc: 70.797
| Global Round : 6/30 | Client id:2 | Local Epoch : 4/5 |  Train_Loss: 0.815 | Train_Acc: 71.091
| Global Round : 6/30 | Client id:2 | Local Epoch : 5/5 |  Train_Loss: 0.810 | Train_Acc: 71.211
aggregating weights...
lambda: tensor([0.3356, 0.3343, 0.3300])
| Client id:0 | Test_Loss: 0.706 | Test_Acc: 75.616
| Global Round : 7/30 | Client id:0 | Local Epoch : 1/5 |  Train_Loss: 0.805 | Train_Acc: 72.023
| Global Round : 7/30 | Client id:0 | Local Epoch : 2/5 |  Train_Loss: 0.808 | Train_Acc: 71.170
| Global Round : 7/30 | Client id:0 | Local Epoch : 3/5 |  Train_Loss: 0.806 | Train_Acc: 71.122
| Global Round : 7/30 | Client id:0 | Local Epoch : 4/5 |  Train_Loss: 0.793 | Train_Acc: 72.407
| Global Round : 7/30 | Client id:0 | Local Epoch : 5/5 |  Train_Loss: 0.781 | Train_Acc: 72.203
| Client id:1 | Test_Loss: 0.717 | Test_Acc: 75.075
| Global Round : 7/30 | Client id:1 | Local Epoch : 1/5 |  Train_Loss: 0.792 | Train_Acc: 72.431
| Global Round : 7/30 | Client id:1 | Local Epoch : 2/5 |  Train_Loss: 0.803 | Train_Acc: 71.639
| Global Round : 7/30 | Client id:1 | Local Epoch : 3/5 |  Train_Loss: 0.804 | Train_Acc: 71.843
| Global Round : 7/30 | Client id:1 | Local Epoch : 4/5 |  Train_Loss: 0.797 | Train_Acc: 71.963
| Global Round : 7/30 | Client id:1 | Local Epoch : 5/5 |  Train_Loss: 0.797 | Train_Acc: 72.125
| Client id:2 | Test_Loss: 0.689 | Test_Acc: 76.647
| Global Round : 7/30 | Client id:2 | Local Epoch : 1/5 |  Train_Loss: 0.779 | Train_Acc: 72.212
| Global Round : 7/30 | Client id:2 | Local Epoch : 2/5 |  Train_Loss: 0.797 | Train_Acc: 71.703
| Global Round : 7/30 | Client id:2 | Local Epoch : 3/5 |  Train_Loss: 0.787 | Train_Acc: 72.572
| Global Round : 7/30 | Client id:2 | Local Epoch : 4/5 |  Train_Loss: 0.781 | Train_Acc: 72.206
| Global Round : 7/30 | Client id:2 | Local Epoch : 5/5 |  Train_Loss: 0.783 | Train_Acc: 72.410
aggregating weights...
lambda: tensor([0.3357, 0.3350, 0.3293])
| Client id:0 | Test_Loss: 0.683 | Test_Acc: 75.916
| Global Round : 8/30 | Client id:0 | Local Epoch : 1/5 |  Train_Loss: 0.772 | Train_Acc: 73.007
| Global Round : 8/30 | Client id:0 | Local Epoch : 2/5 |  Train_Loss: 0.784 | Train_Acc: 72.137
| Global Round : 8/30 | Client id:0 | Local Epoch : 3/5 |  Train_Loss: 0.768 | Train_Acc: 72.923
| Global Round : 8/30 | Client id:0 | Local Epoch : 4/5 |  Train_Loss: 0.766 | Train_Acc: 73.109
| Global Round : 8/30 | Client id:0 | Local Epoch : 5/5 |  Train_Loss: 0.758 | Train_Acc: 73.457
| Client id:1 | Test_Loss: 0.687 | Test_Acc: 76.757
| Global Round : 8/30 | Client id:1 | Local Epoch : 1/5 |  Train_Loss: 0.769 | Train_Acc: 73.265
| Global Round : 8/30 | Client id:1 | Local Epoch : 2/5 |  Train_Loss: 0.771 | Train_Acc: 73.343
| Global Round : 8/30 | Client id:1 | Local Epoch : 3/5 |  Train_Loss: 0.780 | Train_Acc: 72.479
| Global Round : 8/30 | Client id:1 | Local Epoch : 4/5 |  Train_Loss: 0.774 | Train_Acc: 73.241
| Global Round : 8/30 | Client id:1 | Local Epoch : 5/5 |  Train_Loss: 0.763 | Train_Acc: 73.313
| Client id:2 | Test_Loss: 0.670 | Test_Acc: 77.395
| Global Round : 8/30 | Client id:2 | Local Epoch : 1/5 |  Train_Loss: 0.763 | Train_Acc: 72.902
| Global Round : 8/30 | Client id:2 | Local Epoch : 2/5 |  Train_Loss: 0.764 | Train_Acc: 73.297
| Global Round : 8/30 | Client id:2 | Local Epoch : 3/5 |  Train_Loss: 0.762 | Train_Acc: 73.231
| Global Round : 8/30 | Client id:2 | Local Epoch : 4/5 |  Train_Loss: 0.760 | Train_Acc: 73.267
| Global Round : 8/30 | Client id:2 | Local Epoch : 5/5 |  Train_Loss: 0.759 | Train_Acc: 73.141
aggregating weights...
lambda: tensor([0.3359, 0.3353, 0.3288])
| Client id:0 | Test_Loss: 0.649 | Test_Acc: 77.628
| Global Round : 9/30 | Client id:0 | Local Epoch : 1/5 |  Train_Loss: 0.741 | Train_Acc: 73.583
| Global Round : 9/30 | Client id:0 | Local Epoch : 2/5 |  Train_Loss: 0.759 | Train_Acc: 73.223
| Global Round : 9/30 | Client id:0 | Local Epoch : 3/5 |  Train_Loss: 0.754 | Train_Acc: 73.691
| Global Round : 9/30 | Client id:0 | Local Epoch : 4/5 |  Train_Loss: 0.756 | Train_Acc: 73.283
| Global Round : 9/30 | Client id:0 | Local Epoch : 5/5 |  Train_Loss: 0.737 | Train_Acc: 73.866
| Client id:1 | Test_Loss: 0.662 | Test_Acc: 77.297
| Global Round : 9/30 | Client id:1 | Local Epoch : 1/5 |  Train_Loss: 0.735 | Train_Acc: 74.532
| Global Round : 9/30 | Client id:1 | Local Epoch : 2/5 |  Train_Loss: 0.758 | Train_Acc: 73.535
| Global Round : 9/30 | Client id:1 | Local Epoch : 3/5 |  Train_Loss: 0.750 | Train_Acc: 74.010
| Global Round : 9/30 | Client id:1 | Local Epoch : 4/5 |  Train_Loss: 0.751 | Train_Acc: 73.721
| Global Round : 9/30 | Client id:1 | Local Epoch : 5/5 |  Train_Loss: 0.741 | Train_Acc: 74.064
| Client id:2 | Test_Loss: 0.638 | Test_Acc: 78.054
| Global Round : 9/30 | Client id:2 | Local Epoch : 1/5 |  Train_Loss: 0.739 | Train_Acc: 74.017
| Global Round : 9/30 | Client id:2 | Local Epoch : 2/5 |  Train_Loss: 0.754 | Train_Acc: 73.651
| Global Round : 9/30 | Client id:2 | Local Epoch : 3/5 |  Train_Loss: 0.739 | Train_Acc: 74.119
| Global Round : 9/30 | Client id:2 | Local Epoch : 4/5 |  Train_Loss: 0.734 | Train_Acc: 74.257
| Global Round : 9/30 | Client id:2 | Local Epoch : 5/5 |  Train_Loss: 0.740 | Train_Acc: 74.179
aggregating weights...
lambda: tensor([0.3359, 0.3360, 0.3282])
| Client id:0 | Test_Loss: 0.678 | Test_Acc: 77.027
| Global Round : 10/30 | Client id:0 | Local Epoch : 1/5 |  Train_Loss: 0.730 | Train_Acc: 74.130
| Global Round : 10/30 | Client id:0 | Local Epoch : 2/5 |  Train_Loss: 0.737 | Train_Acc: 74.238
| Global Round : 10/30 | Client id:0 | Local Epoch : 3/5 |  Train_Loss: 0.730 | Train_Acc: 74.358
| Global Round : 10/30 | Client id:0 | Local Epoch : 4/5 |  Train_Loss: 0.726 | Train_Acc: 74.568
| Global Round : 10/30 | Client id:0 | Local Epoch : 5/5 |  Train_Loss: 0.731 | Train_Acc: 74.016
| Client id:1 | Test_Loss: 0.651 | Test_Acc: 76.336
| Global Round : 10/30 | Client id:1 | Local Epoch : 1/5 |  Train_Loss: 0.720 | Train_Acc: 74.898
| Global Round : 10/30 | Client id:1 | Local Epoch : 2/5 |  Train_Loss: 0.744 | Train_Acc: 73.836
| Global Round : 10/30 | Client id:1 | Local Epoch : 3/5 |  Train_Loss: 0.739 | Train_Acc: 74.466
| Global Round : 10/30 | Client id:1 | Local Epoch : 4/5 |  Train_Loss: 0.725 | Train_Acc: 74.424
| Global Round : 10/30 | Client id:1 | Local Epoch : 5/5 |  Train_Loss: 0.724 | Train_Acc: 74.406
| Client id:2 | Test_Loss: 0.633 | Test_Acc: 78.683
| Global Round : 10/30 | Client id:2 | Local Epoch : 1/5 |  Train_Loss: 0.713 | Train_Acc: 74.922
| Global Round : 10/30 | Client id:2 | Local Epoch : 2/5 |  Train_Loss: 0.730 | Train_Acc: 74.628
| Global Round : 10/30 | Client id:2 | Local Epoch : 3/5 |  Train_Loss: 0.722 | Train_Acc: 75.042
| Global Round : 10/30 | Client id:2 | Local Epoch : 4/5 |  Train_Loss: 0.731 | Train_Acc: 74.233
| Global Round : 10/30 | Client id:2 | Local Epoch : 5/5 |  Train_Loss: 0.719 | Train_Acc: 74.784
aggregating weights...
lambda: tensor([0.3370, 0.3358, 0.3271])
| Client id:0 | Test_Loss: 0.641 | Test_Acc: 77.297
| Global Round : 11/30 | Client id:0 | Local Epoch : 1/5 |  Train_Loss: 0.702 | Train_Acc: 75.336
| Global Round : 11/30 | Client id:0 | Local Epoch : 2/5 |  Train_Loss: 0.728 | Train_Acc: 74.190
| Global Round : 11/30 | Client id:0 | Local Epoch : 3/5 |  Train_Loss: 0.720 | Train_Acc: 75.054
| Global Round : 11/30 | Client id:0 | Local Epoch : 4/5 |  Train_Loss: 0.716 | Train_Acc: 74.724
| Global Round : 11/30 | Client id:0 | Local Epoch : 5/5 |  Train_Loss: 0.711 | Train_Acc: 75.078
| Client id:1 | Test_Loss: 0.627 | Test_Acc: 78.108
| Global Round : 11/30 | Client id:1 | Local Epoch : 1/5 |  Train_Loss: 0.715 | Train_Acc: 75.108
| Global Round : 11/30 | Client id:1 | Local Epoch : 2/5 |  Train_Loss: 0.720 | Train_Acc: 74.988
| Global Round : 11/30 | Client id:1 | Local Epoch : 3/5 |  Train_Loss: 0.709 | Train_Acc: 75.318
| Global Round : 11/30 | Client id:1 | Local Epoch : 4/5 |  Train_Loss: 0.716 | Train_Acc: 75.168
| Global Round : 11/30 | Client id:1 | Local Epoch : 5/5 |  Train_Loss: 0.715 | Train_Acc: 75.030
| Client id:2 | Test_Loss: 0.621 | Test_Acc: 78.982
| Global Round : 11/30 | Client id:2 | Local Epoch : 1/5 |  Train_Loss: 0.690 | Train_Acc: 75.534
| Global Round : 11/30 | Client id:2 | Local Epoch : 2/5 |  Train_Loss: 0.711 | Train_Acc: 75.210
| Global Round : 11/30 | Client id:2 | Local Epoch : 3/5 |  Train_Loss: 0.711 | Train_Acc: 75.120
| Global Round : 11/30 | Client id:2 | Local Epoch : 4/5 |  Train_Loss: 0.714 | Train_Acc: 74.754
| Global Round : 11/30 | Client id:2 | Local Epoch : 5/5 |  Train_Loss: 0.697 | Train_Acc: 75.342
aggregating weights...
lambda: tensor([0.3376, 0.3357, 0.3267])
| Client id:0 | Test_Loss: 0.623 | Test_Acc: 78.529
| Global Round : 12/30 | Client id:0 | Local Epoch : 1/5 |  Train_Loss: 0.685 | Train_Acc: 75.996
| Global Round : 12/30 | Client id:0 | Local Epoch : 2/5 |  Train_Loss: 0.696 | Train_Acc: 76.014
| Global Round : 12/30 | Client id:0 | Local Epoch : 3/5 |  Train_Loss: 0.698 | Train_Acc: 75.756
| Global Round : 12/30 | Client id:0 | Local Epoch : 4/5 |  Train_Loss: 0.703 | Train_Acc: 75.366
| Global Round : 12/30 | Client id:0 | Local Epoch : 5/5 |  Train_Loss: 0.696 | Train_Acc: 75.522
| Client id:1 | Test_Loss: 0.608 | Test_Acc: 78.649
| Global Round : 12/30 | Client id:1 | Local Epoch : 1/5 |  Train_Loss: 0.689 | Train_Acc: 76.116
| Global Round : 12/30 | Client id:1 | Local Epoch : 2/5 |  Train_Loss: 0.710 | Train_Acc: 75.024
| Global Round : 12/30 | Client id:1 | Local Epoch : 3/5 |  Train_Loss: 0.705 | Train_Acc: 75.450
| Global Round : 12/30 | Client id:1 | Local Epoch : 4/5 |  Train_Loss: 0.705 | Train_Acc: 75.834
| Global Round : 12/30 | Client id:1 | Local Epoch : 5/5 |  Train_Loss: 0.709 | Train_Acc: 75.378
| Client id:2 | Test_Loss: 0.602 | Test_Acc: 80.030
| Global Round : 12/30 | Client id:2 | Local Epoch : 1/5 |  Train_Loss: 0.683 | Train_Acc: 76.013
| Global Round : 12/30 | Client id:2 | Local Epoch : 2/5 |  Train_Loss: 0.699 | Train_Acc: 75.534
| Global Round : 12/30 | Client id:2 | Local Epoch : 3/5 |  Train_Loss: 0.704 | Train_Acc: 75.510
| Global Round : 12/30 | Client id:2 | Local Epoch : 4/5 |  Train_Loss: 0.703 | Train_Acc: 75.102
| Global Round : 12/30 | Client id:2 | Local Epoch : 5/5 |  Train_Loss: 0.688 | Train_Acc: 75.857
aggregating weights...
lambda: tensor([0.3382, 0.3356, 0.3262])
| Client id:0 | Test_Loss: 0.622 | Test_Acc: 78.979
| Global Round : 13/30 | Client id:0 | Local Epoch : 1/5 |  Train_Loss: 0.669 | Train_Acc: 76.759
| Global Round : 13/30 | Client id:0 | Local Epoch : 2/5 |  Train_Loss: 0.696 | Train_Acc: 75.732
| Global Round : 13/30 | Client id:0 | Local Epoch : 3/5 |  Train_Loss: 0.698 | Train_Acc: 75.660
| Global Round : 13/30 | Client id:0 | Local Epoch : 4/5 |  Train_Loss: 0.699 | Train_Acc: 75.324
| Global Round : 13/30 | Client id:0 | Local Epoch : 5/5 |  Train_Loss: 0.694 | Train_Acc: 75.660
| Client id:1 | Test_Loss: 0.601 | Test_Acc: 79.189
| Global Round : 13/30 | Client id:1 | Local Epoch : 1/5 |  Train_Loss: 0.674 | Train_Acc: 76.363
| Global Round : 13/30 | Client id:1 | Local Epoch : 2/5 |  Train_Loss: 0.682 | Train_Acc: 76.218
| Global Round : 13/30 | Client id:1 | Local Epoch : 3/5 |  Train_Loss: 0.698 | Train_Acc: 75.810
| Global Round : 13/30 | Client id:1 | Local Epoch : 4/5 |  Train_Loss: 0.692 | Train_Acc: 75.684
| Global Round : 13/30 | Client id:1 | Local Epoch : 5/5 |  Train_Loss: 0.688 | Train_Acc: 75.576
| Client id:2 | Test_Loss: 0.595 | Test_Acc: 80.210
| Global Round : 13/30 | Client id:2 | Local Epoch : 1/5 |  Train_Loss: 0.671 | Train_Acc: 76.409
| Global Round : 13/30 | Client id:2 | Local Epoch : 2/5 |  Train_Loss: 0.688 | Train_Acc: 75.546
| Global Round : 13/30 | Client id:2 | Local Epoch : 3/5 |  Train_Loss: 0.689 | Train_Acc: 76.205
| Global Round : 13/30 | Client id:2 | Local Epoch : 4/5 |  Train_Loss: 0.686 | Train_Acc: 75.755
| Global Round : 13/30 | Client id:2 | Local Epoch : 5/5 |  Train_Loss: 0.687 | Train_Acc: 75.641
aggregating weights...
lambda: tensor([0.3390, 0.3353, 0.3257])
| Client id:0 | Test_Loss: 0.608 | Test_Acc: 78.559
| Global Round : 14/30 | Client id:0 | Local Epoch : 1/5 |  Train_Loss: 0.677 | Train_Acc: 76.447
| Global Round : 14/30 | Client id:0 | Local Epoch : 2/5 |  Train_Loss: 0.678 | Train_Acc: 76.230
| Global Round : 14/30 | Client id:0 | Local Epoch : 3/5 |  Train_Loss: 0.681 | Train_Acc: 76.230
| Global Round : 14/30 | Client id:0 | Local Epoch : 4/5 |  Train_Loss: 0.677 | Train_Acc: 76.255
| Global Round : 14/30 | Client id:0 | Local Epoch : 5/5 |  Train_Loss: 0.674 | Train_Acc: 76.411
| Client id:1 | Test_Loss: 0.608 | Test_Acc: 79.099
| Global Round : 14/30 | Client id:1 | Local Epoch : 1/5 |  Train_Loss: 0.672 | Train_Acc: 76.327
| Global Round : 14/30 | Client id:1 | Local Epoch : 2/5 |  Train_Loss: 0.691 | Train_Acc: 75.912
| Global Round : 14/30 | Client id:1 | Local Epoch : 3/5 |  Train_Loss: 0.682 | Train_Acc: 76.170
| Global Round : 14/30 | Client id:1 | Local Epoch : 4/5 |  Train_Loss: 0.678 | Train_Acc: 76.471
| Global Round : 14/30 | Client id:1 | Local Epoch : 5/5 |  Train_Loss: 0.678 | Train_Acc: 76.098
| Client id:2 | Test_Loss: 0.588 | Test_Acc: 79.611
| Global Round : 14/30 | Client id:2 | Local Epoch : 1/5 |  Train_Loss: 0.663 | Train_Acc: 76.757
| Global Round : 14/30 | Client id:2 | Local Epoch : 2/5 |  Train_Loss: 0.669 | Train_Acc: 76.043
| Global Round : 14/30 | Client id:2 | Local Epoch : 3/5 |  Train_Loss: 0.670 | Train_Acc: 76.541
| Global Round : 14/30 | Client id:2 | Local Epoch : 4/5 |  Train_Loss: 0.675 | Train_Acc: 76.271
| Global Round : 14/30 | Client id:2 | Local Epoch : 5/5 |  Train_Loss: 0.677 | Train_Acc: 76.085
aggregating weights...
lambda: tensor([0.3393, 0.3356, 0.3251])
| Client id:0 | Test_Loss: 0.619 | Test_Acc: 78.829
| Global Round : 15/30 | Client id:0 | Local Epoch : 1/5 |  Train_Loss: 0.661 | Train_Acc: 76.807
| Global Round : 15/30 | Client id:0 | Local Epoch : 2/5 |  Train_Loss: 0.669 | Train_Acc: 76.381
| Global Round : 15/30 | Client id:0 | Local Epoch : 3/5 |  Train_Loss: 0.673 | Train_Acc: 76.585
| Global Round : 15/30 | Client id:0 | Local Epoch : 4/5 |  Train_Loss: 0.683 | Train_Acc: 76.248
| Global Round : 15/30 | Client id:0 | Local Epoch : 5/5 |  Train_Loss: 0.674 | Train_Acc: 76.128
| Client id:1 | Test_Loss: 0.591 | Test_Acc: 79.670
| Global Round : 15/30 | Client id:1 | Local Epoch : 1/5 |  Train_Loss: 0.657 | Train_Acc: 76.537
| Global Round : 15/30 | Client id:1 | Local Epoch : 2/5 |  Train_Loss: 0.666 | Train_Acc: 77.005
| Global Round : 15/30 | Client id:1 | Local Epoch : 3/5 |  Train_Loss: 0.680 | Train_Acc: 76.303
| Global Round : 15/30 | Client id:1 | Local Epoch : 4/5 |  Train_Loss: 0.662 | Train_Acc: 77.017
| Global Round : 15/30 | Client id:1 | Local Epoch : 5/5 |  Train_Loss: 0.669 | Train_Acc: 77.101
| Client id:2 | Test_Loss: 0.594 | Test_Acc: 79.880
| Global Round : 15/30 | Client id:2 | Local Epoch : 1/5 |  Train_Loss: 0.665 | Train_Acc: 76.841
| Global Round : 15/30 | Client id:2 | Local Epoch : 2/5 |  Train_Loss: 0.661 | Train_Acc: 76.894
| Global Round : 15/30 | Client id:2 | Local Epoch : 3/5 |  Train_Loss: 0.659 | Train_Acc: 77.254
| Global Round : 15/30 | Client id:2 | Local Epoch : 4/5 |  Train_Loss: 0.668 | Train_Acc: 75.971
| Global Round : 15/30 | Client id:2 | Local Epoch : 5/5 |  Train_Loss: 0.656 | Train_Acc: 77.128
aggregating weights...
lambda: tensor([0.3402, 0.3351, 0.3247])
| Client id:0 | Test_Loss: 0.590 | Test_Acc: 79.580
| Global Round : 16/30 | Client id:0 | Local Epoch : 1/5 |  Train_Loss: 0.649 | Train_Acc: 77.191
| Global Round : 16/30 | Client id:0 | Local Epoch : 2/5 |  Train_Loss: 0.661 | Train_Acc: 76.837
| Global Round : 16/30 | Client id:0 | Local Epoch : 3/5 |  Train_Loss: 0.672 | Train_Acc: 76.489
| Global Round : 16/30 | Client id:0 | Local Epoch : 4/5 |  Train_Loss: 0.667 | Train_Acc: 76.723
| Global Round : 16/30 | Client id:0 | Local Epoch : 5/5 |  Train_Loss: 0.651 | Train_Acc: 77.245
| Client id:1 | Test_Loss: 0.588 | Test_Acc: 79.790
| Global Round : 16/30 | Client id:1 | Local Epoch : 1/5 |  Train_Loss: 0.640 | Train_Acc: 77.593
| Global Round : 16/30 | Client id:1 | Local Epoch : 2/5 |  Train_Loss: 0.668 | Train_Acc: 76.825
| Global Round : 16/30 | Client id:1 | Local Epoch : 3/5 |  Train_Loss: 0.661 | Train_Acc: 76.897
| Global Round : 16/30 | Client id:1 | Local Epoch : 4/5 |  Train_Loss: 0.662 | Train_Acc: 76.765
| Global Round : 16/30 | Client id:1 | Local Epoch : 5/5 |  Train_Loss: 0.660 | Train_Acc: 76.963
| Client id:2 | Test_Loss: 0.570 | Test_Acc: 80.659
| Global Round : 16/30 | Client id:2 | Local Epoch : 1/5 |  Train_Loss: 0.633 | Train_Acc: 77.812
| Global Round : 16/30 | Client id:2 | Local Epoch : 2/5 |  Train_Loss: 0.661 | Train_Acc: 76.703
| Global Round : 16/30 | Client id:2 | Local Epoch : 3/5 |  Train_Loss: 0.669 | Train_Acc: 76.451
| Global Round : 16/30 | Client id:2 | Local Epoch : 4/5 |  Train_Loss: 0.663 | Train_Acc: 76.685
| Global Round : 16/30 | Client id:2 | Local Epoch : 5/5 |  Train_Loss: 0.657 | Train_Acc: 76.829
aggregating weights...
lambda: tensor([0.3405, 0.3354, 0.3241])
| Client id:0 | Test_Loss: 0.602 | Test_Acc: 79.610
| Global Round : 17/30 | Client id:0 | Local Epoch : 1/5 |  Train_Loss: 0.643 | Train_Acc: 77.545
| Global Round : 17/30 | Client id:0 | Local Epoch : 2/5 |  Train_Loss: 0.661 | Train_Acc: 77.053
| Global Round : 17/30 | Client id:0 | Local Epoch : 3/5 |  Train_Loss: 0.650 | Train_Acc: 77.329
| Global Round : 17/30 | Client id:0 | Local Epoch : 4/5 |  Train_Loss: 0.660 | Train_Acc: 76.669
| Global Round : 17/30 | Client id:0 | Local Epoch : 5/5 |  Train_Loss: 0.654 | Train_Acc: 76.645
| Client id:1 | Test_Loss: 0.594 | Test_Acc: 79.129
| Global Round : 17/30 | Client id:1 | Local Epoch : 1/5 |  Train_Loss: 0.638 | Train_Acc: 77.947
| Global Round : 17/30 | Client id:1 | Local Epoch : 2/5 |  Train_Loss: 0.658 | Train_Acc: 76.699
| Global Round : 17/30 | Client id:1 | Local Epoch : 3/5 |  Train_Loss: 0.657 | Train_Acc: 77.221
| Global Round : 17/30 | Client id:1 | Local Epoch : 4/5 |  Train_Loss: 0.663 | Train_Acc: 76.441
| Global Round : 17/30 | Client id:1 | Local Epoch : 5/5 |  Train_Loss: 0.652 | Train_Acc: 77.239
| Client id:2 | Test_Loss: 0.586 | Test_Acc: 79.910
| Global Round : 17/30 | Client id:2 | Local Epoch : 1/5 |  Train_Loss: 0.644 | Train_Acc: 77.482
| Global Round : 17/30 | Client id:2 | Local Epoch : 2/5 |  Train_Loss: 0.660 | Train_Acc: 76.948
| Global Round : 17/30 | Client id:2 | Local Epoch : 3/5 |  Train_Loss: 0.646 | Train_Acc: 77.356
| Global Round : 17/30 | Client id:2 | Local Epoch : 4/5 |  Train_Loss: 0.659 | Train_Acc: 76.685
| Global Round : 17/30 | Client id:2 | Local Epoch : 5/5 |  Train_Loss: 0.648 | Train_Acc: 77.374
aggregating weights...
lambda: tensor([0.3409, 0.3354, 0.3237])
| Client id:0 | Test_Loss: 0.602 | Test_Acc: 79.369
| Global Round : 18/30 | Client id:0 | Local Epoch : 1/5 |  Train_Loss: 0.626 | Train_Acc: 78.193
| Global Round : 18/30 | Client id:0 | Local Epoch : 2/5 |  Train_Loss: 0.648 | Train_Acc: 77.089
| Global Round : 18/30 | Client id:0 | Local Epoch : 3/5 |  Train_Loss: 0.652 | Train_Acc: 76.873
| Global Round : 18/30 | Client id:0 | Local Epoch : 4/5 |  Train_Loss: 0.660 | Train_Acc: 77.095
| Global Round : 18/30 | Client id:0 | Local Epoch : 5/5 |  Train_Loss: 0.646 | Train_Acc: 77.407
| Client id:1 | Test_Loss: 0.577 | Test_Acc: 79.850
| Global Round : 18/30 | Client id:1 | Local Epoch : 1/5 |  Train_Loss: 0.633 | Train_Acc: 78.067
| Global Round : 18/30 | Client id:1 | Local Epoch : 2/5 |  Train_Loss: 0.649 | Train_Acc: 77.245
| Global Round : 18/30 | Client id:1 | Local Epoch : 3/5 |  Train_Loss: 0.652 | Train_Acc: 77.461
| Global Round : 18/30 | Client id:1 | Local Epoch : 4/5 |  Train_Loss: 0.652 | Train_Acc: 76.819
| Global Round : 18/30 | Client id:1 | Local Epoch : 5/5 |  Train_Loss: 0.661 | Train_Acc: 77.389
| Client id:2 | Test_Loss: 0.575 | Test_Acc: 79.760
| Global Round : 18/30 | Client id:2 | Local Epoch : 1/5 |  Train_Loss: 0.622 | Train_Acc: 78.417
| Global Round : 18/30 | Client id:2 | Local Epoch : 2/5 |  Train_Loss: 0.635 | Train_Acc: 77.872
| Global Round : 18/30 | Client id:2 | Local Epoch : 3/5 |  Train_Loss: 0.646 | Train_Acc: 77.146
| Global Round : 18/30 | Client id:2 | Local Epoch : 4/5 |  Train_Loss: 0.648 | Train_Acc: 76.990
| Global Round : 18/30 | Client id:2 | Local Epoch : 5/5 |  Train_Loss: 0.643 | Train_Acc: 77.566
aggregating weights...
lambda: tensor([0.3418, 0.3350, 0.3232])
| Client id:0 | Test_Loss: 0.586 | Test_Acc: 79.369
| Global Round : 19/30 | Client id:0 | Local Epoch : 1/5 |  Train_Loss: 0.625 | Train_Acc: 78.397
| Global Round : 19/30 | Client id:0 | Local Epoch : 2/5 |  Train_Loss: 0.651 | Train_Acc: 76.969
| Global Round : 19/30 | Client id:0 | Local Epoch : 3/5 |  Train_Loss: 0.642 | Train_Acc: 77.239
| Global Round : 19/30 | Client id:0 | Local Epoch : 4/5 |  Train_Loss: 0.646 | Train_Acc: 77.641
| Global Round : 19/30 | Client id:0 | Local Epoch : 5/5 |  Train_Loss: 0.639 | Train_Acc: 77.683
| Client id:1 | Test_Loss: 0.570 | Test_Acc: 80.420
| Global Round : 19/30 | Client id:1 | Local Epoch : 1/5 |  Train_Loss: 0.624 | Train_Acc: 78.265
| Global Round : 19/30 | Client id:1 | Local Epoch : 2/5 |  Train_Loss: 0.639 | Train_Acc: 77.779
| Global Round : 19/30 | Client id:1 | Local Epoch : 3/5 |  Train_Loss: 0.657 | Train_Acc: 76.633
| Global Round : 19/30 | Client id:1 | Local Epoch : 4/5 |  Train_Loss: 0.645 | Train_Acc: 77.761
| Global Round : 19/30 | Client id:1 | Local Epoch : 5/5 |  Train_Loss: 0.648 | Train_Acc: 77.413
| Client id:2 | Test_Loss: 0.560 | Test_Acc: 81.048
| Global Round : 19/30 | Client id:2 | Local Epoch : 1/5 |  Train_Loss: 0.633 | Train_Acc: 77.356
| Global Round : 19/30 | Client id:2 | Local Epoch : 2/5 |  Train_Loss: 0.639 | Train_Acc: 77.698
| Global Round : 19/30 | Client id:2 | Local Epoch : 3/5 |  Train_Loss: 0.643 | Train_Acc: 77.590
| Global Round : 19/30 | Client id:2 | Local Epoch : 4/5 |  Train_Loss: 0.636 | Train_Acc: 77.704
| Global Round : 19/30 | Client id:2 | Local Epoch : 5/5 |  Train_Loss: 0.641 | Train_Acc: 77.110
aggregating weights...
lambda: tensor([0.3425, 0.3349, 0.3226])
| Client id:0 | Test_Loss: 0.622 | Test_Acc: 78.829
| Global Round : 20/30 | Client id:0 | Local Epoch : 1/5 |  Train_Loss: 0.619 | Train_Acc: 78.391
| Global Round : 20/30 | Client id:0 | Local Epoch : 2/5 |  Train_Loss: 0.641 | Train_Acc: 77.455
| Global Round : 20/30 | Client id:0 | Local Epoch : 3/5 |  Train_Loss: 0.643 | Train_Acc: 77.287
| Global Round : 20/30 | Client id:0 | Local Epoch : 4/5 |  Train_Loss: 0.650 | Train_Acc: 77.251
| Global Round : 20/30 | Client id:0 | Local Epoch : 5/5 |  Train_Loss: 0.653 | Train_Acc: 76.963
| Client id:1 | Test_Loss: 0.589 | Test_Acc: 80.180
| Global Round : 20/30 | Client id:1 | Local Epoch : 1/5 |  Train_Loss: 0.637 | Train_Acc: 77.821
| Global Round : 20/30 | Client id:1 | Local Epoch : 2/5 |  Train_Loss: 0.645 | Train_Acc: 77.545
| Global Round : 20/30 | Client id:1 | Local Epoch : 3/5 |  Train_Loss: 0.647 | Train_Acc: 77.623
| Global Round : 20/30 | Client id:1 | Local Epoch : 4/5 |  Train_Loss: 0.633 | Train_Acc: 78.055
| Global Round : 20/30 | Client id:1 | Local Epoch : 5/5 |  Train_Loss: 0.636 | Train_Acc: 78.007
| Client id:2 | Test_Loss: 0.582 | Test_Acc: 79.641
| Global Round : 20/30 | Client id:2 | Local Epoch : 1/5 |  Train_Loss: 0.631 | Train_Acc: 77.974
| Global Round : 20/30 | Client id:2 | Local Epoch : 2/5 |  Train_Loss: 0.639 | Train_Acc: 77.812
| Global Round : 20/30 | Client id:2 | Local Epoch : 3/5 |  Train_Loss: 0.637 | Train_Acc: 77.512
| Global Round : 20/30 | Client id:2 | Local Epoch : 4/5 |  Train_Loss: 0.624 | Train_Acc: 77.866
| Global Round : 20/30 | Client id:2 | Local Epoch : 5/5 |  Train_Loss: 0.643 | Train_Acc: 77.446
aggregating weights...
lambda: tensor([0.3437, 0.3345, 0.3218])
| Client id:0 | Test_Loss: 0.584 | Test_Acc: 80.030
| Global Round : 21/30 | Client id:0 | Local Epoch : 1/5 |  Train_Loss: 0.617 | Train_Acc: 78.295
| Global Round : 21/30 | Client id:0 | Local Epoch : 2/5 |  Train_Loss: 0.635 | Train_Acc: 77.887
| Global Round : 21/30 | Client id:0 | Local Epoch : 3/5 |  Train_Loss: 0.635 | Train_Acc: 77.611
| Global Round : 21/30 | Client id:0 | Local Epoch : 4/5 |  Train_Loss: 0.643 | Train_Acc: 77.551
| Global Round : 21/30 | Client id:0 | Local Epoch : 5/5 |  Train_Loss: 0.634 | Train_Acc: 77.683
| Client id:1 | Test_Loss: 0.574 | Test_Acc: 79.760
| Global Round : 21/30 | Client id:1 | Local Epoch : 1/5 |  Train_Loss: 0.629 | Train_Acc: 78.229
| Global Round : 21/30 | Client id:1 | Local Epoch : 2/5 |  Train_Loss: 0.632 | Train_Acc: 78.373
| Global Round : 21/30 | Client id:1 | Local Epoch : 3/5 |  Train_Loss: 0.630 | Train_Acc: 77.929
| Global Round : 21/30 | Client id:1 | Local Epoch : 4/5 |  Train_Loss: 0.647 | Train_Acc: 77.293
| Global Round : 21/30 | Client id:1 | Local Epoch : 5/5 |  Train_Loss: 0.639 | Train_Acc: 77.365
| Client id:2 | Test_Loss: 0.558 | Test_Acc: 80.659
| Global Round : 21/30 | Client id:2 | Local Epoch : 1/5 |  Train_Loss: 0.606 | Train_Acc: 78.723
| Global Round : 21/30 | Client id:2 | Local Epoch : 2/5 |  Train_Loss: 0.642 | Train_Acc: 77.878
| Global Round : 21/30 | Client id:2 | Local Epoch : 3/5 |  Train_Loss: 0.628 | Train_Acc: 77.746
| Global Round : 21/30 | Client id:2 | Local Epoch : 4/5 |  Train_Loss: 0.628 | Train_Acc: 78.106
| Global Round : 21/30 | Client id:2 | Local Epoch : 5/5 |  Train_Loss: 0.624 | Train_Acc: 78.201
aggregating weights...
lambda: tensor([0.3443, 0.3346, 0.3211])
| Client id:0 | Test_Loss: 0.605 | Test_Acc: 80.060
| Global Round : 22/30 | Client id:0 | Local Epoch : 1/5 |  Train_Loss: 0.617 | Train_Acc: 78.830
| Global Round : 22/30 | Client id:0 | Local Epoch : 2/5 |  Train_Loss: 0.634 | Train_Acc: 77.809
| Global Round : 22/30 | Client id:0 | Local Epoch : 3/5 |  Train_Loss: 0.637 | Train_Acc: 77.323
| Global Round : 22/30 | Client id:0 | Local Epoch : 4/5 |  Train_Loss: 0.640 | Train_Acc: 77.545
| Global Round : 22/30 | Client id:0 | Local Epoch : 5/5 |  Train_Loss: 0.635 | Train_Acc: 77.527
| Client id:1 | Test_Loss: 0.569 | Test_Acc: 80.811
| Global Round : 22/30 | Client id:1 | Local Epoch : 1/5 |  Train_Loss: 0.610 | Train_Acc: 78.968
| Global Round : 22/30 | Client id:1 | Local Epoch : 2/5 |  Train_Loss: 0.630 | Train_Acc: 77.899
| Global Round : 22/30 | Client id:1 | Local Epoch : 3/5 |  Train_Loss: 0.632 | Train_Acc: 77.659
| Global Round : 22/30 | Client id:1 | Local Epoch : 4/5 |  Train_Loss: 0.636 | Train_Acc: 77.689
| Global Round : 22/30 | Client id:1 | Local Epoch : 5/5 |  Train_Loss: 0.647 | Train_Acc: 77.587
| Client id:2 | Test_Loss: 0.558 | Test_Acc: 80.808
| Global Round : 22/30 | Client id:2 | Local Epoch : 1/5 |  Train_Loss: 0.602 | Train_Acc: 79.017
| Global Round : 22/30 | Client id:2 | Local Epoch : 2/5 |  Train_Loss: 0.627 | Train_Acc: 77.674
| Global Round : 22/30 | Client id:2 | Local Epoch : 3/5 |  Train_Loss: 0.620 | Train_Acc: 78.082
| Global Round : 22/30 | Client id:2 | Local Epoch : 4/5 |  Train_Loss: 0.618 | Train_Acc: 78.213
| Global Round : 22/30 | Client id:2 | Local Epoch : 5/5 |  Train_Loss: 0.620 | Train_Acc: 78.064
aggregating weights...
lambda: tensor([0.3457, 0.3342, 0.3202])
| Client id:0 | Test_Loss: 0.589 | Test_Acc: 80.270
| Global Round : 23/30 | Client id:0 | Local Epoch : 1/5 |  Train_Loss: 0.608 | Train_Acc: 79.022
| Global Round : 23/30 | Client id:0 | Local Epoch : 2/5 |  Train_Loss: 0.622 | Train_Acc: 78.139
| Global Round : 23/30 | Client id:0 | Local Epoch : 3/5 |  Train_Loss: 0.618 | Train_Acc: 78.145
| Global Round : 23/30 | Client id:0 | Local Epoch : 4/5 |  Train_Loss: 0.638 | Train_Acc: 77.677
| Global Round : 23/30 | Client id:0 | Local Epoch : 5/5 |  Train_Loss: 0.633 | Train_Acc: 77.851
| Client id:1 | Test_Loss: 0.570 | Test_Acc: 80.901
| Global Round : 23/30 | Client id:1 | Local Epoch : 1/5 |  Train_Loss: 0.603 | Train_Acc: 78.752
| Global Round : 23/30 | Client id:1 | Local Epoch : 2/5 |  Train_Loss: 0.624 | Train_Acc: 78.367
| Global Round : 23/30 | Client id:1 | Local Epoch : 3/5 |  Train_Loss: 0.631 | Train_Acc: 78.127
| Global Round : 23/30 | Client id:1 | Local Epoch : 4/5 |  Train_Loss: 0.625 | Train_Acc: 78.187
| Global Round : 23/30 | Client id:1 | Local Epoch : 5/5 |  Train_Loss: 0.620 | Train_Acc: 78.673
| Client id:2 | Test_Loss: 0.564 | Test_Acc: 81.018
| Global Round : 23/30 | Client id:2 | Local Epoch : 1/5 |  Train_Loss: 0.604 | Train_Acc: 78.819
| Global Round : 23/30 | Client id:2 | Local Epoch : 2/5 |  Train_Loss: 0.624 | Train_Acc: 78.213
| Global Round : 23/30 | Client id:2 | Local Epoch : 3/5 |  Train_Loss: 0.627 | Train_Acc: 77.992
| Global Round : 23/30 | Client id:2 | Local Epoch : 4/5 |  Train_Loss: 0.632 | Train_Acc: 77.758
| Global Round : 23/30 | Client id:2 | Local Epoch : 5/5 |  Train_Loss: 0.623 | Train_Acc: 78.399
aggregating weights...
lambda: tensor([0.3464, 0.3339, 0.3196])
| Client id:0 | Test_Loss: 0.608 | Test_Acc: 79.309
| Global Round : 24/30 | Client id:0 | Local Epoch : 1/5 |  Train_Loss: 0.596 | Train_Acc: 78.830
| Global Round : 24/30 | Client id:0 | Local Epoch : 2/5 |  Train_Loss: 0.629 | Train_Acc: 77.959
| Global Round : 24/30 | Client id:0 | Local Epoch : 3/5 |  Train_Loss: 0.630 | Train_Acc: 77.953
| Global Round : 24/30 | Client id:0 | Local Epoch : 4/5 |  Train_Loss: 0.621 | Train_Acc: 78.283
| Global Round : 24/30 | Client id:0 | Local Epoch : 5/5 |  Train_Loss: 0.635 | Train_Acc: 77.731
| Client id:1 | Test_Loss: 0.565 | Test_Acc: 80.961
| Global Round : 24/30 | Client id:1 | Local Epoch : 1/5 |  Train_Loss: 0.609 | Train_Acc: 78.974
| Global Round : 24/30 | Client id:1 | Local Epoch : 2/5 |  Train_Loss: 0.617 | Train_Acc: 78.193
| Global Round : 24/30 | Client id:1 | Local Epoch : 3/5 |  Train_Loss: 0.627 | Train_Acc: 78.031
| Global Round : 24/30 | Client id:1 | Local Epoch : 4/5 |  Train_Loss: 0.625 | Train_Acc: 78.007
| Global Round : 24/30 | Client id:1 | Local Epoch : 5/5 |  Train_Loss: 0.631 | Train_Acc: 78.301
| Client id:2 | Test_Loss: 0.546 | Test_Acc: 81.287
| Global Round : 24/30 | Client id:2 | Local Epoch : 1/5 |  Train_Loss: 0.597 | Train_Acc: 78.879
| Global Round : 24/30 | Client id:2 | Local Epoch : 2/5 |  Train_Loss: 0.625 | Train_Acc: 78.225
| Global Round : 24/30 | Client id:2 | Local Epoch : 3/5 |  Train_Loss: 0.618 | Train_Acc: 78.171
| Global Round : 24/30 | Client id:2 | Local Epoch : 4/5 |  Train_Loss: 0.625 | Train_Acc: 77.962
| Global Round : 24/30 | Client id:2 | Local Epoch : 5/5 |  Train_Loss: 0.612 | Train_Acc: 78.645
aggregating weights...
lambda: tensor([0.3482, 0.3335, 0.3183])
| Client id:0 | Test_Loss: 0.592 | Test_Acc: 79.970
| Global Round : 25/30 | Client id:0 | Local Epoch : 1/5 |  Train_Loss: 0.609 | Train_Acc: 78.571
| Global Round : 25/30 | Client id:0 | Local Epoch : 2/5 |  Train_Loss: 0.610 | Train_Acc: 78.727
| Global Round : 25/30 | Client id:0 | Local Epoch : 3/5 |  Train_Loss: 0.618 | Train_Acc: 78.199
| Global Round : 25/30 | Client id:0 | Local Epoch : 4/5 |  Train_Loss: 0.634 | Train_Acc: 77.653
| Global Round : 25/30 | Client id:0 | Local Epoch : 5/5 |  Train_Loss: 0.615 | Train_Acc: 78.752
| Client id:1 | Test_Loss: 0.561 | Test_Acc: 81.321
| Global Round : 25/30 | Client id:1 | Local Epoch : 1/5 |  Train_Loss: 0.596 | Train_Acc: 78.902
| Global Round : 25/30 | Client id:1 | Local Epoch : 2/5 |  Train_Loss: 0.620 | Train_Acc: 78.355
| Global Round : 25/30 | Client id:1 | Local Epoch : 3/5 |  Train_Loss: 0.619 | Train_Acc: 78.571
| Global Round : 25/30 | Client id:1 | Local Epoch : 4/5 |  Train_Loss: 0.619 | Train_Acc: 78.535
| Global Round : 25/30 | Client id:1 | Local Epoch : 5/5 |  Train_Loss: 0.623 | Train_Acc: 78.553
| Client id:2 | Test_Loss: 0.548 | Test_Acc: 81.108
| Global Round : 25/30 | Client id:2 | Local Epoch : 1/5 |  Train_Loss: 0.597 | Train_Acc: 79.239
| Global Round : 25/30 | Client id:2 | Local Epoch : 2/5 |  Train_Loss: 0.615 | Train_Acc: 78.177
| Global Round : 25/30 | Client id:2 | Local Epoch : 3/5 |  Train_Loss: 0.622 | Train_Acc: 78.034
| Global Round : 25/30 | Client id:2 | Local Epoch : 4/5 |  Train_Loss: 0.613 | Train_Acc: 78.303
| Global Round : 25/30 | Client id:2 | Local Epoch : 5/5 |  Train_Loss: 0.625 | Train_Acc: 77.980
aggregating weights...
lambda: tensor([0.3494, 0.3332, 0.3174])
| Client id:0 | Test_Loss: 0.570 | Test_Acc: 80.661
| Global Round : 26/30 | Client id:0 | Local Epoch : 1/5 |  Train_Loss: 0.594 | Train_Acc: 79.244
| Global Round : 26/30 | Client id:0 | Local Epoch : 2/5 |  Train_Loss: 0.611 | Train_Acc: 78.547
| Global Round : 26/30 | Client id:0 | Local Epoch : 3/5 |  Train_Loss: 0.621 | Train_Acc: 78.199
| Global Round : 26/30 | Client id:0 | Local Epoch : 4/5 |  Train_Loss: 0.619 | Train_Acc: 78.253
| Global Round : 26/30 | Client id:0 | Local Epoch : 5/5 |  Train_Loss: 0.621 | Train_Acc: 78.109
| Client id:1 | Test_Loss: 0.569 | Test_Acc: 81.411
| Global Round : 26/30 | Client id:1 | Local Epoch : 1/5 |  Train_Loss: 0.606 | Train_Acc: 78.709
| Global Round : 26/30 | Client id:1 | Local Epoch : 2/5 |  Train_Loss: 0.617 | Train_Acc: 78.511
| Global Round : 26/30 | Client id:1 | Local Epoch : 3/5 |  Train_Loss: 0.617 | Train_Acc: 78.872
| Global Round : 26/30 | Client id:1 | Local Epoch : 4/5 |  Train_Loss: 0.619 | Train_Acc: 78.193
| Global Round : 26/30 | Client id:1 | Local Epoch : 5/5 |  Train_Loss: 0.614 | Train_Acc: 78.655
| Client id:2 | Test_Loss: 0.550 | Test_Acc: 81.407
| Global Round : 26/30 | Client id:2 | Local Epoch : 1/5 |  Train_Loss: 0.597 | Train_Acc: 78.717
| Global Round : 26/30 | Client id:2 | Local Epoch : 2/5 |  Train_Loss: 0.618 | Train_Acc: 78.040
| Global Round : 26/30 | Client id:2 | Local Epoch : 3/5 |  Train_Loss: 0.623 | Train_Acc: 78.177
| Global Round : 26/30 | Client id:2 | Local Epoch : 4/5 |  Train_Loss: 0.624 | Train_Acc: 78.165
| Global Round : 26/30 | Client id:2 | Local Epoch : 5/5 |  Train_Loss: 0.614 | Train_Acc: 78.681
aggregating weights...
lambda: tensor([0.3498, 0.3335, 0.3167])
| Client id:0 | Test_Loss: 0.559 | Test_Acc: 80.871
| Global Round : 27/30 | Client id:0 | Local Epoch : 1/5 |  Train_Loss: 0.598 | Train_Acc: 78.860
| Global Round : 27/30 | Client id:0 | Local Epoch : 2/5 |  Train_Loss: 0.607 | Train_Acc: 78.836
| Global Round : 27/30 | Client id:0 | Local Epoch : 3/5 |  Train_Loss: 0.612 | Train_Acc: 78.727
| Global Round : 27/30 | Client id:0 | Local Epoch : 4/5 |  Train_Loss: 0.617 | Train_Acc: 78.475
| Global Round : 27/30 | Client id:0 | Local Epoch : 5/5 |  Train_Loss: 0.614 | Train_Acc: 78.445
| Client id:1 | Test_Loss: 0.538 | Test_Acc: 81.411
| Global Round : 27/30 | Client id:1 | Local Epoch : 1/5 |  Train_Loss: 0.592 | Train_Acc: 79.478
| Global Round : 27/30 | Client id:1 | Local Epoch : 2/5 |  Train_Loss: 0.631 | Train_Acc: 77.827
| Global Round : 27/30 | Client id:1 | Local Epoch : 3/5 |  Train_Loss: 0.618 | Train_Acc: 78.818
| Global Round : 27/30 | Client id:1 | Local Epoch : 4/5 |  Train_Loss: 0.615 | Train_Acc: 78.890
| Global Round : 27/30 | Client id:1 | Local Epoch : 5/5 |  Train_Loss: 0.614 | Train_Acc: 78.655
| Client id:2 | Test_Loss: 0.539 | Test_Acc: 81.377
| Global Round : 27/30 | Client id:2 | Local Epoch : 1/5 |  Train_Loss: 0.599 | Train_Acc: 78.975
| Global Round : 27/30 | Client id:2 | Local Epoch : 2/5 |  Train_Loss: 0.623 | Train_Acc: 78.016
| Global Round : 27/30 | Client id:2 | Local Epoch : 3/5 |  Train_Loss: 0.621 | Train_Acc: 78.357
| Global Round : 27/30 | Client id:2 | Local Epoch : 4/5 |  Train_Loss: 0.611 | Train_Acc: 78.615
| Global Round : 27/30 | Client id:2 | Local Epoch : 5/5 |  Train_Loss: 0.600 | Train_Acc: 78.915
aggregating weights...
lambda: tensor([0.3505, 0.3331, 0.3164])
| Client id:0 | Test_Loss: 0.570 | Test_Acc: 80.691
| Global Round : 28/30 | Client id:0 | Local Epoch : 1/5 |  Train_Loss: 0.592 | Train_Acc: 79.412
| Global Round : 28/30 | Client id:0 | Local Epoch : 2/5 |  Train_Loss: 0.609 | Train_Acc: 78.517
| Global Round : 28/30 | Client id:0 | Local Epoch : 3/5 |  Train_Loss: 0.617 | Train_Acc: 78.481
| Global Round : 28/30 | Client id:0 | Local Epoch : 4/5 |  Train_Loss: 0.623 | Train_Acc: 78.163
| Global Round : 28/30 | Client id:0 | Local Epoch : 5/5 |  Train_Loss: 0.608 | Train_Acc: 78.517
| Client id:1 | Test_Loss: 0.536 | Test_Acc: 81.051
| Global Round : 28/30 | Client id:1 | Local Epoch : 1/5 |  Train_Loss: 0.592 | Train_Acc: 79.760
| Global Round : 28/30 | Client id:1 | Local Epoch : 2/5 |  Train_Loss: 0.608 | Train_Acc: 78.986
| Global Round : 28/30 | Client id:1 | Local Epoch : 3/5 |  Train_Loss: 0.607 | Train_Acc: 79.124
| Global Round : 28/30 | Client id:1 | Local Epoch : 4/5 |  Train_Loss: 0.615 | Train_Acc: 78.523
| Global Round : 28/30 | Client id:1 | Local Epoch : 5/5 |  Train_Loss: 0.614 | Train_Acc: 78.607
| Client id:2 | Test_Loss: 0.545 | Test_Acc: 81.467
| Global Round : 28/30 | Client id:2 | Local Epoch : 1/5 |  Train_Loss: 0.590 | Train_Acc: 79.371
| Global Round : 28/30 | Client id:2 | Local Epoch : 2/5 |  Train_Loss: 0.606 | Train_Acc: 79.005
| Global Round : 28/30 | Client id:2 | Local Epoch : 3/5 |  Train_Loss: 0.616 | Train_Acc: 78.309
| Global Round : 28/30 | Client id:2 | Local Epoch : 4/5 |  Train_Loss: 0.607 | Train_Acc: 78.687
| Global Round : 28/30 | Client id:2 | Local Epoch : 5/5 |  Train_Loss: 0.618 | Train_Acc: 78.267
aggregating weights...
lambda: tensor([0.3515, 0.3324, 0.3161])
| Client id:0 | Test_Loss: 0.607 | Test_Acc: 80.030
| Global Round : 29/30 | Client id:0 | Local Epoch : 1/5 |  Train_Loss: 0.588 | Train_Acc: 79.748
| Global Round : 29/30 | Client id:0 | Local Epoch : 2/5 |  Train_Loss: 0.612 | Train_Acc: 78.685
| Global Round : 29/30 | Client id:0 | Local Epoch : 3/5 |  Train_Loss: 0.605 | Train_Acc: 78.752
| Global Round : 29/30 | Client id:0 | Local Epoch : 4/5 |  Train_Loss: 0.611 | Train_Acc: 78.331
| Global Round : 29/30 | Client id:0 | Local Epoch : 5/5 |  Train_Loss: 0.613 | Train_Acc: 78.451
| Client id:1 | Test_Loss: 0.562 | Test_Acc: 80.450
| Global Round : 29/30 | Client id:1 | Local Epoch : 1/5 |  Train_Loss: 0.598 | Train_Acc: 79.316
| Global Round : 29/30 | Client id:1 | Local Epoch : 2/5 |  Train_Loss: 0.611 | Train_Acc: 78.848
| Global Round : 29/30 | Client id:1 | Local Epoch : 3/5 |  Train_Loss: 0.617 | Train_Acc: 78.800
| Global Round : 29/30 | Client id:1 | Local Epoch : 4/5 |  Train_Loss: 0.607 | Train_Acc: 79.142
| Global Round : 29/30 | Client id:1 | Local Epoch : 5/5 |  Train_Loss: 0.620 | Train_Acc: 78.301
| Client id:2 | Test_Loss: 0.553 | Test_Acc: 81.527
| Global Round : 29/30 | Client id:2 | Local Epoch : 1/5 |  Train_Loss: 0.588 | Train_Acc: 79.191
| Global Round : 29/30 | Client id:2 | Local Epoch : 2/5 |  Train_Loss: 0.604 | Train_Acc: 78.981
| Global Round : 29/30 | Client id:2 | Local Epoch : 3/5 |  Train_Loss: 0.602 | Train_Acc: 78.885
| Global Round : 29/30 | Client id:2 | Local Epoch : 4/5 |  Train_Loss: 0.602 | Train_Acc: 78.657
| Global Round : 29/30 | Client id:2 | Local Epoch : 5/5 |  Train_Loss: 0.614 | Train_Acc: 78.567
aggregating weights...
lambda: tensor([0.3531, 0.3318, 0.3150])
| Client id:0 | Test_Loss: 0.555 | Test_Acc: 80.270
| Global Round : 30/30 | Client id:0 | Local Epoch : 1/5 |  Train_Loss: 0.581 | Train_Acc: 79.808
| Global Round : 30/30 | Client id:0 | Local Epoch : 2/5 |  Train_Loss: 0.603 | Train_Acc: 79.100
| Global Round : 30/30 | Client id:0 | Local Epoch : 3/5 |  Train_Loss: 0.603 | Train_Acc: 78.824
| Global Round : 30/30 | Client id:0 | Local Epoch : 4/5 |  Train_Loss: 0.616 | Train_Acc: 78.079
| Global Round : 30/30 | Client id:0 | Local Epoch : 5/5 |  Train_Loss: 0.603 | Train_Acc: 78.721
| Client id:1 | Test_Loss: 0.544 | Test_Acc: 81.231
| Global Round : 30/30 | Client id:1 | Local Epoch : 1/5 |  Train_Loss: 0.599 | Train_Acc: 78.992
| Global Round : 30/30 | Client id:1 | Local Epoch : 2/5 |  Train_Loss: 0.596 | Train_Acc: 79.334
| Global Round : 30/30 | Client id:1 | Local Epoch : 3/5 |  Train_Loss: 0.607 | Train_Acc: 78.758
| Global Round : 30/30 | Client id:1 | Local Epoch : 4/5 |  Train_Loss: 0.624 | Train_Acc: 78.397
| Global Round : 30/30 | Client id:1 | Local Epoch : 5/5 |  Train_Loss: 0.608 | Train_Acc: 78.884
| Client id:2 | Test_Loss: 0.535 | Test_Acc: 82.395
| Global Round : 30/30 | Client id:2 | Local Epoch : 1/5 |  Train_Loss: 0.585 | Train_Acc: 79.263
| Global Round : 30/30 | Client id:2 | Local Epoch : 2/5 |  Train_Loss: 0.615 | Train_Acc: 78.567
| Global Round : 30/30 | Client id:2 | Local Epoch : 3/5 |  Train_Loss: 0.591 | Train_Acc: 79.472
| Global Round : 30/30 | Client id:2 | Local Epoch : 4/5 |  Train_Loss: 0.605 | Train_Acc: 78.591
| Global Round : 30/30 | Client id:2 | Local Epoch : 5/5 |  Train_Loss: 0.600 | Train_Acc: 79.293
aggregating weights...
lambda: tensor([0.3536, 0.3318, 0.3146])

Final Results
| Client id:0 | Test_Loss: 0.574 | Test_Acc: 80.661
| Client id:1 | Test_Loss: 0.534 | Test_Acc: 81.532
| Client id:2 | Test_Loss: 0.543 | Test_Acc: 81.707
