GPU will be used for training

batch_size: 32
data_dist: from_csv
dataset: fmnist
drfa_gamma: 0.05
federated_type: fedavg
from_csv: niid1
global_epochs: 30
local_epochs: 5
lr: 0.01
model: cnn
n_clients: 3
on_cuda: 1
optimizer: sgd
seed: 1
seed_num: 0
Class distribution of id:0
train [6000, 6000, 6000, 2000, 0, 0, 0, 0, 0, 0]
test [1000, 1000, 1000, 333, 0, 0, 0, 0, 0, 0]
Class distribution of id:1
train [0, 0, 0, 2000, 3000, 3000, 3000, 3000, 3000, 3000]
test [0, 0, 0, 333, 500, 500, 500, 500, 500, 500]
Class distribution of id:2
train [0, 0, 0, 2000, 3000, 3000, 3000, 3000, 3000, 3000]
test [0, 0, 0, 334, 500, 500, 500, 500, 500, 500]
| Client id:0 | Test_Loss: 2.291 | Test_Acc: 10.081
| Global Round : 1/30 | Client id:0 | Local Epoch : 1/5 |  Train_Loss: 0.308 | Train_Acc: 90.050
| Global Round : 1/30 | Client id:0 | Local Epoch : 2/5 |  Train_Loss: 0.146 | Train_Acc: 95.005
| Global Round : 1/30 | Client id:0 | Local Epoch : 3/5 |  Train_Loss: 0.126 | Train_Acc: 95.665
| Global Round : 1/30 | Client id:0 | Local Epoch : 4/5 |  Train_Loss: 0.109 | Train_Acc: 96.280
| Global Round : 1/30 | Client id:0 | Local Epoch : 5/5 |  Train_Loss: 0.097 | Train_Acc: 96.645
| Client id:1 | Test_Loss: 2.313 | Test_Acc: 0.870
| Global Round : 1/30 | Client id:1 | Local Epoch : 1/5 |  Train_Loss: 0.533 | Train_Acc: 80.465
| Global Round : 1/30 | Client id:1 | Local Epoch : 2/5 |  Train_Loss: 0.256 | Train_Acc: 90.395
| Global Round : 1/30 | Client id:1 | Local Epoch : 3/5 |  Train_Loss: 0.214 | Train_Acc: 91.960
| Global Round : 1/30 | Client id:1 | Local Epoch : 4/5 |  Train_Loss: 0.189 | Train_Acc: 92.880
| Global Round : 1/30 | Client id:1 | Local Epoch : 5/5 |  Train_Loss: 0.165 | Train_Acc: 93.850
| Client id:2 | Test_Loss: 2.313 | Test_Acc: 0.780
| Global Round : 1/30 | Client id:2 | Local Epoch : 1/5 |  Train_Loss: 0.530 | Train_Acc: 80.110
| Global Round : 1/30 | Client id:2 | Local Epoch : 2/5 |  Train_Loss: 0.265 | Train_Acc: 90.300
| Global Round : 1/30 | Client id:2 | Local Epoch : 3/5 |  Train_Loss: 0.216 | Train_Acc: 92.135
| Global Round : 1/30 | Client id:2 | Local Epoch : 4/5 |  Train_Loss: 0.189 | Train_Acc: 93.070
| Global Round : 1/30 | Client id:2 | Local Epoch : 5/5 |  Train_Loss: 0.169 | Train_Acc: 93.690
aggregating weights...
| Client id:0 | Test_Loss: 3.330 | Test_Acc: 9.781
| Global Round : 2/30 | Client id:0 | Local Epoch : 1/5 |  Train_Loss: 0.165 | Train_Acc: 94.640
| Global Round : 2/30 | Client id:0 | Local Epoch : 2/5 |  Train_Loss: 0.108 | Train_Acc: 96.250
| Global Round : 2/30 | Client id:0 | Local Epoch : 3/5 |  Train_Loss: 0.092 | Train_Acc: 96.910
| Global Round : 2/30 | Client id:0 | Local Epoch : 4/5 |  Train_Loss: 0.081 | Train_Acc: 97.115
| Global Round : 2/30 | Client id:0 | Local Epoch : 5/5 |  Train_Loss: 0.075 | Train_Acc: 97.330
| Client id:1 | Test_Loss: 0.505 | Test_Acc: 88.539
| Global Round : 2/30 | Client id:1 | Local Epoch : 1/5 |  Train_Loss: 0.208 | Train_Acc: 92.245
| Global Round : 2/30 | Client id:1 | Local Epoch : 2/5 |  Train_Loss: 0.167 | Train_Acc: 93.860
| Global Round : 2/30 | Client id:1 | Local Epoch : 3/5 |  Train_Loss: 0.146 | Train_Acc: 94.555
| Global Round : 2/30 | Client id:1 | Local Epoch : 4/5 |  Train_Loss: 0.132 | Train_Acc: 94.960
| Global Round : 2/30 | Client id:1 | Local Epoch : 5/5 |  Train_Loss: 0.122 | Train_Acc: 95.315
| Client id:2 | Test_Loss: 0.496 | Test_Acc: 89.742
| Global Round : 2/30 | Client id:2 | Local Epoch : 1/5 |  Train_Loss: 0.208 | Train_Acc: 92.450
| Global Round : 2/30 | Client id:2 | Local Epoch : 2/5 |  Train_Loss: 0.170 | Train_Acc: 93.665
| Global Round : 2/30 | Client id:2 | Local Epoch : 3/5 |  Train_Loss: 0.150 | Train_Acc: 94.415
| Global Round : 2/30 | Client id:2 | Local Epoch : 4/5 |  Train_Loss: 0.134 | Train_Acc: 95.130
| Global Round : 2/30 | Client id:2 | Local Epoch : 5/5 |  Train_Loss: 0.121 | Train_Acc: 95.485
aggregating weights...
| Client id:0 | Test_Loss: 1.223 | Test_Acc: 43.414
| Global Round : 3/30 | Client id:0 | Local Epoch : 1/5 |  Train_Loss: 0.113 | Train_Acc: 96.180
| Global Round : 3/30 | Client id:0 | Local Epoch : 2/5 |  Train_Loss: 0.083 | Train_Acc: 97.050
| Global Round : 3/30 | Client id:0 | Local Epoch : 3/5 |  Train_Loss: 0.072 | Train_Acc: 97.410
| Global Round : 3/30 | Client id:0 | Local Epoch : 4/5 |  Train_Loss: 0.060 | Train_Acc: 97.920
| Global Round : 3/30 | Client id:0 | Local Epoch : 5/5 |  Train_Loss: 0.053 | Train_Acc: 98.160
| Client id:1 | Test_Loss: 0.325 | Test_Acc: 90.909
| Global Round : 3/30 | Client id:1 | Local Epoch : 1/5 |  Train_Loss: 0.153 | Train_Acc: 94.200
| Global Round : 3/30 | Client id:1 | Local Epoch : 2/5 |  Train_Loss: 0.128 | Train_Acc: 95.170
| Global Round : 3/30 | Client id:1 | Local Epoch : 3/5 |  Train_Loss: 0.113 | Train_Acc: 95.555
| Global Round : 3/30 | Client id:1 | Local Epoch : 4/5 |  Train_Loss: 0.101 | Train_Acc: 96.315
| Global Round : 3/30 | Client id:1 | Local Epoch : 5/5 |  Train_Loss: 0.091 | Train_Acc: 96.635
| Client id:2 | Test_Loss: 0.311 | Test_Acc: 92.082
| Global Round : 3/30 | Client id:2 | Local Epoch : 1/5 |  Train_Loss: 0.153 | Train_Acc: 94.210
| Global Round : 3/30 | Client id:2 | Local Epoch : 2/5 |  Train_Loss: 0.133 | Train_Acc: 94.960
| Global Round : 3/30 | Client id:2 | Local Epoch : 3/5 |  Train_Loss: 0.113 | Train_Acc: 95.825
| Global Round : 3/30 | Client id:2 | Local Epoch : 4/5 |  Train_Loss: 0.101 | Train_Acc: 96.215
| Global Round : 3/30 | Client id:2 | Local Epoch : 5/5 |  Train_Loss: 0.091 | Train_Acc: 96.625
aggregating weights...
| Client id:0 | Test_Loss: 1.393 | Test_Acc: 42.004
| Global Round : 4/30 | Client id:0 | Local Epoch : 1/5 |  Train_Loss: 0.095 | Train_Acc: 96.715
| Global Round : 4/30 | Client id:0 | Local Epoch : 2/5 |  Train_Loss: 0.064 | Train_Acc: 97.750
| Global Round : 4/30 | Client id:0 | Local Epoch : 3/5 |  Train_Loss: 0.054 | Train_Acc: 98.090
| Global Round : 4/30 | Client id:0 | Local Epoch : 4/5 |  Train_Loss: 0.047 | Train_Acc: 98.335
| Global Round : 4/30 | Client id:0 | Local Epoch : 5/5 |  Train_Loss: 0.040 | Train_Acc: 98.680
| Client id:1 | Test_Loss: 0.264 | Test_Acc: 91.719
| Global Round : 4/30 | Client id:1 | Local Epoch : 1/5 |  Train_Loss: 0.127 | Train_Acc: 95.155
| Global Round : 4/30 | Client id:1 | Local Epoch : 2/5 |  Train_Loss: 0.104 | Train_Acc: 96.110
| Global Round : 4/30 | Client id:1 | Local Epoch : 3/5 |  Train_Loss: 0.090 | Train_Acc: 96.630
| Global Round : 4/30 | Client id:1 | Local Epoch : 4/5 |  Train_Loss: 0.082 | Train_Acc: 96.950
| Global Round : 4/30 | Client id:1 | Local Epoch : 5/5 |  Train_Loss: 0.073 | Train_Acc: 97.330
| Client id:2 | Test_Loss: 0.238 | Test_Acc: 92.651
| Global Round : 4/30 | Client id:2 | Local Epoch : 1/5 |  Train_Loss: 0.127 | Train_Acc: 95.335
| Global Round : 4/30 | Client id:2 | Local Epoch : 2/5 |  Train_Loss: 0.104 | Train_Acc: 96.020
| Global Round : 4/30 | Client id:2 | Local Epoch : 3/5 |  Train_Loss: 0.089 | Train_Acc: 96.625
| Global Round : 4/30 | Client id:2 | Local Epoch : 4/5 |  Train_Loss: 0.079 | Train_Acc: 96.940
| Global Round : 4/30 | Client id:2 | Local Epoch : 5/5 |  Train_Loss: 0.066 | Train_Acc: 97.590
aggregating weights...
| Client id:0 | Test_Loss: 1.234 | Test_Acc: 48.995
| Global Round : 5/30 | Client id:0 | Local Epoch : 1/5 |  Train_Loss: 0.080 | Train_Acc: 97.155
| Global Round : 5/30 | Client id:0 | Local Epoch : 2/5 |  Train_Loss: 0.050 | Train_Acc: 98.275
| Global Round : 5/30 | Client id:0 | Local Epoch : 3/5 |  Train_Loss: 0.041 | Train_Acc: 98.500
| Global Round : 5/30 | Client id:0 | Local Epoch : 4/5 |  Train_Loss: 0.034 | Train_Acc: 98.820
| Global Round : 5/30 | Client id:0 | Local Epoch : 5/5 |  Train_Loss: 0.028 | Train_Acc: 99.120
| Client id:1 | Test_Loss: 0.238 | Test_Acc: 92.679
| Global Round : 5/30 | Client id:1 | Local Epoch : 1/5 |  Train_Loss: 0.106 | Train_Acc: 95.955
| Global Round : 5/30 | Client id:1 | Local Epoch : 2/5 |  Train_Loss: 0.086 | Train_Acc: 96.740
| Global Round : 5/30 | Client id:1 | Local Epoch : 3/5 |  Train_Loss: 0.075 | Train_Acc: 97.120
| Global Round : 5/30 | Client id:1 | Local Epoch : 4/5 |  Train_Loss: 0.063 | Train_Acc: 97.755
| Global Round : 5/30 | Client id:1 | Local Epoch : 5/5 |  Train_Loss: 0.061 | Train_Acc: 97.655
| Client id:2 | Test_Loss: 0.215 | Test_Acc: 93.311
| Global Round : 5/30 | Client id:2 | Local Epoch : 1/5 |  Train_Loss: 0.109 | Train_Acc: 95.980
| Global Round : 5/30 | Client id:2 | Local Epoch : 2/5 |  Train_Loss: 0.087 | Train_Acc: 96.850
| Global Round : 5/30 | Client id:2 | Local Epoch : 3/5 |  Train_Loss: 0.074 | Train_Acc: 97.255
| Global Round : 5/30 | Client id:2 | Local Epoch : 4/5 |  Train_Loss: 0.063 | Train_Acc: 97.690
| Global Round : 5/30 | Client id:2 | Local Epoch : 5/5 |  Train_Loss: 0.055 | Train_Acc: 97.980
aggregating weights...
| Client id:0 | Test_Loss: 1.093 | Test_Acc: 58.446
| Global Round : 6/30 | Client id:0 | Local Epoch : 1/5 |  Train_Loss: 0.066 | Train_Acc: 97.570
| Global Round : 6/30 | Client id:0 | Local Epoch : 2/5 |  Train_Loss: 0.041 | Train_Acc: 98.595
| Global Round : 6/30 | Client id:0 | Local Epoch : 3/5 |  Train_Loss: 0.034 | Train_Acc: 98.895
| Global Round : 6/30 | Client id:0 | Local Epoch : 4/5 |  Train_Loss: 0.025 | Train_Acc: 99.135
| Global Round : 6/30 | Client id:0 | Local Epoch : 5/5 |  Train_Loss: 0.022 | Train_Acc: 99.245
| Client id:1 | Test_Loss: 0.260 | Test_Acc: 91.929
| Global Round : 6/30 | Client id:1 | Local Epoch : 1/5 |  Train_Loss: 0.094 | Train_Acc: 96.575
| Global Round : 6/30 | Client id:1 | Local Epoch : 2/5 |  Train_Loss: 0.074 | Train_Acc: 97.280
| Global Round : 6/30 | Client id:1 | Local Epoch : 3/5 |  Train_Loss: 0.059 | Train_Acc: 97.800
| Global Round : 6/30 | Client id:1 | Local Epoch : 4/5 |  Train_Loss: 0.051 | Train_Acc: 98.050
| Global Round : 6/30 | Client id:1 | Local Epoch : 5/5 |  Train_Loss: 0.044 | Train_Acc: 98.430
| Client id:2 | Test_Loss: 0.231 | Test_Acc: 92.621
| Global Round : 6/30 | Client id:2 | Local Epoch : 1/5 |  Train_Loss: 0.092 | Train_Acc: 96.550
| Global Round : 6/30 | Client id:2 | Local Epoch : 2/5 |  Train_Loss: 0.071 | Train_Acc: 97.375
| Global Round : 6/30 | Client id:2 | Local Epoch : 3/5 |  Train_Loss: 0.059 | Train_Acc: 97.825
| Global Round : 6/30 | Client id:2 | Local Epoch : 4/5 |  Train_Loss: 0.050 | Train_Acc: 98.225
| Global Round : 6/30 | Client id:2 | Local Epoch : 5/5 |  Train_Loss: 0.047 | Train_Acc: 98.270
aggregating weights...
| Client id:0 | Test_Loss: 1.006 | Test_Acc: 62.976
| Global Round : 7/30 | Client id:0 | Local Epoch : 1/5 |  Train_Loss: 0.062 | Train_Acc: 97.795
| Global Round : 7/30 | Client id:0 | Local Epoch : 2/5 |  Train_Loss: 0.035 | Train_Acc: 98.890
| Global Round : 7/30 | Client id:0 | Local Epoch : 3/5 |  Train_Loss: 0.027 | Train_Acc: 99.105
| Global Round : 7/30 | Client id:0 | Local Epoch : 4/5 |  Train_Loss: 0.022 | Train_Acc: 99.225
| Global Round : 7/30 | Client id:0 | Local Epoch : 5/5 |  Train_Loss: 0.020 | Train_Acc: 99.350
| Client id:1 | Test_Loss: 0.272 | Test_Acc: 91.449
| Global Round : 7/30 | Client id:1 | Local Epoch : 1/5 |  Train_Loss: 0.082 | Train_Acc: 96.880
| Global Round : 7/30 | Client id:1 | Local Epoch : 2/5 |  Train_Loss: 0.066 | Train_Acc: 97.430
| Global Round : 7/30 | Client id:1 | Local Epoch : 3/5 |  Train_Loss: 0.052 | Train_Acc: 98.085
| Global Round : 7/30 | Client id:1 | Local Epoch : 4/5 |  Train_Loss: 0.042 | Train_Acc: 98.495
| Global Round : 7/30 | Client id:1 | Local Epoch : 5/5 |  Train_Loss: 0.035 | Train_Acc: 98.855
| Client id:2 | Test_Loss: 0.241 | Test_Acc: 92.501
| Global Round : 7/30 | Client id:2 | Local Epoch : 1/5 |  Train_Loss: 0.082 | Train_Acc: 96.900
| Global Round : 7/30 | Client id:2 | Local Epoch : 2/5 |  Train_Loss: 0.062 | Train_Acc: 97.745
| Global Round : 7/30 | Client id:2 | Local Epoch : 3/5 |  Train_Loss: 0.050 | Train_Acc: 98.220
| Global Round : 7/30 | Client id:2 | Local Epoch : 4/5 |  Train_Loss: 0.041 | Train_Acc: 98.490
| Global Round : 7/30 | Client id:2 | Local Epoch : 5/5 |  Train_Loss: 0.039 | Train_Acc: 98.675
aggregating weights...
| Client id:0 | Test_Loss: 1.144 | Test_Acc: 55.776
| Global Round : 8/30 | Client id:0 | Local Epoch : 1/5 |  Train_Loss: 0.052 | Train_Acc: 98.185
| Global Round : 8/30 | Client id:0 | Local Epoch : 2/5 |  Train_Loss: 0.029 | Train_Acc: 99.000
| Global Round : 8/30 | Client id:0 | Local Epoch : 3/5 |  Train_Loss: 0.022 | Train_Acc: 99.315
| Global Round : 8/30 | Client id:0 | Local Epoch : 4/5 |  Train_Loss: 0.015 | Train_Acc: 99.590
| Global Round : 8/30 | Client id:0 | Local Epoch : 5/5 |  Train_Loss: 0.015 | Train_Acc: 99.540
| Client id:1 | Test_Loss: 0.224 | Test_Acc: 92.949
| Global Round : 8/30 | Client id:1 | Local Epoch : 1/5 |  Train_Loss: 0.072 | Train_Acc: 97.425
| Global Round : 8/30 | Client id:1 | Local Epoch : 2/5 |  Train_Loss: 0.058 | Train_Acc: 98.000
| Global Round : 8/30 | Client id:1 | Local Epoch : 3/5 |  Train_Loss: 0.042 | Train_Acc: 98.555
| Global Round : 8/30 | Client id:1 | Local Epoch : 4/5 |  Train_Loss: 0.039 | Train_Acc: 98.550
| Global Round : 8/30 | Client id:1 | Local Epoch : 5/5 |  Train_Loss: 0.032 | Train_Acc: 98.890
| Client id:2 | Test_Loss: 0.202 | Test_Acc: 93.821
| Global Round : 8/30 | Client id:2 | Local Epoch : 1/5 |  Train_Loss: 0.073 | Train_Acc: 97.245
| Global Round : 8/30 | Client id:2 | Local Epoch : 2/5 |  Train_Loss: 0.054 | Train_Acc: 98.040
| Global Round : 8/30 | Client id:2 | Local Epoch : 3/5 |  Train_Loss: 0.046 | Train_Acc: 98.420
| Global Round : 8/30 | Client id:2 | Local Epoch : 4/5 |  Train_Loss: 0.035 | Train_Acc: 98.820
| Global Round : 8/30 | Client id:2 | Local Epoch : 5/5 |  Train_Loss: 0.031 | Train_Acc: 98.985
aggregating weights...
| Client id:0 | Test_Loss: 0.932 | Test_Acc: 63.366
| Global Round : 9/30 | Client id:0 | Local Epoch : 1/5 |  Train_Loss: 0.047 | Train_Acc: 98.340
| Global Round : 9/30 | Client id:0 | Local Epoch : 2/5 |  Train_Loss: 0.024 | Train_Acc: 99.180
| Global Round : 9/30 | Client id:0 | Local Epoch : 3/5 |  Train_Loss: 0.020 | Train_Acc: 99.355
| Global Round : 9/30 | Client id:0 | Local Epoch : 4/5 |  Train_Loss: 0.013 | Train_Acc: 99.565
| Global Round : 9/30 | Client id:0 | Local Epoch : 5/5 |  Train_Loss: 0.011 | Train_Acc: 99.700
| Client id:1 | Test_Loss: 0.267 | Test_Acc: 91.329
| Global Round : 9/30 | Client id:1 | Local Epoch : 1/5 |  Train_Loss: 0.066 | Train_Acc: 97.500
| Global Round : 9/30 | Client id:1 | Local Epoch : 2/5 |  Train_Loss: 0.048 | Train_Acc: 98.220
| Global Round : 9/30 | Client id:1 | Local Epoch : 3/5 |  Train_Loss: 0.040 | Train_Acc: 98.660
| Global Round : 9/30 | Client id:1 | Local Epoch : 4/5 |  Train_Loss: 0.030 | Train_Acc: 98.985
| Global Round : 9/30 | Client id:1 | Local Epoch : 5/5 |  Train_Loss: 0.026 | Train_Acc: 99.160
| Client id:2 | Test_Loss: 0.245 | Test_Acc: 92.112
| Global Round : 9/30 | Client id:2 | Local Epoch : 1/5 |  Train_Loss: 0.065 | Train_Acc: 97.520
| Global Round : 9/30 | Client id:2 | Local Epoch : 2/5 |  Train_Loss: 0.049 | Train_Acc: 98.295
| Global Round : 9/30 | Client id:2 | Local Epoch : 3/5 |  Train_Loss: 0.036 | Train_Acc: 98.735
| Global Round : 9/30 | Client id:2 | Local Epoch : 4/5 |  Train_Loss: 0.031 | Train_Acc: 98.910
| Global Round : 9/30 | Client id:2 | Local Epoch : 5/5 |  Train_Loss: 0.027 | Train_Acc: 99.035
aggregating weights...
| Client id:0 | Test_Loss: 1.073 | Test_Acc: 61.626
| Global Round : 10/30 | Client id:0 | Local Epoch : 1/5 |  Train_Loss: 0.046 | Train_Acc: 98.370
| Global Round : 10/30 | Client id:0 | Local Epoch : 2/5 |  Train_Loss: 0.024 | Train_Acc: 99.225
| Global Round : 10/30 | Client id:0 | Local Epoch : 3/5 |  Train_Loss: 0.018 | Train_Acc: 99.455
| Global Round : 10/30 | Client id:0 | Local Epoch : 4/5 |  Train_Loss: 0.014 | Train_Acc: 99.575
| Global Round : 10/30 | Client id:0 | Local Epoch : 5/5 |  Train_Loss: 0.010 | Train_Acc: 99.685
| Client id:1 | Test_Loss: 0.251 | Test_Acc: 92.199
| Global Round : 10/30 | Client id:1 | Local Epoch : 1/5 |  Train_Loss: 0.060 | Train_Acc: 97.805
| Global Round : 10/30 | Client id:1 | Local Epoch : 2/5 |  Train_Loss: 0.045 | Train_Acc: 98.425
| Global Round : 10/30 | Client id:1 | Local Epoch : 3/5 |  Train_Loss: 0.035 | Train_Acc: 98.695
| Global Round : 10/30 | Client id:1 | Local Epoch : 4/5 |  Train_Loss: 0.028 | Train_Acc: 99.030
| Global Round : 10/30 | Client id:1 | Local Epoch : 5/5 |  Train_Loss: 0.025 | Train_Acc: 99.125
| Client id:2 | Test_Loss: 0.236 | Test_Acc: 92.771
| Global Round : 10/30 | Client id:2 | Local Epoch : 1/5 |  Train_Loss: 0.060 | Train_Acc: 97.710
| Global Round : 10/30 | Client id:2 | Local Epoch : 2/5 |  Train_Loss: 0.045 | Train_Acc: 98.325
| Global Round : 10/30 | Client id:2 | Local Epoch : 3/5 |  Train_Loss: 0.034 | Train_Acc: 98.805
| Global Round : 10/30 | Client id:2 | Local Epoch : 4/5 |  Train_Loss: 0.029 | Train_Acc: 99.050
| Global Round : 10/30 | Client id:2 | Local Epoch : 5/5 |  Train_Loss: 0.022 | Train_Acc: 99.300
aggregating weights...
| Client id:0 | Test_Loss: 1.124 | Test_Acc: 58.986
| Global Round : 11/30 | Client id:0 | Local Epoch : 1/5 |  Train_Loss: 0.042 | Train_Acc: 98.475
| Global Round : 11/30 | Client id:0 | Local Epoch : 2/5 |  Train_Loss: 0.021 | Train_Acc: 99.325
| Global Round : 11/30 | Client id:0 | Local Epoch : 3/5 |  Train_Loss: 0.014 | Train_Acc: 99.590
| Global Round : 11/30 | Client id:0 | Local Epoch : 4/5 |  Train_Loss: 0.009 | Train_Acc: 99.760
| Global Round : 11/30 | Client id:0 | Local Epoch : 5/5 |  Train_Loss: 0.009 | Train_Acc: 99.755
| Client id:1 | Test_Loss: 0.255 | Test_Acc: 92.289
| Global Round : 11/30 | Client id:1 | Local Epoch : 1/5 |  Train_Loss: 0.056 | Train_Acc: 97.930
| Global Round : 11/30 | Client id:1 | Local Epoch : 2/5 |  Train_Loss: 0.040 | Train_Acc: 98.545
| Global Round : 11/30 | Client id:1 | Local Epoch : 3/5 |  Train_Loss: 0.037 | Train_Acc: 98.670
| Global Round : 11/30 | Client id:1 | Local Epoch : 4/5 |  Train_Loss: 0.029 | Train_Acc: 99.020
| Global Round : 11/30 | Client id:1 | Local Epoch : 5/5 |  Train_Loss: 0.021 | Train_Acc: 99.325
| Client id:2 | Test_Loss: 0.232 | Test_Acc: 93.281
| Global Round : 11/30 | Client id:2 | Local Epoch : 1/5 |  Train_Loss: 0.057 | Train_Acc: 97.870
| Global Round : 11/30 | Client id:2 | Local Epoch : 2/5 |  Train_Loss: 0.038 | Train_Acc: 98.660
| Global Round : 11/30 | Client id:2 | Local Epoch : 3/5 |  Train_Loss: 0.032 | Train_Acc: 98.890
| Global Round : 11/30 | Client id:2 | Local Epoch : 4/5 |  Train_Loss: 0.028 | Train_Acc: 99.050
| Global Round : 11/30 | Client id:2 | Local Epoch : 5/5 |  Train_Loss: 0.020 | Train_Acc: 99.405
aggregating weights...
| Client id:0 | Test_Loss: 0.998 | Test_Acc: 62.046
| Global Round : 12/30 | Client id:0 | Local Epoch : 1/5 |  Train_Loss: 0.040 | Train_Acc: 98.610
| Global Round : 12/30 | Client id:0 | Local Epoch : 2/5 |  Train_Loss: 0.020 | Train_Acc: 99.340
| Global Round : 12/30 | Client id:0 | Local Epoch : 3/5 |  Train_Loss: 0.013 | Train_Acc: 99.615
| Global Round : 12/30 | Client id:0 | Local Epoch : 4/5 |  Train_Loss: 0.012 | Train_Acc: 99.620
| Global Round : 12/30 | Client id:0 | Local Epoch : 5/5 |  Train_Loss: 0.009 | Train_Acc: 99.785
| Client id:1 | Test_Loss: 0.258 | Test_Acc: 92.079
| Global Round : 12/30 | Client id:1 | Local Epoch : 1/5 |  Train_Loss: 0.056 | Train_Acc: 97.960
| Global Round : 12/30 | Client id:1 | Local Epoch : 2/5 |  Train_Loss: 0.039 | Train_Acc: 98.580
| Global Round : 12/30 | Client id:1 | Local Epoch : 3/5 |  Train_Loss: 0.031 | Train_Acc: 98.945
| Global Round : 12/30 | Client id:1 | Local Epoch : 4/5 |  Train_Loss: 0.022 | Train_Acc: 99.355
| Global Round : 12/30 | Client id:1 | Local Epoch : 5/5 |  Train_Loss: 0.022 | Train_Acc: 99.290
| Client id:2 | Test_Loss: 0.236 | Test_Acc: 93.011
| Global Round : 12/30 | Client id:2 | Local Epoch : 1/5 |  Train_Loss: 0.051 | Train_Acc: 98.035
| Global Round : 12/30 | Client id:2 | Local Epoch : 2/5 |  Train_Loss: 0.037 | Train_Acc: 98.680
| Global Round : 12/30 | Client id:2 | Local Epoch : 3/5 |  Train_Loss: 0.027 | Train_Acc: 99.100
| Global Round : 12/30 | Client id:2 | Local Epoch : 4/5 |  Train_Loss: 0.020 | Train_Acc: 99.345
| Global Round : 12/30 | Client id:2 | Local Epoch : 5/5 |  Train_Loss: 0.021 | Train_Acc: 99.325
aggregating weights...
| Client id:0 | Test_Loss: 0.828 | Test_Acc: 69.307
| Global Round : 13/30 | Client id:0 | Local Epoch : 1/5 |  Train_Loss: 0.035 | Train_Acc: 98.800
| Global Round : 13/30 | Client id:0 | Local Epoch : 2/5 |  Train_Loss: 0.023 | Train_Acc: 99.170
| Global Round : 13/30 | Client id:0 | Local Epoch : 3/5 |  Train_Loss: 0.014 | Train_Acc: 99.600
| Global Round : 13/30 | Client id:0 | Local Epoch : 4/5 |  Train_Loss: 0.007 | Train_Acc: 99.800
| Global Round : 13/30 | Client id:0 | Local Epoch : 5/5 |  Train_Loss: 0.005 | Train_Acc: 99.905
| Client id:1 | Test_Loss: 0.285 | Test_Acc: 91.359
| Global Round : 13/30 | Client id:1 | Local Epoch : 1/5 |  Train_Loss: 0.052 | Train_Acc: 98.075
| Global Round : 13/30 | Client id:1 | Local Epoch : 2/5 |  Train_Loss: 0.036 | Train_Acc: 98.770
| Global Round : 13/30 | Client id:1 | Local Epoch : 3/5 |  Train_Loss: 0.029 | Train_Acc: 99.095
| Global Round : 13/30 | Client id:1 | Local Epoch : 4/5 |  Train_Loss: 0.023 | Train_Acc: 99.240
| Global Round : 13/30 | Client id:1 | Local Epoch : 5/5 |  Train_Loss: 0.022 | Train_Acc: 99.275
| Client id:2 | Test_Loss: 0.268 | Test_Acc: 91.542
| Global Round : 13/30 | Client id:2 | Local Epoch : 1/5 |  Train_Loss: 0.055 | Train_Acc: 97.985
| Global Round : 13/30 | Client id:2 | Local Epoch : 2/5 |  Train_Loss: 0.036 | Train_Acc: 98.710
| Global Round : 13/30 | Client id:2 | Local Epoch : 3/5 |  Train_Loss: 0.027 | Train_Acc: 99.085
| Global Round : 13/30 | Client id:2 | Local Epoch : 4/5 |  Train_Loss: 0.022 | Train_Acc: 99.255
| Global Round : 13/30 | Client id:2 | Local Epoch : 5/5 |  Train_Loss: 0.020 | Train_Acc: 99.300
aggregating weights...
| Client id:0 | Test_Loss: 0.993 | Test_Acc: 64.866
| Global Round : 14/30 | Client id:0 | Local Epoch : 1/5 |  Train_Loss: 0.037 | Train_Acc: 98.735
| Global Round : 14/30 | Client id:0 | Local Epoch : 2/5 |  Train_Loss: 0.017 | Train_Acc: 99.445
| Global Round : 14/30 | Client id:0 | Local Epoch : 3/5 |  Train_Loss: 0.011 | Train_Acc: 99.700
| Global Round : 14/30 | Client id:0 | Local Epoch : 4/5 |  Train_Loss: 0.007 | Train_Acc: 99.825
| Global Round : 14/30 | Client id:0 | Local Epoch : 5/5 |  Train_Loss: 0.006 | Train_Acc: 99.865
| Client id:1 | Test_Loss: 0.265 | Test_Acc: 92.289
| Global Round : 14/30 | Client id:1 | Local Epoch : 1/5 |  Train_Loss: 0.050 | Train_Acc: 98.180
| Global Round : 14/30 | Client id:1 | Local Epoch : 2/5 |  Train_Loss: 0.032 | Train_Acc: 98.830
| Global Round : 14/30 | Client id:1 | Local Epoch : 3/5 |  Train_Loss: 0.026 | Train_Acc: 99.120
| Global Round : 14/30 | Client id:1 | Local Epoch : 4/5 |  Train_Loss: 0.019 | Train_Acc: 99.405
| Global Round : 14/30 | Client id:1 | Local Epoch : 5/5 |  Train_Loss: 0.020 | Train_Acc: 99.360
| Client id:2 | Test_Loss: 0.245 | Test_Acc: 92.801
| Global Round : 14/30 | Client id:2 | Local Epoch : 1/5 |  Train_Loss: 0.051 | Train_Acc: 98.070
| Global Round : 14/30 | Client id:2 | Local Epoch : 2/5 |  Train_Loss: 0.032 | Train_Acc: 98.920
| Global Round : 14/30 | Client id:2 | Local Epoch : 3/5 |  Train_Loss: 0.022 | Train_Acc: 99.290
| Global Round : 14/30 | Client id:2 | Local Epoch : 4/5 |  Train_Loss: 0.022 | Train_Acc: 99.295
| Global Round : 14/30 | Client id:2 | Local Epoch : 5/5 |  Train_Loss: 0.016 | Train_Acc: 99.510
aggregating weights...
| Client id:0 | Test_Loss: 0.869 | Test_Acc: 69.247
| Global Round : 15/30 | Client id:0 | Local Epoch : 1/5 |  Train_Loss: 0.038 | Train_Acc: 98.720
| Global Round : 15/30 | Client id:0 | Local Epoch : 2/5 |  Train_Loss: 0.016 | Train_Acc: 99.525
| Global Round : 15/30 | Client id:0 | Local Epoch : 3/5 |  Train_Loss: 0.009 | Train_Acc: 99.745
| Global Round : 15/30 | Client id:0 | Local Epoch : 4/5 |  Train_Loss: 0.010 | Train_Acc: 99.730
| Global Round : 15/30 | Client id:0 | Local Epoch : 5/5 |  Train_Loss: 0.006 | Train_Acc: 99.875
| Client id:1 | Test_Loss: 0.268 | Test_Acc: 91.929
| Global Round : 15/30 | Client id:1 | Local Epoch : 1/5 |  Train_Loss: 0.044 | Train_Acc: 98.450
| Global Round : 15/30 | Client id:1 | Local Epoch : 2/5 |  Train_Loss: 0.032 | Train_Acc: 98.900
| Global Round : 15/30 | Client id:1 | Local Epoch : 3/5 |  Train_Loss: 0.025 | Train_Acc: 99.140
| Global Round : 15/30 | Client id:1 | Local Epoch : 4/5 |  Train_Loss: 0.019 | Train_Acc: 99.370
| Global Round : 15/30 | Client id:1 | Local Epoch : 5/5 |  Train_Loss: 0.015 | Train_Acc: 99.535
| Client id:2 | Test_Loss: 0.261 | Test_Acc: 92.172
| Global Round : 15/30 | Client id:2 | Local Epoch : 1/5 |  Train_Loss: 0.044 | Train_Acc: 98.405
| Global Round : 15/30 | Client id:2 | Local Epoch : 2/5 |  Train_Loss: 0.032 | Train_Acc: 98.870
| Global Round : 15/30 | Client id:2 | Local Epoch : 3/5 |  Train_Loss: 0.028 | Train_Acc: 99.065
| Global Round : 15/30 | Client id:2 | Local Epoch : 4/5 |  Train_Loss: 0.020 | Train_Acc: 99.345
| Global Round : 15/30 | Client id:2 | Local Epoch : 5/5 |  Train_Loss: 0.017 | Train_Acc: 99.495
aggregating weights...
| Client id:0 | Test_Loss: 0.798 | Test_Acc: 69.577
| Global Round : 16/30 | Client id:0 | Local Epoch : 1/5 |  Train_Loss: 0.038 | Train_Acc: 98.705
| Global Round : 16/30 | Client id:0 | Local Epoch : 2/5 |  Train_Loss: 0.015 | Train_Acc: 99.540
| Global Round : 16/30 | Client id:0 | Local Epoch : 3/5 |  Train_Loss: 0.009 | Train_Acc: 99.755
| Global Round : 16/30 | Client id:0 | Local Epoch : 4/5 |  Train_Loss: 0.007 | Train_Acc: 99.805
| Global Round : 16/30 | Client id:0 | Local Epoch : 5/5 |  Train_Loss: 0.006 | Train_Acc: 99.835
| Client id:1 | Test_Loss: 0.280 | Test_Acc: 91.449
| Global Round : 16/30 | Client id:1 | Local Epoch : 1/5 |  Train_Loss: 0.045 | Train_Acc: 98.385
| Global Round : 16/30 | Client id:1 | Local Epoch : 2/5 |  Train_Loss: 0.032 | Train_Acc: 98.955
| Global Round : 16/30 | Client id:1 | Local Epoch : 3/5 |  Train_Loss: 0.027 | Train_Acc: 99.075
| Global Round : 16/30 | Client id:1 | Local Epoch : 4/5 |  Train_Loss: 0.020 | Train_Acc: 99.320
| Global Round : 16/30 | Client id:1 | Local Epoch : 5/5 |  Train_Loss: 0.018 | Train_Acc: 99.430
| Client id:2 | Test_Loss: 0.263 | Test_Acc: 91.812
| Global Round : 16/30 | Client id:2 | Local Epoch : 1/5 |  Train_Loss: 0.042 | Train_Acc: 98.590
| Global Round : 16/30 | Client id:2 | Local Epoch : 2/5 |  Train_Loss: 0.030 | Train_Acc: 98.945
| Global Round : 16/30 | Client id:2 | Local Epoch : 3/5 |  Train_Loss: 0.026 | Train_Acc: 99.130
| Global Round : 16/30 | Client id:2 | Local Epoch : 4/5 |  Train_Loss: 0.020 | Train_Acc: 99.365
| Global Round : 16/30 | Client id:2 | Local Epoch : 5/5 |  Train_Loss: 0.019 | Train_Acc: 99.380
aggregating weights...
| Client id:0 | Test_Loss: 1.021 | Test_Acc: 63.936
| Global Round : 17/30 | Client id:0 | Local Epoch : 1/5 |  Train_Loss: 0.038 | Train_Acc: 98.615
| Global Round : 17/30 | Client id:0 | Local Epoch : 2/5 |  Train_Loss: 0.016 | Train_Acc: 99.510
| Global Round : 17/30 | Client id:0 | Local Epoch : 3/5 |  Train_Loss: 0.010 | Train_Acc: 99.720
| Global Round : 17/30 | Client id:0 | Local Epoch : 4/5 |  Train_Loss: 0.006 | Train_Acc: 99.875
| Global Round : 17/30 | Client id:0 | Local Epoch : 5/5 |  Train_Loss: 0.003 | Train_Acc: 99.945
| Client id:1 | Test_Loss: 0.260 | Test_Acc: 91.839
| Global Round : 17/30 | Client id:1 | Local Epoch : 1/5 |  Train_Loss: 0.044 | Train_Acc: 98.470
| Global Round : 17/30 | Client id:1 | Local Epoch : 2/5 |  Train_Loss: 0.034 | Train_Acc: 98.740
| Global Round : 17/30 | Client id:1 | Local Epoch : 3/5 |  Train_Loss: 0.019 | Train_Acc: 99.380
| Global Round : 17/30 | Client id:1 | Local Epoch : 4/5 |  Train_Loss: 0.017 | Train_Acc: 99.440
| Global Round : 17/30 | Client id:1 | Local Epoch : 5/5 |  Train_Loss: 0.015 | Train_Acc: 99.550
| Client id:2 | Test_Loss: 0.244 | Test_Acc: 92.741
| Global Round : 17/30 | Client id:2 | Local Epoch : 1/5 |  Train_Loss: 0.042 | Train_Acc: 98.565
| Global Round : 17/30 | Client id:2 | Local Epoch : 2/5 |  Train_Loss: 0.027 | Train_Acc: 99.125
| Global Round : 17/30 | Client id:2 | Local Epoch : 3/5 |  Train_Loss: 0.022 | Train_Acc: 99.275
| Global Round : 17/30 | Client id:2 | Local Epoch : 4/5 |  Train_Loss: 0.017 | Train_Acc: 99.480
| Global Round : 17/30 | Client id:2 | Local Epoch : 5/5 |  Train_Loss: 0.013 | Train_Acc: 99.565
aggregating weights...
| Client id:0 | Test_Loss: 0.850 | Test_Acc: 67.687
| Global Round : 18/30 | Client id:0 | Local Epoch : 1/5 |  Train_Loss: 0.033 | Train_Acc: 98.835
| Global Round : 18/30 | Client id:0 | Local Epoch : 2/5 |  Train_Loss: 0.021 | Train_Acc: 99.360
| Global Round : 18/30 | Client id:0 | Local Epoch : 3/5 |  Train_Loss: 0.011 | Train_Acc: 99.675
| Global Round : 18/30 | Client id:0 | Local Epoch : 4/5 |  Train_Loss: 0.005 | Train_Acc: 99.915
| Global Round : 18/30 | Client id:0 | Local Epoch : 5/5 |  Train_Loss: 0.003 | Train_Acc: 99.975
| Client id:1 | Test_Loss: 0.275 | Test_Acc: 91.599
| Global Round : 18/30 | Client id:1 | Local Epoch : 1/5 |  Train_Loss: 0.047 | Train_Acc: 98.430
| Global Round : 18/30 | Client id:1 | Local Epoch : 2/5 |  Train_Loss: 0.032 | Train_Acc: 98.980
| Global Round : 18/30 | Client id:1 | Local Epoch : 3/5 |  Train_Loss: 0.017 | Train_Acc: 99.520
| Global Round : 18/30 | Client id:1 | Local Epoch : 4/5 |  Train_Loss: 0.019 | Train_Acc: 99.435
| Global Round : 18/30 | Client id:1 | Local Epoch : 5/5 |  Train_Loss: 0.010 | Train_Acc: 99.740
| Client id:2 | Test_Loss: 0.272 | Test_Acc: 92.022
| Global Round : 18/30 | Client id:2 | Local Epoch : 1/5 |  Train_Loss: 0.038 | Train_Acc: 98.640
| Global Round : 18/30 | Client id:2 | Local Epoch : 2/5 |  Train_Loss: 0.031 | Train_Acc: 98.920
| Global Round : 18/30 | Client id:2 | Local Epoch : 3/5 |  Train_Loss: 0.024 | Train_Acc: 99.195
| Global Round : 18/30 | Client id:2 | Local Epoch : 4/5 |  Train_Loss: 0.016 | Train_Acc: 99.510
| Global Round : 18/30 | Client id:2 | Local Epoch : 5/5 |  Train_Loss: 0.011 | Train_Acc: 99.655
aggregating weights...
| Client id:0 | Test_Loss: 1.052 | Test_Acc: 63.066
| Global Round : 19/30 | Client id:0 | Local Epoch : 1/5 |  Train_Loss: 0.035 | Train_Acc: 98.655
| Global Round : 19/30 | Client id:0 | Local Epoch : 2/5 |  Train_Loss: 0.018 | Train_Acc: 99.435
| Global Round : 19/30 | Client id:0 | Local Epoch : 3/5 |  Train_Loss: 0.012 | Train_Acc: 99.670
| Global Round : 19/30 | Client id:0 | Local Epoch : 4/5 |  Train_Loss: 0.007 | Train_Acc: 99.840
| Global Round : 19/30 | Client id:0 | Local Epoch : 5/5 |  Train_Loss: 0.005 | Train_Acc: 99.920
| Client id:1 | Test_Loss: 0.254 | Test_Acc: 92.169
| Global Round : 19/30 | Client id:1 | Local Epoch : 1/5 |  Train_Loss: 0.044 | Train_Acc: 98.460
| Global Round : 19/30 | Client id:1 | Local Epoch : 2/5 |  Train_Loss: 0.031 | Train_Acc: 98.940
| Global Round : 19/30 | Client id:1 | Local Epoch : 3/5 |  Train_Loss: 0.022 | Train_Acc: 99.365
| Global Round : 19/30 | Client id:1 | Local Epoch : 4/5 |  Train_Loss: 0.020 | Train_Acc: 99.330
| Global Round : 19/30 | Client id:1 | Local Epoch : 5/5 |  Train_Loss: 0.011 | Train_Acc: 99.685
| Client id:2 | Test_Loss: 0.248 | Test_Acc: 93.041
| Global Round : 19/30 | Client id:2 | Local Epoch : 1/5 |  Train_Loss: 0.040 | Train_Acc: 98.695
| Global Round : 19/30 | Client id:2 | Local Epoch : 2/5 |  Train_Loss: 0.030 | Train_Acc: 98.990
| Global Round : 19/30 | Client id:2 | Local Epoch : 3/5 |  Train_Loss: 0.021 | Train_Acc: 99.330
| Global Round : 19/30 | Client id:2 | Local Epoch : 4/5 |  Train_Loss: 0.017 | Train_Acc: 99.460
| Global Round : 19/30 | Client id:2 | Local Epoch : 5/5 |  Train_Loss: 0.016 | Train_Acc: 99.465
aggregating weights...
| Client id:0 | Test_Loss: 0.880 | Test_Acc: 67.207
| Global Round : 20/30 | Client id:0 | Local Epoch : 1/5 |  Train_Loss: 0.033 | Train_Acc: 98.955
| Global Round : 20/30 | Client id:0 | Local Epoch : 2/5 |  Train_Loss: 0.017 | Train_Acc: 99.445
| Global Round : 20/30 | Client id:0 | Local Epoch : 3/5 |  Train_Loss: 0.009 | Train_Acc: 99.770
| Global Round : 20/30 | Client id:0 | Local Epoch : 4/5 |  Train_Loss: 0.005 | Train_Acc: 99.870
| Global Round : 20/30 | Client id:0 | Local Epoch : 5/5 |  Train_Loss: 0.005 | Train_Acc: 99.900
| Client id:1 | Test_Loss: 0.257 | Test_Acc: 92.289
| Global Round : 20/30 | Client id:1 | Local Epoch : 1/5 |  Train_Loss: 0.044 | Train_Acc: 98.325
| Global Round : 20/30 | Client id:1 | Local Epoch : 2/5 |  Train_Loss: 0.028 | Train_Acc: 99.055
| Global Round : 20/30 | Client id:1 | Local Epoch : 3/5 |  Train_Loss: 0.020 | Train_Acc: 99.375
| Global Round : 20/30 | Client id:1 | Local Epoch : 4/5 |  Train_Loss: 0.018 | Train_Acc: 99.455
| Global Round : 20/30 | Client id:1 | Local Epoch : 5/5 |  Train_Loss: 0.011 | Train_Acc: 99.690
| Client id:2 | Test_Loss: 0.257 | Test_Acc: 92.681
| Global Round : 20/30 | Client id:2 | Local Epoch : 1/5 |  Train_Loss: 0.041 | Train_Acc: 98.565
| Global Round : 20/30 | Client id:2 | Local Epoch : 2/5 |  Train_Loss: 0.030 | Train_Acc: 98.930
| Global Round : 20/30 | Client id:2 | Local Epoch : 3/5 |  Train_Loss: 0.019 | Train_Acc: 99.395
| Global Round : 20/30 | Client id:2 | Local Epoch : 4/5 |  Train_Loss: 0.017 | Train_Acc: 99.430
| Global Round : 20/30 | Client id:2 | Local Epoch : 5/5 |  Train_Loss: 0.008 | Train_Acc: 99.835
aggregating weights...
| Client id:0 | Test_Loss: 0.904 | Test_Acc: 67.987
| Global Round : 21/30 | Client id:0 | Local Epoch : 1/5 |  Train_Loss: 0.032 | Train_Acc: 98.955
| Global Round : 21/30 | Client id:0 | Local Epoch : 2/5 |  Train_Loss: 0.014 | Train_Acc: 99.560
| Global Round : 21/30 | Client id:0 | Local Epoch : 3/5 |  Train_Loss: 0.008 | Train_Acc: 99.845
| Global Round : 21/30 | Client id:0 | Local Epoch : 4/5 |  Train_Loss: 0.006 | Train_Acc: 99.845
| Global Round : 21/30 | Client id:0 | Local Epoch : 5/5 |  Train_Loss: 0.004 | Train_Acc: 99.915
| Client id:1 | Test_Loss: 0.260 | Test_Acc: 92.049
| Global Round : 21/30 | Client id:1 | Local Epoch : 1/5 |  Train_Loss: 0.044 | Train_Acc: 98.440
| Global Round : 21/30 | Client id:1 | Local Epoch : 2/5 |  Train_Loss: 0.029 | Train_Acc: 99.075
| Global Round : 21/30 | Client id:1 | Local Epoch : 3/5 |  Train_Loss: 0.027 | Train_Acc: 99.150
| Global Round : 21/30 | Client id:1 | Local Epoch : 4/5 |  Train_Loss: 0.018 | Train_Acc: 99.450
| Global Round : 21/30 | Client id:1 | Local Epoch : 5/5 |  Train_Loss: 0.011 | Train_Acc: 99.745
| Client id:2 | Test_Loss: 0.257 | Test_Acc: 92.531
| Global Round : 21/30 | Client id:2 | Local Epoch : 1/5 |  Train_Loss: 0.040 | Train_Acc: 98.705
| Global Round : 21/30 | Client id:2 | Local Epoch : 2/5 |  Train_Loss: 0.031 | Train_Acc: 98.965
| Global Round : 21/30 | Client id:2 | Local Epoch : 3/5 |  Train_Loss: 0.024 | Train_Acc: 99.210
| Global Round : 21/30 | Client id:2 | Local Epoch : 4/5 |  Train_Loss: 0.015 | Train_Acc: 99.500
| Global Round : 21/30 | Client id:2 | Local Epoch : 5/5 |  Train_Loss: 0.014 | Train_Acc: 99.595
aggregating weights...
| Client id:0 | Test_Loss: 1.023 | Test_Acc: 61.716
| Global Round : 22/30 | Client id:0 | Local Epoch : 1/5 |  Train_Loss: 0.036 | Train_Acc: 98.660
| Global Round : 22/30 | Client id:0 | Local Epoch : 2/5 |  Train_Loss: 0.016 | Train_Acc: 99.490
| Global Round : 22/30 | Client id:0 | Local Epoch : 3/5 |  Train_Loss: 0.010 | Train_Acc: 99.720
| Global Round : 22/30 | Client id:0 | Local Epoch : 4/5 |  Train_Loss: 0.006 | Train_Acc: 99.875
| Global Round : 22/30 | Client id:0 | Local Epoch : 5/5 |  Train_Loss: 0.005 | Train_Acc: 99.925
| Client id:1 | Test_Loss: 0.250 | Test_Acc: 92.529
| Global Round : 22/30 | Client id:1 | Local Epoch : 1/5 |  Train_Loss: 0.038 | Train_Acc: 98.710
| Global Round : 22/30 | Client id:1 | Local Epoch : 2/5 |  Train_Loss: 0.029 | Train_Acc: 99.135
| Global Round : 22/30 | Client id:1 | Local Epoch : 3/5 |  Train_Loss: 0.017 | Train_Acc: 99.540
| Global Round : 22/30 | Client id:1 | Local Epoch : 4/5 |  Train_Loss: 0.013 | Train_Acc: 99.650
| Global Round : 22/30 | Client id:1 | Local Epoch : 5/5 |  Train_Loss: 0.012 | Train_Acc: 99.680
| Client id:2 | Test_Loss: 0.250 | Test_Acc: 93.041
| Global Round : 22/30 | Client id:2 | Local Epoch : 1/5 |  Train_Loss: 0.037 | Train_Acc: 98.810
| Global Round : 22/30 | Client id:2 | Local Epoch : 2/5 |  Train_Loss: 0.023 | Train_Acc: 99.295
| Global Round : 22/30 | Client id:2 | Local Epoch : 3/5 |  Train_Loss: 0.019 | Train_Acc: 99.410
| Global Round : 22/30 | Client id:2 | Local Epoch : 4/5 |  Train_Loss: 0.017 | Train_Acc: 99.505
| Global Round : 22/30 | Client id:2 | Local Epoch : 5/5 |  Train_Loss: 0.020 | Train_Acc: 99.280
aggregating weights...
| Client id:0 | Test_Loss: 1.031 | Test_Acc: 61.026
| Global Round : 23/30 | Client id:0 | Local Epoch : 1/5 |  Train_Loss: 0.030 | Train_Acc: 98.975
| Global Round : 23/30 | Client id:0 | Local Epoch : 2/5 |  Train_Loss: 0.014 | Train_Acc: 99.590
| Global Round : 23/30 | Client id:0 | Local Epoch : 3/5 |  Train_Loss: 0.005 | Train_Acc: 99.910
| Global Round : 23/30 | Client id:0 | Local Epoch : 4/5 |  Train_Loss: 0.003 | Train_Acc: 99.970
| Global Round : 23/30 | Client id:0 | Local Epoch : 5/5 |  Train_Loss: 0.002 | Train_Acc: 100.000
| Client id:1 | Test_Loss: 0.247 | Test_Acc: 92.709
| Global Round : 23/30 | Client id:1 | Local Epoch : 1/5 |  Train_Loss: 0.040 | Train_Acc: 98.695
| Global Round : 23/30 | Client id:1 | Local Epoch : 2/5 |  Train_Loss: 0.023 | Train_Acc: 99.295
| Global Round : 23/30 | Client id:1 | Local Epoch : 3/5 |  Train_Loss: 0.017 | Train_Acc: 99.430
| Global Round : 23/30 | Client id:1 | Local Epoch : 4/5 |  Train_Loss: 0.017 | Train_Acc: 99.475
| Global Round : 23/30 | Client id:1 | Local Epoch : 5/5 |  Train_Loss: 0.008 | Train_Acc: 99.835
| Client id:2 | Test_Loss: 0.240 | Test_Acc: 93.491
| Global Round : 23/30 | Client id:2 | Local Epoch : 1/5 |  Train_Loss: 0.035 | Train_Acc: 98.910
| Global Round : 23/30 | Client id:2 | Local Epoch : 2/5 |  Train_Loss: 0.026 | Train_Acc: 99.105
| Global Round : 23/30 | Client id:2 | Local Epoch : 3/5 |  Train_Loss: 0.027 | Train_Acc: 99.055
| Global Round : 23/30 | Client id:2 | Local Epoch : 4/5 |  Train_Loss: 0.012 | Train_Acc: 99.660
| Global Round : 23/30 | Client id:2 | Local Epoch : 5/5 |  Train_Loss: 0.012 | Train_Acc: 99.605
aggregating weights...
| Client id:0 | Test_Loss: 0.943 | Test_Acc: 67.207
| Global Round : 24/30 | Client id:0 | Local Epoch : 1/5 |  Train_Loss: 0.035 | Train_Acc: 98.790
| Global Round : 24/30 | Client id:0 | Local Epoch : 2/5 |  Train_Loss: 0.017 | Train_Acc: 99.495
| Global Round : 24/30 | Client id:0 | Local Epoch : 3/5 |  Train_Loss: 0.013 | Train_Acc: 99.600
| Global Round : 24/30 | Client id:0 | Local Epoch : 4/5 |  Train_Loss: 0.006 | Train_Acc: 99.845
| Global Round : 24/30 | Client id:0 | Local Epoch : 5/5 |  Train_Loss: 0.006 | Train_Acc: 99.890
| Client id:1 | Test_Loss: 0.272 | Test_Acc: 91.989
| Global Round : 24/30 | Client id:1 | Local Epoch : 1/5 |  Train_Loss: 0.044 | Train_Acc: 98.525
| Global Round : 24/30 | Client id:1 | Local Epoch : 2/5 |  Train_Loss: 0.026 | Train_Acc: 99.160
| Global Round : 24/30 | Client id:1 | Local Epoch : 3/5 |  Train_Loss: 0.021 | Train_Acc: 99.305
| Global Round : 24/30 | Client id:1 | Local Epoch : 4/5 |  Train_Loss: 0.016 | Train_Acc: 99.560
| Global Round : 24/30 | Client id:1 | Local Epoch : 5/5 |  Train_Loss: 0.010 | Train_Acc: 99.745
| Client id:2 | Test_Loss: 0.259 | Test_Acc: 92.621
| Global Round : 24/30 | Client id:2 | Local Epoch : 1/5 |  Train_Loss: 0.035 | Train_Acc: 98.880
| Global Round : 24/30 | Client id:2 | Local Epoch : 2/5 |  Train_Loss: 0.025 | Train_Acc: 99.260
| Global Round : 24/30 | Client id:2 | Local Epoch : 3/5 |  Train_Loss: 0.020 | Train_Acc: 99.415
| Global Round : 24/30 | Client id:2 | Local Epoch : 4/5 |  Train_Loss: 0.012 | Train_Acc: 99.665
| Global Round : 24/30 | Client id:2 | Local Epoch : 5/5 |  Train_Loss: 0.012 | Train_Acc: 99.685
aggregating weights...
| Client id:0 | Test_Loss: 0.804 | Test_Acc: 70.147
| Global Round : 25/30 | Client id:0 | Local Epoch : 1/5 |  Train_Loss: 0.032 | Train_Acc: 98.900
| Global Round : 25/30 | Client id:0 | Local Epoch : 2/5 |  Train_Loss: 0.013 | Train_Acc: 99.605
| Global Round : 25/30 | Client id:0 | Local Epoch : 3/5 |  Train_Loss: 0.010 | Train_Acc: 99.730
| Global Round : 25/30 | Client id:0 | Local Epoch : 4/5 |  Train_Loss: 0.008 | Train_Acc: 99.790
| Global Round : 25/30 | Client id:0 | Local Epoch : 5/5 |  Train_Loss: 0.002 | Train_Acc: 99.990
| Client id:1 | Test_Loss: 0.279 | Test_Acc: 91.659
| Global Round : 25/30 | Client id:1 | Local Epoch : 1/5 |  Train_Loss: 0.039 | Train_Acc: 98.685
| Global Round : 25/30 | Client id:1 | Local Epoch : 2/5 |  Train_Loss: 0.031 | Train_Acc: 99.000
| Global Round : 25/30 | Client id:1 | Local Epoch : 3/5 |  Train_Loss: 0.027 | Train_Acc: 99.115
| Global Round : 25/30 | Client id:1 | Local Epoch : 4/5 |  Train_Loss: 0.022 | Train_Acc: 99.260
| Global Round : 25/30 | Client id:1 | Local Epoch : 5/5 |  Train_Loss: 0.009 | Train_Acc: 99.830
| Client id:2 | Test_Loss: 0.279 | Test_Acc: 91.662
| Global Round : 25/30 | Client id:2 | Local Epoch : 1/5 |  Train_Loss: 0.038 | Train_Acc: 98.745
| Global Round : 25/30 | Client id:2 | Local Epoch : 2/5 |  Train_Loss: 0.028 | Train_Acc: 99.030
| Global Round : 25/30 | Client id:2 | Local Epoch : 3/5 |  Train_Loss: 0.015 | Train_Acc: 99.560
| Global Round : 25/30 | Client id:2 | Local Epoch : 4/5 |  Train_Loss: 0.010 | Train_Acc: 99.790
| Global Round : 25/30 | Client id:2 | Local Epoch : 5/5 |  Train_Loss: 0.007 | Train_Acc: 99.895
aggregating weights...
| Client id:0 | Test_Loss: 1.059 | Test_Acc: 63.066
| Global Round : 26/30 | Client id:0 | Local Epoch : 1/5 |  Train_Loss: 0.033 | Train_Acc: 98.740
| Global Round : 26/30 | Client id:0 | Local Epoch : 2/5 |  Train_Loss: 0.012 | Train_Acc: 99.660
| Global Round : 26/30 | Client id:0 | Local Epoch : 3/5 |  Train_Loss: 0.005 | Train_Acc: 99.920
| Global Round : 26/30 | Client id:0 | Local Epoch : 4/5 |  Train_Loss: 0.003 | Train_Acc: 99.970
| Global Round : 26/30 | Client id:0 | Local Epoch : 5/5 |  Train_Loss: 0.002 | Train_Acc: 99.990
| Client id:1 | Test_Loss: 0.262 | Test_Acc: 92.499
| Global Round : 26/30 | Client id:1 | Local Epoch : 1/5 |  Train_Loss: 0.034 | Train_Acc: 98.850
| Global Round : 26/30 | Client id:1 | Local Epoch : 2/5 |  Train_Loss: 0.023 | Train_Acc: 99.300
| Global Round : 26/30 | Client id:1 | Local Epoch : 3/5 |  Train_Loss: 0.019 | Train_Acc: 99.340
| Global Round : 26/30 | Client id:1 | Local Epoch : 4/5 |  Train_Loss: 0.016 | Train_Acc: 99.485
| Global Round : 26/30 | Client id:1 | Local Epoch : 5/5 |  Train_Loss: 0.015 | Train_Acc: 99.565
| Client id:2 | Test_Loss: 0.265 | Test_Acc: 92.861
| Global Round : 26/30 | Client id:2 | Local Epoch : 1/5 |  Train_Loss: 0.041 | Train_Acc: 98.580
| Global Round : 26/30 | Client id:2 | Local Epoch : 2/5 |  Train_Loss: 0.026 | Train_Acc: 99.090
| Global Round : 26/30 | Client id:2 | Local Epoch : 3/5 |  Train_Loss: 0.021 | Train_Acc: 99.305
| Global Round : 26/30 | Client id:2 | Local Epoch : 4/5 |  Train_Loss: 0.016 | Train_Acc: 99.490
| Global Round : 26/30 | Client id:2 | Local Epoch : 5/5 |  Train_Loss: 0.012 | Train_Acc: 99.640
aggregating weights...
| Client id:0 | Test_Loss: 0.782 | Test_Acc: 72.637
| Global Round : 27/30 | Client id:0 | Local Epoch : 1/5 |  Train_Loss: 0.036 | Train_Acc: 98.785
| Global Round : 27/30 | Client id:0 | Local Epoch : 2/5 |  Train_Loss: 0.019 | Train_Acc: 99.365
| Global Round : 27/30 | Client id:0 | Local Epoch : 3/5 |  Train_Loss: 0.009 | Train_Acc: 99.705
| Global Round : 27/30 | Client id:0 | Local Epoch : 4/5 |  Train_Loss: 0.005 | Train_Acc: 99.885
| Global Round : 27/30 | Client id:0 | Local Epoch : 5/5 |  Train_Loss: 0.004 | Train_Acc: 99.930
| Client id:1 | Test_Loss: 0.285 | Test_Acc: 91.419
| Global Round : 27/30 | Client id:1 | Local Epoch : 1/5 |  Train_Loss: 0.038 | Train_Acc: 98.635
| Global Round : 27/30 | Client id:1 | Local Epoch : 2/5 |  Train_Loss: 0.024 | Train_Acc: 99.285
| Global Round : 27/30 | Client id:1 | Local Epoch : 3/5 |  Train_Loss: 0.019 | Train_Acc: 99.445
| Global Round : 27/30 | Client id:1 | Local Epoch : 4/5 |  Train_Loss: 0.015 | Train_Acc: 99.570
| Global Round : 27/30 | Client id:1 | Local Epoch : 5/5 |  Train_Loss: 0.014 | Train_Acc: 99.610
| Client id:2 | Test_Loss: 0.283 | Test_Acc: 91.842
| Global Round : 27/30 | Client id:2 | Local Epoch : 1/5 |  Train_Loss: 0.038 | Train_Acc: 98.670
| Global Round : 27/30 | Client id:2 | Local Epoch : 2/5 |  Train_Loss: 0.024 | Train_Acc: 99.155
| Global Round : 27/30 | Client id:2 | Local Epoch : 3/5 |  Train_Loss: 0.019 | Train_Acc: 99.395
| Global Round : 27/30 | Client id:2 | Local Epoch : 4/5 |  Train_Loss: 0.011 | Train_Acc: 99.760
| Global Round : 27/30 | Client id:2 | Local Epoch : 5/5 |  Train_Loss: 0.011 | Train_Acc: 99.655
aggregating weights...
| Client id:0 | Test_Loss: 1.008 | Test_Acc: 63.126
| Global Round : 28/30 | Client id:0 | Local Epoch : 1/5 |  Train_Loss: 0.032 | Train_Acc: 98.920
| Global Round : 28/30 | Client id:0 | Local Epoch : 2/5 |  Train_Loss: 0.013 | Train_Acc: 99.580
| Global Round : 28/30 | Client id:0 | Local Epoch : 3/5 |  Train_Loss: 0.012 | Train_Acc: 99.650
| Global Round : 28/30 | Client id:0 | Local Epoch : 4/5 |  Train_Loss: 0.005 | Train_Acc: 99.890
| Global Round : 28/30 | Client id:0 | Local Epoch : 5/5 |  Train_Loss: 0.002 | Train_Acc: 99.990
| Client id:1 | Test_Loss: 0.249 | Test_Acc: 92.409
| Global Round : 28/30 | Client id:1 | Local Epoch : 1/5 |  Train_Loss: 0.038 | Train_Acc: 98.675
| Global Round : 28/30 | Client id:1 | Local Epoch : 2/5 |  Train_Loss: 0.024 | Train_Acc: 99.220
| Global Round : 28/30 | Client id:1 | Local Epoch : 3/5 |  Train_Loss: 0.016 | Train_Acc: 99.500
| Global Round : 28/30 | Client id:1 | Local Epoch : 4/5 |  Train_Loss: 0.014 | Train_Acc: 99.570
| Global Round : 28/30 | Client id:1 | Local Epoch : 5/5 |  Train_Loss: 0.009 | Train_Acc: 99.780
| Client id:2 | Test_Loss: 0.245 | Test_Acc: 93.041
| Global Round : 28/30 | Client id:2 | Local Epoch : 1/5 |  Train_Loss: 0.039 | Train_Acc: 98.660
| Global Round : 28/30 | Client id:2 | Local Epoch : 2/5 |  Train_Loss: 0.023 | Train_Acc: 99.290
| Global Round : 28/30 | Client id:2 | Local Epoch : 3/5 |  Train_Loss: 0.021 | Train_Acc: 99.355
| Global Round : 28/30 | Client id:2 | Local Epoch : 4/5 |  Train_Loss: 0.016 | Train_Acc: 99.550
| Global Round : 28/30 | Client id:2 | Local Epoch : 5/5 |  Train_Loss: 0.014 | Train_Acc: 99.620
aggregating weights...
| Client id:0 | Test_Loss: 0.813 | Test_Acc: 71.587
| Global Round : 29/30 | Client id:0 | Local Epoch : 1/5 |  Train_Loss: 0.031 | Train_Acc: 98.990
| Global Round : 29/30 | Client id:0 | Local Epoch : 2/5 |  Train_Loss: 0.018 | Train_Acc: 99.445
| Global Round : 29/30 | Client id:0 | Local Epoch : 3/5 |  Train_Loss: 0.009 | Train_Acc: 99.770
| Global Round : 29/30 | Client id:0 | Local Epoch : 4/5 |  Train_Loss: 0.005 | Train_Acc: 99.900
| Global Round : 29/30 | Client id:0 | Local Epoch : 5/5 |  Train_Loss: 0.003 | Train_Acc: 99.945
| Client id:1 | Test_Loss: 0.275 | Test_Acc: 91.749
| Global Round : 29/30 | Client id:1 | Local Epoch : 1/5 |  Train_Loss: 0.039 | Train_Acc: 98.650
| Global Round : 29/30 | Client id:1 | Local Epoch : 2/5 |  Train_Loss: 0.024 | Train_Acc: 99.270
| Global Round : 29/30 | Client id:1 | Local Epoch : 3/5 |  Train_Loss: 0.016 | Train_Acc: 99.545
| Global Round : 29/30 | Client id:1 | Local Epoch : 4/5 |  Train_Loss: 0.010 | Train_Acc: 99.750
| Global Round : 29/30 | Client id:1 | Local Epoch : 5/5 |  Train_Loss: 0.006 | Train_Acc: 99.885
| Client id:2 | Test_Loss: 0.272 | Test_Acc: 92.322
| Global Round : 29/30 | Client id:2 | Local Epoch : 1/5 |  Train_Loss: 0.037 | Train_Acc: 98.730
| Global Round : 29/30 | Client id:2 | Local Epoch : 2/5 |  Train_Loss: 0.027 | Train_Acc: 99.065
| Global Round : 29/30 | Client id:2 | Local Epoch : 3/5 |  Train_Loss: 0.018 | Train_Acc: 99.480
| Global Round : 29/30 | Client id:2 | Local Epoch : 4/5 |  Train_Loss: 0.009 | Train_Acc: 99.800
| Global Round : 29/30 | Client id:2 | Local Epoch : 5/5 |  Train_Loss: 0.007 | Train_Acc: 99.855
aggregating weights...
| Client id:0 | Test_Loss: 0.711 | Test_Acc: 76.028
| Global Round : 30/30 | Client id:0 | Local Epoch : 1/5 |  Train_Loss: 0.033 | Train_Acc: 98.815
| Global Round : 30/30 | Client id:0 | Local Epoch : 2/5 |  Train_Loss: 0.012 | Train_Acc: 99.675
| Global Round : 30/30 | Client id:0 | Local Epoch : 3/5 |  Train_Loss: 0.008 | Train_Acc: 99.795
| Global Round : 30/30 | Client id:0 | Local Epoch : 4/5 |  Train_Loss: 0.003 | Train_Acc: 99.960
| Global Round : 30/30 | Client id:0 | Local Epoch : 5/5 |  Train_Loss: 0.001 | Train_Acc: 100.000
| Client id:1 | Test_Loss: 0.332 | Test_Acc: 89.649
| Global Round : 30/30 | Client id:1 | Local Epoch : 1/5 |  Train_Loss: 0.039 | Train_Acc: 98.770
| Global Round : 30/30 | Client id:1 | Local Epoch : 2/5 |  Train_Loss: 0.029 | Train_Acc: 99.085
| Global Round : 30/30 | Client id:1 | Local Epoch : 3/5 |  Train_Loss: 0.020 | Train_Acc: 99.385
| Global Round : 30/30 | Client id:1 | Local Epoch : 4/5 |  Train_Loss: 0.021 | Train_Acc: 99.390
| Global Round : 30/30 | Client id:1 | Local Epoch : 5/5 |  Train_Loss: 0.011 | Train_Acc: 99.705
| Client id:2 | Test_Loss: 0.319 | Test_Acc: 90.312
| Global Round : 30/30 | Client id:2 | Local Epoch : 1/5 |  Train_Loss: 0.038 | Train_Acc: 98.710
| Global Round : 30/30 | Client id:2 | Local Epoch : 2/5 |  Train_Loss: 0.025 | Train_Acc: 99.170
| Global Round : 30/30 | Client id:2 | Local Epoch : 3/5 |  Train_Loss: 0.019 | Train_Acc: 99.395
| Global Round : 30/30 | Client id:2 | Local Epoch : 4/5 |  Train_Loss: 0.018 | Train_Acc: 99.450
| Global Round : 30/30 | Client id:2 | Local Epoch : 5/5 |  Train_Loss: 0.009 | Train_Acc: 99.740
aggregating weights...

Final Results
| Client id:0 | Test_Loss: 1.178 | Test_Acc: 59.196
| Client id:1 | Test_Loss: 0.236 | Test_Acc: 92.949
| Client id:2 | Test_Loss: 0.232 | Test_Acc: 93.641
