GPU will be used for training

batch_size: 32
data_dist: from_csv
dataset: mnist
drfa_gamma: 0.05
federated_type: fedavg
from_csv: niid1
global_epochs: 30
local_epochs: 5
lr: 0.01
model: cnn
n_clients: 3
on_cuda: 1
optimizer: sgd
seed: 1
seed_num: 0
Class distribution of id:0
train [5923, 6742, 5958, 2043, 0, 0, 0, 0, 0, 0]
test [980, 1135, 1032, 336, 0, 0, 0, 0, 0, 0]
Class distribution of id:1
train [0, 0, 0, 2043, 2921, 2710, 2959, 3132, 2925, 2974]
test [0, 0, 0, 336, 491, 446, 479, 514, 487, 504]
Class distribution of id:2
train [0, 0, 0, 2045, 2921, 2711, 2959, 3133, 2926, 2975]
test [0, 0, 0, 338, 491, 446, 479, 514, 487, 505]
| Client id:0 | Test_Loss: 2.281 | Test_Acc: 19.983
| Global Round : 1/30 | Client id:0 | Local Epoch : 1/5 |  Train_Loss: 0.167 | Train_Acc: 95.069
| Global Round : 1/30 | Client id:0 | Local Epoch : 2/5 |  Train_Loss: 0.037 | Train_Acc: 98.863
| Global Round : 1/30 | Client id:0 | Local Epoch : 3/5 |  Train_Loss: 0.023 | Train_Acc: 99.294
| Global Round : 1/30 | Client id:0 | Local Epoch : 4/5 |  Train_Loss: 0.016 | Train_Acc: 99.516
| Global Round : 1/30 | Client id:0 | Local Epoch : 5/5 |  Train_Loss: 0.014 | Train_Acc: 99.521
| Client id:1 | Test_Loss: 2.314 | Test_Acc: 4.605
| Global Round : 1/30 | Client id:1 | Local Epoch : 1/5 |  Train_Loss: 0.410 | Train_Acc: 85.801
| Global Round : 1/30 | Client id:1 | Local Epoch : 2/5 |  Train_Loss: 0.091 | Train_Acc: 96.933
| Global Round : 1/30 | Client id:1 | Local Epoch : 3/5 |  Train_Loss: 0.057 | Train_Acc: 98.235
| Global Round : 1/30 | Client id:1 | Local Epoch : 4/5 |  Train_Loss: 0.041 | Train_Acc: 98.668
| Global Round : 1/30 | Client id:1 | Local Epoch : 5/5 |  Train_Loss: 0.032 | Train_Acc: 98.963
| Client id:2 | Test_Loss: 2.315 | Test_Acc: 4.939
| Global Round : 1/30 | Client id:2 | Local Epoch : 1/5 |  Train_Loss: 0.408 | Train_Acc: 86.080
| Global Round : 1/30 | Client id:2 | Local Epoch : 2/5 |  Train_Loss: 0.092 | Train_Acc: 97.163
| Global Round : 1/30 | Client id:2 | Local Epoch : 3/5 |  Train_Loss: 0.060 | Train_Acc: 98.190
| Global Round : 1/30 | Client id:2 | Local Epoch : 4/5 |  Train_Loss: 0.046 | Train_Acc: 98.495
| Global Round : 1/30 | Client id:2 | Local Epoch : 5/5 |  Train_Loss: 0.034 | Train_Acc: 98.851
aggregating weights...
| Client id:0 | Test_Loss: 2.778 | Test_Acc: 11.054
| Global Round : 2/30 | Client id:0 | Local Epoch : 1/5 |  Train_Loss: 0.046 | Train_Acc: 98.602
| Global Round : 2/30 | Client id:0 | Local Epoch : 2/5 |  Train_Loss: 0.014 | Train_Acc: 99.560
| Global Round : 2/30 | Client id:0 | Local Epoch : 3/5 |  Train_Loss: 0.008 | Train_Acc: 99.744
| Global Round : 2/30 | Client id:0 | Local Epoch : 4/5 |  Train_Loss: 0.006 | Train_Acc: 99.792
| Global Round : 2/30 | Client id:0 | Local Epoch : 5/5 |  Train_Loss: 0.003 | Train_Acc: 99.937
| Client id:1 | Test_Loss: 0.208 | Test_Acc: 96.531
| Global Round : 2/30 | Client id:1 | Local Epoch : 1/5 |  Train_Loss: 0.066 | Train_Acc: 97.925
| Global Round : 2/30 | Client id:1 | Local Epoch : 2/5 |  Train_Loss: 0.040 | Train_Acc: 98.718
| Global Round : 2/30 | Client id:1 | Local Epoch : 3/5 |  Train_Loss: 0.031 | Train_Acc: 99.003
| Global Round : 2/30 | Client id:1 | Local Epoch : 4/5 |  Train_Loss: 0.022 | Train_Acc: 99.263
| Global Round : 2/30 | Client id:1 | Local Epoch : 5/5 |  Train_Loss: 0.015 | Train_Acc: 99.497
| Client id:2 | Test_Loss: 0.220 | Test_Acc: 96.135
| Global Round : 2/30 | Client id:2 | Local Epoch : 1/5 |  Train_Loss: 0.066 | Train_Acc: 98.094
| Global Round : 2/30 | Client id:2 | Local Epoch : 2/5 |  Train_Loss: 0.040 | Train_Acc: 98.729
| Global Round : 2/30 | Client id:2 | Local Epoch : 3/5 |  Train_Loss: 0.030 | Train_Acc: 99.085
| Global Round : 2/30 | Client id:2 | Local Epoch : 4/5 |  Train_Loss: 0.024 | Train_Acc: 99.237
| Global Round : 2/30 | Client id:2 | Local Epoch : 5/5 |  Train_Loss: 0.017 | Train_Acc: 99.390
aggregating weights...
| Client id:0 | Test_Loss: 0.793 | Test_Acc: 77.347
| Global Round : 3/30 | Client id:0 | Local Epoch : 1/5 |  Train_Loss: 0.022 | Train_Acc: 99.294
| Global Round : 3/30 | Client id:0 | Local Epoch : 2/5 |  Train_Loss: 0.009 | Train_Acc: 99.681
| Global Round : 3/30 | Client id:0 | Local Epoch : 3/5 |  Train_Loss: 0.005 | Train_Acc: 99.874
| Global Round : 3/30 | Client id:0 | Local Epoch : 4/5 |  Train_Loss: 0.001 | Train_Acc: 99.971
| Global Round : 3/30 | Client id:0 | Local Epoch : 5/5 |  Train_Loss: 0.001 | Train_Acc: 99.981
| Client id:1 | Test_Loss: 0.064 | Test_Acc: 97.974
| Global Round : 3/30 | Client id:1 | Local Epoch : 1/5 |  Train_Loss: 0.033 | Train_Acc: 98.881
| Global Round : 3/30 | Client id:1 | Local Epoch : 2/5 |  Train_Loss: 0.025 | Train_Acc: 99.191
| Global Round : 3/30 | Client id:1 | Local Epoch : 3/5 |  Train_Loss: 0.018 | Train_Acc: 99.410
| Global Round : 3/30 | Client id:1 | Local Epoch : 4/5 |  Train_Loss: 0.015 | Train_Acc: 99.532
| Global Round : 3/30 | Client id:1 | Local Epoch : 5/5 |  Train_Loss: 0.009 | Train_Acc: 99.730
| Client id:2 | Test_Loss: 0.069 | Test_Acc: 97.822
| Global Round : 3/30 | Client id:2 | Local Epoch : 1/5 |  Train_Loss: 0.040 | Train_Acc: 98.699
| Global Round : 3/30 | Client id:2 | Local Epoch : 2/5 |  Train_Loss: 0.026 | Train_Acc: 99.217
| Global Round : 3/30 | Client id:2 | Local Epoch : 3/5 |  Train_Loss: 0.018 | Train_Acc: 99.410
| Global Round : 3/30 | Client id:2 | Local Epoch : 4/5 |  Train_Loss: 0.016 | Train_Acc: 99.466
| Global Round : 3/30 | Client id:2 | Local Epoch : 5/5 |  Train_Loss: 0.009 | Train_Acc: 99.725
aggregating weights...
| Client id:0 | Test_Loss: 0.739 | Test_Acc: 77.204
| Global Round : 4/30 | Client id:0 | Local Epoch : 1/5 |  Train_Loss: 0.017 | Train_Acc: 99.477
| Global Round : 4/30 | Client id:0 | Local Epoch : 2/5 |  Train_Loss: 0.004 | Train_Acc: 99.903
| Global Round : 4/30 | Client id:0 | Local Epoch : 3/5 |  Train_Loss: 0.002 | Train_Acc: 99.966
| Global Round : 4/30 | Client id:0 | Local Epoch : 4/5 |  Train_Loss: 0.001 | Train_Acc: 99.995
| Global Round : 4/30 | Client id:0 | Local Epoch : 5/5 |  Train_Loss: 0.001 | Train_Acc: 99.995
| Client id:1 | Test_Loss: 0.056 | Test_Acc: 98.158
| Global Round : 4/30 | Client id:1 | Local Epoch : 1/5 |  Train_Loss: 0.026 | Train_Acc: 99.156
| Global Round : 4/30 | Client id:1 | Local Epoch : 2/5 |  Train_Loss: 0.017 | Train_Acc: 99.491
| Global Round : 4/30 | Client id:1 | Local Epoch : 3/5 |  Train_Loss: 0.012 | Train_Acc: 99.639
| Global Round : 4/30 | Client id:1 | Local Epoch : 4/5 |  Train_Loss: 0.010 | Train_Acc: 99.654
| Global Round : 4/30 | Client id:1 | Local Epoch : 5/5 |  Train_Loss: 0.006 | Train_Acc: 99.827
| Client id:2 | Test_Loss: 0.059 | Test_Acc: 98.006
| Global Round : 4/30 | Client id:2 | Local Epoch : 1/5 |  Train_Loss: 0.030 | Train_Acc: 99.059
| Global Round : 4/30 | Client id:2 | Local Epoch : 2/5 |  Train_Loss: 0.020 | Train_Acc: 99.339
| Global Round : 4/30 | Client id:2 | Local Epoch : 3/5 |  Train_Loss: 0.014 | Train_Acc: 99.553
| Global Round : 4/30 | Client id:2 | Local Epoch : 4/5 |  Train_Loss: 0.009 | Train_Acc: 99.741
| Global Round : 4/30 | Client id:2 | Local Epoch : 5/5 |  Train_Loss: 0.005 | Train_Acc: 99.883
aggregating weights...
| Client id:0 | Test_Loss: 0.534 | Test_Acc: 83.204
| Global Round : 5/30 | Client id:0 | Local Epoch : 1/5 |  Train_Loss: 0.016 | Train_Acc: 99.516
| Global Round : 5/30 | Client id:0 | Local Epoch : 2/5 |  Train_Loss: 0.005 | Train_Acc: 99.840
| Global Round : 5/30 | Client id:0 | Local Epoch : 3/5 |  Train_Loss: 0.003 | Train_Acc: 99.913
| Global Round : 5/30 | Client id:0 | Local Epoch : 4/5 |  Train_Loss: 0.001 | Train_Acc: 99.985
| Global Round : 5/30 | Client id:0 | Local Epoch : 5/5 |  Train_Loss: 0.000 | Train_Acc: 100.000
| Client id:1 | Test_Loss: 0.043 | Test_Acc: 98.618
| Global Round : 5/30 | Client id:1 | Local Epoch : 1/5 |  Train_Loss: 0.024 | Train_Acc: 99.247
| Global Round : 5/30 | Client id:1 | Local Epoch : 2/5 |  Train_Loss: 0.017 | Train_Acc: 99.400
| Global Round : 5/30 | Client id:1 | Local Epoch : 3/5 |  Train_Loss: 0.011 | Train_Acc: 99.629
| Global Round : 5/30 | Client id:1 | Local Epoch : 4/5 |  Train_Loss: 0.007 | Train_Acc: 99.807
| Global Round : 5/30 | Client id:1 | Local Epoch : 5/5 |  Train_Loss: 0.004 | Train_Acc: 99.929
| Client id:2 | Test_Loss: 0.042 | Test_Acc: 98.528
| Global Round : 5/30 | Client id:2 | Local Epoch : 1/5 |  Train_Loss: 0.025 | Train_Acc: 99.207
| Global Round : 5/30 | Client id:2 | Local Epoch : 2/5 |  Train_Loss: 0.016 | Train_Acc: 99.420
| Global Round : 5/30 | Client id:2 | Local Epoch : 3/5 |  Train_Loss: 0.012 | Train_Acc: 99.634
| Global Round : 5/30 | Client id:2 | Local Epoch : 4/5 |  Train_Loss: 0.009 | Train_Acc: 99.731
| Global Round : 5/30 | Client id:2 | Local Epoch : 5/5 |  Train_Loss: 0.009 | Train_Acc: 99.746
aggregating weights...
| Client id:0 | Test_Loss: 0.510 | Test_Acc: 83.376
| Global Round : 6/30 | Client id:0 | Local Epoch : 1/5 |  Train_Loss: 0.013 | Train_Acc: 99.560
| Global Round : 6/30 | Client id:0 | Local Epoch : 2/5 |  Train_Loss: 0.003 | Train_Acc: 99.894
| Global Round : 6/30 | Client id:0 | Local Epoch : 3/5 |  Train_Loss: 0.002 | Train_Acc: 99.927
| Global Round : 6/30 | Client id:0 | Local Epoch : 4/5 |  Train_Loss: 0.001 | Train_Acc: 99.966
| Global Round : 6/30 | Client id:0 | Local Epoch : 5/5 |  Train_Loss: 0.001 | Train_Acc: 99.966
| Client id:1 | Test_Loss: 0.036 | Test_Acc: 99.048
| Global Round : 6/30 | Client id:1 | Local Epoch : 1/5 |  Train_Loss: 0.020 | Train_Acc: 99.349
| Global Round : 6/30 | Client id:1 | Local Epoch : 2/5 |  Train_Loss: 0.013 | Train_Acc: 99.532
| Global Round : 6/30 | Client id:1 | Local Epoch : 3/5 |  Train_Loss: 0.014 | Train_Acc: 99.512
| Global Round : 6/30 | Client id:1 | Local Epoch : 4/5 |  Train_Loss: 0.007 | Train_Acc: 99.817
| Global Round : 6/30 | Client id:1 | Local Epoch : 5/5 |  Train_Loss: 0.003 | Train_Acc: 99.949
| Client id:2 | Test_Loss: 0.038 | Test_Acc: 98.804
| Global Round : 6/30 | Client id:2 | Local Epoch : 1/5 |  Train_Loss: 0.019 | Train_Acc: 99.359
| Global Round : 6/30 | Client id:2 | Local Epoch : 2/5 |  Train_Loss: 0.016 | Train_Acc: 99.466
| Global Round : 6/30 | Client id:2 | Local Epoch : 3/5 |  Train_Loss: 0.011 | Train_Acc: 99.670
| Global Round : 6/30 | Client id:2 | Local Epoch : 4/5 |  Train_Loss: 0.010 | Train_Acc: 99.705
| Global Round : 6/30 | Client id:2 | Local Epoch : 5/5 |  Train_Loss: 0.007 | Train_Acc: 99.797
aggregating weights...
| Client id:0 | Test_Loss: 0.383 | Test_Acc: 88.171
| Global Round : 7/30 | Client id:0 | Local Epoch : 1/5 |  Train_Loss: 0.011 | Train_Acc: 99.666
| Global Round : 7/30 | Client id:0 | Local Epoch : 2/5 |  Train_Loss: 0.004 | Train_Acc: 99.894
| Global Round : 7/30 | Client id:0 | Local Epoch : 3/5 |  Train_Loss: 0.002 | Train_Acc: 99.937
| Global Round : 7/30 | Client id:0 | Local Epoch : 4/5 |  Train_Loss: 0.001 | Train_Acc: 100.000
| Global Round : 7/30 | Client id:0 | Local Epoch : 5/5 |  Train_Loss: 0.000 | Train_Acc: 100.000
| Client id:1 | Test_Loss: 0.047 | Test_Acc: 98.403
| Global Round : 7/30 | Client id:1 | Local Epoch : 1/5 |  Train_Loss: 0.018 | Train_Acc: 99.451
| Global Round : 7/30 | Client id:1 | Local Epoch : 2/5 |  Train_Loss: 0.014 | Train_Acc: 99.547
| Global Round : 7/30 | Client id:1 | Local Epoch : 3/5 |  Train_Loss: 0.009 | Train_Acc: 99.741
| Global Round : 7/30 | Client id:1 | Local Epoch : 4/5 |  Train_Loss: 0.007 | Train_Acc: 99.791
| Global Round : 7/30 | Client id:1 | Local Epoch : 5/5 |  Train_Loss: 0.003 | Train_Acc: 99.914
| Client id:2 | Test_Loss: 0.047 | Test_Acc: 98.497
| Global Round : 7/30 | Client id:2 | Local Epoch : 1/5 |  Train_Loss: 0.017 | Train_Acc: 99.446
| Global Round : 7/30 | Client id:2 | Local Epoch : 2/5 |  Train_Loss: 0.013 | Train_Acc: 99.583
| Global Round : 7/30 | Client id:2 | Local Epoch : 3/5 |  Train_Loss: 0.010 | Train_Acc: 99.664
| Global Round : 7/30 | Client id:2 | Local Epoch : 4/5 |  Train_Loss: 0.005 | Train_Acc: 99.893
| Global Round : 7/30 | Client id:2 | Local Epoch : 5/5 |  Train_Loss: 0.002 | Train_Acc: 99.949
aggregating weights...
| Client id:0 | Test_Loss: 0.471 | Test_Acc: 85.128
| Global Round : 8/30 | Client id:0 | Local Epoch : 1/5 |  Train_Loss: 0.011 | Train_Acc: 99.661
| Global Round : 8/30 | Client id:0 | Local Epoch : 2/5 |  Train_Loss: 0.004 | Train_Acc: 99.908
| Global Round : 8/30 | Client id:0 | Local Epoch : 3/5 |  Train_Loss: 0.002 | Train_Acc: 99.971
| Global Round : 8/30 | Client id:0 | Local Epoch : 4/5 |  Train_Loss: 0.001 | Train_Acc: 99.976
| Global Round : 8/30 | Client id:0 | Local Epoch : 5/5 |  Train_Loss: 0.001 | Train_Acc: 100.000
| Client id:1 | Test_Loss: 0.039 | Test_Acc: 98.895
| Global Round : 8/30 | Client id:1 | Local Epoch : 1/5 |  Train_Loss: 0.017 | Train_Acc: 99.415
| Global Round : 8/30 | Client id:1 | Local Epoch : 2/5 |  Train_Loss: 0.009 | Train_Acc: 99.761
| Global Round : 8/30 | Client id:1 | Local Epoch : 3/5 |  Train_Loss: 0.005 | Train_Acc: 99.883
| Global Round : 8/30 | Client id:1 | Local Epoch : 4/5 |  Train_Loss: 0.004 | Train_Acc: 99.919
| Global Round : 8/30 | Client id:1 | Local Epoch : 5/5 |  Train_Loss: 0.006 | Train_Acc: 99.837
| Client id:2 | Test_Loss: 0.039 | Test_Acc: 98.528
| Global Round : 8/30 | Client id:2 | Local Epoch : 1/5 |  Train_Loss: 0.016 | Train_Acc: 99.512
| Global Round : 8/30 | Client id:2 | Local Epoch : 2/5 |  Train_Loss: 0.011 | Train_Acc: 99.715
| Global Round : 8/30 | Client id:2 | Local Epoch : 3/5 |  Train_Loss: 0.008 | Train_Acc: 99.736
| Global Round : 8/30 | Client id:2 | Local Epoch : 4/5 |  Train_Loss: 0.008 | Train_Acc: 99.776
| Global Round : 8/30 | Client id:2 | Local Epoch : 5/5 |  Train_Loss: 0.006 | Train_Acc: 99.847
aggregating weights...
| Client id:0 | Test_Loss: 0.347 | Test_Acc: 88.889
| Global Round : 9/30 | Client id:0 | Local Epoch : 1/5 |  Train_Loss: 0.011 | Train_Acc: 99.661
| Global Round : 9/30 | Client id:0 | Local Epoch : 2/5 |  Train_Loss: 0.003 | Train_Acc: 99.932
| Global Round : 9/30 | Client id:0 | Local Epoch : 3/5 |  Train_Loss: 0.002 | Train_Acc: 99.961
| Global Round : 9/30 | Client id:0 | Local Epoch : 4/5 |  Train_Loss: 0.000 | Train_Acc: 100.000
| Global Round : 9/30 | Client id:0 | Local Epoch : 5/5 |  Train_Loss: 0.000 | Train_Acc: 100.000
| Client id:1 | Test_Loss: 0.037 | Test_Acc: 98.925
| Global Round : 9/30 | Client id:1 | Local Epoch : 1/5 |  Train_Loss: 0.019 | Train_Acc: 99.364
| Global Round : 9/30 | Client id:1 | Local Epoch : 2/5 |  Train_Loss: 0.012 | Train_Acc: 99.583
| Global Round : 9/30 | Client id:1 | Local Epoch : 3/5 |  Train_Loss: 0.010 | Train_Acc: 99.649
| Global Round : 9/30 | Client id:1 | Local Epoch : 4/5 |  Train_Loss: 0.006 | Train_Acc: 99.847
| Global Round : 9/30 | Client id:1 | Local Epoch : 5/5 |  Train_Loss: 0.003 | Train_Acc: 99.944
| Client id:2 | Test_Loss: 0.037 | Test_Acc: 98.834
| Global Round : 9/30 | Client id:2 | Local Epoch : 1/5 |  Train_Loss: 0.013 | Train_Acc: 99.629
| Global Round : 9/30 | Client id:2 | Local Epoch : 2/5 |  Train_Loss: 0.009 | Train_Acc: 99.695
| Global Round : 9/30 | Client id:2 | Local Epoch : 3/5 |  Train_Loss: 0.006 | Train_Acc: 99.832
| Global Round : 9/30 | Client id:2 | Local Epoch : 4/5 |  Train_Loss: 0.009 | Train_Acc: 99.756
| Global Round : 9/30 | Client id:2 | Local Epoch : 5/5 |  Train_Loss: 0.010 | Train_Acc: 99.731
aggregating weights...
| Client id:0 | Test_Loss: 0.376 | Test_Acc: 88.889
| Global Round : 10/30 | Client id:0 | Local Epoch : 1/5 |  Train_Loss: 0.009 | Train_Acc: 99.724
| Global Round : 10/30 | Client id:0 | Local Epoch : 2/5 |  Train_Loss: 0.002 | Train_Acc: 99.927
| Global Round : 10/30 | Client id:0 | Local Epoch : 3/5 |  Train_Loss: 0.002 | Train_Acc: 99.942
| Global Round : 10/30 | Client id:0 | Local Epoch : 4/5 |  Train_Loss: 0.001 | Train_Acc: 99.985
| Global Round : 10/30 | Client id:0 | Local Epoch : 5/5 |  Train_Loss: 0.000 | Train_Acc: 100.000
| Client id:1 | Test_Loss: 0.037 | Test_Acc: 98.987
| Global Round : 10/30 | Client id:1 | Local Epoch : 1/5 |  Train_Loss: 0.015 | Train_Acc: 99.552
| Global Round : 10/30 | Client id:1 | Local Epoch : 2/5 |  Train_Loss: 0.008 | Train_Acc: 99.761
| Global Round : 10/30 | Client id:1 | Local Epoch : 3/5 |  Train_Loss: 0.008 | Train_Acc: 99.725
| Global Round : 10/30 | Client id:1 | Local Epoch : 4/5 |  Train_Loss: 0.009 | Train_Acc: 99.669
| Global Round : 10/30 | Client id:1 | Local Epoch : 5/5 |  Train_Loss: 0.006 | Train_Acc: 99.807
| Client id:2 | Test_Loss: 0.034 | Test_Acc: 98.896
| Global Round : 10/30 | Client id:2 | Local Epoch : 1/5 |  Train_Loss: 0.017 | Train_Acc: 99.466
| Global Round : 10/30 | Client id:2 | Local Epoch : 2/5 |  Train_Loss: 0.011 | Train_Acc: 99.690
| Global Round : 10/30 | Client id:2 | Local Epoch : 3/5 |  Train_Loss: 0.004 | Train_Acc: 99.924
| Global Round : 10/30 | Client id:2 | Local Epoch : 4/5 |  Train_Loss: 0.002 | Train_Acc: 99.954
| Global Round : 10/30 | Client id:2 | Local Epoch : 5/5 |  Train_Loss: 0.001 | Train_Acc: 99.985
aggregating weights...
| Client id:0 | Test_Loss: 0.357 | Test_Acc: 88.831
| Global Round : 11/30 | Client id:0 | Local Epoch : 1/5 |  Train_Loss: 0.009 | Train_Acc: 99.734
| Global Round : 11/30 | Client id:0 | Local Epoch : 2/5 |  Train_Loss: 0.003 | Train_Acc: 99.918
| Global Round : 11/30 | Client id:0 | Local Epoch : 3/5 |  Train_Loss: 0.003 | Train_Acc: 99.923
| Global Round : 11/30 | Client id:0 | Local Epoch : 4/5 |  Train_Loss: 0.001 | Train_Acc: 99.966
| Global Round : 11/30 | Client id:0 | Local Epoch : 5/5 |  Train_Loss: 0.000 | Train_Acc: 100.000
| Client id:1 | Test_Loss: 0.036 | Test_Acc: 98.987
| Global Round : 11/30 | Client id:1 | Local Epoch : 1/5 |  Train_Loss: 0.014 | Train_Acc: 99.552
| Global Round : 11/30 | Client id:1 | Local Epoch : 2/5 |  Train_Loss: 0.013 | Train_Acc: 99.573
| Global Round : 11/30 | Client id:1 | Local Epoch : 3/5 |  Train_Loss: 0.010 | Train_Acc: 99.705
| Global Round : 11/30 | Client id:1 | Local Epoch : 4/5 |  Train_Loss: 0.003 | Train_Acc: 99.959
| Global Round : 11/30 | Client id:1 | Local Epoch : 5/5 |  Train_Loss: 0.007 | Train_Acc: 99.807
| Client id:2 | Test_Loss: 0.035 | Test_Acc: 98.896
| Global Round : 11/30 | Client id:2 | Local Epoch : 1/5 |  Train_Loss: 0.014 | Train_Acc: 99.593
| Global Round : 11/30 | Client id:2 | Local Epoch : 2/5 |  Train_Loss: 0.014 | Train_Acc: 99.568
| Global Round : 11/30 | Client id:2 | Local Epoch : 3/5 |  Train_Loss: 0.010 | Train_Acc: 99.685
| Global Round : 11/30 | Client id:2 | Local Epoch : 4/5 |  Train_Loss: 0.008 | Train_Acc: 99.756
| Global Round : 11/30 | Client id:2 | Local Epoch : 5/5 |  Train_Loss: 0.007 | Train_Acc: 99.751
aggregating weights...
| Client id:0 | Test_Loss: 0.389 | Test_Acc: 88.028
| Global Round : 12/30 | Client id:0 | Local Epoch : 1/5 |  Train_Loss: 0.007 | Train_Acc: 99.792
| Global Round : 12/30 | Client id:0 | Local Epoch : 2/5 |  Train_Loss: 0.003 | Train_Acc: 99.932
| Global Round : 12/30 | Client id:0 | Local Epoch : 3/5 |  Train_Loss: 0.001 | Train_Acc: 99.976
| Global Round : 12/30 | Client id:0 | Local Epoch : 4/5 |  Train_Loss: 0.001 | Train_Acc: 100.000
| Global Round : 12/30 | Client id:0 | Local Epoch : 5/5 |  Train_Loss: 0.000 | Train_Acc: 100.000
| Client id:1 | Test_Loss: 0.040 | Test_Acc: 98.864
| Global Round : 12/30 | Client id:1 | Local Epoch : 1/5 |  Train_Loss: 0.016 | Train_Acc: 99.512
| Global Round : 12/30 | Client id:1 | Local Epoch : 2/5 |  Train_Loss: 0.010 | Train_Acc: 99.680
| Global Round : 12/30 | Client id:1 | Local Epoch : 3/5 |  Train_Loss: 0.009 | Train_Acc: 99.736
| Global Round : 12/30 | Client id:1 | Local Epoch : 4/5 |  Train_Loss: 0.010 | Train_Acc: 99.715
| Global Round : 12/30 | Client id:1 | Local Epoch : 5/5 |  Train_Loss: 0.003 | Train_Acc: 99.939
| Client id:2 | Test_Loss: 0.039 | Test_Acc: 98.681
| Global Round : 12/30 | Client id:2 | Local Epoch : 1/5 |  Train_Loss: 0.014 | Train_Acc: 99.609
| Global Round : 12/30 | Client id:2 | Local Epoch : 2/5 |  Train_Loss: 0.011 | Train_Acc: 99.624
| Global Round : 12/30 | Client id:2 | Local Epoch : 3/5 |  Train_Loss: 0.005 | Train_Acc: 99.858
| Global Round : 12/30 | Client id:2 | Local Epoch : 4/5 |  Train_Loss: 0.002 | Train_Acc: 99.964
| Global Round : 12/30 | Client id:2 | Local Epoch : 5/5 |  Train_Loss: 0.002 | Train_Acc: 99.980
aggregating weights...
| Client id:0 | Test_Loss: 0.383 | Test_Acc: 88.085
| Global Round : 13/30 | Client id:0 | Local Epoch : 1/5 |  Train_Loss: 0.010 | Train_Acc: 99.676
| Global Round : 13/30 | Client id:0 | Local Epoch : 2/5 |  Train_Loss: 0.004 | Train_Acc: 99.865
| Global Round : 13/30 | Client id:0 | Local Epoch : 3/5 |  Train_Loss: 0.001 | Train_Acc: 99.976
| Global Round : 13/30 | Client id:0 | Local Epoch : 4/5 |  Train_Loss: 0.001 | Train_Acc: 100.000
| Global Round : 13/30 | Client id:0 | Local Epoch : 5/5 |  Train_Loss: 0.000 | Train_Acc: 100.000
| Client id:1 | Test_Loss: 0.036 | Test_Acc: 99.048
| Global Round : 13/30 | Client id:1 | Local Epoch : 1/5 |  Train_Loss: 0.016 | Train_Acc: 99.502
| Global Round : 13/30 | Client id:1 | Local Epoch : 2/5 |  Train_Loss: 0.006 | Train_Acc: 99.832
| Global Round : 13/30 | Client id:1 | Local Epoch : 3/5 |  Train_Loss: 0.007 | Train_Acc: 99.797
| Global Round : 13/30 | Client id:1 | Local Epoch : 4/5 |  Train_Loss: 0.003 | Train_Acc: 99.924
| Global Round : 13/30 | Client id:1 | Local Epoch : 5/5 |  Train_Loss: 0.001 | Train_Acc: 99.995
| Client id:2 | Test_Loss: 0.036 | Test_Acc: 98.742
| Global Round : 13/30 | Client id:2 | Local Epoch : 1/5 |  Train_Loss: 0.014 | Train_Acc: 99.517
| Global Round : 13/30 | Client id:2 | Local Epoch : 2/5 |  Train_Loss: 0.011 | Train_Acc: 99.624
| Global Round : 13/30 | Client id:2 | Local Epoch : 3/5 |  Train_Loss: 0.007 | Train_Acc: 99.817
| Global Round : 13/30 | Client id:2 | Local Epoch : 4/5 |  Train_Loss: 0.010 | Train_Acc: 99.700
| Global Round : 13/30 | Client id:2 | Local Epoch : 5/5 |  Train_Loss: 0.007 | Train_Acc: 99.776
aggregating weights...
| Client id:0 | Test_Loss: 0.312 | Test_Acc: 90.238
| Global Round : 14/30 | Client id:0 | Local Epoch : 1/5 |  Train_Loss: 0.007 | Train_Acc: 99.753
| Global Round : 14/30 | Client id:0 | Local Epoch : 2/5 |  Train_Loss: 0.002 | Train_Acc: 99.927
| Global Round : 14/30 | Client id:0 | Local Epoch : 3/5 |  Train_Loss: 0.001 | Train_Acc: 100.000
| Global Round : 14/30 | Client id:0 | Local Epoch : 4/5 |  Train_Loss: 0.000 | Train_Acc: 100.000
| Global Round : 14/30 | Client id:0 | Local Epoch : 5/5 |  Train_Loss: 0.000 | Train_Acc: 100.000
| Client id:1 | Test_Loss: 0.037 | Test_Acc: 98.864
| Global Round : 14/30 | Client id:1 | Local Epoch : 1/5 |  Train_Loss: 0.015 | Train_Acc: 99.542
| Global Round : 14/30 | Client id:1 | Local Epoch : 2/5 |  Train_Loss: 0.011 | Train_Acc: 99.690
| Global Round : 14/30 | Client id:1 | Local Epoch : 3/5 |  Train_Loss: 0.007 | Train_Acc: 99.791
| Global Round : 14/30 | Client id:1 | Local Epoch : 4/5 |  Train_Loss: 0.003 | Train_Acc: 99.964
| Global Round : 14/30 | Client id:1 | Local Epoch : 5/5 |  Train_Loss: 0.001 | Train_Acc: 100.000
| Client id:2 | Test_Loss: 0.038 | Test_Acc: 98.650
| Global Round : 14/30 | Client id:2 | Local Epoch : 1/5 |  Train_Loss: 0.011 | Train_Acc: 99.705
| Global Round : 14/30 | Client id:2 | Local Epoch : 2/5 |  Train_Loss: 0.014 | Train_Acc: 99.522
| Global Round : 14/30 | Client id:2 | Local Epoch : 3/5 |  Train_Loss: 0.007 | Train_Acc: 99.822
| Global Round : 14/30 | Client id:2 | Local Epoch : 4/5 |  Train_Loss: 0.007 | Train_Acc: 99.756
| Global Round : 14/30 | Client id:2 | Local Epoch : 5/5 |  Train_Loss: 0.004 | Train_Acc: 99.919
aggregating weights...
| Client id:0 | Test_Loss: 0.350 | Test_Acc: 89.205
| Global Round : 15/30 | Client id:0 | Local Epoch : 1/5 |  Train_Loss: 0.009 | Train_Acc: 99.681
| Global Round : 15/30 | Client id:0 | Local Epoch : 2/5 |  Train_Loss: 0.004 | Train_Acc: 99.898
| Global Round : 15/30 | Client id:0 | Local Epoch : 3/5 |  Train_Loss: 0.001 | Train_Acc: 99.971
| Global Round : 15/30 | Client id:0 | Local Epoch : 4/5 |  Train_Loss: 0.001 | Train_Acc: 99.990
| Global Round : 15/30 | Client id:0 | Local Epoch : 5/5 |  Train_Loss: 0.000 | Train_Acc: 100.000
| Client id:1 | Test_Loss: 0.037 | Test_Acc: 98.925
| Global Round : 15/30 | Client id:1 | Local Epoch : 1/5 |  Train_Loss: 0.016 | Train_Acc: 99.532
| Global Round : 15/30 | Client id:1 | Local Epoch : 2/5 |  Train_Loss: 0.011 | Train_Acc: 99.619
| Global Round : 15/30 | Client id:1 | Local Epoch : 3/5 |  Train_Loss: 0.010 | Train_Acc: 99.695
| Global Round : 15/30 | Client id:1 | Local Epoch : 4/5 |  Train_Loss: 0.004 | Train_Acc: 99.919
| Global Round : 15/30 | Client id:1 | Local Epoch : 5/5 |  Train_Loss: 0.001 | Train_Acc: 99.980
| Client id:2 | Test_Loss: 0.036 | Test_Acc: 98.865
| Global Round : 15/30 | Client id:2 | Local Epoch : 1/5 |  Train_Loss: 0.015 | Train_Acc: 99.492
| Global Round : 15/30 | Client id:2 | Local Epoch : 2/5 |  Train_Loss: 0.013 | Train_Acc: 99.609
| Global Round : 15/30 | Client id:2 | Local Epoch : 3/5 |  Train_Loss: 0.007 | Train_Acc: 99.761
| Global Round : 15/30 | Client id:2 | Local Epoch : 4/5 |  Train_Loss: 0.007 | Train_Acc: 99.756
| Global Round : 15/30 | Client id:2 | Local Epoch : 5/5 |  Train_Loss: 0.004 | Train_Acc: 99.888
aggregating weights...
| Client id:0 | Test_Loss: 0.348 | Test_Acc: 89.291
| Global Round : 16/30 | Client id:0 | Local Epoch : 1/5 |  Train_Loss: 0.010 | Train_Acc: 99.695
| Global Round : 16/30 | Client id:0 | Local Epoch : 2/5 |  Train_Loss: 0.003 | Train_Acc: 99.908
| Global Round : 16/30 | Client id:0 | Local Epoch : 3/5 |  Train_Loss: 0.001 | Train_Acc: 99.995
| Global Round : 16/30 | Client id:0 | Local Epoch : 4/5 |  Train_Loss: 0.000 | Train_Acc: 100.000
| Global Round : 16/30 | Client id:0 | Local Epoch : 5/5 |  Train_Loss: 0.000 | Train_Acc: 100.000
| Client id:1 | Test_Loss: 0.031 | Test_Acc: 99.140
| Global Round : 16/30 | Client id:1 | Local Epoch : 1/5 |  Train_Loss: 0.012 | Train_Acc: 99.654
| Global Round : 16/30 | Client id:1 | Local Epoch : 2/5 |  Train_Loss: 0.012 | Train_Acc: 99.644
| Global Round : 16/30 | Client id:1 | Local Epoch : 3/5 |  Train_Loss: 0.007 | Train_Acc: 99.832
| Global Round : 16/30 | Client id:1 | Local Epoch : 4/5 |  Train_Loss: 0.005 | Train_Acc: 99.863
| Global Round : 16/30 | Client id:1 | Local Epoch : 5/5 |  Train_Loss: 0.003 | Train_Acc: 99.914
| Client id:2 | Test_Loss: 0.032 | Test_Acc: 98.957
| Global Round : 16/30 | Client id:2 | Local Epoch : 1/5 |  Train_Loss: 0.009 | Train_Acc: 99.751
| Global Round : 16/30 | Client id:2 | Local Epoch : 2/5 |  Train_Loss: 0.008 | Train_Acc: 99.751
| Global Round : 16/30 | Client id:2 | Local Epoch : 3/5 |  Train_Loss: 0.006 | Train_Acc: 99.832
| Global Round : 16/30 | Client id:2 | Local Epoch : 4/5 |  Train_Loss: 0.008 | Train_Acc: 99.720
| Global Round : 16/30 | Client id:2 | Local Epoch : 5/5 |  Train_Loss: 0.004 | Train_Acc: 99.898
aggregating weights...
| Client id:0 | Test_Loss: 0.283 | Test_Acc: 91.760
| Global Round : 17/30 | Client id:0 | Local Epoch : 1/5 |  Train_Loss: 0.009 | Train_Acc: 99.705
| Global Round : 17/30 | Client id:0 | Local Epoch : 2/5 |  Train_Loss: 0.003 | Train_Acc: 99.889
| Global Round : 17/30 | Client id:0 | Local Epoch : 3/5 |  Train_Loss: 0.001 | Train_Acc: 99.990
| Global Round : 17/30 | Client id:0 | Local Epoch : 4/5 |  Train_Loss: 0.000 | Train_Acc: 100.000
| Global Round : 17/30 | Client id:0 | Local Epoch : 5/5 |  Train_Loss: 0.001 | Train_Acc: 99.995
| Client id:1 | Test_Loss: 0.045 | Test_Acc: 98.680
| Global Round : 17/30 | Client id:1 | Local Epoch : 1/5 |  Train_Loss: 0.014 | Train_Acc: 99.532
| Global Round : 17/30 | Client id:1 | Local Epoch : 2/5 |  Train_Loss: 0.012 | Train_Acc: 99.649
| Global Round : 17/30 | Client id:1 | Local Epoch : 3/5 |  Train_Loss: 0.010 | Train_Acc: 99.664
| Global Round : 17/30 | Client id:1 | Local Epoch : 4/5 |  Train_Loss: 0.007 | Train_Acc: 99.822
| Global Round : 17/30 | Client id:1 | Local Epoch : 5/5 |  Train_Loss: 0.002 | Train_Acc: 99.980
| Client id:2 | Test_Loss: 0.043 | Test_Acc: 98.466
| Global Round : 17/30 | Client id:2 | Local Epoch : 1/5 |  Train_Loss: 0.013 | Train_Acc: 99.639
| Global Round : 17/30 | Client id:2 | Local Epoch : 2/5 |  Train_Loss: 0.012 | Train_Acc: 99.649
| Global Round : 17/30 | Client id:2 | Local Epoch : 3/5 |  Train_Loss: 0.006 | Train_Acc: 99.868
| Global Round : 17/30 | Client id:2 | Local Epoch : 4/5 |  Train_Loss: 0.006 | Train_Acc: 99.807
| Global Round : 17/30 | Client id:2 | Local Epoch : 5/5 |  Train_Loss: 0.003 | Train_Acc: 99.949
aggregating weights...
| Client id:0 | Test_Loss: 0.350 | Test_Acc: 89.463
| Global Round : 18/30 | Client id:0 | Local Epoch : 1/5 |  Train_Loss: 0.007 | Train_Acc: 99.787
| Global Round : 18/30 | Client id:0 | Local Epoch : 2/5 |  Train_Loss: 0.002 | Train_Acc: 99.976
| Global Round : 18/30 | Client id:0 | Local Epoch : 3/5 |  Train_Loss: 0.001 | Train_Acc: 99.976
| Global Round : 18/30 | Client id:0 | Local Epoch : 4/5 |  Train_Loss: 0.001 | Train_Acc: 99.990
| Global Round : 18/30 | Client id:0 | Local Epoch : 5/5 |  Train_Loss: 0.001 | Train_Acc: 99.990
| Client id:1 | Test_Loss: 0.035 | Test_Acc: 98.956
| Global Round : 18/30 | Client id:1 | Local Epoch : 1/5 |  Train_Loss: 0.011 | Train_Acc: 99.664
| Global Round : 18/30 | Client id:1 | Local Epoch : 2/5 |  Train_Loss: 0.009 | Train_Acc: 99.771
| Global Round : 18/30 | Client id:1 | Local Epoch : 3/5 |  Train_Loss: 0.011 | Train_Acc: 99.614
| Global Round : 18/30 | Client id:1 | Local Epoch : 4/5 |  Train_Loss: 0.008 | Train_Acc: 99.812
| Global Round : 18/30 | Client id:1 | Local Epoch : 5/5 |  Train_Loss: 0.003 | Train_Acc: 99.903
| Client id:2 | Test_Loss: 0.035 | Test_Acc: 98.896
| Global Round : 18/30 | Client id:2 | Local Epoch : 1/5 |  Train_Loss: 0.013 | Train_Acc: 99.603
| Global Round : 18/30 | Client id:2 | Local Epoch : 2/5 |  Train_Loss: 0.009 | Train_Acc: 99.725
| Global Round : 18/30 | Client id:2 | Local Epoch : 3/5 |  Train_Loss: 0.010 | Train_Acc: 99.690
| Global Round : 18/30 | Client id:2 | Local Epoch : 4/5 |  Train_Loss: 0.009 | Train_Acc: 99.690
| Global Round : 18/30 | Client id:2 | Local Epoch : 5/5 |  Train_Loss: 0.003 | Train_Acc: 99.924
aggregating weights...
| Client id:0 | Test_Loss: 0.349 | Test_Acc: 88.831
| Global Round : 19/30 | Client id:0 | Local Epoch : 1/5 |  Train_Loss: 0.007 | Train_Acc: 99.816
| Global Round : 19/30 | Client id:0 | Local Epoch : 2/5 |  Train_Loss: 0.002 | Train_Acc: 99.942
| Global Round : 19/30 | Client id:0 | Local Epoch : 3/5 |  Train_Loss: 0.002 | Train_Acc: 99.961
| Global Round : 19/30 | Client id:0 | Local Epoch : 4/5 |  Train_Loss: 0.001 | Train_Acc: 100.000
| Global Round : 19/30 | Client id:0 | Local Epoch : 5/5 |  Train_Loss: 0.000 | Train_Acc: 100.000
| Client id:1 | Test_Loss: 0.036 | Test_Acc: 98.987
| Global Round : 19/30 | Client id:1 | Local Epoch : 1/5 |  Train_Loss: 0.011 | Train_Acc: 99.654
| Global Round : 19/30 | Client id:1 | Local Epoch : 2/5 |  Train_Loss: 0.012 | Train_Acc: 99.659
| Global Round : 19/30 | Client id:1 | Local Epoch : 3/5 |  Train_Loss: 0.007 | Train_Acc: 99.771
| Global Round : 19/30 | Client id:1 | Local Epoch : 4/5 |  Train_Loss: 0.009 | Train_Acc: 99.720
| Global Round : 19/30 | Client id:1 | Local Epoch : 5/5 |  Train_Loss: 0.002 | Train_Acc: 99.959
| Client id:2 | Test_Loss: 0.038 | Test_Acc: 98.589
| Global Round : 19/30 | Client id:2 | Local Epoch : 1/5 |  Train_Loss: 0.014 | Train_Acc: 99.527
| Global Round : 19/30 | Client id:2 | Local Epoch : 2/5 |  Train_Loss: 0.012 | Train_Acc: 99.609
| Global Round : 19/30 | Client id:2 | Local Epoch : 3/5 |  Train_Loss: 0.004 | Train_Acc: 99.903
| Global Round : 19/30 | Client id:2 | Local Epoch : 4/5 |  Train_Loss: 0.002 | Train_Acc: 99.959
| Global Round : 19/30 | Client id:2 | Local Epoch : 5/5 |  Train_Loss: 0.001 | Train_Acc: 100.000
aggregating weights...
| Client id:0 | Test_Loss: 0.260 | Test_Acc: 92.162
| Global Round : 20/30 | Client id:0 | Local Epoch : 1/5 |  Train_Loss: 0.008 | Train_Acc: 99.763
| Global Round : 20/30 | Client id:0 | Local Epoch : 2/5 |  Train_Loss: 0.002 | Train_Acc: 99.961
| Global Round : 20/30 | Client id:0 | Local Epoch : 3/5 |  Train_Loss: 0.000 | Train_Acc: 100.000
| Global Round : 20/30 | Client id:0 | Local Epoch : 4/5 |  Train_Loss: 0.000 | Train_Acc: 100.000
| Global Round : 20/30 | Client id:0 | Local Epoch : 5/5 |  Train_Loss: 0.000 | Train_Acc: 100.000
| Client id:1 | Test_Loss: 0.034 | Test_Acc: 99.079
| Global Round : 20/30 | Client id:1 | Local Epoch : 1/5 |  Train_Loss: 0.010 | Train_Acc: 99.705
| Global Round : 20/30 | Client id:1 | Local Epoch : 2/5 |  Train_Loss: 0.010 | Train_Acc: 99.725
| Global Round : 20/30 | Client id:1 | Local Epoch : 3/5 |  Train_Loss: 0.007 | Train_Acc: 99.807
| Global Round : 20/30 | Client id:1 | Local Epoch : 4/5 |  Train_Loss: 0.008 | Train_Acc: 99.756
| Global Round : 20/30 | Client id:1 | Local Epoch : 5/5 |  Train_Loss: 0.002 | Train_Acc: 99.964
| Client id:2 | Test_Loss: 0.033 | Test_Acc: 98.865
| Global Round : 20/30 | Client id:2 | Local Epoch : 1/5 |  Train_Loss: 0.012 | Train_Acc: 99.639
| Global Round : 20/30 | Client id:2 | Local Epoch : 2/5 |  Train_Loss: 0.013 | Train_Acc: 99.542
| Global Round : 20/30 | Client id:2 | Local Epoch : 3/5 |  Train_Loss: 0.005 | Train_Acc: 99.863
| Global Round : 20/30 | Client id:2 | Local Epoch : 4/5 |  Train_Loss: 0.002 | Train_Acc: 99.959
| Global Round : 20/30 | Client id:2 | Local Epoch : 5/5 |  Train_Loss: 0.003 | Train_Acc: 99.939
aggregating weights...
| Client id:0 | Test_Loss: 0.418 | Test_Acc: 87.109
| Global Round : 21/30 | Client id:0 | Local Epoch : 1/5 |  Train_Loss: 0.010 | Train_Acc: 99.715
| Global Round : 21/30 | Client id:0 | Local Epoch : 2/5 |  Train_Loss: 0.001 | Train_Acc: 99.976
| Global Round : 21/30 | Client id:0 | Local Epoch : 3/5 |  Train_Loss: 0.001 | Train_Acc: 99.995
| Global Round : 21/30 | Client id:0 | Local Epoch : 4/5 |  Train_Loss: 0.000 | Train_Acc: 100.000
| Global Round : 21/30 | Client id:0 | Local Epoch : 5/5 |  Train_Loss: 0.000 | Train_Acc: 100.000
| Client id:1 | Test_Loss: 0.031 | Test_Acc: 99.110
| Global Round : 21/30 | Client id:1 | Local Epoch : 1/5 |  Train_Loss: 0.010 | Train_Acc: 99.680
| Global Round : 21/30 | Client id:1 | Local Epoch : 2/5 |  Train_Loss: 0.015 | Train_Acc: 99.568
| Global Round : 21/30 | Client id:1 | Local Epoch : 3/5 |  Train_Loss: 0.006 | Train_Acc: 99.842
| Global Round : 21/30 | Client id:1 | Local Epoch : 4/5 |  Train_Loss: 0.007 | Train_Acc: 99.791
| Global Round : 21/30 | Client id:1 | Local Epoch : 5/5 |  Train_Loss: 0.005 | Train_Acc: 99.858
| Client id:2 | Test_Loss: 0.031 | Test_Acc: 99.018
| Global Round : 21/30 | Client id:2 | Local Epoch : 1/5 |  Train_Loss: 0.014 | Train_Acc: 99.629
| Global Round : 21/30 | Client id:2 | Local Epoch : 2/5 |  Train_Loss: 0.008 | Train_Acc: 99.832
| Global Round : 21/30 | Client id:2 | Local Epoch : 3/5 |  Train_Loss: 0.011 | Train_Acc: 99.639
| Global Round : 21/30 | Client id:2 | Local Epoch : 4/5 |  Train_Loss: 0.007 | Train_Acc: 99.771
| Global Round : 21/30 | Client id:2 | Local Epoch : 5/5 |  Train_Loss: 0.003 | Train_Acc: 99.929
aggregating weights...
| Client id:0 | Test_Loss: 0.321 | Test_Acc: 90.267
| Global Round : 22/30 | Client id:0 | Local Epoch : 1/5 |  Train_Loss: 0.010 | Train_Acc: 99.700
| Global Round : 22/30 | Client id:0 | Local Epoch : 2/5 |  Train_Loss: 0.003 | Train_Acc: 99.942
| Global Round : 22/30 | Client id:0 | Local Epoch : 3/5 |  Train_Loss: 0.001 | Train_Acc: 99.971
| Global Round : 22/30 | Client id:0 | Local Epoch : 4/5 |  Train_Loss: 0.000 | Train_Acc: 100.000
| Global Round : 22/30 | Client id:0 | Local Epoch : 5/5 |  Train_Loss: 0.000 | Train_Acc: 100.000
| Client id:1 | Test_Loss: 0.036 | Test_Acc: 99.018
| Global Round : 22/30 | Client id:1 | Local Epoch : 1/5 |  Train_Loss: 0.013 | Train_Acc: 99.614
| Global Round : 22/30 | Client id:1 | Local Epoch : 2/5 |  Train_Loss: 0.014 | Train_Acc: 99.552
| Global Round : 22/30 | Client id:1 | Local Epoch : 3/5 |  Train_Loss: 0.006 | Train_Acc: 99.853
| Global Round : 22/30 | Client id:1 | Local Epoch : 4/5 |  Train_Loss: 0.003 | Train_Acc: 99.934
| Global Round : 22/30 | Client id:1 | Local Epoch : 5/5 |  Train_Loss: 0.002 | Train_Acc: 99.980
| Client id:2 | Test_Loss: 0.037 | Test_Acc: 98.620
| Global Round : 22/30 | Client id:2 | Local Epoch : 1/5 |  Train_Loss: 0.010 | Train_Acc: 99.756
| Global Round : 22/30 | Client id:2 | Local Epoch : 2/5 |  Train_Loss: 0.011 | Train_Acc: 99.654
| Global Round : 22/30 | Client id:2 | Local Epoch : 3/5 |  Train_Loss: 0.010 | Train_Acc: 99.685
| Global Round : 22/30 | Client id:2 | Local Epoch : 4/5 |  Train_Loss: 0.005 | Train_Acc: 99.883
| Global Round : 22/30 | Client id:2 | Local Epoch : 5/5 |  Train_Loss: 0.008 | Train_Acc: 99.822
aggregating weights...
| Client id:0 | Test_Loss: 0.383 | Test_Acc: 88.401
| Global Round : 23/30 | Client id:0 | Local Epoch : 1/5 |  Train_Loss: 0.010 | Train_Acc: 99.637
| Global Round : 23/30 | Client id:0 | Local Epoch : 2/5 |  Train_Loss: 0.003 | Train_Acc: 99.937
| Global Round : 23/30 | Client id:0 | Local Epoch : 3/5 |  Train_Loss: 0.001 | Train_Acc: 100.000
| Global Round : 23/30 | Client id:0 | Local Epoch : 4/5 |  Train_Loss: 0.000 | Train_Acc: 100.000
| Global Round : 23/30 | Client id:0 | Local Epoch : 5/5 |  Train_Loss: 0.000 | Train_Acc: 100.000
| Client id:1 | Test_Loss: 0.032 | Test_Acc: 99.171
| Global Round : 23/30 | Client id:1 | Local Epoch : 1/5 |  Train_Loss: 0.011 | Train_Acc: 99.659
| Global Round : 23/30 | Client id:1 | Local Epoch : 2/5 |  Train_Loss: 0.011 | Train_Acc: 99.685
| Global Round : 23/30 | Client id:1 | Local Epoch : 3/5 |  Train_Loss: 0.007 | Train_Acc: 99.797
| Global Round : 23/30 | Client id:1 | Local Epoch : 4/5 |  Train_Loss: 0.007 | Train_Acc: 99.807
| Global Round : 23/30 | Client id:1 | Local Epoch : 5/5 |  Train_Loss: 0.008 | Train_Acc: 99.766
| Client id:2 | Test_Loss: 0.033 | Test_Acc: 98.896
| Global Round : 23/30 | Client id:2 | Local Epoch : 1/5 |  Train_Loss: 0.011 | Train_Acc: 99.720
| Global Round : 23/30 | Client id:2 | Local Epoch : 2/5 |  Train_Loss: 0.008 | Train_Acc: 99.731
| Global Round : 23/30 | Client id:2 | Local Epoch : 3/5 |  Train_Loss: 0.008 | Train_Acc: 99.766
| Global Round : 23/30 | Client id:2 | Local Epoch : 4/5 |  Train_Loss: 0.007 | Train_Acc: 99.817
| Global Round : 23/30 | Client id:2 | Local Epoch : 5/5 |  Train_Loss: 0.005 | Train_Acc: 99.883
aggregating weights...
| Client id:0 | Test_Loss: 0.313 | Test_Acc: 90.411
| Global Round : 24/30 | Client id:0 | Local Epoch : 1/5 |  Train_Loss: 0.007 | Train_Acc: 99.802
| Global Round : 24/30 | Client id:0 | Local Epoch : 2/5 |  Train_Loss: 0.001 | Train_Acc: 99.985
| Global Round : 24/30 | Client id:0 | Local Epoch : 3/5 |  Train_Loss: 0.001 | Train_Acc: 99.995
| Global Round : 24/30 | Client id:0 | Local Epoch : 4/5 |  Train_Loss: 0.000 | Train_Acc: 100.000
| Global Round : 24/30 | Client id:0 | Local Epoch : 5/5 |  Train_Loss: 0.000 | Train_Acc: 100.000
| Client id:1 | Test_Loss: 0.031 | Test_Acc: 99.202
| Global Round : 24/30 | Client id:1 | Local Epoch : 1/5 |  Train_Loss: 0.007 | Train_Acc: 99.817
| Global Round : 24/30 | Client id:1 | Local Epoch : 2/5 |  Train_Loss: 0.012 | Train_Acc: 99.588
| Global Round : 24/30 | Client id:1 | Local Epoch : 3/5 |  Train_Loss: 0.009 | Train_Acc: 99.730
| Global Round : 24/30 | Client id:1 | Local Epoch : 4/5 |  Train_Loss: 0.004 | Train_Acc: 99.898
| Global Round : 24/30 | Client id:1 | Local Epoch : 5/5 |  Train_Loss: 0.003 | Train_Acc: 99.924
| Client id:2 | Test_Loss: 0.034 | Test_Acc: 98.988
| Global Round : 24/30 | Client id:2 | Local Epoch : 1/5 |  Train_Loss: 0.011 | Train_Acc: 99.680
| Global Round : 24/30 | Client id:2 | Local Epoch : 2/5 |  Train_Loss: 0.008 | Train_Acc: 99.756
| Global Round : 24/30 | Client id:2 | Local Epoch : 3/5 |  Train_Loss: 0.008 | Train_Acc: 99.766
| Global Round : 24/30 | Client id:2 | Local Epoch : 4/5 |  Train_Loss: 0.004 | Train_Acc: 99.914
| Global Round : 24/30 | Client id:2 | Local Epoch : 5/5 |  Train_Loss: 0.004 | Train_Acc: 99.903
aggregating weights...
| Client id:0 | Test_Loss: 0.337 | Test_Acc: 89.894
| Global Round : 25/30 | Client id:0 | Local Epoch : 1/5 |  Train_Loss: 0.008 | Train_Acc: 99.724
| Global Round : 25/30 | Client id:0 | Local Epoch : 2/5 |  Train_Loss: 0.003 | Train_Acc: 99.903
| Global Round : 25/30 | Client id:0 | Local Epoch : 3/5 |  Train_Loss: 0.001 | Train_Acc: 99.985
| Global Round : 25/30 | Client id:0 | Local Epoch : 4/5 |  Train_Loss: 0.001 | Train_Acc: 99.990
| Global Round : 25/30 | Client id:0 | Local Epoch : 5/5 |  Train_Loss: 0.000 | Train_Acc: 100.000
| Client id:1 | Test_Loss: 0.031 | Test_Acc: 99.232
| Global Round : 25/30 | Client id:1 | Local Epoch : 1/5 |  Train_Loss: 0.015 | Train_Acc: 99.456
| Global Round : 25/30 | Client id:1 | Local Epoch : 2/5 |  Train_Loss: 0.012 | Train_Acc: 99.629
| Global Round : 25/30 | Client id:1 | Local Epoch : 3/5 |  Train_Loss: 0.008 | Train_Acc: 99.741
| Global Round : 25/30 | Client id:1 | Local Epoch : 4/5 |  Train_Loss: 0.006 | Train_Acc: 99.832
| Global Round : 25/30 | Client id:1 | Local Epoch : 5/5 |  Train_Loss: 0.002 | Train_Acc: 99.949
| Client id:2 | Test_Loss: 0.034 | Test_Acc: 98.926
| Global Round : 25/30 | Client id:2 | Local Epoch : 1/5 |  Train_Loss: 0.011 | Train_Acc: 99.715
| Global Round : 25/30 | Client id:2 | Local Epoch : 2/5 |  Train_Loss: 0.010 | Train_Acc: 99.705
| Global Round : 25/30 | Client id:2 | Local Epoch : 3/5 |  Train_Loss: 0.004 | Train_Acc: 99.914
| Global Round : 25/30 | Client id:2 | Local Epoch : 4/5 |  Train_Loss: 0.004 | Train_Acc: 99.929
| Global Round : 25/30 | Client id:2 | Local Epoch : 5/5 |  Train_Loss: 0.002 | Train_Acc: 99.985
aggregating weights...
| Client id:0 | Test_Loss: 0.337 | Test_Acc: 89.664
| Global Round : 26/30 | Client id:0 | Local Epoch : 1/5 |  Train_Loss: 0.008 | Train_Acc: 99.768
| Global Round : 26/30 | Client id:0 | Local Epoch : 2/5 |  Train_Loss: 0.004 | Train_Acc: 99.889
| Global Round : 26/30 | Client id:0 | Local Epoch : 3/5 |  Train_Loss: 0.001 | Train_Acc: 99.976
| Global Round : 26/30 | Client id:0 | Local Epoch : 4/5 |  Train_Loss: 0.001 | Train_Acc: 99.995
| Global Round : 26/30 | Client id:0 | Local Epoch : 5/5 |  Train_Loss: 0.000 | Train_Acc: 100.000
| Client id:1 | Test_Loss: 0.036 | Test_Acc: 98.956
| Global Round : 26/30 | Client id:1 | Local Epoch : 1/5 |  Train_Loss: 0.012 | Train_Acc: 99.624
| Global Round : 26/30 | Client id:1 | Local Epoch : 2/5 |  Train_Loss: 0.010 | Train_Acc: 99.710
| Global Round : 26/30 | Client id:1 | Local Epoch : 3/5 |  Train_Loss: 0.005 | Train_Acc: 99.878
| Global Round : 26/30 | Client id:1 | Local Epoch : 4/5 |  Train_Loss: 0.005 | Train_Acc: 99.878
| Global Round : 26/30 | Client id:1 | Local Epoch : 5/5 |  Train_Loss: 0.001 | Train_Acc: 99.995
| Client id:2 | Test_Loss: 0.040 | Test_Acc: 98.681
| Global Round : 26/30 | Client id:2 | Local Epoch : 1/5 |  Train_Loss: 0.015 | Train_Acc: 99.568
| Global Round : 26/30 | Client id:2 | Local Epoch : 2/5 |  Train_Loss: 0.010 | Train_Acc: 99.710
| Global Round : 26/30 | Client id:2 | Local Epoch : 3/5 |  Train_Loss: 0.006 | Train_Acc: 99.847
| Global Round : 26/30 | Client id:2 | Local Epoch : 4/5 |  Train_Loss: 0.005 | Train_Acc: 99.868
| Global Round : 26/30 | Client id:2 | Local Epoch : 5/5 |  Train_Loss: 0.002 | Train_Acc: 99.980
aggregating weights...
| Client id:0 | Test_Loss: 0.245 | Test_Acc: 92.937
| Global Round : 27/30 | Client id:0 | Local Epoch : 1/5 |  Train_Loss: 0.006 | Train_Acc: 99.787
| Global Round : 27/30 | Client id:0 | Local Epoch : 2/5 |  Train_Loss: 0.002 | Train_Acc: 99.952
| Global Round : 27/30 | Client id:0 | Local Epoch : 3/5 |  Train_Loss: 0.001 | Train_Acc: 99.995
| Global Round : 27/30 | Client id:0 | Local Epoch : 4/5 |  Train_Loss: 0.001 | Train_Acc: 99.995
| Global Round : 27/30 | Client id:0 | Local Epoch : 5/5 |  Train_Loss: 0.000 | Train_Acc: 100.000
| Client id:1 | Test_Loss: 0.035 | Test_Acc: 98.864
| Global Round : 27/30 | Client id:1 | Local Epoch : 1/5 |  Train_Loss: 0.013 | Train_Acc: 99.583
| Global Round : 27/30 | Client id:1 | Local Epoch : 2/5 |  Train_Loss: 0.015 | Train_Acc: 99.461
| Global Round : 27/30 | Client id:1 | Local Epoch : 3/5 |  Train_Loss: 0.007 | Train_Acc: 99.766
| Global Round : 27/30 | Client id:1 | Local Epoch : 4/5 |  Train_Loss: 0.007 | Train_Acc: 99.807
| Global Round : 27/30 | Client id:1 | Local Epoch : 5/5 |  Train_Loss: 0.003 | Train_Acc: 99.934
| Client id:2 | Test_Loss: 0.038 | Test_Acc: 98.896
| Global Round : 27/30 | Client id:2 | Local Epoch : 1/5 |  Train_Loss: 0.012 | Train_Acc: 99.588
| Global Round : 27/30 | Client id:2 | Local Epoch : 2/5 |  Train_Loss: 0.009 | Train_Acc: 99.675
| Global Round : 27/30 | Client id:2 | Local Epoch : 3/5 |  Train_Loss: 0.008 | Train_Acc: 99.792
| Global Round : 27/30 | Client id:2 | Local Epoch : 4/5 |  Train_Loss: 0.005 | Train_Acc: 99.847
| Global Round : 27/30 | Client id:2 | Local Epoch : 5/5 |  Train_Loss: 0.003 | Train_Acc: 99.919
aggregating weights...
| Client id:0 | Test_Loss: 0.394 | Test_Acc: 87.798
| Global Round : 28/30 | Client id:0 | Local Epoch : 1/5 |  Train_Loss: 0.007 | Train_Acc: 99.792
| Global Round : 28/30 | Client id:0 | Local Epoch : 2/5 |  Train_Loss: 0.004 | Train_Acc: 99.898
| Global Round : 28/30 | Client id:0 | Local Epoch : 3/5 |  Train_Loss: 0.001 | Train_Acc: 99.966
| Global Round : 28/30 | Client id:0 | Local Epoch : 4/5 |  Train_Loss: 0.001 | Train_Acc: 99.995
| Global Round : 28/30 | Client id:0 | Local Epoch : 5/5 |  Train_Loss: 0.000 | Train_Acc: 100.000
| Client id:1 | Test_Loss: 0.033 | Test_Acc: 99.048
| Global Round : 28/30 | Client id:1 | Local Epoch : 1/5 |  Train_Loss: 0.009 | Train_Acc: 99.756
| Global Round : 28/30 | Client id:1 | Local Epoch : 2/5 |  Train_Loss: 0.008 | Train_Acc: 99.736
| Global Round : 28/30 | Client id:1 | Local Epoch : 3/5 |  Train_Loss: 0.012 | Train_Acc: 99.552
| Global Round : 28/30 | Client id:1 | Local Epoch : 4/5 |  Train_Loss: 0.005 | Train_Acc: 99.888
| Global Round : 28/30 | Client id:1 | Local Epoch : 5/5 |  Train_Loss: 0.003 | Train_Acc: 99.939
| Client id:2 | Test_Loss: 0.037 | Test_Acc: 98.865
| Global Round : 28/30 | Client id:2 | Local Epoch : 1/5 |  Train_Loss: 0.013 | Train_Acc: 99.573
| Global Round : 28/30 | Client id:2 | Local Epoch : 2/5 |  Train_Loss: 0.012 | Train_Acc: 99.578
| Global Round : 28/30 | Client id:2 | Local Epoch : 3/5 |  Train_Loss: 0.010 | Train_Acc: 99.705
| Global Round : 28/30 | Client id:2 | Local Epoch : 4/5 |  Train_Loss: 0.005 | Train_Acc: 99.863
| Global Round : 28/30 | Client id:2 | Local Epoch : 5/5 |  Train_Loss: 0.002 | Train_Acc: 99.969
aggregating weights...
| Client id:0 | Test_Loss: 0.292 | Test_Acc: 90.985
| Global Round : 29/30 | Client id:0 | Local Epoch : 1/5 |  Train_Loss: 0.006 | Train_Acc: 99.821
| Global Round : 29/30 | Client id:0 | Local Epoch : 2/5 |  Train_Loss: 0.003 | Train_Acc: 99.918
| Global Round : 29/30 | Client id:0 | Local Epoch : 3/5 |  Train_Loss: 0.001 | Train_Acc: 99.985
| Global Round : 29/30 | Client id:0 | Local Epoch : 4/5 |  Train_Loss: 0.001 | Train_Acc: 99.990
| Global Round : 29/30 | Client id:0 | Local Epoch : 5/5 |  Train_Loss: 0.000 | Train_Acc: 100.000
| Client id:1 | Test_Loss: 0.033 | Test_Acc: 99.048
| Global Round : 29/30 | Client id:1 | Local Epoch : 1/5 |  Train_Loss: 0.011 | Train_Acc: 99.634
| Global Round : 29/30 | Client id:1 | Local Epoch : 2/5 |  Train_Loss: 0.006 | Train_Acc: 99.873
| Global Round : 29/30 | Client id:1 | Local Epoch : 3/5 |  Train_Loss: 0.005 | Train_Acc: 99.898
| Global Round : 29/30 | Client id:1 | Local Epoch : 4/5 |  Train_Loss: 0.005 | Train_Acc: 99.863
| Global Round : 29/30 | Client id:1 | Local Epoch : 5/5 |  Train_Loss: 0.005 | Train_Acc: 99.883
| Client id:2 | Test_Loss: 0.033 | Test_Acc: 99.018
| Global Round : 29/30 | Client id:2 | Local Epoch : 1/5 |  Train_Loss: 0.010 | Train_Acc: 99.725
| Global Round : 29/30 | Client id:2 | Local Epoch : 2/5 |  Train_Loss: 0.006 | Train_Acc: 99.827
| Global Round : 29/30 | Client id:2 | Local Epoch : 3/5 |  Train_Loss: 0.006 | Train_Acc: 99.807
| Global Round : 29/30 | Client id:2 | Local Epoch : 4/5 |  Train_Loss: 0.009 | Train_Acc: 99.705
| Global Round : 29/30 | Client id:2 | Local Epoch : 5/5 |  Train_Loss: 0.004 | Train_Acc: 99.929
aggregating weights...
| Client id:0 | Test_Loss: 0.332 | Test_Acc: 89.980
| Global Round : 30/30 | Client id:0 | Local Epoch : 1/5 |  Train_Loss: 0.008 | Train_Acc: 99.768
| Global Round : 30/30 | Client id:0 | Local Epoch : 2/5 |  Train_Loss: 0.002 | Train_Acc: 99.961
| Global Round : 30/30 | Client id:0 | Local Epoch : 3/5 |  Train_Loss: 0.001 | Train_Acc: 99.995
| Global Round : 30/30 | Client id:0 | Local Epoch : 4/5 |  Train_Loss: 0.000 | Train_Acc: 100.000
| Global Round : 30/30 | Client id:0 | Local Epoch : 5/5 |  Train_Loss: 0.000 | Train_Acc: 100.000
| Client id:1 | Test_Loss: 0.029 | Test_Acc: 99.202
| Global Round : 30/30 | Client id:1 | Local Epoch : 1/5 |  Train_Loss: 0.013 | Train_Acc: 99.614
| Global Round : 30/30 | Client id:1 | Local Epoch : 2/5 |  Train_Loss: 0.009 | Train_Acc: 99.715
| Global Round : 30/30 | Client id:1 | Local Epoch : 3/5 |  Train_Loss: 0.010 | Train_Acc: 99.675
| Global Round : 30/30 | Client id:1 | Local Epoch : 4/5 |  Train_Loss: 0.007 | Train_Acc: 99.807
| Global Round : 30/30 | Client id:1 | Local Epoch : 5/5 |  Train_Loss: 0.006 | Train_Acc: 99.863
| Client id:2 | Test_Loss: 0.030 | Test_Acc: 98.988
| Global Round : 30/30 | Client id:2 | Local Epoch : 1/5 |  Train_Loss: 0.010 | Train_Acc: 99.715
| Global Round : 30/30 | Client id:2 | Local Epoch : 2/5 |  Train_Loss: 0.008 | Train_Acc: 99.771
| Global Round : 30/30 | Client id:2 | Local Epoch : 3/5 |  Train_Loss: 0.006 | Train_Acc: 99.812
| Global Round : 30/30 | Client id:2 | Local Epoch : 4/5 |  Train_Loss: 0.002 | Train_Acc: 99.959
| Global Round : 30/30 | Client id:2 | Local Epoch : 5/5 |  Train_Loss: 0.002 | Train_Acc: 99.980
aggregating weights...

Final Results
| Client id:0 | Test_Loss: 0.310 | Test_Acc: 90.583
| Client id:1 | Test_Loss: 0.033 | Test_Acc: 98.956
| Client id:2 | Test_Loss: 0.036 | Test_Acc: 98.834
