batch_size: 32
data_dist: from_csv
dataset: mnist
drfa_gamma: 0.05
federated_type: afl
from_csv: niid1
global_epochs: 30
local_epochs: 5
lr: 0.01
model: cnn
n_clients: 3
on_cuda: 1
optimizer: sgd
seed: 1
seed_num: 0
Class distribution of id:0
train [5923, 6742, 5958, 2043, 0, 0, 0, 0, 0, 0]
test [980, 1135, 1032, 336, 0, 0, 0, 0, 0, 0]
Class distribution of id:1
train [0, 0, 0, 2043, 2921, 2710, 2959, 3132, 2925, 2974]
test [0, 0, 0, 336, 491, 446, 479, 514, 487, 504]
Class distribution of id:2
train [0, 0, 0, 2045, 2921, 2711, 2959, 3133, 2926, 2975]
test [0, 0, 0, 338, 491, 446, 479, 514, 487, 505]
| Client id:0 | Test_Loss: 2.281 | Test_Acc: 19.983
| Global Round : 1/30 | Client id:0 | Local Epoch : 1/5 |  Train_Loss: 0.167 | Train_Acc: 95.069
| Global Round : 1/30 | Client id:0 | Local Epoch : 2/5 |  Train_Loss: 0.037 | Train_Acc: 98.863
| Global Round : 1/30 | Client id:0 | Local Epoch : 3/5 |  Train_Loss: 0.023 | Train_Acc: 99.294
| Global Round : 1/30 | Client id:0 | Local Epoch : 4/5 |  Train_Loss: 0.016 | Train_Acc: 99.516
| Global Round : 1/30 | Client id:0 | Local Epoch : 5/5 |  Train_Loss: 0.014 | Train_Acc: 99.521
| Client id:1 | Test_Loss: 2.314 | Test_Acc: 4.605
| Global Round : 1/30 | Client id:1 | Local Epoch : 1/5 |  Train_Loss: 0.410 | Train_Acc: 85.801
| Global Round : 1/30 | Client id:1 | Local Epoch : 2/5 |  Train_Loss: 0.091 | Train_Acc: 96.933
| Global Round : 1/30 | Client id:1 | Local Epoch : 3/5 |  Train_Loss: 0.057 | Train_Acc: 98.235
| Global Round : 1/30 | Client id:1 | Local Epoch : 4/5 |  Train_Loss: 0.041 | Train_Acc: 98.668
| Global Round : 1/30 | Client id:1 | Local Epoch : 5/5 |  Train_Loss: 0.032 | Train_Acc: 98.963
| Client id:2 | Test_Loss: 2.315 | Test_Acc: 4.939
| Global Round : 1/30 | Client id:2 | Local Epoch : 1/5 |  Train_Loss: 0.408 | Train_Acc: 86.080
| Global Round : 1/30 | Client id:2 | Local Epoch : 2/5 |  Train_Loss: 0.092 | Train_Acc: 97.163
| Global Round : 1/30 | Client id:2 | Local Epoch : 3/5 |  Train_Loss: 0.060 | Train_Acc: 98.190
| Global Round : 1/30 | Client id:2 | Local Epoch : 4/5 |  Train_Loss: 0.046 | Train_Acc: 98.495
| Global Round : 1/30 | Client id:2 | Local Epoch : 5/5 |  Train_Loss: 0.034 | Train_Acc: 98.851
aggregating weights...
lambda: tensor([0.3322, 0.3339, 0.3339])
| Client id:0 | Test_Loss: 2.794 | Test_Acc: 10.968
| Global Round : 2/30 | Client id:0 | Local Epoch : 1/5 |  Train_Loss: 0.046 | Train_Acc: 98.592
| Global Round : 2/30 | Client id:0 | Local Epoch : 2/5 |  Train_Loss: 0.014 | Train_Acc: 99.579
| Global Round : 2/30 | Client id:0 | Local Epoch : 3/5 |  Train_Loss: 0.008 | Train_Acc: 99.748
| Global Round : 2/30 | Client id:0 | Local Epoch : 4/5 |  Train_Loss: 0.006 | Train_Acc: 99.777
| Global Round : 2/30 | Client id:0 | Local Epoch : 5/5 |  Train_Loss: 0.003 | Train_Acc: 99.932
| Client id:1 | Test_Loss: 0.206 | Test_Acc: 96.592
| Global Round : 2/30 | Client id:1 | Local Epoch : 1/5 |  Train_Loss: 0.065 | Train_Acc: 97.961
| Global Round : 2/30 | Client id:1 | Local Epoch : 2/5 |  Train_Loss: 0.040 | Train_Acc: 98.617
| Global Round : 2/30 | Client id:1 | Local Epoch : 3/5 |  Train_Loss: 0.030 | Train_Acc: 99.064
| Global Round : 2/30 | Client id:1 | Local Epoch : 4/5 |  Train_Loss: 0.022 | Train_Acc: 99.227
| Global Round : 2/30 | Client id:1 | Local Epoch : 5/5 |  Train_Loss: 0.016 | Train_Acc: 99.502
| Client id:2 | Test_Loss: 0.218 | Test_Acc: 96.135
| Global Round : 2/30 | Client id:2 | Local Epoch : 1/5 |  Train_Loss: 0.065 | Train_Acc: 98.048
| Global Round : 2/30 | Client id:2 | Local Epoch : 2/5 |  Train_Loss: 0.040 | Train_Acc: 98.724
| Global Round : 2/30 | Client id:2 | Local Epoch : 3/5 |  Train_Loss: 0.030 | Train_Acc: 99.100
| Global Round : 2/30 | Client id:2 | Local Epoch : 4/5 |  Train_Loss: 0.023 | Train_Acc: 99.293
| Global Round : 2/30 | Client id:2 | Local Epoch : 5/5 |  Train_Loss: 0.018 | Train_Acc: 99.426
aggregating weights...
lambda: tensor([0.4183, 0.2906, 0.2912])
| Client id:0 | Test_Loss: 0.232 | Test_Acc: 93.540
| Global Round : 3/30 | Client id:0 | Local Epoch : 1/5 |  Train_Loss: 0.017 | Train_Acc: 99.477
| Global Round : 3/30 | Client id:0 | Local Epoch : 2/5 |  Train_Loss: 0.009 | Train_Acc: 99.685
| Global Round : 3/30 | Client id:0 | Local Epoch : 3/5 |  Train_Loss: 0.004 | Train_Acc: 99.923
| Global Round : 3/30 | Client id:0 | Local Epoch : 4/5 |  Train_Loss: 0.002 | Train_Acc: 99.971
| Global Round : 3/30 | Client id:0 | Local Epoch : 5/5 |  Train_Loss: 0.001 | Train_Acc: 99.976
| Client id:1 | Test_Loss: 0.145 | Test_Acc: 95.794
| Global Round : 3/30 | Client id:1 | Local Epoch : 1/5 |  Train_Loss: 0.040 | Train_Acc: 98.729
| Global Round : 3/30 | Client id:1 | Local Epoch : 2/5 |  Train_Loss: 0.026 | Train_Acc: 99.171
| Global Round : 3/30 | Client id:1 | Local Epoch : 3/5 |  Train_Loss: 0.016 | Train_Acc: 99.461
| Global Round : 3/30 | Client id:1 | Local Epoch : 4/5 |  Train_Loss: 0.017 | Train_Acc: 99.441
| Global Round : 3/30 | Client id:1 | Local Epoch : 5/5 |  Train_Loss: 0.013 | Train_Acc: 99.563
| Client id:2 | Test_Loss: 0.153 | Test_Acc: 95.706
| Global Round : 3/30 | Client id:2 | Local Epoch : 1/5 |  Train_Loss: 0.044 | Train_Acc: 98.571
| Global Round : 3/30 | Client id:2 | Local Epoch : 2/5 |  Train_Loss: 0.030 | Train_Acc: 99.039
| Global Round : 3/30 | Client id:2 | Local Epoch : 3/5 |  Train_Loss: 0.017 | Train_Acc: 99.471
| Global Round : 3/30 | Client id:2 | Local Epoch : 4/5 |  Train_Loss: 0.017 | Train_Acc: 99.522
| Global Round : 3/30 | Client id:2 | Local Epoch : 5/5 |  Train_Loss: 0.011 | Train_Acc: 99.619
aggregating weights...
lambda: tensor([0.4210, 0.2890, 0.2900])
| Client id:0 | Test_Loss: 0.320 | Test_Acc: 89.865
| Global Round : 4/30 | Client id:0 | Local Epoch : 1/5 |  Train_Loss: 0.013 | Train_Acc: 99.613
| Global Round : 4/30 | Client id:0 | Local Epoch : 2/5 |  Train_Loss: 0.003 | Train_Acc: 99.932
| Global Round : 4/30 | Client id:0 | Local Epoch : 3/5 |  Train_Loss: 0.001 | Train_Acc: 99.985
| Global Round : 4/30 | Client id:0 | Local Epoch : 4/5 |  Train_Loss: 0.001 | Train_Acc: 100.000
| Global Round : 4/30 | Client id:0 | Local Epoch : 5/5 |  Train_Loss: 0.001 | Train_Acc: 100.000
| Client id:1 | Test_Loss: 0.059 | Test_Acc: 98.189
| Global Round : 4/30 | Client id:1 | Local Epoch : 1/5 |  Train_Loss: 0.030 | Train_Acc: 99.054
| Global Round : 4/30 | Client id:1 | Local Epoch : 2/5 |  Train_Loss: 0.019 | Train_Acc: 99.385
| Global Round : 4/30 | Client id:1 | Local Epoch : 3/5 |  Train_Loss: 0.016 | Train_Acc: 99.476
| Global Round : 4/30 | Client id:1 | Local Epoch : 4/5 |  Train_Loss: 0.014 | Train_Acc: 99.573
| Global Round : 4/30 | Client id:1 | Local Epoch : 5/5 |  Train_Loss: 0.007 | Train_Acc: 99.786
| Client id:2 | Test_Loss: 0.059 | Test_Acc: 98.160
| Global Round : 4/30 | Client id:2 | Local Epoch : 1/5 |  Train_Loss: 0.034 | Train_Acc: 98.882
| Global Round : 4/30 | Client id:2 | Local Epoch : 2/5 |  Train_Loss: 0.022 | Train_Acc: 99.309
| Global Round : 4/30 | Client id:2 | Local Epoch : 3/5 |  Train_Loss: 0.015 | Train_Acc: 99.507
| Global Round : 4/30 | Client id:2 | Local Epoch : 4/5 |  Train_Loss: 0.009 | Train_Acc: 99.741
| Global Round : 4/30 | Client id:2 | Local Epoch : 5/5 |  Train_Loss: 0.008 | Train_Acc: 99.751
aggregating weights...
lambda: tensor([0.4298, 0.2846, 0.2856])
| Client id:0 | Test_Loss: 0.215 | Test_Acc: 93.454
| Global Round : 5/30 | Client id:0 | Local Epoch : 1/5 |  Train_Loss: 0.012 | Train_Acc: 99.594
| Global Round : 5/30 | Client id:0 | Local Epoch : 2/5 |  Train_Loss: 0.004 | Train_Acc: 99.879
| Global Round : 5/30 | Client id:0 | Local Epoch : 3/5 |  Train_Loss: 0.002 | Train_Acc: 99.956
| Global Round : 5/30 | Client id:0 | Local Epoch : 4/5 |  Train_Loss: 0.001 | Train_Acc: 100.000
| Global Round : 5/30 | Client id:0 | Local Epoch : 5/5 |  Train_Loss: 0.000 | Train_Acc: 100.000
| Client id:1 | Test_Loss: 0.050 | Test_Acc: 98.342
| Global Round : 5/30 | Client id:1 | Local Epoch : 1/5 |  Train_Loss: 0.024 | Train_Acc: 99.288
| Global Round : 5/30 | Client id:1 | Local Epoch : 2/5 |  Train_Loss: 0.018 | Train_Acc: 99.425
| Global Round : 5/30 | Client id:1 | Local Epoch : 3/5 |  Train_Loss: 0.013 | Train_Acc: 99.614
| Global Round : 5/30 | Client id:1 | Local Epoch : 4/5 |  Train_Loss: 0.009 | Train_Acc: 99.669
| Global Round : 5/30 | Client id:1 | Local Epoch : 5/5 |  Train_Loss: 0.008 | Train_Acc: 99.751
| Client id:2 | Test_Loss: 0.050 | Test_Acc: 98.466
| Global Round : 5/30 | Client id:2 | Local Epoch : 1/5 |  Train_Loss: 0.028 | Train_Acc: 99.151
| Global Round : 5/30 | Client id:2 | Local Epoch : 2/5 |  Train_Loss: 0.017 | Train_Acc: 99.446
| Global Round : 5/30 | Client id:2 | Local Epoch : 3/5 |  Train_Loss: 0.017 | Train_Acc: 99.487
| Global Round : 5/30 | Client id:2 | Local Epoch : 4/5 |  Train_Loss: 0.009 | Train_Acc: 99.756
| Global Round : 5/30 | Client id:2 | Local Epoch : 5/5 |  Train_Loss: 0.009 | Train_Acc: 99.680
aggregating weights...
lambda: tensor([0.4352, 0.2819, 0.2829])
| Client id:0 | Test_Loss: 0.170 | Test_Acc: 94.516
| Global Round : 6/30 | Client id:0 | Local Epoch : 1/5 |  Train_Loss: 0.008 | Train_Acc: 99.739
| Global Round : 6/30 | Client id:0 | Local Epoch : 2/5 |  Train_Loss: 0.002 | Train_Acc: 99.966
| Global Round : 6/30 | Client id:0 | Local Epoch : 3/5 |  Train_Loss: 0.001 | Train_Acc: 99.981
| Global Round : 6/30 | Client id:0 | Local Epoch : 4/5 |  Train_Loss: 0.001 | Train_Acc: 99.971
| Global Round : 6/30 | Client id:0 | Local Epoch : 5/5 |  Train_Loss: 0.002 | Train_Acc: 99.956
| Client id:1 | Test_Loss: 0.048 | Test_Acc: 98.496
| Global Round : 6/30 | Client id:1 | Local Epoch : 1/5 |  Train_Loss: 0.022 | Train_Acc: 99.319
| Global Round : 6/30 | Client id:1 | Local Epoch : 2/5 |  Train_Loss: 0.014 | Train_Acc: 99.497
| Global Round : 6/30 | Client id:1 | Local Epoch : 3/5 |  Train_Loss: 0.013 | Train_Acc: 99.578
| Global Round : 6/30 | Client id:1 | Local Epoch : 4/5 |  Train_Loss: 0.008 | Train_Acc: 99.781
| Global Round : 6/30 | Client id:1 | Local Epoch : 5/5 |  Train_Loss: 0.006 | Train_Acc: 99.812
| Client id:2 | Test_Loss: 0.053 | Test_Acc: 98.190
| Global Round : 6/30 | Client id:2 | Local Epoch : 1/5 |  Train_Loss: 0.023 | Train_Acc: 99.253
| Global Round : 6/30 | Client id:2 | Local Epoch : 2/5 |  Train_Loss: 0.013 | Train_Acc: 99.619
| Global Round : 6/30 | Client id:2 | Local Epoch : 3/5 |  Train_Loss: 0.013 | Train_Acc: 99.578
| Global Round : 6/30 | Client id:2 | Local Epoch : 4/5 |  Train_Loss: 0.010 | Train_Acc: 99.741
| Global Round : 6/30 | Client id:2 | Local Epoch : 5/5 |  Train_Loss: 0.007 | Train_Acc: 99.832
aggregating weights...
lambda: tensor([0.4392, 0.2798, 0.2810])
| Client id:0 | Test_Loss: 0.168 | Test_Acc: 94.717
| Global Round : 7/30 | Client id:0 | Local Epoch : 1/5 |  Train_Loss: 0.007 | Train_Acc: 99.768
| Global Round : 7/30 | Client id:0 | Local Epoch : 2/5 |  Train_Loss: 0.004 | Train_Acc: 99.898
| Global Round : 7/30 | Client id:0 | Local Epoch : 3/5 |  Train_Loss: 0.003 | Train_Acc: 99.937
| Global Round : 7/30 | Client id:0 | Local Epoch : 4/5 |  Train_Loss: 0.001 | Train_Acc: 99.995
| Global Round : 7/30 | Client id:0 | Local Epoch : 5/5 |  Train_Loss: 0.000 | Train_Acc: 100.000
| Client id:1 | Test_Loss: 0.059 | Test_Acc: 98.127
| Global Round : 7/30 | Client id:1 | Local Epoch : 1/5 |  Train_Loss: 0.020 | Train_Acc: 99.380
| Global Round : 7/30 | Client id:1 | Local Epoch : 2/5 |  Train_Loss: 0.015 | Train_Acc: 99.486
| Global Round : 7/30 | Client id:1 | Local Epoch : 3/5 |  Train_Loss: 0.010 | Train_Acc: 99.659
| Global Round : 7/30 | Client id:1 | Local Epoch : 4/5 |  Train_Loss: 0.008 | Train_Acc: 99.736
| Global Round : 7/30 | Client id:1 | Local Epoch : 5/5 |  Train_Loss: 0.008 | Train_Acc: 99.715
| Client id:2 | Test_Loss: 0.061 | Test_Acc: 98.006
| Global Round : 7/30 | Client id:2 | Local Epoch : 1/5 |  Train_Loss: 0.023 | Train_Acc: 99.232
| Global Round : 7/30 | Client id:2 | Local Epoch : 2/5 |  Train_Loss: 0.017 | Train_Acc: 99.507
| Global Round : 7/30 | Client id:2 | Local Epoch : 3/5 |  Train_Loss: 0.010 | Train_Acc: 99.705
| Global Round : 7/30 | Client id:2 | Local Epoch : 4/5 |  Train_Loss: 0.010 | Train_Acc: 99.695
| Global Round : 7/30 | Client id:2 | Local Epoch : 5/5 |  Train_Loss: 0.010 | Train_Acc: 99.695
aggregating weights...
lambda: tensor([0.4428, 0.2779, 0.2793])
| Client id:0 | Test_Loss: 0.175 | Test_Acc: 94.574
| Global Round : 8/30 | Client id:0 | Local Epoch : 1/5 |  Train_Loss: 0.005 | Train_Acc: 99.845
| Global Round : 8/30 | Client id:0 | Local Epoch : 2/5 |  Train_Loss: 0.002 | Train_Acc: 99.942
| Global Round : 8/30 | Client id:0 | Local Epoch : 3/5 |  Train_Loss: 0.001 | Train_Acc: 99.990
| Global Round : 8/30 | Client id:0 | Local Epoch : 4/5 |  Train_Loss: 0.001 | Train_Acc: 99.981
| Global Round : 8/30 | Client id:0 | Local Epoch : 5/5 |  Train_Loss: 0.000 | Train_Acc: 100.000
| Client id:1 | Test_Loss: 0.055 | Test_Acc: 98.342
| Global Round : 8/30 | Client id:1 | Local Epoch : 1/5 |  Train_Loss: 0.021 | Train_Acc: 99.258
| Global Round : 8/30 | Client id:1 | Local Epoch : 2/5 |  Train_Loss: 0.010 | Train_Acc: 99.700
| Global Round : 8/30 | Client id:1 | Local Epoch : 3/5 |  Train_Loss: 0.008 | Train_Acc: 99.756
| Global Round : 8/30 | Client id:1 | Local Epoch : 4/5 |  Train_Loss: 0.004 | Train_Acc: 99.888
| Global Round : 8/30 | Client id:1 | Local Epoch : 5/5 |  Train_Loss: 0.012 | Train_Acc: 99.583
| Client id:2 | Test_Loss: 0.058 | Test_Acc: 98.098
| Global Round : 8/30 | Client id:2 | Local Epoch : 1/5 |  Train_Loss: 0.020 | Train_Acc: 99.502
| Global Round : 8/30 | Client id:2 | Local Epoch : 2/5 |  Train_Loss: 0.013 | Train_Acc: 99.578
| Global Round : 8/30 | Client id:2 | Local Epoch : 3/5 |  Train_Loss: 0.009 | Train_Acc: 99.705
| Global Round : 8/30 | Client id:2 | Local Epoch : 4/5 |  Train_Loss: 0.010 | Train_Acc: 99.705
| Global Round : 8/30 | Client id:2 | Local Epoch : 5/5 |  Train_Loss: 0.004 | Train_Acc: 99.924
aggregating weights...
lambda: tensor([0.4467, 0.2759, 0.2773])
| Client id:0 | Test_Loss: 0.147 | Test_Acc: 95.521
| Global Round : 9/30 | Client id:0 | Local Epoch : 1/5 |  Train_Loss: 0.009 | Train_Acc: 99.681
| Global Round : 9/30 | Client id:0 | Local Epoch : 2/5 |  Train_Loss: 0.003 | Train_Acc: 99.913
| Global Round : 9/30 | Client id:0 | Local Epoch : 3/5 |  Train_Loss: 0.001 | Train_Acc: 99.995
| Global Round : 9/30 | Client id:0 | Local Epoch : 4/5 |  Train_Loss: 0.000 | Train_Acc: 100.000
| Global Round : 9/30 | Client id:0 | Local Epoch : 5/5 |  Train_Loss: 0.000 | Train_Acc: 100.000
| Client id:1 | Test_Loss: 0.059 | Test_Acc: 98.373
| Global Round : 9/30 | Client id:1 | Local Epoch : 1/5 |  Train_Loss: 0.021 | Train_Acc: 99.364
| Global Round : 9/30 | Client id:1 | Local Epoch : 2/5 |  Train_Loss: 0.016 | Train_Acc: 99.446
| Global Round : 9/30 | Client id:1 | Local Epoch : 3/5 |  Train_Loss: 0.009 | Train_Acc: 99.700
| Global Round : 9/30 | Client id:1 | Local Epoch : 4/5 |  Train_Loss: 0.005 | Train_Acc: 99.868
| Global Round : 9/30 | Client id:1 | Local Epoch : 5/5 |  Train_Loss: 0.004 | Train_Acc: 99.903
| Client id:2 | Test_Loss: 0.060 | Test_Acc: 98.313
| Global Round : 9/30 | Client id:2 | Local Epoch : 1/5 |  Train_Loss: 0.017 | Train_Acc: 99.481
| Global Round : 9/30 | Client id:2 | Local Epoch : 2/5 |  Train_Loss: 0.010 | Train_Acc: 99.715
| Global Round : 9/30 | Client id:2 | Local Epoch : 3/5 |  Train_Loss: 0.010 | Train_Acc: 99.695
| Global Round : 9/30 | Client id:2 | Local Epoch : 4/5 |  Train_Loss: 0.010 | Train_Acc: 99.664
| Global Round : 9/30 | Client id:2 | Local Epoch : 5/5 |  Train_Loss: 0.008 | Train_Acc: 99.781
aggregating weights...
lambda: tensor([0.4497, 0.2744, 0.2759])
| Client id:0 | Test_Loss: 0.122 | Test_Acc: 96.210
| Global Round : 10/30 | Client id:0 | Local Epoch : 1/5 |  Train_Loss: 0.005 | Train_Acc: 99.855
| Global Round : 10/30 | Client id:0 | Local Epoch : 2/5 |  Train_Loss: 0.001 | Train_Acc: 99.981
| Global Round : 10/30 | Client id:0 | Local Epoch : 3/5 |  Train_Loss: 0.001 | Train_Acc: 100.000
| Global Round : 10/30 | Client id:0 | Local Epoch : 4/5 |  Train_Loss: 0.000 | Train_Acc: 100.000
| Global Round : 10/30 | Client id:0 | Local Epoch : 5/5 |  Train_Loss: 0.000 | Train_Acc: 100.000
| Client id:1 | Test_Loss: 0.054 | Test_Acc: 98.342
| Global Round : 10/30 | Client id:1 | Local Epoch : 1/5 |  Train_Loss: 0.022 | Train_Acc: 99.202
| Global Round : 10/30 | Client id:1 | Local Epoch : 2/5 |  Train_Loss: 0.012 | Train_Acc: 99.619
| Global Round : 10/30 | Client id:1 | Local Epoch : 3/5 |  Train_Loss: 0.007 | Train_Acc: 99.797
| Global Round : 10/30 | Client id:1 | Local Epoch : 4/5 |  Train_Loss: 0.005 | Train_Acc: 99.868
| Global Round : 10/30 | Client id:1 | Local Epoch : 5/5 |  Train_Loss: 0.003 | Train_Acc: 99.944
| Client id:2 | Test_Loss: 0.056 | Test_Acc: 98.252
| Global Round : 10/30 | Client id:2 | Local Epoch : 1/5 |  Train_Loss: 0.020 | Train_Acc: 99.339
| Global Round : 10/30 | Client id:2 | Local Epoch : 2/5 |  Train_Loss: 0.013 | Train_Acc: 99.598
| Global Round : 10/30 | Client id:2 | Local Epoch : 3/5 |  Train_Loss: 0.010 | Train_Acc: 99.700
| Global Round : 10/30 | Client id:2 | Local Epoch : 4/5 |  Train_Loss: 0.008 | Train_Acc: 99.690
| Global Round : 10/30 | Client id:2 | Local Epoch : 5/5 |  Train_Loss: 0.006 | Train_Acc: 99.832
aggregating weights...
lambda: tensor([0.4519, 0.2733, 0.2748])
| Client id:0 | Test_Loss: 0.153 | Test_Acc: 94.947
| Global Round : 11/30 | Client id:0 | Local Epoch : 1/5 |  Train_Loss: 0.005 | Train_Acc: 99.855
| Global Round : 11/30 | Client id:0 | Local Epoch : 2/5 |  Train_Loss: 0.004 | Train_Acc: 99.898
| Global Round : 11/30 | Client id:0 | Local Epoch : 3/5 |  Train_Loss: 0.001 | Train_Acc: 99.976
| Global Round : 11/30 | Client id:0 | Local Epoch : 4/5 |  Train_Loss: 0.001 | Train_Acc: 99.981
| Global Round : 11/30 | Client id:0 | Local Epoch : 5/5 |  Train_Loss: 0.000 | Train_Acc: 100.000
| Client id:1 | Test_Loss: 0.050 | Test_Acc: 98.557
| Global Round : 11/30 | Client id:1 | Local Epoch : 1/5 |  Train_Loss: 0.019 | Train_Acc: 99.405
| Global Round : 11/30 | Client id:1 | Local Epoch : 2/5 |  Train_Loss: 0.012 | Train_Acc: 99.685
| Global Round : 11/30 | Client id:1 | Local Epoch : 3/5 |  Train_Loss: 0.009 | Train_Acc: 99.751
| Global Round : 11/30 | Client id:1 | Local Epoch : 4/5 |  Train_Loss: 0.004 | Train_Acc: 99.868
| Global Round : 11/30 | Client id:1 | Local Epoch : 5/5 |  Train_Loss: 0.005 | Train_Acc: 99.888
| Client id:2 | Test_Loss: 0.051 | Test_Acc: 98.252
| Global Round : 11/30 | Client id:2 | Local Epoch : 1/5 |  Train_Loss: 0.017 | Train_Acc: 99.487
| Global Round : 11/30 | Client id:2 | Local Epoch : 2/5 |  Train_Loss: 0.013 | Train_Acc: 99.568
| Global Round : 11/30 | Client id:2 | Local Epoch : 3/5 |  Train_Loss: 0.008 | Train_Acc: 99.766
| Global Round : 11/30 | Client id:2 | Local Epoch : 4/5 |  Train_Loss: 0.011 | Train_Acc: 99.644
| Global Round : 11/30 | Client id:2 | Local Epoch : 5/5 |  Train_Loss: 0.011 | Train_Acc: 99.598
aggregating weights...
lambda: tensor([0.4553, 0.2715, 0.2731])
| Client id:0 | Test_Loss: 0.132 | Test_Acc: 95.952
| Global Round : 12/30 | Client id:0 | Local Epoch : 1/5 |  Train_Loss: 0.005 | Train_Acc: 99.850
| Global Round : 12/30 | Client id:0 | Local Epoch : 2/5 |  Train_Loss: 0.002 | Train_Acc: 99.966
| Global Round : 12/30 | Client id:0 | Local Epoch : 3/5 |  Train_Loss: 0.001 | Train_Acc: 99.981
| Global Round : 12/30 | Client id:0 | Local Epoch : 4/5 |  Train_Loss: 0.000 | Train_Acc: 100.000
| Global Round : 12/30 | Client id:0 | Local Epoch : 5/5 |  Train_Loss: 0.000 | Train_Acc: 100.000
| Client id:1 | Test_Loss: 0.047 | Test_Acc: 98.741
| Global Round : 12/30 | Client id:1 | Local Epoch : 1/5 |  Train_Loss: 0.020 | Train_Acc: 99.385
| Global Round : 12/30 | Client id:1 | Local Epoch : 2/5 |  Train_Loss: 0.015 | Train_Acc: 99.461
| Global Round : 12/30 | Client id:1 | Local Epoch : 3/5 |  Train_Loss: 0.008 | Train_Acc: 99.741
| Global Round : 12/30 | Client id:1 | Local Epoch : 4/5 |  Train_Loss: 0.006 | Train_Acc: 99.842
| Global Round : 12/30 | Client id:1 | Local Epoch : 5/5 |  Train_Loss: 0.008 | Train_Acc: 99.776
| Client id:2 | Test_Loss: 0.050 | Test_Acc: 98.221
| Global Round : 12/30 | Client id:2 | Local Epoch : 1/5 |  Train_Loss: 0.017 | Train_Acc: 99.431
| Global Round : 12/30 | Client id:2 | Local Epoch : 2/5 |  Train_Loss: 0.011 | Train_Acc: 99.695
| Global Round : 12/30 | Client id:2 | Local Epoch : 3/5 |  Train_Loss: 0.010 | Train_Acc: 99.670
| Global Round : 12/30 | Client id:2 | Local Epoch : 4/5 |  Train_Loss: 0.008 | Train_Acc: 99.776
| Global Round : 12/30 | Client id:2 | Local Epoch : 5/5 |  Train_Loss: 0.010 | Train_Acc: 99.700
aggregating weights...
lambda: tensor([0.4581, 0.2701, 0.2718])
| Client id:0 | Test_Loss: 0.140 | Test_Acc: 95.579
| Global Round : 13/30 | Client id:0 | Local Epoch : 1/5 |  Train_Loss: 0.008 | Train_Acc: 99.729
| Global Round : 13/30 | Client id:0 | Local Epoch : 2/5 |  Train_Loss: 0.003 | Train_Acc: 99.952
| Global Round : 13/30 | Client id:0 | Local Epoch : 3/5 |  Train_Loss: 0.001 | Train_Acc: 100.000
| Global Round : 13/30 | Client id:0 | Local Epoch : 4/5 |  Train_Loss: 0.000 | Train_Acc: 100.000
| Global Round : 13/30 | Client id:0 | Local Epoch : 5/5 |  Train_Loss: 0.000 | Train_Acc: 100.000
| Client id:1 | Test_Loss: 0.063 | Test_Acc: 98.127
| Global Round : 13/30 | Client id:1 | Local Epoch : 1/5 |  Train_Loss: 0.019 | Train_Acc: 99.420
| Global Round : 13/30 | Client id:1 | Local Epoch : 2/5 |  Train_Loss: 0.008 | Train_Acc: 99.797
| Global Round : 13/30 | Client id:1 | Local Epoch : 3/5 |  Train_Loss: 0.011 | Train_Acc: 99.614
| Global Round : 13/30 | Client id:1 | Local Epoch : 4/5 |  Train_Loss: 0.006 | Train_Acc: 99.832
| Global Round : 13/30 | Client id:1 | Local Epoch : 5/5 |  Train_Loss: 0.006 | Train_Acc: 99.812
| Client id:2 | Test_Loss: 0.067 | Test_Acc: 97.638
| Global Round : 13/30 | Client id:2 | Local Epoch : 1/5 |  Train_Loss: 0.016 | Train_Acc: 99.527
| Global Round : 13/30 | Client id:2 | Local Epoch : 2/5 |  Train_Loss: 0.010 | Train_Acc: 99.746
| Global Round : 13/30 | Client id:2 | Local Epoch : 3/5 |  Train_Loss: 0.008 | Train_Acc: 99.751
| Global Round : 13/30 | Client id:2 | Local Epoch : 4/5 |  Train_Loss: 0.007 | Train_Acc: 99.792
| Global Round : 13/30 | Client id:2 | Local Epoch : 5/5 |  Train_Loss: 0.004 | Train_Acc: 99.934
aggregating weights...
lambda: tensor([0.4606, 0.2687, 0.2707])
| Client id:0 | Test_Loss: 0.140 | Test_Acc: 95.722
| Global Round : 14/30 | Client id:0 | Local Epoch : 1/5 |  Train_Loss: 0.003 | Train_Acc: 99.898
| Global Round : 14/30 | Client id:0 | Local Epoch : 2/5 |  Train_Loss: 0.001 | Train_Acc: 99.971
| Global Round : 14/30 | Client id:0 | Local Epoch : 3/5 |  Train_Loss: 0.001 | Train_Acc: 100.000
| Global Round : 14/30 | Client id:0 | Local Epoch : 4/5 |  Train_Loss: 0.000 | Train_Acc: 100.000
| Global Round : 14/30 | Client id:0 | Local Epoch : 5/5 |  Train_Loss: 0.000 | Train_Acc: 100.000
| Client id:1 | Test_Loss: 0.060 | Test_Acc: 98.189
| Global Round : 14/30 | Client id:1 | Local Epoch : 1/5 |  Train_Loss: 0.022 | Train_Acc: 99.263
| Global Round : 14/30 | Client id:1 | Local Epoch : 2/5 |  Train_Loss: 0.014 | Train_Acc: 99.542
| Global Round : 14/30 | Client id:1 | Local Epoch : 3/5 |  Train_Loss: 0.007 | Train_Acc: 99.802
| Global Round : 14/30 | Client id:1 | Local Epoch : 4/5 |  Train_Loss: 0.005 | Train_Acc: 99.888
| Global Round : 14/30 | Client id:1 | Local Epoch : 5/5 |  Train_Loss: 0.001 | Train_Acc: 100.000
| Client id:2 | Test_Loss: 0.065 | Test_Acc: 97.669
| Global Round : 14/30 | Client id:2 | Local Epoch : 1/5 |  Train_Loss: 0.017 | Train_Acc: 99.461
| Global Round : 14/30 | Client id:2 | Local Epoch : 2/5 |  Train_Loss: 0.014 | Train_Acc: 99.542
| Global Round : 14/30 | Client id:2 | Local Epoch : 3/5 |  Train_Loss: 0.008 | Train_Acc: 99.761
| Global Round : 14/30 | Client id:2 | Local Epoch : 4/5 |  Train_Loss: 0.007 | Train_Acc: 99.781
| Global Round : 14/30 | Client id:2 | Local Epoch : 5/5 |  Train_Loss: 0.005 | Train_Acc: 99.863
aggregating weights...
lambda: tensor([0.4632, 0.2673, 0.2695])
| Client id:0 | Test_Loss: 0.139 | Test_Acc: 95.780
| Global Round : 15/30 | Client id:0 | Local Epoch : 1/5 |  Train_Loss: 0.009 | Train_Acc: 99.690
| Global Round : 15/30 | Client id:0 | Local Epoch : 2/5 |  Train_Loss: 0.003 | Train_Acc: 99.937
| Global Round : 15/30 | Client id:0 | Local Epoch : 3/5 |  Train_Loss: 0.001 | Train_Acc: 99.990
| Global Round : 15/30 | Client id:0 | Local Epoch : 4/5 |  Train_Loss: 0.000 | Train_Acc: 100.000
| Global Round : 15/30 | Client id:0 | Local Epoch : 5/5 |  Train_Loss: 0.000 | Train_Acc: 100.000
| Client id:1 | Test_Loss: 0.059 | Test_Acc: 98.035
| Global Round : 15/30 | Client id:1 | Local Epoch : 1/5 |  Train_Loss: 0.017 | Train_Acc: 99.497
| Global Round : 15/30 | Client id:1 | Local Epoch : 2/5 |  Train_Loss: 0.014 | Train_Acc: 99.507
| Global Round : 15/30 | Client id:1 | Local Epoch : 3/5 |  Train_Loss: 0.011 | Train_Acc: 99.614
| Global Round : 15/30 | Client id:1 | Local Epoch : 4/5 |  Train_Loss: 0.008 | Train_Acc: 99.771
| Global Round : 15/30 | Client id:1 | Local Epoch : 5/5 |  Train_Loss: 0.005 | Train_Acc: 99.868
| Client id:2 | Test_Loss: 0.060 | Test_Acc: 98.006
| Global Round : 15/30 | Client id:2 | Local Epoch : 1/5 |  Train_Loss: 0.017 | Train_Acc: 99.441
| Global Round : 15/30 | Client id:2 | Local Epoch : 2/5 |  Train_Loss: 0.015 | Train_Acc: 99.502
| Global Round : 15/30 | Client id:2 | Local Epoch : 3/5 |  Train_Loss: 0.012 | Train_Acc: 99.578
| Global Round : 15/30 | Client id:2 | Local Epoch : 4/5 |  Train_Loss: 0.006 | Train_Acc: 99.822
| Global Round : 15/30 | Client id:2 | Local Epoch : 5/5 |  Train_Loss: 0.003 | Train_Acc: 99.893
aggregating weights...
lambda: tensor([0.4658, 0.2660, 0.2682])
| Client id:0 | Test_Loss: 0.111 | Test_Acc: 96.469
| Global Round : 16/30 | Client id:0 | Local Epoch : 1/5 |  Train_Loss: 0.005 | Train_Acc: 99.850
| Global Round : 16/30 | Client id:0 | Local Epoch : 2/5 |  Train_Loss: 0.002 | Train_Acc: 99.971
| Global Round : 16/30 | Client id:0 | Local Epoch : 3/5 |  Train_Loss: 0.002 | Train_Acc: 99.956
| Global Round : 16/30 | Client id:0 | Local Epoch : 4/5 |  Train_Loss: 0.002 | Train_Acc: 99.956
| Global Round : 16/30 | Client id:0 | Local Epoch : 5/5 |  Train_Loss: 0.000 | Train_Acc: 99.995
| Client id:1 | Test_Loss: 0.058 | Test_Acc: 98.158
| Global Round : 16/30 | Client id:1 | Local Epoch : 1/5 |  Train_Loss: 0.017 | Train_Acc: 99.466
| Global Round : 16/30 | Client id:1 | Local Epoch : 2/5 |  Train_Loss: 0.013 | Train_Acc: 99.568
| Global Round : 16/30 | Client id:1 | Local Epoch : 3/5 |  Train_Loss: 0.006 | Train_Acc: 99.832
| Global Round : 16/30 | Client id:1 | Local Epoch : 4/5 |  Train_Loss: 0.007 | Train_Acc: 99.786
| Global Round : 16/30 | Client id:1 | Local Epoch : 5/5 |  Train_Loss: 0.006 | Train_Acc: 99.812
| Client id:2 | Test_Loss: 0.061 | Test_Acc: 97.883
| Global Round : 16/30 | Client id:2 | Local Epoch : 1/5 |  Train_Loss: 0.017 | Train_Acc: 99.451
| Global Round : 16/30 | Client id:2 | Local Epoch : 2/5 |  Train_Loss: 0.011 | Train_Acc: 99.624
| Global Round : 16/30 | Client id:2 | Local Epoch : 3/5 |  Train_Loss: 0.010 | Train_Acc: 99.680
| Global Round : 16/30 | Client id:2 | Local Epoch : 4/5 |  Train_Loss: 0.006 | Train_Acc: 99.842
| Global Round : 16/30 | Client id:2 | Local Epoch : 5/5 |  Train_Loss: 0.004 | Train_Acc: 99.903
aggregating weights...
lambda: tensor([0.4676, 0.2650, 0.2674])
| Client id:0 | Test_Loss: 0.094 | Test_Acc: 97.387
| Global Round : 17/30 | Client id:0 | Local Epoch : 1/5 |  Train_Loss: 0.005 | Train_Acc: 99.840
| Global Round : 17/30 | Client id:0 | Local Epoch : 2/5 |  Train_Loss: 0.003 | Train_Acc: 99.889
| Global Round : 17/30 | Client id:0 | Local Epoch : 3/5 |  Train_Loss: 0.001 | Train_Acc: 99.995
| Global Round : 17/30 | Client id:0 | Local Epoch : 4/5 |  Train_Loss: 0.000 | Train_Acc: 100.000
| Global Round : 17/30 | Client id:0 | Local Epoch : 5/5 |  Train_Loss: 0.001 | Train_Acc: 99.966
| Client id:1 | Test_Loss: 0.060 | Test_Acc: 98.219
| Global Round : 17/30 | Client id:1 | Local Epoch : 1/5 |  Train_Loss: 0.019 | Train_Acc: 99.410
| Global Round : 17/30 | Client id:1 | Local Epoch : 2/5 |  Train_Loss: 0.015 | Train_Acc: 99.476
| Global Round : 17/30 | Client id:1 | Local Epoch : 3/5 |  Train_Loss: 0.011 | Train_Acc: 99.624
| Global Round : 17/30 | Client id:1 | Local Epoch : 4/5 |  Train_Loss: 0.005 | Train_Acc: 99.888
| Global Round : 17/30 | Client id:1 | Local Epoch : 5/5 |  Train_Loss: 0.003 | Train_Acc: 99.934
| Client id:2 | Test_Loss: 0.064 | Test_Acc: 97.914
| Global Round : 17/30 | Client id:2 | Local Epoch : 1/5 |  Train_Loss: 0.019 | Train_Acc: 99.380
| Global Round : 17/30 | Client id:2 | Local Epoch : 2/5 |  Train_Loss: 0.010 | Train_Acc: 99.690
| Global Round : 17/30 | Client id:2 | Local Epoch : 3/5 |  Train_Loss: 0.006 | Train_Acc: 99.797
| Global Round : 17/30 | Client id:2 | Local Epoch : 4/5 |  Train_Loss: 0.006 | Train_Acc: 99.807
| Global Round : 17/30 | Client id:2 | Local Epoch : 5/5 |  Train_Loss: 0.006 | Train_Acc: 99.827
aggregating weights...
lambda: tensor([0.4686, 0.2644, 0.2670])
| Client id:0 | Test_Loss: 0.089 | Test_Acc: 97.244
| Global Round : 18/30 | Client id:0 | Local Epoch : 1/5 |  Train_Loss: 0.005 | Train_Acc: 99.850
| Global Round : 18/30 | Client id:0 | Local Epoch : 2/5 |  Train_Loss: 0.002 | Train_Acc: 99.947
| Global Round : 18/30 | Client id:0 | Local Epoch : 3/5 |  Train_Loss: 0.001 | Train_Acc: 100.000
| Global Round : 18/30 | Client id:0 | Local Epoch : 4/5 |  Train_Loss: 0.000 | Train_Acc: 100.000
| Global Round : 18/30 | Client id:0 | Local Epoch : 5/5 |  Train_Loss: 0.000 | Train_Acc: 100.000
| Client id:1 | Test_Loss: 0.051 | Test_Acc: 98.649
| Global Round : 18/30 | Client id:1 | Local Epoch : 1/5 |  Train_Loss: 0.016 | Train_Acc: 99.512
| Global Round : 18/30 | Client id:1 | Local Epoch : 2/5 |  Train_Loss: 0.012 | Train_Acc: 99.614
| Global Round : 18/30 | Client id:1 | Local Epoch : 3/5 |  Train_Loss: 0.010 | Train_Acc: 99.680
| Global Round : 18/30 | Client id:1 | Local Epoch : 4/5 |  Train_Loss: 0.007 | Train_Acc: 99.761
| Global Round : 18/30 | Client id:1 | Local Epoch : 5/5 |  Train_Loss: 0.006 | Train_Acc: 99.832
| Client id:2 | Test_Loss: 0.057 | Test_Acc: 98.098
| Global Round : 18/30 | Client id:2 | Local Epoch : 1/5 |  Train_Loss: 0.017 | Train_Acc: 99.466
| Global Round : 18/30 | Client id:2 | Local Epoch : 2/5 |  Train_Loss: 0.013 | Train_Acc: 99.563
| Global Round : 18/30 | Client id:2 | Local Epoch : 3/5 |  Train_Loss: 0.008 | Train_Acc: 99.751
| Global Round : 18/30 | Client id:2 | Local Epoch : 4/5 |  Train_Loss: 0.008 | Train_Acc: 99.751
| Global Round : 18/30 | Client id:2 | Local Epoch : 5/5 |  Train_Loss: 0.005 | Train_Acc: 99.893
aggregating weights...
lambda: tensor([0.4698, 0.2636, 0.2666])
| Client id:0 | Test_Loss: 0.114 | Test_Acc: 96.612
| Global Round : 19/30 | Client id:0 | Local Epoch : 1/5 |  Train_Loss: 0.005 | Train_Acc: 99.865
| Global Round : 19/30 | Client id:0 | Local Epoch : 2/5 |  Train_Loss: 0.002 | Train_Acc: 99.937
| Global Round : 19/30 | Client id:0 | Local Epoch : 3/5 |  Train_Loss: 0.001 | Train_Acc: 99.985
| Global Round : 19/30 | Client id:0 | Local Epoch : 4/5 |  Train_Loss: 0.001 | Train_Acc: 99.990
| Global Round : 19/30 | Client id:0 | Local Epoch : 5/5 |  Train_Loss: 0.000 | Train_Acc: 100.000
| Client id:1 | Test_Loss: 0.055 | Test_Acc: 98.496
| Global Round : 19/30 | Client id:1 | Local Epoch : 1/5 |  Train_Loss: 0.018 | Train_Acc: 99.415
| Global Round : 19/30 | Client id:1 | Local Epoch : 2/5 |  Train_Loss: 0.011 | Train_Acc: 99.675
| Global Round : 19/30 | Client id:1 | Local Epoch : 3/5 |  Train_Loss: 0.010 | Train_Acc: 99.705
| Global Round : 19/30 | Client id:1 | Local Epoch : 4/5 |  Train_Loss: 0.004 | Train_Acc: 99.914
| Global Round : 19/30 | Client id:1 | Local Epoch : 5/5 |  Train_Loss: 0.002 | Train_Acc: 99.969
| Client id:2 | Test_Loss: 0.065 | Test_Acc: 97.607
| Global Round : 19/30 | Client id:2 | Local Epoch : 1/5 |  Train_Loss: 0.019 | Train_Acc: 99.415
| Global Round : 19/30 | Client id:2 | Local Epoch : 2/5 |  Train_Loss: 0.010 | Train_Acc: 99.720
| Global Round : 19/30 | Client id:2 | Local Epoch : 3/5 |  Train_Loss: 0.009 | Train_Acc: 99.715
| Global Round : 19/30 | Client id:2 | Local Epoch : 4/5 |  Train_Loss: 0.006 | Train_Acc: 99.827
| Global Round : 19/30 | Client id:2 | Local Epoch : 5/5 |  Train_Loss: 0.002 | Train_Acc: 99.985
aggregating weights...
lambda: tensor([0.4716, 0.2625, 0.2659])
| Client id:0 | Test_Loss: 0.093 | Test_Acc: 97.158
| Global Round : 20/30 | Client id:0 | Local Epoch : 1/5 |  Train_Loss: 0.006 | Train_Acc: 99.806
| Global Round : 20/30 | Client id:0 | Local Epoch : 2/5 |  Train_Loss: 0.001 | Train_Acc: 99.995
| Global Round : 20/30 | Client id:0 | Local Epoch : 3/5 |  Train_Loss: 0.000 | Train_Acc: 100.000
| Global Round : 20/30 | Client id:0 | Local Epoch : 4/5 |  Train_Loss: 0.000 | Train_Acc: 100.000
| Global Round : 20/30 | Client id:0 | Local Epoch : 5/5 |  Train_Loss: 0.000 | Train_Acc: 100.000
| Client id:1 | Test_Loss: 0.051 | Test_Acc: 98.496
| Global Round : 20/30 | Client id:1 | Local Epoch : 1/5 |  Train_Loss: 0.015 | Train_Acc: 99.547
| Global Round : 20/30 | Client id:1 | Local Epoch : 2/5 |  Train_Loss: 0.015 | Train_Acc: 99.507
| Global Round : 20/30 | Client id:1 | Local Epoch : 3/5 |  Train_Loss: 0.009 | Train_Acc: 99.710
| Global Round : 20/30 | Client id:1 | Local Epoch : 4/5 |  Train_Loss: 0.009 | Train_Acc: 99.705
| Global Round : 20/30 | Client id:1 | Local Epoch : 5/5 |  Train_Loss: 0.004 | Train_Acc: 99.914
| Client id:2 | Test_Loss: 0.055 | Test_Acc: 98.282
| Global Round : 20/30 | Client id:2 | Local Epoch : 1/5 |  Train_Loss: 0.014 | Train_Acc: 99.578
| Global Round : 20/30 | Client id:2 | Local Epoch : 2/5 |  Train_Loss: 0.014 | Train_Acc: 99.502
| Global Round : 20/30 | Client id:2 | Local Epoch : 3/5 |  Train_Loss: 0.009 | Train_Acc: 99.705
| Global Round : 20/30 | Client id:2 | Local Epoch : 4/5 |  Train_Loss: 0.006 | Train_Acc: 99.847
| Global Round : 20/30 | Client id:2 | Local Epoch : 5/5 |  Train_Loss: 0.003 | Train_Acc: 99.954
aggregating weights...
lambda: tensor([0.4730, 0.2617, 0.2654])
| Client id:0 | Test_Loss: 0.114 | Test_Acc: 96.641
| Global Round : 21/30 | Client id:0 | Local Epoch : 1/5 |  Train_Loss: 0.005 | Train_Acc: 99.840
| Global Round : 21/30 | Client id:0 | Local Epoch : 2/5 |  Train_Loss: 0.003 | Train_Acc: 99.903
| Global Round : 21/30 | Client id:0 | Local Epoch : 3/5 |  Train_Loss: 0.001 | Train_Acc: 99.985
| Global Round : 21/30 | Client id:0 | Local Epoch : 4/5 |  Train_Loss: 0.000 | Train_Acc: 100.000
| Global Round : 21/30 | Client id:0 | Local Epoch : 5/5 |  Train_Loss: 0.000 | Train_Acc: 100.000
| Client id:1 | Test_Loss: 0.048 | Test_Acc: 98.649
| Global Round : 21/30 | Client id:1 | Local Epoch : 1/5 |  Train_Loss: 0.019 | Train_Acc: 99.359
| Global Round : 21/30 | Client id:1 | Local Epoch : 2/5 |  Train_Loss: 0.015 | Train_Acc: 99.522
| Global Round : 21/30 | Client id:1 | Local Epoch : 3/5 |  Train_Loss: 0.011 | Train_Acc: 99.634
| Global Round : 21/30 | Client id:1 | Local Epoch : 4/5 |  Train_Loss: 0.005 | Train_Acc: 99.847
| Global Round : 21/30 | Client id:1 | Local Epoch : 5/5 |  Train_Loss: 0.008 | Train_Acc: 99.751
| Client id:2 | Test_Loss: 0.052 | Test_Acc: 98.344
| Global Round : 21/30 | Client id:2 | Local Epoch : 1/5 |  Train_Loss: 0.017 | Train_Acc: 99.420
| Global Round : 21/30 | Client id:2 | Local Epoch : 2/5 |  Train_Loss: 0.011 | Train_Acc: 99.675
| Global Round : 21/30 | Client id:2 | Local Epoch : 3/5 |  Train_Loss: 0.009 | Train_Acc: 99.731
| Global Round : 21/30 | Client id:2 | Local Epoch : 4/5 |  Train_Loss: 0.006 | Train_Acc: 99.868
| Global Round : 21/30 | Client id:2 | Local Epoch : 5/5 |  Train_Loss: 0.002 | Train_Acc: 99.959
aggregating weights...
lambda: tensor([0.4751, 0.2605, 0.2644])
| Client id:0 | Test_Loss: 0.105 | Test_Acc: 96.842
| Global Round : 22/30 | Client id:0 | Local Epoch : 1/5 |  Train_Loss: 0.003 | Train_Acc: 99.952
| Global Round : 22/30 | Client id:0 | Local Epoch : 2/5 |  Train_Loss: 0.001 | Train_Acc: 99.971
| Global Round : 22/30 | Client id:0 | Local Epoch : 3/5 |  Train_Loss: 0.001 | Train_Acc: 99.990
| Global Round : 22/30 | Client id:0 | Local Epoch : 4/5 |  Train_Loss: 0.000 | Train_Acc: 100.000
| Global Round : 22/30 | Client id:0 | Local Epoch : 5/5 |  Train_Loss: 0.000 | Train_Acc: 100.000
| Client id:1 | Test_Loss: 0.058 | Test_Acc: 98.250
| Global Round : 22/30 | Client id:1 | Local Epoch : 1/5 |  Train_Loss: 0.019 | Train_Acc: 99.374
| Global Round : 22/30 | Client id:1 | Local Epoch : 2/5 |  Train_Loss: 0.010 | Train_Acc: 99.720
| Global Round : 22/30 | Client id:1 | Local Epoch : 3/5 |  Train_Loss: 0.008 | Train_Acc: 99.751
| Global Round : 22/30 | Client id:1 | Local Epoch : 4/5 |  Train_Loss: 0.006 | Train_Acc: 99.847
| Global Round : 22/30 | Client id:1 | Local Epoch : 5/5 |  Train_Loss: 0.005 | Train_Acc: 99.883
| Client id:2 | Test_Loss: 0.065 | Test_Acc: 97.914
| Global Round : 22/30 | Client id:2 | Local Epoch : 1/5 |  Train_Loss: 0.014 | Train_Acc: 99.563
| Global Round : 22/30 | Client id:2 | Local Epoch : 2/5 |  Train_Loss: 0.009 | Train_Acc: 99.776
| Global Round : 22/30 | Client id:2 | Local Epoch : 3/5 |  Train_Loss: 0.006 | Train_Acc: 99.832
| Global Round : 22/30 | Client id:2 | Local Epoch : 4/5 |  Train_Loss: 0.007 | Train_Acc: 99.807
| Global Round : 22/30 | Client id:2 | Local Epoch : 5/5 |  Train_Loss: 0.005 | Train_Acc: 99.873
aggregating weights...
lambda: tensor([0.4765, 0.2596, 0.2638])
| Client id:0 | Test_Loss: 0.102 | Test_Acc: 96.985
| Global Round : 23/30 | Client id:0 | Local Epoch : 1/5 |  Train_Loss: 0.008 | Train_Acc: 99.777
| Global Round : 23/30 | Client id:0 | Local Epoch : 2/5 |  Train_Loss: 0.002 | Train_Acc: 99.923
| Global Round : 23/30 | Client id:0 | Local Epoch : 3/5 |  Train_Loss: 0.001 | Train_Acc: 99.990
| Global Round : 23/30 | Client id:0 | Local Epoch : 4/5 |  Train_Loss: 0.000 | Train_Acc: 100.000
| Global Round : 23/30 | Client id:0 | Local Epoch : 5/5 |  Train_Loss: 0.000 | Train_Acc: 100.000
| Client id:1 | Test_Loss: 0.051 | Test_Acc: 98.588
| Global Round : 23/30 | Client id:1 | Local Epoch : 1/5 |  Train_Loss: 0.016 | Train_Acc: 99.537
| Global Round : 23/30 | Client id:1 | Local Epoch : 2/5 |  Train_Loss: 0.011 | Train_Acc: 99.634
| Global Round : 23/30 | Client id:1 | Local Epoch : 3/5 |  Train_Loss: 0.008 | Train_Acc: 99.771
| Global Round : 23/30 | Client id:1 | Local Epoch : 4/5 |  Train_Loss: 0.007 | Train_Acc: 99.827
| Global Round : 23/30 | Client id:1 | Local Epoch : 5/5 |  Train_Loss: 0.009 | Train_Acc: 99.736
| Client id:2 | Test_Loss: 0.056 | Test_Acc: 98.252
| Global Round : 23/30 | Client id:2 | Local Epoch : 1/5 |  Train_Loss: 0.019 | Train_Acc: 99.415
| Global Round : 23/30 | Client id:2 | Local Epoch : 2/5 |  Train_Loss: 0.012 | Train_Acc: 99.670
| Global Round : 23/30 | Client id:2 | Local Epoch : 3/5 |  Train_Loss: 0.006 | Train_Acc: 99.817
| Global Round : 23/30 | Client id:2 | Local Epoch : 4/5 |  Train_Loss: 0.005 | Train_Acc: 99.868
| Global Round : 23/30 | Client id:2 | Local Epoch : 5/5 |  Train_Loss: 0.010 | Train_Acc: 99.700
aggregating weights...
lambda: tensor([0.4782, 0.2587, 0.2632])
| Client id:0 | Test_Loss: 0.068 | Test_Acc: 98.163
| Global Round : 24/30 | Client id:0 | Local Epoch : 1/5 |  Train_Loss: 0.003 | Train_Acc: 99.961
| Global Round : 24/30 | Client id:0 | Local Epoch : 2/5 |  Train_Loss: 0.002 | Train_Acc: 99.976
| Global Round : 24/30 | Client id:0 | Local Epoch : 3/5 |  Train_Loss: 0.001 | Train_Acc: 99.985
| Global Round : 24/30 | Client id:0 | Local Epoch : 4/5 |  Train_Loss: 0.000 | Train_Acc: 100.000
| Global Round : 24/30 | Client id:0 | Local Epoch : 5/5 |  Train_Loss: 0.000 | Train_Acc: 100.000
| Client id:1 | Test_Loss: 0.045 | Test_Acc: 98.741
| Global Round : 24/30 | Client id:1 | Local Epoch : 1/5 |  Train_Loss: 0.016 | Train_Acc: 99.507
| Global Round : 24/30 | Client id:1 | Local Epoch : 2/5 |  Train_Loss: 0.011 | Train_Acc: 99.649
| Global Round : 24/30 | Client id:1 | Local Epoch : 3/5 |  Train_Loss: 0.010 | Train_Acc: 99.629
| Global Round : 24/30 | Client id:1 | Local Epoch : 4/5 |  Train_Loss: 0.005 | Train_Acc: 99.863
| Global Round : 24/30 | Client id:1 | Local Epoch : 5/5 |  Train_Loss: 0.002 | Train_Acc: 99.944
| Client id:2 | Test_Loss: 0.051 | Test_Acc: 98.374
| Global Round : 24/30 | Client id:2 | Local Epoch : 1/5 |  Train_Loss: 0.016 | Train_Acc: 99.497
| Global Round : 24/30 | Client id:2 | Local Epoch : 2/5 |  Train_Loss: 0.014 | Train_Acc: 99.603
| Global Round : 24/30 | Client id:2 | Local Epoch : 3/5 |  Train_Loss: 0.010 | Train_Acc: 99.695
| Global Round : 24/30 | Client id:2 | Local Epoch : 4/5 |  Train_Loss: 0.005 | Train_Acc: 99.868
| Global Round : 24/30 | Client id:2 | Local Epoch : 5/5 |  Train_Loss: 0.002 | Train_Acc: 99.964
aggregating weights...
lambda: tensor([0.4788, 0.2582, 0.2630])
| Client id:0 | Test_Loss: 0.097 | Test_Acc: 96.928
| Global Round : 25/30 | Client id:0 | Local Epoch : 1/5 |  Train_Loss: 0.004 | Train_Acc: 99.894
| Global Round : 25/30 | Client id:0 | Local Epoch : 2/5 |  Train_Loss: 0.006 | Train_Acc: 99.802
| Global Round : 25/30 | Client id:0 | Local Epoch : 3/5 |  Train_Loss: 0.002 | Train_Acc: 99.932
| Global Round : 25/30 | Client id:0 | Local Epoch : 4/5 |  Train_Loss: 0.001 | Train_Acc: 99.995
| Global Round : 25/30 | Client id:0 | Local Epoch : 5/5 |  Train_Loss: 0.000 | Train_Acc: 100.000
| Client id:1 | Test_Loss: 0.055 | Test_Acc: 98.373
| Global Round : 25/30 | Client id:1 | Local Epoch : 1/5 |  Train_Loss: 0.019 | Train_Acc: 99.344
| Global Round : 25/30 | Client id:1 | Local Epoch : 2/5 |  Train_Loss: 0.014 | Train_Acc: 99.573
| Global Round : 25/30 | Client id:1 | Local Epoch : 3/5 |  Train_Loss: 0.009 | Train_Acc: 99.736
| Global Round : 25/30 | Client id:1 | Local Epoch : 4/5 |  Train_Loss: 0.007 | Train_Acc: 99.797
| Global Round : 25/30 | Client id:1 | Local Epoch : 5/5 |  Train_Loss: 0.004 | Train_Acc: 99.914
| Client id:2 | Test_Loss: 0.064 | Test_Acc: 97.883
| Global Round : 25/30 | Client id:2 | Local Epoch : 1/5 |  Train_Loss: 0.017 | Train_Acc: 99.548
| Global Round : 25/30 | Client id:2 | Local Epoch : 2/5 |  Train_Loss: 0.010 | Train_Acc: 99.715
| Global Round : 25/30 | Client id:2 | Local Epoch : 3/5 |  Train_Loss: 0.010 | Train_Acc: 99.670
| Global Round : 25/30 | Client id:2 | Local Epoch : 4/5 |  Train_Loss: 0.006 | Train_Acc: 99.812
| Global Round : 25/30 | Client id:2 | Local Epoch : 5/5 |  Train_Loss: 0.006 | Train_Acc: 99.832
aggregating weights...
lambda: tensor([0.4801, 0.2573, 0.2626])
| Client id:0 | Test_Loss: 0.082 | Test_Acc: 97.674
| Global Round : 26/30 | Client id:0 | Local Epoch : 1/5 |  Train_Loss: 0.004 | Train_Acc: 99.903
| Global Round : 26/30 | Client id:0 | Local Epoch : 2/5 |  Train_Loss: 0.001 | Train_Acc: 99.990
| Global Round : 26/30 | Client id:0 | Local Epoch : 3/5 |  Train_Loss: 0.001 | Train_Acc: 99.995
| Global Round : 26/30 | Client id:0 | Local Epoch : 4/5 |  Train_Loss: 0.001 | Train_Acc: 99.990
| Global Round : 26/30 | Client id:0 | Local Epoch : 5/5 |  Train_Loss: 0.000 | Train_Acc: 100.000
| Client id:1 | Test_Loss: 0.063 | Test_Acc: 97.881
| Global Round : 26/30 | Client id:1 | Local Epoch : 1/5 |  Train_Loss: 0.018 | Train_Acc: 99.420
| Global Round : 26/30 | Client id:1 | Local Epoch : 2/5 |  Train_Loss: 0.014 | Train_Acc: 99.578
| Global Round : 26/30 | Client id:1 | Local Epoch : 3/5 |  Train_Loss: 0.007 | Train_Acc: 99.812
| Global Round : 26/30 | Client id:1 | Local Epoch : 4/5 |  Train_Loss: 0.003 | Train_Acc: 99.954
| Global Round : 26/30 | Client id:1 | Local Epoch : 5/5 |  Train_Loss: 0.002 | Train_Acc: 99.985
| Client id:2 | Test_Loss: 0.071 | Test_Acc: 97.515
| Global Round : 26/30 | Client id:2 | Local Epoch : 1/5 |  Train_Loss: 0.020 | Train_Acc: 99.365
| Global Round : 26/30 | Client id:2 | Local Epoch : 2/5 |  Train_Loss: 0.013 | Train_Acc: 99.532
| Global Round : 26/30 | Client id:2 | Local Epoch : 3/5 |  Train_Loss: 0.008 | Train_Acc: 99.751
| Global Round : 26/30 | Client id:2 | Local Epoch : 4/5 |  Train_Loss: 0.006 | Train_Acc: 99.802
| Global Round : 26/30 | Client id:2 | Local Epoch : 5/5 |  Train_Loss: 0.003 | Train_Acc: 99.929
aggregating weights...
lambda: tensor([0.4806, 0.2569, 0.2625])
| Client id:0 | Test_Loss: 0.086 | Test_Acc: 97.646
| Global Round : 27/30 | Client id:0 | Local Epoch : 1/5 |  Train_Loss: 0.003 | Train_Acc: 99.927
| Global Round : 27/30 | Client id:0 | Local Epoch : 2/5 |  Train_Loss: 0.001 | Train_Acc: 100.000
| Global Round : 27/30 | Client id:0 | Local Epoch : 3/5 |  Train_Loss: 0.000 | Train_Acc: 100.000
| Global Round : 27/30 | Client id:0 | Local Epoch : 4/5 |  Train_Loss: 0.000 | Train_Acc: 100.000
| Global Round : 27/30 | Client id:0 | Local Epoch : 5/5 |  Train_Loss: 0.000 | Train_Acc: 100.000
| Client id:1 | Test_Loss: 0.056 | Test_Acc: 98.219
| Global Round : 27/30 | Client id:1 | Local Epoch : 1/5 |  Train_Loss: 0.018 | Train_Acc: 99.425
| Global Round : 27/30 | Client id:1 | Local Epoch : 2/5 |  Train_Loss: 0.014 | Train_Acc: 99.547
| Global Round : 27/30 | Client id:1 | Local Epoch : 3/5 |  Train_Loss: 0.007 | Train_Acc: 99.766
| Global Round : 27/30 | Client id:1 | Local Epoch : 4/5 |  Train_Loss: 0.012 | Train_Acc: 99.598
| Global Round : 27/30 | Client id:1 | Local Epoch : 5/5 |  Train_Loss: 0.005 | Train_Acc: 99.888
| Client id:2 | Test_Loss: 0.062 | Test_Acc: 97.883
| Global Round : 27/30 | Client id:2 | Local Epoch : 1/5 |  Train_Loss: 0.015 | Train_Acc: 99.542
| Global Round : 27/30 | Client id:2 | Local Epoch : 2/5 |  Train_Loss: 0.015 | Train_Acc: 99.512
| Global Round : 27/30 | Client id:2 | Local Epoch : 3/5 |  Train_Loss: 0.008 | Train_Acc: 99.751
| Global Round : 27/30 | Client id:2 | Local Epoch : 4/5 |  Train_Loss: 0.005 | Train_Acc: 99.858
| Global Round : 27/30 | Client id:2 | Local Epoch : 5/5 |  Train_Loss: 0.006 | Train_Acc: 99.802
aggregating weights...
lambda: tensor([0.4815, 0.2563, 0.2622])
| Client id:0 | Test_Loss: 0.124 | Test_Acc: 95.952
| Global Round : 28/30 | Client id:0 | Local Epoch : 1/5 |  Train_Loss: 0.006 | Train_Acc: 99.826
| Global Round : 28/30 | Client id:0 | Local Epoch : 2/5 |  Train_Loss: 0.002 | Train_Acc: 99.971
| Global Round : 28/30 | Client id:0 | Local Epoch : 3/5 |  Train_Loss: 0.001 | Train_Acc: 99.990
| Global Round : 28/30 | Client id:0 | Local Epoch : 4/5 |  Train_Loss: 0.001 | Train_Acc: 100.000
| Global Round : 28/30 | Client id:0 | Local Epoch : 5/5 |  Train_Loss: 0.000 | Train_Acc: 100.000
| Client id:1 | Test_Loss: 0.055 | Test_Acc: 98.496
| Global Round : 28/30 | Client id:1 | Local Epoch : 1/5 |  Train_Loss: 0.016 | Train_Acc: 99.512
| Global Round : 28/30 | Client id:1 | Local Epoch : 2/5 |  Train_Loss: 0.014 | Train_Acc: 99.552
| Global Round : 28/30 | Client id:1 | Local Epoch : 3/5 |  Train_Loss: 0.010 | Train_Acc: 99.680
| Global Round : 28/30 | Client id:1 | Local Epoch : 4/5 |  Train_Loss: 0.007 | Train_Acc: 99.751
| Global Round : 28/30 | Client id:1 | Local Epoch : 5/5 |  Train_Loss: 0.007 | Train_Acc: 99.802
| Client id:2 | Test_Loss: 0.061 | Test_Acc: 97.975
| Global Round : 28/30 | Client id:2 | Local Epoch : 1/5 |  Train_Loss: 0.017 | Train_Acc: 99.471
| Global Round : 28/30 | Client id:2 | Local Epoch : 2/5 |  Train_Loss: 0.015 | Train_Acc: 99.481
| Global Round : 28/30 | Client id:2 | Local Epoch : 3/5 |  Train_Loss: 0.012 | Train_Acc: 99.563
| Global Round : 28/30 | Client id:2 | Local Epoch : 4/5 |  Train_Loss: 0.006 | Train_Acc: 99.802
| Global Round : 28/30 | Client id:2 | Local Epoch : 5/5 |  Train_Loss: 0.003 | Train_Acc: 99.934
aggregating weights...
lambda: tensor([0.4837, 0.2551, 0.2613])
| Client id:0 | Test_Loss: 0.088 | Test_Acc: 97.502
| Global Round : 29/30 | Client id:0 | Local Epoch : 1/5 |  Train_Loss: 0.004 | Train_Acc: 99.898
| Global Round : 29/30 | Client id:0 | Local Epoch : 2/5 |  Train_Loss: 0.002 | Train_Acc: 99.932
| Global Round : 29/30 | Client id:0 | Local Epoch : 3/5 |  Train_Loss: 0.002 | Train_Acc: 99.947
| Global Round : 29/30 | Client id:0 | Local Epoch : 4/5 |  Train_Loss: 0.001 | Train_Acc: 99.981
| Global Round : 29/30 | Client id:0 | Local Epoch : 5/5 |  Train_Loss: 0.000 | Train_Acc: 100.000
| Client id:1 | Test_Loss: 0.059 | Test_Acc: 98.219
| Global Round : 29/30 | Client id:1 | Local Epoch : 1/5 |  Train_Loss: 0.013 | Train_Acc: 99.614
| Global Round : 29/30 | Client id:1 | Local Epoch : 2/5 |  Train_Loss: 0.008 | Train_Acc: 99.756
| Global Round : 29/30 | Client id:1 | Local Epoch : 3/5 |  Train_Loss: 0.008 | Train_Acc: 99.771
| Global Round : 29/30 | Client id:1 | Local Epoch : 4/5 |  Train_Loss: 0.007 | Train_Acc: 99.786
| Global Round : 29/30 | Client id:1 | Local Epoch : 5/5 |  Train_Loss: 0.005 | Train_Acc: 99.873
| Client id:2 | Test_Loss: 0.067 | Test_Acc: 97.945
| Global Round : 29/30 | Client id:2 | Local Epoch : 1/5 |  Train_Loss: 0.014 | Train_Acc: 99.568
| Global Round : 29/30 | Client id:2 | Local Epoch : 2/5 |  Train_Loss: 0.010 | Train_Acc: 99.731
| Global Round : 29/30 | Client id:2 | Local Epoch : 3/5 |  Train_Loss: 0.010 | Train_Acc: 99.705
| Global Round : 29/30 | Client id:2 | Local Epoch : 4/5 |  Train_Loss: 0.003 | Train_Acc: 99.949
| Global Round : 29/30 | Client id:2 | Local Epoch : 5/5 |  Train_Loss: 0.002 | Train_Acc: 99.964
aggregating weights...
lambda: tensor([0.4845, 0.2545, 0.2611])
| Client id:0 | Test_Loss: 0.073 | Test_Acc: 97.875
| Global Round : 30/30 | Client id:0 | Local Epoch : 1/5 |  Train_Loss: 0.003 | Train_Acc: 99.932
| Global Round : 30/30 | Client id:0 | Local Epoch : 2/5 |  Train_Loss: 0.003 | Train_Acc: 99.927
| Global Round : 30/30 | Client id:0 | Local Epoch : 3/5 |  Train_Loss: 0.001 | Train_Acc: 99.976
| Global Round : 30/30 | Client id:0 | Local Epoch : 4/5 |  Train_Loss: 0.000 | Train_Acc: 100.000
| Global Round : 30/30 | Client id:0 | Local Epoch : 5/5 |  Train_Loss: 0.000 | Train_Acc: 100.000
| Client id:1 | Test_Loss: 0.051 | Test_Acc: 98.496
| Global Round : 30/30 | Client id:1 | Local Epoch : 1/5 |  Train_Loss: 0.016 | Train_Acc: 99.502
| Global Round : 30/30 | Client id:1 | Local Epoch : 2/5 |  Train_Loss: 0.010 | Train_Acc: 99.675
| Global Round : 30/30 | Client id:1 | Local Epoch : 3/5 |  Train_Loss: 0.012 | Train_Acc: 99.624
| Global Round : 30/30 | Client id:1 | Local Epoch : 4/5 |  Train_Loss: 0.010 | Train_Acc: 99.695
| Global Round : 30/30 | Client id:1 | Local Epoch : 5/5 |  Train_Loss: 0.009 | Train_Acc: 99.756
| Client id:2 | Test_Loss: 0.059 | Test_Acc: 98.252
| Global Round : 30/30 | Client id:2 | Local Epoch : 1/5 |  Train_Loss: 0.016 | Train_Acc: 99.548
| Global Round : 30/30 | Client id:2 | Local Epoch : 2/5 |  Train_Loss: 0.011 | Train_Acc: 99.664
| Global Round : 30/30 | Client id:2 | Local Epoch : 3/5 |  Train_Loss: 0.009 | Train_Acc: 99.690
| Global Round : 30/30 | Client id:2 | Local Epoch : 4/5 |  Train_Loss: 0.003 | Train_Acc: 99.939
| Global Round : 30/30 | Client id:2 | Local Epoch : 5/5 |  Train_Loss: 0.001 | Train_Acc: 99.990
aggregating weights...
lambda: tensor([0.4851, 0.2540, 0.2610])
